[0.016s] Invoking command in '/home/raz/projects/astroscale/ros2_ws/build/robot_msgs': CMAKE_PREFIX_PATH=${CMAKE_PREFIX_PATH}:/home/raz/projects/ros2_advanced_concepts/ros2_ws/install/challenge_py:/home/raz/projects/ros2_advanced_concepts/ros2_ws/install/actions_py:/home/raz/ros2_ws/install/centerofmass_detection:/home/raz/projects/manipulator-project/arduinobot_ws/install/arduinobot_py_examples:/opt/ros/humble /usr/local/bin/cmake /home/raz/projects/astroscale/ros2_ws/src/robot_msgs -DCMAKE_INSTALL_PREFIX=/home/raz/projects/astroscale/ros2_ws/install/robot_msgs
[0.117s] -- Found ament_cmake: 1.3.11 (/opt/ros/humble/share/ament_cmake/cmake)
[0.315s] -- Override CMake install command with custom implementation using symlinks instead of copying resources
[0.422s] -- Found std_msgs: 4.2.4 (/opt/ros/humble/share/std_msgs/cmake)
[0.466s] -- Found rosidl_generator_c: 3.1.6 (/opt/ros/humble/share/rosidl_generator_c/cmake)
[0.469s] -- Found rosidl_adapter: 3.1.6 (/opt/ros/humble/share/rosidl_adapter/cmake)
[0.475s] -- Found rosidl_generator_cpp: 3.1.6 (/opt/ros/humble/share/rosidl_generator_cpp/cmake)
[0.533s] -- Using all available rosidl_typesupport_c: rosidl_typesupport_fastrtps_c;rosidl_typesupport_introspection_c
[0.549s] -- Using all available rosidl_typesupport_cpp: rosidl_typesupport_fastrtps_cpp;rosidl_typesupport_introspection_cpp
[0.577s] -- Found rosidl_default_generators: 1.2.0 (/opt/ros/humble/share/rosidl_default_generators/cmake)
[0.936s] -- Found ament_cmake_ros: 0.10.0 (/opt/ros/humble/share/ament_cmake_ros/cmake)
[1.504s] -- Using all available rosidl_typesupport_c: rosidl_typesupport_fastrtps_c;rosidl_typesupport_introspection_c
[1.731s] -- Using all available rosidl_typesupport_cpp: rosidl_typesupport_fastrtps_cpp;rosidl_typesupport_introspection_cpp
[1.733s] [33mCMake Warning (dev) at /opt/ros/humble/share/rosidl_generator_py/cmake/rosidl_generator_py_generate_interfaces.cmake:20 (find_package):
[1.733s]   Policy CMP0148 is not set: The FindPythonInterp and FindPythonLibs modules
[1.733s]   are removed.  Run "cmake --help-policy CMP0148" for policy details.  Use
[1.733s]   the cmake_policy command to set the policy and suppress this warning.
[1.733s] 
[1.733s] Call Stack (most recent call first):
[1.733s]   /opt/ros/humble/share/ament_cmake_core/cmake/core/ament_execute_extensions.cmake:48 (include)
[1.733s]   /opt/ros/humble/share/rosidl_cmake/cmake/rosidl_generate_interfaces.cmake:286 (ament_execute_extensions)
[1.733s]   CMakeLists.txt:13 (rosidl_generate_interfaces)
[1.733s] This warning is for project developers.  Use -Wno-dev to suppress it.
[1.733s] [0m
[1.751s] -- Found python_cmake_module: 0.10.0 (/opt/ros/humble/share/python_cmake_module/cmake)
[1.751s] [33mCMake Warning (dev) at /opt/ros/humble/share/python_cmake_module/cmake/Modules/FindPythonExtra.cmake:52 (find_package):
[1.751s]   Policy CMP0148 is not set: The FindPythonInterp and FindPythonLibs modules
[1.751s]   are removed.  Run "cmake --help-policy CMP0148" for policy details.  Use
[1.752s]   the cmake_policy command to set the policy and suppress this warning.
[1.752s] 
[1.752s] Call Stack (most recent call first):
[1.752s]   /opt/ros/humble/share/rosidl_generator_py/cmake/rosidl_generator_py_generate_interfaces.cmake:23 (find_package)
[1.752s]   /opt/ros/humble/share/ament_cmake_core/cmake/core/ament_execute_extensions.cmake:48 (include)
[1.752s]   /opt/ros/humble/share/rosidl_cmake/cmake/rosidl_generate_interfaces.cmake:286 (ament_execute_extensions)
[1.752s]   CMakeLists.txt:13 (rosidl_generate_interfaces)
[1.752s] This warning is for project developers.  Use -Wno-dev to suppress it.
[1.752s] [0m
[1.769s] [33mCMake Warning (dev) at /opt/ros/humble/share/python_cmake_module/cmake/Modules/FindPythonExtra.cmake:140 (find_package):
[1.769s]   Policy CMP0148 is not set: The FindPythonInterp and FindPythonLibs modules
[1.769s]   are removed.  Run "cmake --help-policy CMP0148" for policy details.  Use
[1.769s]   the cmake_policy command to set the policy and suppress this warning.
[1.769s] 
[1.769s] Call Stack (most recent call first):
[1.769s]   /opt/ros/humble/share/rosidl_generator_py/cmake/rosidl_generator_py_generate_interfaces.cmake:23 (find_package)
[1.769s]   /opt/ros/humble/share/ament_cmake_core/cmake/core/ament_execute_extensions.cmake:48 (include)
[1.770s]   /opt/ros/humble/share/rosidl_cmake/cmake/rosidl_generate_interfaces.cmake:286 (ament_execute_extensions)
[1.770s]   CMakeLists.txt:13 (rosidl_generate_interfaces)
[1.770s] This warning is for project developers.  Use -Wno-dev to suppress it.
[1.770s] [0m
[1.771s] -- Using PYTHON_EXECUTABLE: /usr/bin/python3
[1.771s] -- Using PYTHON_INCLUDE_DIRS: /usr/include/python3.10
[1.771s] -- Using PYTHON_LIBRARIES: /usr/lib/x86_64-linux-gnu/libpython3.10.so
[1.815s] -- Found ament_lint_auto: 0.12.11 (/opt/ros/humble/share/ament_lint_auto/cmake)
[1.825s] -- Added test 'lint_cmake' to check CMake code style
[1.826s] -- Added test 'xmllint' to check XML markup files
[1.829s] -- Configuring done (1.8s)
[1.867s] -- Generating done (0.0s)
[1.877s] -- Build files have been written to: /home/raz/projects/astroscale/ros2_ws/build/robot_msgs
[1.881s] Invoked command in '/home/raz/projects/astroscale/ros2_ws/build/robot_msgs' returned '0': CMAKE_PREFIX_PATH=${CMAKE_PREFIX_PATH}:/home/raz/projects/ros2_advanced_concepts/ros2_ws/install/challenge_py:/home/raz/projects/ros2_advanced_concepts/ros2_ws/install/actions_py:/home/raz/ros2_ws/install/centerofmass_detection:/home/raz/projects/manipulator-project/arduinobot_ws/install/arduinobot_py_examples:/opt/ros/humble /usr/local/bin/cmake /home/raz/projects/astroscale/ros2_ws/src/robot_msgs -DCMAKE_INSTALL_PREFIX=/home/raz/projects/astroscale/ros2_ws/install/robot_msgs
[1.882s] Invoking command in '/home/raz/projects/astroscale/ros2_ws/build/robot_msgs': CMAKE_PREFIX_PATH=${CMAKE_PREFIX_PATH}:/home/raz/projects/ros2_advanced_concepts/ros2_ws/install/challenge_py:/home/raz/projects/ros2_advanced_concepts/ros2_ws/install/actions_py:/home/raz/ros2_ws/install/centerofmass_detection:/home/raz/projects/manipulator-project/arduinobot_ws/install/arduinobot_py_examples:/opt/ros/humble /usr/local/bin/cmake --build /home/raz/projects/astroscale/ros2_ws/build/robot_msgs -- -j12 -l12
[1.894s] [  3%] Built target robot_msgs__cpp
[1.895s] [ 12%] Built target robot_msgs__rosidl_generator_c
[1.896s] [ 12%] Built target ament_cmake_python_symlink_robot_msgs
[1.901s] [ 22%] Built target robot_msgs__rosidl_typesupport_introspection_c
[1.901s] [ 32%] Built target robot_msgs__rosidl_typesupport_c
[1.902s] [ 51%] Built target robot_msgs__rosidl_typesupport_cpp
[1.902s] [ 51%] Built target robot_msgs__rosidl_typesupport_fastrtps_cpp
[1.902s] [ 61%] Built target robot_msgs__rosidl_typesupport_introspection_cpp
[1.903s] [ 70%] Built target robot_msgs__rosidl_typesupport_fastrtps_c
[1.907s] [ 70%] Built target robot_msgs
[1.912s] [ 74%] Built target robot_msgs__py
[1.919s] [ 80%] Built target robot_msgs__rosidl_generator_py
[1.926s] [ 90%] Built target robot_msgs__rosidl_typesupport_c__pyext
[1.926s] [ 93%] Built target robot_msgs__rosidl_typesupport_introspection_c__pyext
[1.926s] [100%] Built target robot_msgs__rosidl_typesupport_fastrtps_c__pyext
[2.094s] running egg_info
[2.113s] writing robot_msgs.egg-info/PKG-INFO
[2.113s] writing dependency_links to robot_msgs.egg-info/dependency_links.txt
[2.113s] writing top-level names to robot_msgs.egg-info/top_level.txt
[2.170s] reading manifest file 'robot_msgs.egg-info/SOURCES.txt'
[2.171s] writing manifest file 'robot_msgs.egg-info/SOURCES.txt'
[2.187s] [100%] Built target ament_cmake_python_build_robot_msgs_egg
[2.190s] Invoked command in '/home/raz/projects/astroscale/ros2_ws/build/robot_msgs' returned '0': CMAKE_PREFIX_PATH=${CMAKE_PREFIX_PATH}:/home/raz/projects/ros2_advanced_concepts/ros2_ws/install/challenge_py:/home/raz/projects/ros2_advanced_concepts/ros2_ws/install/actions_py:/home/raz/ros2_ws/install/centerofmass_detection:/home/raz/projects/manipulator-project/arduinobot_ws/install/arduinobot_py_examples:/opt/ros/humble /usr/local/bin/cmake --build /home/raz/projects/astroscale/ros2_ws/build/robot_msgs -- -j12 -l12
[2.191s] Invoking command in '/home/raz/projects/astroscale/ros2_ws/build/robot_msgs': CMAKE_PREFIX_PATH=${CMAKE_PREFIX_PATH}:/home/raz/projects/ros2_advanced_concepts/ros2_ws/install/challenge_py:/home/raz/projects/ros2_advanced_concepts/ros2_ws/install/actions_py:/home/raz/ros2_ws/install/centerofmass_detection:/home/raz/projects/manipulator-project/arduinobot_ws/install/arduinobot_py_examples:/opt/ros/humble /usr/local/bin/cmake --install /home/raz/projects/astroscale/ros2_ws/build/robot_msgs
[2.192s] -- Install configuration: ""
[2.193s] -- Execute custom install script
[2.193s] -- Up-to-date symlink: /home/raz/projects/astroscale/ros2_ws/install/robot_msgs/share/ament_index/resource_index/rosidl_interfaces/robot_msgs
[2.193s] -- Up-to-date symlink: /home/raz/projects/astroscale/ros2_ws/install/robot_msgs/include/robot_msgs/robot_msgs/msg/rosidl_generator_c__visibility_control.h
[2.193s] -- Up-to-date symlink: /home/raz/projects/astroscale/ros2_ws/install/robot_msgs/include/robot_msgs/robot_msgs/srv/detail/move_to_position__functions.h
[2.194s] -- Up-to-date symlink: /home/raz/projects/astroscale/ros2_ws/install/robot_msgs/include/robot_msgs/robot_msgs/srv/detail/move_to_position__struct.h
[2.194s] -- Up-to-date symlink: /home/raz/projects/astroscale/ros2_ws/install/robot_msgs/include/robot_msgs/robot_msgs/srv/detail/move_to_position__type_support.h
[2.194s] -- Up-to-date symlink: /home/raz/projects/astroscale/ros2_ws/install/robot_msgs/include/robot_msgs/robot_msgs/srv/move_to_position.h
[2.194s] -- Up-to-date symlink: /home/raz/projects/astroscale/ros2_ws/install/robot_msgs/share/robot_msgs/environment/library_path.sh
[2.194s] -- Up-to-date symlink: /home/raz/projects/astroscale/ros2_ws/install/robot_msgs/share/robot_msgs/environment/library_path.dsv
[2.194s] -- Up-to-date symlink: /home/raz/projects/astroscale/ros2_ws/install/robot_msgs/include/robot_msgs/robot_msgs/msg/rosidl_typesupport_fastrtps_c__visibility_control.h
[2.194s] -- Up-to-date symlink: /home/raz/projects/astroscale/ros2_ws/install/robot_msgs/include/robot_msgs/robot_msgs/srv/detail/move_to_position__rosidl_typesupport_fastrtps_c.h
[2.195s] -- Up-to-date symlink: /home/raz/projects/astroscale/ros2_ws/install/robot_msgs/include/robot_msgs/robot_msgs/msg/rosidl_generator_cpp__visibility_control.hpp
[2.195s] -- Up-to-date symlink: /home/raz/projects/astroscale/ros2_ws/install/robot_msgs/include/robot_msgs/robot_msgs/srv/detail/move_to_position__builder.hpp
[2.195s] -- Up-to-date symlink: /home/raz/projects/astroscale/ros2_ws/install/robot_msgs/include/robot_msgs/robot_msgs/srv/detail/move_to_position__struct.hpp
[2.195s] -- Up-to-date symlink: /home/raz/projects/astroscale/ros2_ws/install/robot_msgs/include/robot_msgs/robot_msgs/srv/detail/move_to_position__traits.hpp
[2.195s] -- Up-to-date symlink: /home/raz/projects/astroscale/ros2_ws/install/robot_msgs/include/robot_msgs/robot_msgs/srv/detail/move_to_position__type_support.hpp
[2.195s] -- Up-to-date symlink: /home/raz/projects/astroscale/ros2_ws/install/robot_msgs/include/robot_msgs/robot_msgs/srv/move_to_position.hpp
[2.196s] -- Up-to-date symlink: /home/raz/projects/astroscale/ros2_ws/install/robot_msgs/include/robot_msgs/robot_msgs/msg/rosidl_typesupport_fastrtps_cpp__visibility_control.h
[2.196s] -- Up-to-date symlink: /home/raz/projects/astroscale/ros2_ws/install/robot_msgs/include/robot_msgs/robot_msgs/srv/detail/move_to_position__rosidl_typesupport_fastrtps_cpp.hpp
[2.196s] -- Up-to-date symlink: /home/raz/projects/astroscale/ros2_ws/install/robot_msgs/include/robot_msgs/robot_msgs/msg/rosidl_typesupport_introspection_c__visibility_control.h
[2.196s] -- Up-to-date symlink: /home/raz/projects/astroscale/ros2_ws/install/robot_msgs/include/robot_msgs/robot_msgs/srv/detail/move_to_position__rosidl_typesupport_introspection_c.h
[2.197s] -- Up-to-date symlink: /home/raz/projects/astroscale/ros2_ws/install/robot_msgs/include/robot_msgs/robot_msgs/srv/detail/move_to_position__rosidl_typesupport_introspection_cpp.hpp
[2.197s] -- Up-to-date symlink: /home/raz/projects/astroscale/ros2_ws/install/robot_msgs/share/robot_msgs/environment/pythonpath.sh
[2.197s] -- Up-to-date symlink: /home/raz/projects/astroscale/ros2_ws/install/robot_msgs/share/robot_msgs/environment/pythonpath.dsv
[2.197s] -- Up-to-date symlink: /home/raz/projects/astroscale/ros2_ws/install/robot_msgs/local/lib/python3.10/dist-packages/robot_msgs-0.0.0-py3.10.egg-info/PKG-INFO
[2.197s] -- Up-to-date symlink: /home/raz/projects/astroscale/ros2_ws/install/robot_msgs/local/lib/python3.10/dist-packages/robot_msgs-0.0.0-py3.10.egg-info/SOURCES.txt
[2.197s] -- Up-to-date symlink: /home/raz/projects/astroscale/ros2_ws/install/robot_msgs/local/lib/python3.10/dist-packages/robot_msgs-0.0.0-py3.10.egg-info/dependency_links.txt
[2.197s] -- Up-to-date symlink: /home/raz/projects/astroscale/ros2_ws/install/robot_msgs/local/lib/python3.10/dist-packages/robot_msgs-0.0.0-py3.10.egg-info/top_level.txt
[2.198s] -- Up-to-date symlink: /home/raz/projects/astroscale/ros2_ws/install/robot_msgs/local/lib/python3.10/dist-packages/robot_msgs/__init__.py
[2.198s] -- Up-to-date symlink: /home/raz/projects/astroscale/ros2_ws/install/robot_msgs/local/lib/python3.10/dist-packages/robot_msgs/_robot_msgs_s.ep.rosidl_typesupport_c.c
[2.198s] -- Up-to-date symlink: /home/raz/projects/astroscale/ros2_ws/install/robot_msgs/local/lib/python3.10/dist-packages/robot_msgs/_robot_msgs_s.ep.rosidl_typesupport_fastrtps_c.c
[2.198s] -- Up-to-date symlink: /home/raz/projects/astroscale/ros2_ws/install/robot_msgs/local/lib/python3.10/dist-packages/robot_msgs/_robot_msgs_s.ep.rosidl_typesupport_introspection_c.c
[2.198s] -- Up-to-date symlink: /home/raz/projects/astroscale/ros2_ws/install/robot_msgs/local/lib/python3.10/dist-packages/robot_msgs/librobot_msgs__rosidl_generator_py.so
[2.198s] -- Up-to-date symlink: /home/raz/projects/astroscale/ros2_ws/install/robot_msgs/local/lib/python3.10/dist-packages/robot_msgs/robot_msgs_s__rosidl_typesupport_c.cpython-310-x86_64-linux-gnu.so
[2.198s] -- Up-to-date symlink: /home/raz/projects/astroscale/ros2_ws/install/robot_msgs/local/lib/python3.10/dist-packages/robot_msgs/robot_msgs_s__rosidl_typesupport_fastrtps_c.cpython-310-x86_64-linux-gnu.so
[2.198s] -- Up-to-date symlink: /home/raz/projects/astroscale/ros2_ws/install/robot_msgs/local/lib/python3.10/dist-packages/robot_msgs/robot_msgs_s__rosidl_typesupport_introspection_c.cpython-310-x86_64-linux-gnu.so
[2.198s] -- Up-to-date symlink: /home/raz/projects/astroscale/ros2_ws/install/robot_msgs/local/lib/python3.10/dist-packages/robot_msgs/srv/__init__.py
[2.199s] -- Up-to-date symlink: /home/raz/projects/astroscale/ros2_ws/install/robot_msgs/local/lib/python3.10/dist-packages/robot_msgs/srv/_move_to_position.py
[2.199s] -- Up-to-date symlink: /home/raz/projects/astroscale/ros2_ws/install/robot_msgs/local/lib/python3.10/dist-packages/robot_msgs/srv/_move_to_position_s.c
[2.199s] -- Up-to-date symlink: /home/raz/projects/astroscale/ros2_ws/install/robot_msgs/local/lib/python3.10/dist-packages/robot_msgs/robot_msgs_s__rosidl_typesupport_fastrtps_c.cpython-310-x86_64-linux-gnu.so
[2.199s] -- Up-to-date symlink: /home/raz/projects/astroscale/ros2_ws/install/robot_msgs/local/lib/python3.10/dist-packages/robot_msgs/robot_msgs_s__rosidl_typesupport_introspection_c.cpython-310-x86_64-linux-gnu.so
[2.199s] -- Up-to-date symlink: /home/raz/projects/astroscale/ros2_ws/install/robot_msgs/local/lib/python3.10/dist-packages/robot_msgs/robot_msgs_s__rosidl_typesupport_c.cpython-310-x86_64-linux-gnu.so
[2.199s] -- Up-to-date symlink: /home/raz/projects/astroscale/ros2_ws/install/robot_msgs/share/robot_msgs/srv/MoveToPosition.idl
[2.200s] -- Up-to-date symlink: /home/raz/projects/astroscale/ros2_ws/install/robot_msgs/share/robot_msgs/srv/MoveToPosition.srv
[2.200s] -- Up-to-date symlink: /home/raz/projects/astroscale/ros2_ws/install/robot_msgs/share/robot_msgs/srv/MoveToPosition_Request.msg
[2.200s] -- Up-to-date symlink: /home/raz/projects/astroscale/ros2_ws/install/robot_msgs/share/robot_msgs/srv/MoveToPosition_Response.msg
[2.200s] -- Up-to-date symlink: /home/raz/projects/astroscale/ros2_ws/install/robot_msgs/share/ament_index/resource_index/package_run_dependencies/robot_msgs
[2.200s] -- Up-to-date symlink: /home/raz/projects/astroscale/ros2_ws/install/robot_msgs/share/ament_index/resource_index/parent_prefix_path/robot_msgs
[2.200s] -- Up-to-date symlink: /home/raz/projects/astroscale/ros2_ws/install/robot_msgs/share/robot_msgs/environment/ament_prefix_path.sh
[2.200s] -- Up-to-date symlink: /home/raz/projects/astroscale/ros2_ws/install/robot_msgs/share/robot_msgs/environment/ament_prefix_path.dsv
[2.200s] -- Up-to-date symlink: /home/raz/projects/astroscale/ros2_ws/install/robot_msgs/share/robot_msgs/environment/path.sh
[2.201s] -- Up-to-date symlink: /home/raz/projects/astroscale/ros2_ws/install/robot_msgs/share/robot_msgs/environment/path.dsv
[2.201s] -- Up-to-date symlink: /home/raz/projects/astroscale/ros2_ws/install/robot_msgs/share/robot_msgs/local_setup.bash
[2.201s] -- Up-to-date symlink: /home/raz/projects/astroscale/ros2_ws/install/robot_msgs/share/robot_msgs/local_setup.sh
[2.201s] -- Up-to-date symlink: /home/raz/projects/astroscale/ros2_ws/install/robot_msgs/share/robot_msgs/local_setup.zsh
[2.201s] -- Up-to-date symlink: /home/raz/projects/astroscale/ros2_ws/install/robot_msgs/share/robot_msgs/local_setup.dsv
[2.201s] -- Symlinking: /home/raz/projects/astroscale/ros2_ws/install/robot_msgs/share/robot_msgs/package.dsv
[2.203s] -- Up-to-date symlink: /home/raz/projects/astroscale/ros2_ws/install/robot_msgs/share/ament_index/resource_index/packages/robot_msgs
[2.203s] -- Up-to-date symlink: /home/raz/projects/astroscale/ros2_ws/install/robot_msgs/share/robot_msgs/cmake/rosidl_cmake-extras.cmake
[2.203s] -- Up-to-date symlink: /home/raz/projects/astroscale/ros2_ws/install/robot_msgs/share/robot_msgs/cmake/ament_cmake_export_include_directories-extras.cmake
[2.203s] -- Up-to-date symlink: /home/raz/projects/astroscale/ros2_ws/install/robot_msgs/share/robot_msgs/cmake/ament_cmake_export_libraries-extras.cmake
[2.203s] -- Up-to-date symlink: /home/raz/projects/astroscale/ros2_ws/install/robot_msgs/share/robot_msgs/cmake/ament_cmake_export_targets-extras.cmake
[2.203s] -- Up-to-date symlink: /home/raz/projects/astroscale/ros2_ws/install/robot_msgs/share/robot_msgs/cmake/rosidl_cmake_export_typesupport_targets-extras.cmake
[2.203s] -- Up-to-date symlink: /home/raz/projects/astroscale/ros2_ws/install/robot_msgs/share/robot_msgs/cmake/ament_cmake_export_dependencies-extras.cmake
[2.204s] -- Up-to-date symlink: /home/raz/projects/astroscale/ros2_ws/install/robot_msgs/share/robot_msgs/cmake/rosidl_cmake_export_typesupport_libraries-extras.cmake
[2.204s] -- Up-to-date symlink: /home/raz/projects/astroscale/ros2_ws/install/robot_msgs/share/robot_msgs/cmake/robot_msgsConfig.cmake
[2.204s] -- Up-to-date symlink: /home/raz/projects/astroscale/ros2_ws/install/robot_msgs/share/robot_msgs/cmake/robot_msgsConfig-version.cmake
[2.204s] -- Up-to-date symlink: /home/raz/projects/astroscale/ros2_ws/install/robot_msgs/share/robot_msgs/package.xml
[2.204s] -- Up-to-date: /home/raz/projects/astroscale/ros2_ws/install/robot_msgs/lib/librobot_msgs__rosidl_generator_c.so
[2.204s] -- Up-to-date: /home/raz/projects/astroscale/ros2_ws/install/robot_msgs/lib/librobot_msgs__rosidl_typesupport_fastrtps_c.so
[2.204s] -- Up-to-date: /home/raz/projects/astroscale/ros2_ws/install/robot_msgs/lib/librobot_msgs__rosidl_typesupport_fastrtps_cpp.so
[2.205s] -- Up-to-date: /home/raz/projects/astroscale/ros2_ws/install/robot_msgs/lib/librobot_msgs__rosidl_typesupport_introspection_c.so
[2.205s] -- Up-to-date: /home/raz/projects/astroscale/ros2_ws/install/robot_msgs/lib/librobot_msgs__rosidl_typesupport_c.so
[2.205s] -- Up-to-date: /home/raz/projects/astroscale/ros2_ws/install/robot_msgs/lib/librobot_msgs__rosidl_typesupport_introspection_cpp.so
[2.205s] -- Up-to-date: /home/raz/projects/astroscale/ros2_ws/install/robot_msgs/lib/librobot_msgs__rosidl_typesupport_cpp.so
[2.235s] Listing '/home/raz/projects/astroscale/ros2_ws/install/robot_msgs/local/lib/python3.10/dist-packages/robot_msgs'...
[2.235s] Compiling '/home/raz/projects/astroscale/ros2_ws/install/robot_msgs/local/lib/python3.10/dist-packages/robot_msgs/__init__.py'...
[2.235s] Listing '/home/raz/projects/astroscale/ros2_ws/install/robot_msgs/local/lib/python3.10/dist-packages/robot_msgs/srv'...
[2.239s] -- Up-to-date: /home/raz/projects/astroscale/ros2_ws/install/robot_msgs/lib/librobot_msgs__rosidl_generator_py.so
[2.239s] -- Up-to-date: /home/raz/projects/astroscale/ros2_ws/install/robot_msgs/share/robot_msgs/cmake/export_robot_msgs__rosidl_generator_cExport.cmake
[2.239s] -- Up-to-date: /home/raz/projects/astroscale/ros2_ws/install/robot_msgs/share/robot_msgs/cmake/export_robot_msgs__rosidl_generator_cExport-noconfig.cmake
[2.257s] -- Up-to-date: /home/raz/projects/astroscale/ros2_ws/install/robot_msgs/share/robot_msgs/cmake/export_robot_msgs__rosidl_typesupport_fastrtps_cExport.cmake
[2.257s] -- Up-to-date: /home/raz/projects/astroscale/ros2_ws/install/robot_msgs/share/robot_msgs/cmake/export_robot_msgs__rosidl_typesupport_fastrtps_cExport-noconfig.cmake
[2.257s] -- Up-to-date: /home/raz/projects/astroscale/ros2_ws/install/robot_msgs/share/robot_msgs/cmake/export_robot_msgs__rosidl_generator_cppExport.cmake
[2.257s] -- Up-to-date: /home/raz/projects/astroscale/ros2_ws/install/robot_msgs/share/robot_msgs/cmake/export_robot_msgs__rosidl_typesupport_fastrtps_cppExport.cmake
[2.257s] -- Up-to-date: /home/raz/projects/astroscale/ros2_ws/install/robot_msgs/share/robot_msgs/cmake/export_robot_msgs__rosidl_typesupport_fastrtps_cppExport-noconfig.cmake
[2.257s] -- Up-to-date: /home/raz/projects/astroscale/ros2_ws/install/robot_msgs/share/robot_msgs/cmake/robot_msgs__rosidl_typesupport_introspection_cExport.cmake
[2.257s] -- Up-to-date: /home/raz/projects/astroscale/ros2_ws/install/robot_msgs/share/robot_msgs/cmake/robot_msgs__rosidl_typesupport_introspection_cExport-noconfig.cmake
[2.258s] -- Up-to-date: /home/raz/projects/astroscale/ros2_ws/install/robot_msgs/share/robot_msgs/cmake/robot_msgs__rosidl_typesupport_cExport.cmake
[2.258s] -- Up-to-date: /home/raz/projects/astroscale/ros2_ws/install/robot_msgs/share/robot_msgs/cmake/robot_msgs__rosidl_typesupport_cExport-noconfig.cmake
[2.258s] -- Up-to-date: /home/raz/projects/astroscale/ros2_ws/install/robot_msgs/share/robot_msgs/cmake/robot_msgs__rosidl_typesupport_introspection_cppExport.cmake
[2.258s] -- Up-to-date: /home/raz/projects/astroscale/ros2_ws/install/robot_msgs/share/robot_msgs/cmake/robot_msgs__rosidl_typesupport_introspection_cppExport-noconfig.cmake
[2.258s] -- Up-to-date: /home/raz/projects/astroscale/ros2_ws/install/robot_msgs/share/robot_msgs/cmake/robot_msgs__rosidl_typesupport_cppExport.cmake
[2.258s] -- Up-to-date: /home/raz/projects/astroscale/ros2_ws/install/robot_msgs/share/robot_msgs/cmake/robot_msgs__rosidl_typesupport_cppExport-noconfig.cmake
[2.258s] -- Up-to-date: /home/raz/projects/astroscale/ros2_ws/install/robot_msgs/share/robot_msgs/cmake/export_robot_msgs__rosidl_generator_pyExport.cmake
[2.258s] -- Up-to-date: /home/raz/projects/astroscale/ros2_ws/install/robot_msgs/share/robot_msgs/cmake/export_robot_msgs__rosidl_generator_pyExport-noconfig.cmake
[2.259s] Invoked command in '/home/raz/projects/astroscale/ros2_ws/build/robot_msgs' returned '0': CMAKE_PREFIX_PATH=${CMAKE_PREFIX_PATH}:/home/raz/projects/ros2_advanced_concepts/ros2_ws/install/challenge_py:/home/raz/projects/ros2_advanced_concepts/ros2_ws/install/actions_py:/home/raz/ros2_ws/install/centerofmass_detection:/home/raz/projects/manipulator-project/arduinobot_ws/install/arduinobot_py_examples:/opt/ros/humble /usr/local/bin/cmake --install /home/raz/projects/astroscale/ros2_ws/build/robot_msgs
