[0.044s] Invoking command in '/home/raz/projects/astroscale/ros2_ws/build/robot_controller': CMAKE_PREFIX_PATH=/home/raz/projects/astroscale/ros2_ws/install/robot_description:/home/raz/projects/astroscale/ros2_ws/install/robot_bringup:/home/raz/projects/astroscale/ros2_ws/install/robot_services:/home/raz/projects/astroscale/ros2_ws/install/robot_remote:/home/raz/projects/astroscale/ros2_ws/install/robot_msgs:/home/raz/projects/astroscale/ros2_ws/install/robot_moveit:/home/raz/projects/astroscale/ros2_ws/install/robot_controller:/home/raz/projects/ros2_advanced_concepts/ros2_ws/install/challenge_cpp:/home/raz/projects/ros2_advanced_concepts/ros2_ws/install/actions_cpp:/home/raz/projects/ros2_advanced_concepts/ros2_ws/install/my_robot_interfaces:/home/raz/ros2_ws/install/manipulator_urdf:/home/raz/projects/manipulator-project/arduinobot_ws/install/arduinobot_utils:/home/raz/projects/manipulator-project/arduinobot_ws/install/arduinobot_remote:/home/raz/projects/manipulator-project/arduinobot_ws/install/arduinobot_cpp_examples:/home/raz/projects/manipulator-project/arduinobot_ws/install/arduinobot_msgs:/home/raz/projects/manipulator-project/arduinobot_ws/install/arduinobot_moveit:/home/raz/projects/manipulator-project/arduinobot_ws/install/arduinobot_firmware:/home/raz/projects/manipulator-project/arduinobot_ws/install/arduinobot_description:/home/raz/projects/manipulator-project/arduinobot_ws/install/arduinobot_controller:/home/raz/projects/manipulator-project/arduinobot_ws/install/arduinobot_bringup:/home/raz/projects/ros2_robotics_simulation/ros2_ws/install/my_robot_bringup:/home/raz/projects/ros2_robotics_simulation/ros2_ws/install/my_robot_description:/home/raz/projects/ros2_advanced_concepts/ros2_ws/install/challenge_py:/home/raz/projects/ros2_advanced_concepts/ros2_ws/install/actions_py:/home/raz/ros2_ws/install/centerofmass_detection:/home/raz/projects/manipulator-project/arduinobot_ws/install/arduinobot_py_examples:/opt/ros/humble /usr/local/bin/cmake --build /home/raz/projects/astroscale/ros2_ws/build/robot_controller -- -j12 -l12
[0.055s] -- Found ament_cmake: 1.3.11 (/opt/ros/humble/share/ament_cmake/cmake)
[0.461s] -- Found rclcpp: 16.0.11 (/opt/ros/humble/share/rclcpp/cmake)
[0.770s] -- Found rosidl_generator_c: 3.1.6 (/opt/ros/humble/share/rosidl_generator_c/cmake)
[0.787s] -- Found rosidl_adapter: 3.1.6 (/opt/ros/humble/share/rosidl_adapter/cmake)
[0.811s] -- Found rosidl_generator_cpp: 3.1.6 (/opt/ros/humble/share/rosidl_generator_cpp/cmake)
[0.865s] -- Using all available rosidl_typesupport_c: rosidl_typesupport_fastrtps_c;rosidl_typesupport_introspection_c
[0.943s] -- Using all available rosidl_typesupport_cpp: rosidl_typesupport_fastrtps_cpp;rosidl_typesupport_introspection_cpp
[1.033s] -- Found rmw_implementation_cmake: 6.1.2 (/opt/ros/humble/share/rmw_implementation_cmake/cmake)
[1.059s] -- Found rmw_cyclonedds_cpp: 1.3.4 (/opt/ros/humble/share/rmw_cyclonedds_cpp/cmake)
[1.158s] -- Using RMW implementation 'rmw_cyclonedds_cpp' as default
[1.433s] -- Found trajectory_msgs: 4.2.4 (/opt/ros/humble/share/trajectory_msgs/cmake)
[1.525s] [31mCMake Error at /opt/ros/humble/share/ament_cmake_target_dependencies/cmake/ament_target_dependencies.cmake:77 (message):
[1.525s]   ament_target_dependencies() the passed package name
[1.525s]   'moveit_ros_planning_interface' was not found before
[1.525s] Call Stack (most recent call first):
[1.525s]   CMakeLists.txt:15 (ament_target_dependencies)
[1.525s] 
[1.525s] [0m
[1.525s] -- Configuring incomplete, errors occurred!
[1.530s] gmake: *** [Makefile:267: cmake_check_build_system] Error 1
[1.531s] Invoked command in '/home/raz/projects/astroscale/ros2_ws/build/robot_controller' returned '2': CMAKE_PREFIX_PATH=/home/raz/projects/astroscale/ros2_ws/install/robot_description:/home/raz/projects/astroscale/ros2_ws/install/robot_bringup:/home/raz/projects/astroscale/ros2_ws/install/robot_services:/home/raz/projects/astroscale/ros2_ws/install/robot_remote:/home/raz/projects/astroscale/ros2_ws/install/robot_msgs:/home/raz/projects/astroscale/ros2_ws/install/robot_moveit:/home/raz/projects/astroscale/ros2_ws/install/robot_controller:/home/raz/projects/ros2_advanced_concepts/ros2_ws/install/challenge_cpp:/home/raz/projects/ros2_advanced_concepts/ros2_ws/install/actions_cpp:/home/raz/projects/ros2_advanced_concepts/ros2_ws/install/my_robot_interfaces:/home/raz/ros2_ws/install/manipulator_urdf:/home/raz/projects/manipulator-project/arduinobot_ws/install/arduinobot_utils:/home/raz/projects/manipulator-project/arduinobot_ws/install/arduinobot_remote:/home/raz/projects/manipulator-project/arduinobot_ws/install/arduinobot_cpp_examples:/home/raz/projects/manipulator-project/arduinobot_ws/install/arduinobot_msgs:/home/raz/projects/manipulator-project/arduinobot_ws/install/arduinobot_moveit:/home/raz/projects/manipulator-project/arduinobot_ws/install/arduinobot_firmware:/home/raz/projects/manipulator-project/arduinobot_ws/install/arduinobot_description:/home/raz/projects/manipulator-project/arduinobot_ws/install/arduinobot_controller:/home/raz/projects/manipulator-project/arduinobot_ws/install/arduinobot_bringup:/home/raz/projects/ros2_robotics_simulation/ros2_ws/install/my_robot_bringup:/home/raz/projects/ros2_robotics_simulation/ros2_ws/install/my_robot_description:/home/raz/projects/ros2_advanced_concepts/ros2_ws/install/challenge_py:/home/raz/projects/ros2_advanced_concepts/ros2_ws/install/actions_py:/home/raz/ros2_ws/install/centerofmass_detection:/home/raz/projects/manipulator-project/arduinobot_ws/install/arduinobot_py_examples:/opt/ros/humble /usr/local/bin/cmake --build /home/raz/projects/astroscale/ros2_ws/build/robot_controller -- -j12 -l12
