[0.017s] Invoking command in '/home/raz/projects/astroscale/ros2_ws/build/robot_msgs': CMAKE_PREFIX_PATH=${CMAKE_PREFIX_PATH}:/home/raz/projects/ros2_advanced_concepts/ros2_ws/install/challenge_py:/home/raz/projects/ros2_advanced_concepts/ros2_ws/install/actions_py:/home/raz/ros2_ws/install/centerofmass_detection:/home/raz/projects/manipulator-project/arduinobot_ws/install/arduinobot_py_examples:/opt/ros/humble /usr/local/bin/cmake --build /home/raz/projects/astroscale/ros2_ws/build/robot_msgs -- -j12 -l12
[0.029s] [  3%] Built target robot_msgs__cpp
[0.031s] [ 12%] Built target robot_msgs__rosidl_generator_c
[0.031s] [ 12%] Built target ament_cmake_python_symlink_robot_msgs
[0.035s] [ 22%] Built target robot_msgs__rosidl_typesupport_c
[0.036s] [ 32%] Built target robot_msgs__rosidl_typesupport_cpp
[0.036s] [ 41%] Built target robot_msgs__rosidl_typesupport_introspection_cpp
[0.036s] [ 51%] Built target robot_msgs__rosidl_typesupport_introspection_c
[0.037s] [ 67%] Built target robot_msgs__rosidl_typesupport_fastrtps_cpp
[0.037s] [ 70%] Built target robot_msgs__rosidl_typesupport_fastrtps_c
[0.041s] [ 70%] Built target robot_msgs
[0.046s] [ 74%] Built target robot_msgs__py
[0.051s] [ 80%] Built target robot_msgs__rosidl_generator_py
[0.057s] [ 87%] Built target robot_msgs__rosidl_typesupport_fastrtps_c__pyext
[0.057s] [ 93%] Built target robot_msgs__rosidl_typesupport_introspection_c__pyext
[0.057s] [100%] Built target robot_msgs__rosidl_typesupport_c__pyext
[0.223s] running egg_info
[0.241s] writing robot_msgs.egg-info/PKG-INFO
[0.343s] writing dependency_links to robot_msgs.egg-info/dependency_links.txt
[0.344s] writing top-level names to robot_msgs.egg-info/top_level.txt
[0.407s] reading manifest file 'robot_msgs.egg-info/SOURCES.txt'
[0.409s] writing manifest file 'robot_msgs.egg-info/SOURCES.txt'
[0.426s] [100%] Built target ament_cmake_python_build_robot_msgs_egg
[0.429s] Invoked command in '/home/raz/projects/astroscale/ros2_ws/build/robot_msgs' returned '0': CMAKE_PREFIX_PATH=${CMAKE_PREFIX_PATH}:/home/raz/projects/ros2_advanced_concepts/ros2_ws/install/challenge_py:/home/raz/projects/ros2_advanced_concepts/ros2_ws/install/actions_py:/home/raz/ros2_ws/install/centerofmass_detection:/home/raz/projects/manipulator-project/arduinobot_ws/install/arduinobot_py_examples:/opt/ros/humble /usr/local/bin/cmake --build /home/raz/projects/astroscale/ros2_ws/build/robot_msgs -- -j12 -l12
[0.430s] Invoking command in '/home/raz/projects/astroscale/ros2_ws/build/robot_msgs': CMAKE_PREFIX_PATH=${CMAKE_PREFIX_PATH}:/home/raz/projects/ros2_advanced_concepts/ros2_ws/install/challenge_py:/home/raz/projects/ros2_advanced_concepts/ros2_ws/install/actions_py:/home/raz/ros2_ws/install/centerofmass_detection:/home/raz/projects/manipulator-project/arduinobot_ws/install/arduinobot_py_examples:/opt/ros/humble /usr/local/bin/cmake --install /home/raz/projects/astroscale/ros2_ws/build/robot_msgs
[0.431s] -- Install configuration: ""
[0.432s] -- Execute custom install script
[0.432s] -- Up-to-date symlink: /home/raz/projects/astroscale/ros2_ws/install/robot_msgs/share/ament_index/resource_index/rosidl_interfaces/robot_msgs
[0.432s] -- Up-to-date symlink: /home/raz/projects/astroscale/ros2_ws/install/robot_msgs/include/robot_msgs/robot_msgs/msg/rosidl_generator_c__visibility_control.h
[0.432s] -- Up-to-date symlink: /home/raz/projects/astroscale/ros2_ws/install/robot_msgs/include/robot_msgs/robot_msgs/srv/detail/move_to_position__functions.h
[0.432s] -- Up-to-date symlink: /home/raz/projects/astroscale/ros2_ws/install/robot_msgs/include/robot_msgs/robot_msgs/srv/detail/move_to_position__struct.h
[0.432s] -- Up-to-date symlink: /home/raz/projects/astroscale/ros2_ws/install/robot_msgs/include/robot_msgs/robot_msgs/srv/detail/move_to_position__type_support.h
[0.433s] -- Up-to-date symlink: /home/raz/projects/astroscale/ros2_ws/install/robot_msgs/include/robot_msgs/robot_msgs/srv/move_to_position.h
[0.433s] -- Up-to-date symlink: /home/raz/projects/astroscale/ros2_ws/install/robot_msgs/share/robot_msgs/environment/library_path.sh
[0.433s] -- Up-to-date symlink: /home/raz/projects/astroscale/ros2_ws/install/robot_msgs/share/robot_msgs/environment/library_path.dsv
[0.433s] -- Up-to-date symlink: /home/raz/projects/astroscale/ros2_ws/install/robot_msgs/include/robot_msgs/robot_msgs/msg/rosidl_typesupport_fastrtps_c__visibility_control.h
[0.433s] -- Up-to-date symlink: /home/raz/projects/astroscale/ros2_ws/install/robot_msgs/include/robot_msgs/robot_msgs/srv/detail/move_to_position__rosidl_typesupport_fastrtps_c.h
[0.433s] -- Up-to-date symlink: /home/raz/projects/astroscale/ros2_ws/install/robot_msgs/include/robot_msgs/robot_msgs/msg/rosidl_generator_cpp__visibility_control.hpp
[0.433s] -- Up-to-date symlink: /home/raz/projects/astroscale/ros2_ws/install/robot_msgs/include/robot_msgs/robot_msgs/srv/detail/move_to_position__builder.hpp
[0.434s] -- Up-to-date symlink: /home/raz/projects/astroscale/ros2_ws/install/robot_msgs/include/robot_msgs/robot_msgs/srv/detail/move_to_position__struct.hpp
[0.434s] -- Up-to-date symlink: /home/raz/projects/astroscale/ros2_ws/install/robot_msgs/include/robot_msgs/robot_msgs/srv/detail/move_to_position__traits.hpp
[0.434s] -- Up-to-date symlink: /home/raz/projects/astroscale/ros2_ws/install/robot_msgs/include/robot_msgs/robot_msgs/srv/detail/move_to_position__type_support.hpp
[0.434s] -- Up-to-date symlink: /home/raz/projects/astroscale/ros2_ws/install/robot_msgs/include/robot_msgs/robot_msgs/srv/move_to_position.hpp
[0.434s] -- Up-to-date symlink: /home/raz/projects/astroscale/ros2_ws/install/robot_msgs/include/robot_msgs/robot_msgs/msg/rosidl_typesupport_fastrtps_cpp__visibility_control.h
[0.434s] -- Up-to-date symlink: /home/raz/projects/astroscale/ros2_ws/install/robot_msgs/include/robot_msgs/robot_msgs/srv/detail/move_to_position__rosidl_typesupport_fastrtps_cpp.hpp
[0.434s] -- Up-to-date symlink: /home/raz/projects/astroscale/ros2_ws/install/robot_msgs/include/robot_msgs/robot_msgs/msg/rosidl_typesupport_introspection_c__visibility_control.h
[0.435s] -- Up-to-date symlink: /home/raz/projects/astroscale/ros2_ws/install/robot_msgs/include/robot_msgs/robot_msgs/srv/detail/move_to_position__rosidl_typesupport_introspection_c.h
[0.435s] -- Up-to-date symlink: /home/raz/projects/astroscale/ros2_ws/install/robot_msgs/include/robot_msgs/robot_msgs/srv/detail/move_to_position__rosidl_typesupport_introspection_cpp.hpp
[0.435s] -- Up-to-date symlink: /home/raz/projects/astroscale/ros2_ws/install/robot_msgs/share/robot_msgs/environment/pythonpath.sh
[0.435s] -- Up-to-date symlink: /home/raz/projects/astroscale/ros2_ws/install/robot_msgs/share/robot_msgs/environment/pythonpath.dsv
[0.435s] -- Up-to-date symlink: /home/raz/projects/astroscale/ros2_ws/install/robot_msgs/local/lib/python3.10/dist-packages/robot_msgs-0.0.0-py3.10.egg-info/PKG-INFO
[0.435s] -- Up-to-date symlink: /home/raz/projects/astroscale/ros2_ws/install/robot_msgs/local/lib/python3.10/dist-packages/robot_msgs-0.0.0-py3.10.egg-info/SOURCES.txt
[0.435s] -- Up-to-date symlink: /home/raz/projects/astroscale/ros2_ws/install/robot_msgs/local/lib/python3.10/dist-packages/robot_msgs-0.0.0-py3.10.egg-info/dependency_links.txt
[0.436s] -- Up-to-date symlink: /home/raz/projects/astroscale/ros2_ws/install/robot_msgs/local/lib/python3.10/dist-packages/robot_msgs-0.0.0-py3.10.egg-info/top_level.txt
[0.436s] -- Up-to-date symlink: /home/raz/projects/astroscale/ros2_ws/install/robot_msgs/local/lib/python3.10/dist-packages/robot_msgs/__init__.py
[0.436s] -- Up-to-date symlink: /home/raz/projects/astroscale/ros2_ws/install/robot_msgs/local/lib/python3.10/dist-packages/robot_msgs/_robot_msgs_s.ep.rosidl_typesupport_c.c
[0.436s] -- Up-to-date symlink: /home/raz/projects/astroscale/ros2_ws/install/robot_msgs/local/lib/python3.10/dist-packages/robot_msgs/_robot_msgs_s.ep.rosidl_typesupport_fastrtps_c.c
[0.436s] -- Up-to-date symlink: /home/raz/projects/astroscale/ros2_ws/install/robot_msgs/local/lib/python3.10/dist-packages/robot_msgs/_robot_msgs_s.ep.rosidl_typesupport_introspection_c.c
[0.436s] -- Up-to-date symlink: /home/raz/projects/astroscale/ros2_ws/install/robot_msgs/local/lib/python3.10/dist-packages/robot_msgs/librobot_msgs__rosidl_generator_py.so
[0.436s] -- Up-to-date symlink: /home/raz/projects/astroscale/ros2_ws/install/robot_msgs/local/lib/python3.10/dist-packages/robot_msgs/robot_msgs_s__rosidl_typesupport_c.cpython-310-x86_64-linux-gnu.so
[0.436s] -- Up-to-date symlink: /home/raz/projects/astroscale/ros2_ws/install/robot_msgs/local/lib/python3.10/dist-packages/robot_msgs/robot_msgs_s__rosidl_typesupport_fastrtps_c.cpython-310-x86_64-linux-gnu.so
[0.437s] -- Up-to-date symlink: /home/raz/projects/astroscale/ros2_ws/install/robot_msgs/local/lib/python3.10/dist-packages/robot_msgs/robot_msgs_s__rosidl_typesupport_introspection_c.cpython-310-x86_64-linux-gnu.so
[0.437s] -- Up-to-date symlink: /home/raz/projects/astroscale/ros2_ws/install/robot_msgs/local/lib/python3.10/dist-packages/robot_msgs/srv/__init__.py
[0.437s] -- Up-to-date symlink: /home/raz/projects/astroscale/ros2_ws/install/robot_msgs/local/lib/python3.10/dist-packages/robot_msgs/srv/_move_to_position.py
[0.437s] -- Up-to-date symlink: /home/raz/projects/astroscale/ros2_ws/install/robot_msgs/local/lib/python3.10/dist-packages/robot_msgs/srv/_move_to_position_s.c
[0.437s] -- Up-to-date symlink: /home/raz/projects/astroscale/ros2_ws/install/robot_msgs/local/lib/python3.10/dist-packages/robot_msgs/robot_msgs_s__rosidl_typesupport_fastrtps_c.cpython-310-x86_64-linux-gnu.so
[0.437s] -- Up-to-date symlink: /home/raz/projects/astroscale/ros2_ws/install/robot_msgs/local/lib/python3.10/dist-packages/robot_msgs/robot_msgs_s__rosidl_typesupport_introspection_c.cpython-310-x86_64-linux-gnu.so
[0.437s] -- Up-to-date symlink: /home/raz/projects/astroscale/ros2_ws/install/robot_msgs/local/lib/python3.10/dist-packages/robot_msgs/robot_msgs_s__rosidl_typesupport_c.cpython-310-x86_64-linux-gnu.so
[0.437s] -- Up-to-date symlink: /home/raz/projects/astroscale/ros2_ws/install/robot_msgs/share/robot_msgs/srv/MoveToPosition.idl
[0.438s] -- Up-to-date symlink: /home/raz/projects/astroscale/ros2_ws/install/robot_msgs/share/robot_msgs/srv/MoveToPosition.srv
[0.438s] -- Up-to-date symlink: /home/raz/projects/astroscale/ros2_ws/install/robot_msgs/share/robot_msgs/srv/MoveToPosition_Request.msg
[0.438s] -- Up-to-date symlink: /home/raz/projects/astroscale/ros2_ws/install/robot_msgs/share/robot_msgs/srv/MoveToPosition_Response.msg
[0.438s] -- Up-to-date symlink: /home/raz/projects/astroscale/ros2_ws/install/robot_msgs/share/ament_index/resource_index/package_run_dependencies/robot_msgs
[0.438s] -- Up-to-date symlink: /home/raz/projects/astroscale/ros2_ws/install/robot_msgs/share/ament_index/resource_index/parent_prefix_path/robot_msgs
[0.438s] -- Up-to-date symlink: /home/raz/projects/astroscale/ros2_ws/install/robot_msgs/share/robot_msgs/environment/ament_prefix_path.sh
[0.438s] -- Up-to-date symlink: /home/raz/projects/astroscale/ros2_ws/install/robot_msgs/share/robot_msgs/environment/ament_prefix_path.dsv
[0.438s] -- Up-to-date symlink: /home/raz/projects/astroscale/ros2_ws/install/robot_msgs/share/robot_msgs/environment/path.sh
[0.439s] -- Up-to-date symlink: /home/raz/projects/astroscale/ros2_ws/install/robot_msgs/share/robot_msgs/environment/path.dsv
[0.439s] -- Up-to-date symlink: /home/raz/projects/astroscale/ros2_ws/install/robot_msgs/share/robot_msgs/local_setup.bash
[0.439s] -- Up-to-date symlink: /home/raz/projects/astroscale/ros2_ws/install/robot_msgs/share/robot_msgs/local_setup.sh
[0.439s] -- Up-to-date symlink: /home/raz/projects/astroscale/ros2_ws/install/robot_msgs/share/robot_msgs/local_setup.zsh
[0.439s] -- Up-to-date symlink: /home/raz/projects/astroscale/ros2_ws/install/robot_msgs/share/robot_msgs/local_setup.dsv
[0.439s] -- Symlinking: /home/raz/projects/astroscale/ros2_ws/install/robot_msgs/share/robot_msgs/package.dsv
[0.441s] -- Up-to-date symlink: /home/raz/projects/astroscale/ros2_ws/install/robot_msgs/share/ament_index/resource_index/packages/robot_msgs
[0.441s] -- Up-to-date symlink: /home/raz/projects/astroscale/ros2_ws/install/robot_msgs/share/robot_msgs/cmake/rosidl_cmake-extras.cmake
[0.441s] -- Up-to-date symlink: /home/raz/projects/astroscale/ros2_ws/install/robot_msgs/share/robot_msgs/cmake/ament_cmake_export_include_directories-extras.cmake
[0.441s] -- Up-to-date symlink: /home/raz/projects/astroscale/ros2_ws/install/robot_msgs/share/robot_msgs/cmake/ament_cmake_export_libraries-extras.cmake
[0.441s] -- Up-to-date symlink: /home/raz/projects/astroscale/ros2_ws/install/robot_msgs/share/robot_msgs/cmake/ament_cmake_export_targets-extras.cmake
[0.441s] -- Up-to-date symlink: /home/raz/projects/astroscale/ros2_ws/install/robot_msgs/share/robot_msgs/cmake/rosidl_cmake_export_typesupport_targets-extras.cmake
[0.441s] -- Up-to-date symlink: /home/raz/projects/astroscale/ros2_ws/install/robot_msgs/share/robot_msgs/cmake/ament_cmake_export_dependencies-extras.cmake
[0.442s] -- Up-to-date symlink: /home/raz/projects/astroscale/ros2_ws/install/robot_msgs/share/robot_msgs/cmake/rosidl_cmake_export_typesupport_libraries-extras.cmake
[0.442s] -- Up-to-date symlink: /home/raz/projects/astroscale/ros2_ws/install/robot_msgs/share/robot_msgs/cmake/robot_msgsConfig.cmake
[0.442s] -- Up-to-date symlink: /home/raz/projects/astroscale/ros2_ws/install/robot_msgs/share/robot_msgs/cmake/robot_msgsConfig-version.cmake
[0.442s] -- Up-to-date symlink: /home/raz/projects/astroscale/ros2_ws/install/robot_msgs/share/robot_msgs/package.xml
[0.442s] -- Up-to-date: /home/raz/projects/astroscale/ros2_ws/install/robot_msgs/lib/librobot_msgs__rosidl_generator_c.so
[0.442s] -- Up-to-date: /home/raz/projects/astroscale/ros2_ws/install/robot_msgs/lib/librobot_msgs__rosidl_typesupport_fastrtps_c.so
[0.442s] -- Up-to-date: /home/raz/projects/astroscale/ros2_ws/install/robot_msgs/lib/librobot_msgs__rosidl_typesupport_fastrtps_cpp.so
[0.442s] -- Up-to-date: /home/raz/projects/astroscale/ros2_ws/install/robot_msgs/lib/librobot_msgs__rosidl_typesupport_introspection_c.so
[0.443s] -- Up-to-date: /home/raz/projects/astroscale/ros2_ws/install/robot_msgs/lib/librobot_msgs__rosidl_typesupport_c.so
[0.443s] -- Up-to-date: /home/raz/projects/astroscale/ros2_ws/install/robot_msgs/lib/librobot_msgs__rosidl_typesupport_introspection_cpp.so
[0.443s] -- Up-to-date: /home/raz/projects/astroscale/ros2_ws/install/robot_msgs/lib/librobot_msgs__rosidl_typesupport_cpp.so
[0.470s] Listing '/home/raz/projects/astroscale/ros2_ws/install/robot_msgs/local/lib/python3.10/dist-packages/robot_msgs'...
[0.470s] Listing '/home/raz/projects/astroscale/ros2_ws/install/robot_msgs/local/lib/python3.10/dist-packages/robot_msgs/srv'...
[0.473s] -- Up-to-date: /home/raz/projects/astroscale/ros2_ws/install/robot_msgs/lib/librobot_msgs__rosidl_generator_py.so
[0.473s] -- Up-to-date: /home/raz/projects/astroscale/ros2_ws/install/robot_msgs/share/robot_msgs/cmake/export_robot_msgs__rosidl_generator_cExport.cmake
[0.474s] -- Up-to-date: /home/raz/projects/astroscale/ros2_ws/install/robot_msgs/share/robot_msgs/cmake/export_robot_msgs__rosidl_generator_cExport-noconfig.cmake
[0.474s] -- Up-to-date: /home/raz/projects/astroscale/ros2_ws/install/robot_msgs/share/robot_msgs/cmake/export_robot_msgs__rosidl_typesupport_fastrtps_cExport.cmake
[0.474s] -- Up-to-date: /home/raz/projects/astroscale/ros2_ws/install/robot_msgs/share/robot_msgs/cmake/export_robot_msgs__rosidl_typesupport_fastrtps_cExport-noconfig.cmake
[0.474s] -- Up-to-date: /home/raz/projects/astroscale/ros2_ws/install/robot_msgs/share/robot_msgs/cmake/export_robot_msgs__rosidl_generator_cppExport.cmake
[0.474s] -- Up-to-date: /home/raz/projects/astroscale/ros2_ws/install/robot_msgs/share/robot_msgs/cmake/export_robot_msgs__rosidl_typesupport_fastrtps_cppExport.cmake
[0.474s] -- Up-to-date: /home/raz/projects/astroscale/ros2_ws/install/robot_msgs/share/robot_msgs/cmake/export_robot_msgs__rosidl_typesupport_fastrtps_cppExport-noconfig.cmake
[0.474s] -- Up-to-date: /home/raz/projects/astroscale/ros2_ws/install/robot_msgs/share/robot_msgs/cmake/robot_msgs__rosidl_typesupport_introspection_cExport.cmake
[0.474s] -- Up-to-date: /home/raz/projects/astroscale/ros2_ws/install/robot_msgs/share/robot_msgs/cmake/robot_msgs__rosidl_typesupport_introspection_cExport-noconfig.cmake
[0.474s] -- Up-to-date: /home/raz/projects/astroscale/ros2_ws/install/robot_msgs/share/robot_msgs/cmake/robot_msgs__rosidl_typesupport_cExport.cmake
[0.474s] -- Up-to-date: /home/raz/projects/astroscale/ros2_ws/install/robot_msgs/share/robot_msgs/cmake/robot_msgs__rosidl_typesupport_cExport-noconfig.cmake
[0.474s] -- Up-to-date: /home/raz/projects/astroscale/ros2_ws/install/robot_msgs/share/robot_msgs/cmake/robot_msgs__rosidl_typesupport_introspection_cppExport.cmake
[0.474s] -- Up-to-date: /home/raz/projects/astroscale/ros2_ws/install/robot_msgs/share/robot_msgs/cmake/robot_msgs__rosidl_typesupport_introspection_cppExport-noconfig.cmake
[0.474s] -- Up-to-date: /home/raz/projects/astroscale/ros2_ws/install/robot_msgs/share/robot_msgs/cmake/robot_msgs__rosidl_typesupport_cppExport.cmake
[0.474s] -- Up-to-date: /home/raz/projects/astroscale/ros2_ws/install/robot_msgs/share/robot_msgs/cmake/robot_msgs__rosidl_typesupport_cppExport-noconfig.cmake
[0.474s] -- Up-to-date: /home/raz/projects/astroscale/ros2_ws/install/robot_msgs/share/robot_msgs/cmake/export_robot_msgs__rosidl_generator_pyExport.cmake
[0.474s] -- Up-to-date: /home/raz/projects/astroscale/ros2_ws/install/robot_msgs/share/robot_msgs/cmake/export_robot_msgs__rosidl_generator_pyExport-noconfig.cmake
[0.476s] Invoked command in '/home/raz/projects/astroscale/ros2_ws/build/robot_msgs' returned '0': CMAKE_PREFIX_PATH=${CMAKE_PREFIX_PATH}:/home/raz/projects/ros2_advanced_concepts/ros2_ws/install/challenge_py:/home/raz/projects/ros2_advanced_concepts/ros2_ws/install/actions_py:/home/raz/ros2_ws/install/centerofmass_detection:/home/raz/projects/manipulator-project/arduinobot_ws/install/arduinobot_py_examples:/opt/ros/humble /usr/local/bin/cmake --install /home/raz/projects/astroscale/ros2_ws/build/robot_msgs
