-- Found ament_cmake: 1.3.11 (/opt/ros/humble/share/ament_cmake/cmake)
-- Found trajectory_msgs: 4.2.4 (/opt/ros/humble/share/trajectory_msgs/cmake)
-- Found rosidl_generator_c: 3.1.6 (/opt/ros/humble/share/rosidl_generator_c/cmake)
-- Found rosidl_adapter: 3.1.6 (/opt/ros/humble/share/rosidl_adapter/cmake)
-- Found rosidl_generator_cpp: 3.1.6 (/opt/ros/humble/share/rosidl_generator_cpp/cmake)
-- Using all available rosidl_typesupport_c: rosidl_typesupport_fastrtps_c;rosidl_typesupport_introspection_c
-- Using all available rosidl_typesupport_cpp: rosidl_typesupport_fastrtps_cpp;rosidl_typesupport_introspection_cpp
-- Found sensor_msgs: 4.2.4 (/opt/ros/humble/share/sensor_msgs/cmake)
-- Found rclcpp: 16.0.11 (/opt/ros/humble/share/rclcpp/cmake)
-- Found rmw_implementation_cmake: 6.1.2 (/opt/ros/humble/share/rmw_implementation_cmake/cmake)
-- Found rmw_cyclonedds_cpp: 1.3.4 (/opt/ros/humble/share/rmw_cyclonedds_cpp/cmake)
-- Using RMW implementation 'rmw_cyclonedds_cpp' as default
-- Found rclpy: 3.3.15 (/opt/ros/humble/share/rclpy/cmake)
-- Configuring done (0.5s)
-- Generating done (0.0s)
-- Build files have been written to: /home/raz/projects/astroscale/ros2_ws/build/robot_controller
Built target ament_cmake_python_copy_robot_controller
running egg_info
writing robot_controller.egg-info/PKG-INFO
writing dependency_links to robot_controller.egg-info/dependency_links.txt
writing top-level names to robot_controller.egg-info/top_level.txt
reading manifest file 'robot_controller.egg-info/SOURCES.txt'
writing manifest file 'robot_controller.egg-info/SOURCES.txt'
Built target ament_cmake_python_build_robot_controller_egg
-- Install configuration: ""
-- Up-to-date: /home/raz/projects/astroscale/ros2_ws/install/robot_controller/share/robot_controller/environment/pythonpath.sh
-- Installing: /home/raz/projects/astroscale/ros2_ws/install/robot_controller/share/robot_controller/environment/pythonpath.dsv
-- Up-to-date: /home/raz/projects/astroscale/ros2_ws/install/robot_controller/local/lib/python3.10/dist-packages/robot_controller-0.0.0-py3.10.egg-info
-- Installing: /home/raz/projects/astroscale/ros2_ws/install/robot_controller/local/lib/python3.10/dist-packages/robot_controller-0.0.0-py3.10.egg-info/dependency_links.txt
-- Installing: /home/raz/projects/astroscale/ros2_ws/install/robot_controller/local/lib/python3.10/dist-packages/robot_controller-0.0.0-py3.10.egg-info/PKG-INFO
-- Installing: /home/raz/projects/astroscale/ros2_ws/install/robot_controller/local/lib/python3.10/dist-packages/robot_controller-0.0.0-py3.10.egg-info/SOURCES.txt
-- Installing: /home/raz/projects/astroscale/ros2_ws/install/robot_controller/local/lib/python3.10/dist-packages/robot_controller-0.0.0-py3.10.egg-info/top_level.txt
-- Up-to-date: /home/raz/projects/astroscale/ros2_ws/install/robot_controller/local/lib/python3.10/dist-packages/robot_controller
-- Up-to-date: /home/raz/projects/astroscale/ros2_ws/install/robot_controller/local/lib/python3.10/dist-packages/robot_controller/__init__.py
-- Installing: /home/raz/projects/astroscale/ros2_ws/install/robot_controller/local/lib/python3.10/dist-packages/robot_controller/slider_control.py
Listing '/home/raz/projects/astroscale/ros2_ws/install/robot_controller/local/lib/python3.10/dist-packages/robot_controller'...
Compiling '/home/raz/projects/astroscale/ros2_ws/install/robot_controller/local/lib/python3.10/dist-packages/robot_controller/slider_control.py'...
-- Up-to-date: /home/raz/projects/astroscale/ros2_ws/install/robot_controller/include/include
-- Up-to-date: /home/raz/projects/astroscale/ros2_ws/install/robot_controller/include/include/robot_controller
-- Up-to-date: /home/raz/projects/astroscale/ros2_ws/install/robot_controller/share/robot_controller/launch
-- Up-to-date: /home/raz/projects/astroscale/ros2_ws/install/robot_controller/share/robot_controller/launch/controller.launch.py
-- Installing: /home/raz/projects/astroscale/ros2_ws/install/robot_controller/share/robot_controller/launch/slider_controller.launch.py
-- Up-to-date: /home/raz/projects/astroscale/ros2_ws/install/robot_controller/share/robot_controller/config
-- Up-to-date: /home/raz/projects/astroscale/ros2_ws/install/robot_controller/share/robot_controller/config/robot_controllers.yaml
-- Installing: /home/raz/projects/astroscale/ros2_ws/install/robot_controller/lib/robot_controller/slider_control.py
-- Up-to-date: /home/raz/projects/astroscale/ros2_ws/install/robot_controller/share/robot_controller/environment/library_path.sh
-- Installing: /home/raz/projects/astroscale/ros2_ws/install/robot_controller/share/robot_controller/environment/library_path.dsv
-- Up-to-date: /home/raz/projects/astroscale/ros2_ws/install/robot_controller/share/ament_index/resource_index/package_run_dependencies/robot_controller
-- Up-to-date: /home/raz/projects/astroscale/ros2_ws/install/robot_controller/share/ament_index/resource_index/parent_prefix_path/robot_controller
-- Up-to-date: /home/raz/projects/astroscale/ros2_ws/install/robot_controller/share/robot_controller/environment/ament_prefix_path.sh
-- Installing: /home/raz/projects/astroscale/ros2_ws/install/robot_controller/share/robot_controller/environment/ament_prefix_path.dsv
-- Up-to-date: /home/raz/projects/astroscale/ros2_ws/install/robot_controller/share/robot_controller/environment/path.sh
-- Installing: /home/raz/projects/astroscale/ros2_ws/install/robot_controller/share/robot_controller/environment/path.dsv
-- Up-to-date: /home/raz/projects/astroscale/ros2_ws/install/robot_controller/share/robot_controller/local_setup.bash
-- Up-to-date: /home/raz/projects/astroscale/ros2_ws/install/robot_controller/share/robot_controller/local_setup.sh
-- Up-to-date: /home/raz/projects/astroscale/ros2_ws/install/robot_controller/share/robot_controller/local_setup.zsh
-- Installing: /home/raz/projects/astroscale/ros2_ws/install/robot_controller/share/robot_controller/local_setup.dsv
-- Installing: /home/raz/projects/astroscale/ros2_ws/install/robot_controller/share/robot_controller/package.dsv
-- Up-to-date: /home/raz/projects/astroscale/ros2_ws/install/robot_controller/share/ament_index/resource_index/packages/robot_controller
-- Up-to-date: /home/raz/projects/astroscale/ros2_ws/install/robot_controller/share/robot_controller/cmake/ament_cmake_export_include_directories-extras.cmake
-- Up-to-date: /home/raz/projects/astroscale/ros2_ws/install/robot_controller/share/robot_controller/cmake/ament_cmake_export_libraries-extras.cmake
-- Up-to-date: /home/raz/projects/astroscale/ros2_ws/install/robot_controller/share/robot_controller/cmake/robot_controllerConfig.cmake
-- Up-to-date: /home/raz/projects/astroscale/ros2_ws/install/robot_controller/share/robot_controller/cmake/robot_controllerConfig-version.cmake
-- Up-to-date: /home/raz/projects/astroscale/ros2_ws/install/robot_controller/share/robot_controller/package.xml
