[0.012s] Invoking command in '/home/raz/projects/astroscale/ros2_ws/build/robot_controller': CMAKE_PREFIX_PATH=/home/raz/projects/astroscale/ros2_ws/install/robot_description:/home/raz/projects/astroscale/ros2_ws/install/robot_bringup:/home/raz/projects/astroscale/ros2_ws/install/robot_services:/home/raz/projects/astroscale/ros2_ws/install/robot_remote:/home/raz/projects/astroscale/ros2_ws/install/robot_msgs:/home/raz/projects/astroscale/ros2_ws/install/robot_moveit:/home/raz/projects/astroscale/ros2_ws/install/robot_controller:/home/raz/projects/ros2_advanced_concepts/ros2_ws/install/challenge_cpp:/home/raz/projects/ros2_advanced_concepts/ros2_ws/install/actions_cpp:/home/raz/projects/ros2_advanced_concepts/ros2_ws/install/my_robot_interfaces:/home/raz/ros2_ws/install/manipulator_urdf:/home/raz/projects/manipulator-project/arduinobot_ws/install/arduinobot_utils:/home/raz/projects/manipulator-project/arduinobot_ws/install/arduinobot_remote:/home/raz/projects/manipulator-project/arduinobot_ws/install/arduinobot_cpp_examples:/home/raz/projects/manipulator-project/arduinobot_ws/install/arduinobot_msgs:/home/raz/projects/manipulator-project/arduinobot_ws/install/arduinobot_moveit:/home/raz/projects/manipulator-project/arduinobot_ws/install/arduinobot_firmware:/home/raz/projects/manipulator-project/arduinobot_ws/install/arduinobot_description:/home/raz/projects/manipulator-project/arduinobot_ws/install/arduinobot_controller:/home/raz/projects/manipulator-project/arduinobot_ws/install/arduinobot_bringup:/home/raz/projects/ros2_robotics_simulation/ros2_ws/install/my_robot_bringup:/home/raz/projects/ros2_robotics_simulation/ros2_ws/install/my_robot_description:/home/raz/projects/ros2_advanced_concepts/ros2_ws/install/challenge_py:/home/raz/projects/ros2_advanced_concepts/ros2_ws/install/actions_py:/home/raz/ros2_ws/install/centerofmass_detection:/home/raz/projects/manipulator-project/arduinobot_ws/install/arduinobot_py_examples:/opt/ros/humble /usr/local/bin/cmake --build /home/raz/projects/astroscale/ros2_ws/build/robot_controller -- -j12 -l12
[0.023s] -- Found ament_cmake: 1.3.11 (/opt/ros/humble/share/ament_cmake/cmake)
[0.191s] -- Found trajectory_msgs: 4.2.4 (/opt/ros/humble/share/trajectory_msgs/cmake)
[0.215s] -- Found rosidl_generator_c: 3.1.6 (/opt/ros/humble/share/rosidl_generator_c/cmake)
[0.218s] -- Found rosidl_adapter: 3.1.6 (/opt/ros/humble/share/rosidl_adapter/cmake)
[0.224s] -- Found rosidl_generator_cpp: 3.1.6 (/opt/ros/humble/share/rosidl_generator_cpp/cmake)
[0.234s] -- Using all available rosidl_typesupport_c: rosidl_typesupport_fastrtps_c;rosidl_typesupport_introspection_c
[0.248s] -- Using all available rosidl_typesupport_cpp: rosidl_typesupport_fastrtps_cpp;rosidl_typesupport_introspection_cpp
[0.313s] -- Found sensor_msgs: 4.2.4 (/opt/ros/humble/share/sensor_msgs/cmake)
[0.335s] -- Found rclcpp: 16.0.11 (/opt/ros/humble/share/rclcpp/cmake)
[0.363s] -- Found rmw_implementation_cmake: 6.1.2 (/opt/ros/humble/share/rmw_implementation_cmake/cmake)
[0.365s] -- Found rmw_cyclonedds_cpp: 1.3.4 (/opt/ros/humble/share/rmw_cyclonedds_cpp/cmake)
[0.385s] -- Using RMW implementation 'rmw_cyclonedds_cpp' as default
[0.428s] -- Found rclpy: 3.3.15 (/opt/ros/humble/share/rclpy/cmake)
[0.536s] -- Configuring done (0.5s)
[0.540s] -- Generating done (0.0s)
[0.543s] -- Build files have been written to: /home/raz/projects/astroscale/ros2_ws/build/robot_controller
[0.554s] Built target ament_cmake_python_copy_robot_controller
[0.750s] running egg_info
[0.769s] writing robot_controller.egg-info/PKG-INFO
[0.769s] writing dependency_links to robot_controller.egg-info/dependency_links.txt
[0.770s] writing top-level names to robot_controller.egg-info/top_level.txt
[0.826s] reading manifest file 'robot_controller.egg-info/SOURCES.txt'
[0.827s] writing manifest file 'robot_controller.egg-info/SOURCES.txt'
[0.843s] Built target ament_cmake_python_build_robot_controller_egg
[0.845s] Invoked command in '/home/raz/projects/astroscale/ros2_ws/build/robot_controller' returned '0': CMAKE_PREFIX_PATH=/home/raz/projects/astroscale/ros2_ws/install/robot_description:/home/raz/projects/astroscale/ros2_ws/install/robot_bringup:/home/raz/projects/astroscale/ros2_ws/install/robot_services:/home/raz/projects/astroscale/ros2_ws/install/robot_remote:/home/raz/projects/astroscale/ros2_ws/install/robot_msgs:/home/raz/projects/astroscale/ros2_ws/install/robot_moveit:/home/raz/projects/astroscale/ros2_ws/install/robot_controller:/home/raz/projects/ros2_advanced_concepts/ros2_ws/install/challenge_cpp:/home/raz/projects/ros2_advanced_concepts/ros2_ws/install/actions_cpp:/home/raz/projects/ros2_advanced_concepts/ros2_ws/install/my_robot_interfaces:/home/raz/ros2_ws/install/manipulator_urdf:/home/raz/projects/manipulator-project/arduinobot_ws/install/arduinobot_utils:/home/raz/projects/manipulator-project/arduinobot_ws/install/arduinobot_remote:/home/raz/projects/manipulator-project/arduinobot_ws/install/arduinobot_cpp_examples:/home/raz/projects/manipulator-project/arduinobot_ws/install/arduinobot_msgs:/home/raz/projects/manipulator-project/arduinobot_ws/install/arduinobot_moveit:/home/raz/projects/manipulator-project/arduinobot_ws/install/arduinobot_firmware:/home/raz/projects/manipulator-project/arduinobot_ws/install/arduinobot_description:/home/raz/projects/manipulator-project/arduinobot_ws/install/arduinobot_controller:/home/raz/projects/manipulator-project/arduinobot_ws/install/arduinobot_bringup:/home/raz/projects/ros2_robotics_simulation/ros2_ws/install/my_robot_bringup:/home/raz/projects/ros2_robotics_simulation/ros2_ws/install/my_robot_description:/home/raz/projects/ros2_advanced_concepts/ros2_ws/install/challenge_py:/home/raz/projects/ros2_advanced_concepts/ros2_ws/install/actions_py:/home/raz/ros2_ws/install/centerofmass_detection:/home/raz/projects/manipulator-project/arduinobot_ws/install/arduinobot_py_examples:/opt/ros/humble /usr/local/bin/cmake --build /home/raz/projects/astroscale/ros2_ws/build/robot_controller -- -j12 -l12
[0.848s] Invoking command in '/home/raz/projects/astroscale/ros2_ws/build/robot_controller': CMAKE_PREFIX_PATH=/home/raz/projects/astroscale/ros2_ws/install/robot_description:/home/raz/projects/astroscale/ros2_ws/install/robot_bringup:/home/raz/projects/astroscale/ros2_ws/install/robot_services:/home/raz/projects/astroscale/ros2_ws/install/robot_remote:/home/raz/projects/astroscale/ros2_ws/install/robot_msgs:/home/raz/projects/astroscale/ros2_ws/install/robot_moveit:/home/raz/projects/astroscale/ros2_ws/install/robot_controller:/home/raz/projects/ros2_advanced_concepts/ros2_ws/install/challenge_cpp:/home/raz/projects/ros2_advanced_concepts/ros2_ws/install/actions_cpp:/home/raz/projects/ros2_advanced_concepts/ros2_ws/install/my_robot_interfaces:/home/raz/ros2_ws/install/manipulator_urdf:/home/raz/projects/manipulator-project/arduinobot_ws/install/arduinobot_utils:/home/raz/projects/manipulator-project/arduinobot_ws/install/arduinobot_remote:/home/raz/projects/manipulator-project/arduinobot_ws/install/arduinobot_cpp_examples:/home/raz/projects/manipulator-project/arduinobot_ws/install/arduinobot_msgs:/home/raz/projects/manipulator-project/arduinobot_ws/install/arduinobot_moveit:/home/raz/projects/manipulator-project/arduinobot_ws/install/arduinobot_firmware:/home/raz/projects/manipulator-project/arduinobot_ws/install/arduinobot_description:/home/raz/projects/manipulator-project/arduinobot_ws/install/arduinobot_controller:/home/raz/projects/manipulator-project/arduinobot_ws/install/arduinobot_bringup:/home/raz/projects/ros2_robotics_simulation/ros2_ws/install/my_robot_bringup:/home/raz/projects/ros2_robotics_simulation/ros2_ws/install/my_robot_description:/home/raz/projects/ros2_advanced_concepts/ros2_ws/install/challenge_py:/home/raz/projects/ros2_advanced_concepts/ros2_ws/install/actions_py:/home/raz/ros2_ws/install/centerofmass_detection:/home/raz/projects/manipulator-project/arduinobot_ws/install/arduinobot_py_examples:/opt/ros/humble /usr/local/bin/cmake --install /home/raz/projects/astroscale/ros2_ws/build/robot_controller
[0.849s] -- Install configuration: ""
[0.849s] -- Up-to-date: /home/raz/projects/astroscale/ros2_ws/install/robot_controller/share/robot_controller/environment/pythonpath.sh
[0.849s] -- Installing: /home/raz/projects/astroscale/ros2_ws/install/robot_controller/share/robot_controller/environment/pythonpath.dsv
[0.849s] -- Up-to-date: /home/raz/projects/astroscale/ros2_ws/install/robot_controller/local/lib/python3.10/dist-packages/robot_controller-0.0.0-py3.10.egg-info
[0.849s] -- Installing: /home/raz/projects/astroscale/ros2_ws/install/robot_controller/local/lib/python3.10/dist-packages/robot_controller-0.0.0-py3.10.egg-info/dependency_links.txt
[0.849s] -- Installing: /home/raz/projects/astroscale/ros2_ws/install/robot_controller/local/lib/python3.10/dist-packages/robot_controller-0.0.0-py3.10.egg-info/PKG-INFO
[0.849s] -- Installing: /home/raz/projects/astroscale/ros2_ws/install/robot_controller/local/lib/python3.10/dist-packages/robot_controller-0.0.0-py3.10.egg-info/SOURCES.txt
[0.849s] -- Installing: /home/raz/projects/astroscale/ros2_ws/install/robot_controller/local/lib/python3.10/dist-packages/robot_controller-0.0.0-py3.10.egg-info/top_level.txt
[0.849s] -- Up-to-date: /home/raz/projects/astroscale/ros2_ws/install/robot_controller/local/lib/python3.10/dist-packages/robot_controller
[0.850s] -- Up-to-date: /home/raz/projects/astroscale/ros2_ws/install/robot_controller/local/lib/python3.10/dist-packages/robot_controller/__init__.py
[0.850s] -- Installing: /home/raz/projects/astroscale/ros2_ws/install/robot_controller/local/lib/python3.10/dist-packages/robot_controller/slider_control.py
[0.879s] Listing '/home/raz/projects/astroscale/ros2_ws/install/robot_controller/local/lib/python3.10/dist-packages/robot_controller'...
[0.879s] Compiling '/home/raz/projects/astroscale/ros2_ws/install/robot_controller/local/lib/python3.10/dist-packages/robot_controller/slider_control.py'...
[0.882s] -- Up-to-date: /home/raz/projects/astroscale/ros2_ws/install/robot_controller/include/include
[0.883s] -- Up-to-date: /home/raz/projects/astroscale/ros2_ws/install/robot_controller/include/include/robot_controller
[0.883s] -- Up-to-date: /home/raz/projects/astroscale/ros2_ws/install/robot_controller/share/robot_controller/launch
[0.883s] -- Up-to-date: /home/raz/projects/astroscale/ros2_ws/install/robot_controller/share/robot_controller/launch/controller.launch.py
[0.883s] -- Installing: /home/raz/projects/astroscale/ros2_ws/install/robot_controller/share/robot_controller/launch/slider_controller.launch.py
[0.883s] -- Up-to-date: /home/raz/projects/astroscale/ros2_ws/install/robot_controller/share/robot_controller/config
[0.883s] -- Up-to-date: /home/raz/projects/astroscale/ros2_ws/install/robot_controller/share/robot_controller/config/robot_controllers.yaml
[0.883s] -- Installing: /home/raz/projects/astroscale/ros2_ws/install/robot_controller/lib/robot_controller/slider_control.py
[0.883s] -- Up-to-date: /home/raz/projects/astroscale/ros2_ws/install/robot_controller/share/robot_controller/environment/library_path.sh
[0.883s] -- Installing: /home/raz/projects/astroscale/ros2_ws/install/robot_controller/share/robot_controller/environment/library_path.dsv
[0.883s] -- Up-to-date: /home/raz/projects/astroscale/ros2_ws/install/robot_controller/share/ament_index/resource_index/package_run_dependencies/robot_controller
[0.883s] -- Up-to-date: /home/raz/projects/astroscale/ros2_ws/install/robot_controller/share/ament_index/resource_index/parent_prefix_path/robot_controller
[0.883s] -- Up-to-date: /home/raz/projects/astroscale/ros2_ws/install/robot_controller/share/robot_controller/environment/ament_prefix_path.sh
[0.883s] -- Installing: /home/raz/projects/astroscale/ros2_ws/install/robot_controller/share/robot_controller/environment/ament_prefix_path.dsv
[0.883s] -- Up-to-date: /home/raz/projects/astroscale/ros2_ws/install/robot_controller/share/robot_controller/environment/path.sh
[0.883s] -- Installing: /home/raz/projects/astroscale/ros2_ws/install/robot_controller/share/robot_controller/environment/path.dsv
[0.883s] -- Up-to-date: /home/raz/projects/astroscale/ros2_ws/install/robot_controller/share/robot_controller/local_setup.bash
[0.884s] -- Up-to-date: /home/raz/projects/astroscale/ros2_ws/install/robot_controller/share/robot_controller/local_setup.sh
[0.884s] -- Up-to-date: /home/raz/projects/astroscale/ros2_ws/install/robot_controller/share/robot_controller/local_setup.zsh
[0.884s] -- Installing: /home/raz/projects/astroscale/ros2_ws/install/robot_controller/share/robot_controller/local_setup.dsv
[0.884s] -- Installing: /home/raz/projects/astroscale/ros2_ws/install/robot_controller/share/robot_controller/package.dsv
[0.884s] -- Up-to-date: /home/raz/projects/astroscale/ros2_ws/install/robot_controller/share/ament_index/resource_index/packages/robot_controller
[0.884s] -- Up-to-date: /home/raz/projects/astroscale/ros2_ws/install/robot_controller/share/robot_controller/cmake/ament_cmake_export_include_directories-extras.cmake
[0.884s] -- Up-to-date: /home/raz/projects/astroscale/ros2_ws/install/robot_controller/share/robot_controller/cmake/ament_cmake_export_libraries-extras.cmake
[0.884s] -- Up-to-date: /home/raz/projects/astroscale/ros2_ws/install/robot_controller/share/robot_controller/cmake/robot_controllerConfig.cmake
[0.884s] -- Up-to-date: /home/raz/projects/astroscale/ros2_ws/install/robot_controller/share/robot_controller/cmake/robot_controllerConfig-version.cmake
[0.884s] -- Up-to-date: /home/raz/projects/astroscale/ros2_ws/install/robot_controller/share/robot_controller/package.xml
[0.885s] Invoked command in '/home/raz/projects/astroscale/ros2_ws/build/robot_controller' returned '0': CMAKE_PREFIX_PATH=/home/raz/projects/astroscale/ros2_ws/install/robot_description:/home/raz/projects/astroscale/ros2_ws/install/robot_bringup:/home/raz/projects/astroscale/ros2_ws/install/robot_services:/home/raz/projects/astroscale/ros2_ws/install/robot_remote:/home/raz/projects/astroscale/ros2_ws/install/robot_msgs:/home/raz/projects/astroscale/ros2_ws/install/robot_moveit:/home/raz/projects/astroscale/ros2_ws/install/robot_controller:/home/raz/projects/ros2_advanced_concepts/ros2_ws/install/challenge_cpp:/home/raz/projects/ros2_advanced_concepts/ros2_ws/install/actions_cpp:/home/raz/projects/ros2_advanced_concepts/ros2_ws/install/my_robot_interfaces:/home/raz/ros2_ws/install/manipulator_urdf:/home/raz/projects/manipulator-project/arduinobot_ws/install/arduinobot_utils:/home/raz/projects/manipulator-project/arduinobot_ws/install/arduinobot_remote:/home/raz/projects/manipulator-project/arduinobot_ws/install/arduinobot_cpp_examples:/home/raz/projects/manipulator-project/arduinobot_ws/install/arduinobot_msgs:/home/raz/projects/manipulator-project/arduinobot_ws/install/arduinobot_moveit:/home/raz/projects/manipulator-project/arduinobot_ws/install/arduinobot_firmware:/home/raz/projects/manipulator-project/arduinobot_ws/install/arduinobot_description:/home/raz/projects/manipulator-project/arduinobot_ws/install/arduinobot_controller:/home/raz/projects/manipulator-project/arduinobot_ws/install/arduinobot_bringup:/home/raz/projects/ros2_robotics_simulation/ros2_ws/install/my_robot_bringup:/home/raz/projects/ros2_robotics_simulation/ros2_ws/install/my_robot_description:/home/raz/projects/ros2_advanced_concepts/ros2_ws/install/challenge_py:/home/raz/projects/ros2_advanced_concepts/ros2_ws/install/actions_py:/home/raz/ros2_ws/install/centerofmass_detection:/home/raz/projects/manipulator-project/arduinobot_ws/install/arduinobot_py_examples:/opt/ros/humble /usr/local/bin/cmake --install /home/raz/projects/astroscale/ros2_ws/build/robot_controller
