-- Found ament_cmake: 1.3.11 (/opt/ros/humble/share/ament_cmake/cmake)
-- Override CMake install command with custom implementation using symlinks instead of copying resources
-- Found rclcpp: 16.0.11 (/opt/ros/humble/share/rclcpp/cmake)
-- Found rosidl_generator_c: 3.1.6 (/opt/ros/humble/share/rosidl_generator_c/cmake)
-- Found rosidl_adapter: 3.1.6 (/opt/ros/humble/share/rosidl_adapter/cmake)
-- Found rosidl_generator_cpp: 3.1.6 (/opt/ros/humble/share/rosidl_generator_cpp/cmake)
-- Using all available rosidl_typesupport_c: rosidl_typesupport_fastrtps_c;rosidl_typesupport_introspection_c
-- Using all available rosidl_typesupport_cpp: rosidl_typesupport_fastrtps_cpp;rosidl_typesupport_introspection_cpp
-- Found rmw_implementation_cmake: 6.1.2 (/opt/ros/humble/share/rmw_implementation_cmake/cmake)
-- Found rmw_cyclonedds_cpp: 1.3.4 (/opt/ros/humble/share/rmw_cyclonedds_cpp/cmake)
-- Using RMW implementation 'rmw_cyclonedds_cpp' as default
-- Found robot_msgs: 0.0.0 (/home/raz/projects/astroscale/ros2_ws/install/robot_msgs/share/robot_msgs/cmake)
-- Found moveit_core: 2.5.7 (/opt/ros/humble/share/moveit_core/cmake)
-- Found Boost: /usr/lib/x86_64-linux-gnu/cmake/Boost-1.74.0/BoostConfig.cmake (found version "1.74.0") found components: chrono date_time filesystem iostreams program_options regex serialization system thread 
-- Found parameter_traits: 0.4.0 (/opt/ros/humble/share/parameter_traits/cmake)
-- Found rclcpp_lifecycle: 16.0.11 (/opt/ros/humble/share/rclcpp_lifecycle/cmake)
-- Found Boost: /usr/lib/x86_64-linux-gnu/cmake/Boost-1.74.0/BoostConfig.cmake (found version "1.74.0") found components: filesystem 
-- library: /usr/lib/x86_64-linux-gnu/libcurl.so
-- Ensuring Eigen3 include directory is part of orocos-kdl CMake target
-- Found moveit_ros_planning_interface: 2.5.7 (/opt/ros/humble/share/moveit_ros_planning_interface/cmake)
-- Found Boost: /usr/lib/x86_64-linux-gnu/cmake/Boost-1.74.0/BoostConfig.cmake (found version "1.74.0") found components: date_time filesystem program_options system thread 
-- Found Boost: /usr/lib/x86_64-linux-gnu/cmake/Boost-1.74.0/BoostConfig.cmake (found version "1.74.0") found components: system filesystem date_time program_options thread chrono 
-- Found Boost: /usr/lib/x86_64-linux-gnu/cmake/Boost-1.74.0/BoostConfig.cmake (found version "1.74.0") found components: thread system filesystem regex date_time program_options 
-- Found Boost: /usr/lib/x86_64-linux-gnu/cmake/Boost-1.74.0/BoostConfig.cmake (found version "1.74.0") found components: system filesystem date_time program_options thread 
-- Found ament_lint_auto: 0.12.11 (/opt/ros/humble/share/ament_lint_auto/cmake)
-- Added test 'copyright' to check source files copyright and LICENSE
-- Added test 'cppcheck' to perform static code analysis on C / C++ code
-- Configured cppcheck include dirs: 
-- Configured cppcheck exclude dirs and/or files: 
-- Added test 'lint_cmake' to check CMake code style
-- Added test 'uncrustify' to check C / C++ code style
-- Configured uncrustify additional arguments: 
-- Added test 'xmllint' to check XML markup files
-- Configuring done (1.1s)
-- Generating done (0.0s)
-- Build files have been written to: /home/raz/projects/astroscale/ros2_ws/build/robot_services
[ 50%] Built target move_service_client
[100%] Built target move_service_server
-- Install configuration: ""
-- Execute custom install script
-- Up-to-date symlink: /home/raz/projects/astroscale/ros2_ws/install/robot_services/lib/robot_services/move_service_server
-- Up-to-date symlink: /home/raz/projects/astroscale/ros2_ws/install/robot_services/lib/robot_services/move_service_client
-- Up-to-date symlink: /home/raz/projects/astroscale/ros2_ws/install/robot_services/share/ament_index/resource_index/package_run_dependencies/robot_services
-- Up-to-date symlink: /home/raz/projects/astroscale/ros2_ws/install/robot_services/share/ament_index/resource_index/parent_prefix_path/robot_services
-- Up-to-date symlink: /home/raz/projects/astroscale/ros2_ws/install/robot_services/share/robot_services/environment/ament_prefix_path.sh
-- Up-to-date symlink: /home/raz/projects/astroscale/ros2_ws/install/robot_services/share/robot_services/environment/ament_prefix_path.dsv
-- Up-to-date symlink: /home/raz/projects/astroscale/ros2_ws/install/robot_services/share/robot_services/environment/path.sh
-- Up-to-date symlink: /home/raz/projects/astroscale/ros2_ws/install/robot_services/share/robot_services/environment/path.dsv
-- Up-to-date symlink: /home/raz/projects/astroscale/ros2_ws/install/robot_services/share/robot_services/local_setup.bash
-- Up-to-date symlink: /home/raz/projects/astroscale/ros2_ws/install/robot_services/share/robot_services/local_setup.sh
-- Up-to-date symlink: /home/raz/projects/astroscale/ros2_ws/install/robot_services/share/robot_services/local_setup.zsh
-- Up-to-date symlink: /home/raz/projects/astroscale/ros2_ws/install/robot_services/share/robot_services/local_setup.dsv
-- Symlinking: /home/raz/projects/astroscale/ros2_ws/install/robot_services/share/robot_services/package.dsv
-- Up-to-date symlink: /home/raz/projects/astroscale/ros2_ws/install/robot_services/share/ament_index/resource_index/packages/robot_services
-- Up-to-date symlink: /home/raz/projects/astroscale/ros2_ws/install/robot_services/share/robot_services/cmake/robot_servicesConfig.cmake
-- Up-to-date symlink: /home/raz/projects/astroscale/ros2_ws/install/robot_services/share/robot_services/cmake/robot_servicesConfig-version.cmake
-- Up-to-date symlink: /home/raz/projects/astroscale/ros2_ws/install/robot_services/share/robot_services/package.xml
