[0.011s] Invoking command in '/home/raz/projects/astroscale/ros2_ws/build/robot_controller': CMAKE_PREFIX_PATH=/home/raz/projects/astroscale/ros2_ws/install/robot_description:/home/raz/projects/astroscale/ros2_ws/install/robot_bringup:/home/raz/projects/astroscale/ros2_ws/install/robot_services:/home/raz/projects/astroscale/ros2_ws/install/robot_remote:/home/raz/projects/astroscale/ros2_ws/install/robot_msgs:/home/raz/projects/astroscale/ros2_ws/install/robot_moveit:/home/raz/projects/astroscale/ros2_ws/install/robot_controller:/home/raz/projects/ros2_advanced_concepts/ros2_ws/install/challenge_cpp:/home/raz/projects/ros2_advanced_concepts/ros2_ws/install/actions_cpp:/home/raz/projects/ros2_advanced_concepts/ros2_ws/install/my_robot_interfaces:/home/raz/ros2_ws/install/manipulator_urdf:/home/raz/projects/manipulator-project/arduinobot_ws/install/arduinobot_utils:/home/raz/projects/manipulator-project/arduinobot_ws/install/arduinobot_remote:/home/raz/projects/manipulator-project/arduinobot_ws/install/arduinobot_cpp_examples:/home/raz/projects/manipulator-project/arduinobot_ws/install/arduinobot_msgs:/home/raz/projects/manipulator-project/arduinobot_ws/install/arduinobot_moveit:/home/raz/projects/manipulator-project/arduinobot_ws/install/arduinobot_firmware:/home/raz/projects/manipulator-project/arduinobot_ws/install/arduinobot_description:/home/raz/projects/manipulator-project/arduinobot_ws/install/arduinobot_controller:/home/raz/projects/manipulator-project/arduinobot_ws/install/arduinobot_bringup:/home/raz/projects/ros2_robotics_simulation/ros2_ws/install/my_robot_bringup:/home/raz/projects/ros2_robotics_simulation/ros2_ws/install/my_robot_description:/home/raz/projects/ros2_advanced_concepts/ros2_ws/install/challenge_py:/home/raz/projects/ros2_advanced_concepts/ros2_ws/install/actions_py:/home/raz/ros2_ws/install/centerofmass_detection:/home/raz/projects/manipulator-project/arduinobot_ws/install/arduinobot_py_examples:/opt/ros/humble /usr/local/bin/cmake --build /home/raz/projects/astroscale/ros2_ws/build/robot_controller -- -j12 -l12
[0.026s] [  0%] Built target ament_cmake_python_copy_robot_controller
[0.031s] [100%] Built target slider_control
[0.212s] running egg_info
[0.231s] writing robot_controller.egg-info/PKG-INFO
[0.231s] writing dependency_links to robot_controller.egg-info/dependency_links.txt
[0.231s] writing top-level names to robot_controller.egg-info/top_level.txt
[0.284s] reading manifest file 'robot_controller.egg-info/SOURCES.txt'
[0.285s] writing manifest file 'robot_controller.egg-info/SOURCES.txt'
[0.298s] [100%] Built target ament_cmake_python_build_robot_controller_egg
[0.301s] Invoked command in '/home/raz/projects/astroscale/ros2_ws/build/robot_controller' returned '0': CMAKE_PREFIX_PATH=/home/raz/projects/astroscale/ros2_ws/install/robot_description:/home/raz/projects/astroscale/ros2_ws/install/robot_bringup:/home/raz/projects/astroscale/ros2_ws/install/robot_services:/home/raz/projects/astroscale/ros2_ws/install/robot_remote:/home/raz/projects/astroscale/ros2_ws/install/robot_msgs:/home/raz/projects/astroscale/ros2_ws/install/robot_moveit:/home/raz/projects/astroscale/ros2_ws/install/robot_controller:/home/raz/projects/ros2_advanced_concepts/ros2_ws/install/challenge_cpp:/home/raz/projects/ros2_advanced_concepts/ros2_ws/install/actions_cpp:/home/raz/projects/ros2_advanced_concepts/ros2_ws/install/my_robot_interfaces:/home/raz/ros2_ws/install/manipulator_urdf:/home/raz/projects/manipulator-project/arduinobot_ws/install/arduinobot_utils:/home/raz/projects/manipulator-project/arduinobot_ws/install/arduinobot_remote:/home/raz/projects/manipulator-project/arduinobot_ws/install/arduinobot_cpp_examples:/home/raz/projects/manipulator-project/arduinobot_ws/install/arduinobot_msgs:/home/raz/projects/manipulator-project/arduinobot_ws/install/arduinobot_moveit:/home/raz/projects/manipulator-project/arduinobot_ws/install/arduinobot_firmware:/home/raz/projects/manipulator-project/arduinobot_ws/install/arduinobot_description:/home/raz/projects/manipulator-project/arduinobot_ws/install/arduinobot_controller:/home/raz/projects/manipulator-project/arduinobot_ws/install/arduinobot_bringup:/home/raz/projects/ros2_robotics_simulation/ros2_ws/install/my_robot_bringup:/home/raz/projects/ros2_robotics_simulation/ros2_ws/install/my_robot_description:/home/raz/projects/ros2_advanced_concepts/ros2_ws/install/challenge_py:/home/raz/projects/ros2_advanced_concepts/ros2_ws/install/actions_py:/home/raz/ros2_ws/install/centerofmass_detection:/home/raz/projects/manipulator-project/arduinobot_ws/install/arduinobot_py_examples:/opt/ros/humble /usr/local/bin/cmake --build /home/raz/projects/astroscale/ros2_ws/build/robot_controller -- -j12 -l12
[0.304s] Invoking command in '/home/raz/projects/astroscale/ros2_ws/build/robot_controller': CMAKE_PREFIX_PATH=/home/raz/projects/astroscale/ros2_ws/install/robot_description:/home/raz/projects/astroscale/ros2_ws/install/robot_bringup:/home/raz/projects/astroscale/ros2_ws/install/robot_services:/home/raz/projects/astroscale/ros2_ws/install/robot_remote:/home/raz/projects/astroscale/ros2_ws/install/robot_msgs:/home/raz/projects/astroscale/ros2_ws/install/robot_moveit:/home/raz/projects/astroscale/ros2_ws/install/robot_controller:/home/raz/projects/ros2_advanced_concepts/ros2_ws/install/challenge_cpp:/home/raz/projects/ros2_advanced_concepts/ros2_ws/install/actions_cpp:/home/raz/projects/ros2_advanced_concepts/ros2_ws/install/my_robot_interfaces:/home/raz/ros2_ws/install/manipulator_urdf:/home/raz/projects/manipulator-project/arduinobot_ws/install/arduinobot_utils:/home/raz/projects/manipulator-project/arduinobot_ws/install/arduinobot_remote:/home/raz/projects/manipulator-project/arduinobot_ws/install/arduinobot_cpp_examples:/home/raz/projects/manipulator-project/arduinobot_ws/install/arduinobot_msgs:/home/raz/projects/manipulator-project/arduinobot_ws/install/arduinobot_moveit:/home/raz/projects/manipulator-project/arduinobot_ws/install/arduinobot_firmware:/home/raz/projects/manipulator-project/arduinobot_ws/install/arduinobot_description:/home/raz/projects/manipulator-project/arduinobot_ws/install/arduinobot_controller:/home/raz/projects/manipulator-project/arduinobot_ws/install/arduinobot_bringup:/home/raz/projects/ros2_robotics_simulation/ros2_ws/install/my_robot_bringup:/home/raz/projects/ros2_robotics_simulation/ros2_ws/install/my_robot_description:/home/raz/projects/ros2_advanced_concepts/ros2_ws/install/challenge_py:/home/raz/projects/ros2_advanced_concepts/ros2_ws/install/actions_py:/home/raz/ros2_ws/install/centerofmass_detection:/home/raz/projects/manipulator-project/arduinobot_ws/install/arduinobot_py_examples:/opt/ros/humble /usr/local/bin/cmake --install /home/raz/projects/astroscale/ros2_ws/build/robot_controller
[0.305s] -- Install configuration: ""
[0.305s] -- Up-to-date: /home/raz/projects/astroscale/ros2_ws/install/robot_controller/share/robot_controller/environment/pythonpath.sh
[0.305s] -- Up-to-date: /home/raz/projects/astroscale/ros2_ws/install/robot_controller/share/robot_controller/environment/pythonpath.dsv
[0.305s] -- Up-to-date: /home/raz/projects/astroscale/ros2_ws/install/robot_controller/local/lib/python3.10/dist-packages/robot_controller-0.0.0-py3.10.egg-info
[0.305s] -- Installing: /home/raz/projects/astroscale/ros2_ws/install/robot_controller/local/lib/python3.10/dist-packages/robot_controller-0.0.0-py3.10.egg-info/dependency_links.txt
[0.305s] -- Installing: /home/raz/projects/astroscale/ros2_ws/install/robot_controller/local/lib/python3.10/dist-packages/robot_controller-0.0.0-py3.10.egg-info/PKG-INFO
[0.305s] -- Installing: /home/raz/projects/astroscale/ros2_ws/install/robot_controller/local/lib/python3.10/dist-packages/robot_controller-0.0.0-py3.10.egg-info/SOURCES.txt
[0.305s] -- Installing: /home/raz/projects/astroscale/ros2_ws/install/robot_controller/local/lib/python3.10/dist-packages/robot_controller-0.0.0-py3.10.egg-info/top_level.txt
[0.305s] -- Up-to-date: /home/raz/projects/astroscale/ros2_ws/install/robot_controller/local/lib/python3.10/dist-packages/robot_controller
[0.305s] -- Up-to-date: /home/raz/projects/astroscale/ros2_ws/install/robot_controller/local/lib/python3.10/dist-packages/robot_controller/__init__.py
[0.305s] -- Up-to-date: /home/raz/projects/astroscale/ros2_ws/install/robot_controller/local/lib/python3.10/dist-packages/robot_controller/slider_control.py
[0.333s] Listing '/home/raz/projects/astroscale/ros2_ws/install/robot_controller/local/lib/python3.10/dist-packages/robot_controller'...
[0.337s] -- Up-to-date: /home/raz/projects/astroscale/ros2_ws/install/robot_controller/lib/robot_controller/slider_control
[0.337s] -- Up-to-date: /home/raz/projects/astroscale/ros2_ws/install/robot_controller/include/include
[0.337s] -- Up-to-date: /home/raz/projects/astroscale/ros2_ws/install/robot_controller/include/include/robot_controller
[0.337s] -- Up-to-date: /home/raz/projects/astroscale/ros2_ws/install/robot_controller/share/robot_controller/launch
[0.337s] -- Up-to-date: /home/raz/projects/astroscale/ros2_ws/install/robot_controller/share/robot_controller/launch/controller.launch.py
[0.337s] -- Up-to-date: /home/raz/projects/astroscale/ros2_ws/install/robot_controller/share/robot_controller/launch/slider_controller.launch.py
[0.337s] -- Up-to-date: /home/raz/projects/astroscale/ros2_ws/install/robot_controller/share/robot_controller/config
[0.337s] -- Up-to-date: /home/raz/projects/astroscale/ros2_ws/install/robot_controller/share/robot_controller/config/robot_controllers.yaml
[0.337s] -- Up-to-date: /home/raz/projects/astroscale/ros2_ws/install/robot_controller/lib/robot_controller/slider_control.py
[0.337s] -- Up-to-date: /home/raz/projects/astroscale/ros2_ws/install/robot_controller/share/robot_controller/environment/library_path.sh
[0.337s] -- Up-to-date: /home/raz/projects/astroscale/ros2_ws/install/robot_controller/share/robot_controller/environment/library_path.dsv
[0.338s] -- Up-to-date: /home/raz/projects/astroscale/ros2_ws/install/robot_controller/share/ament_index/resource_index/package_run_dependencies/robot_controller
[0.338s] -- Up-to-date: /home/raz/projects/astroscale/ros2_ws/install/robot_controller/share/ament_index/resource_index/parent_prefix_path/robot_controller
[0.338s] -- Up-to-date: /home/raz/projects/astroscale/ros2_ws/install/robot_controller/share/robot_controller/environment/ament_prefix_path.sh
[0.338s] -- Up-to-date: /home/raz/projects/astroscale/ros2_ws/install/robot_controller/share/robot_controller/environment/ament_prefix_path.dsv
[0.338s] -- Up-to-date: /home/raz/projects/astroscale/ros2_ws/install/robot_controller/share/robot_controller/environment/path.sh
[0.338s] -- Up-to-date: /home/raz/projects/astroscale/ros2_ws/install/robot_controller/share/robot_controller/environment/path.dsv
[0.338s] -- Up-to-date: /home/raz/projects/astroscale/ros2_ws/install/robot_controller/share/robot_controller/local_setup.bash
[0.338s] -- Up-to-date: /home/raz/projects/astroscale/ros2_ws/install/robot_controller/share/robot_controller/local_setup.sh
[0.338s] -- Up-to-date: /home/raz/projects/astroscale/ros2_ws/install/robot_controller/share/robot_controller/local_setup.zsh
[0.338s] -- Up-to-date: /home/raz/projects/astroscale/ros2_ws/install/robot_controller/share/robot_controller/local_setup.dsv
[0.338s] -- Installing: /home/raz/projects/astroscale/ros2_ws/install/robot_controller/share/robot_controller/package.dsv
[0.338s] -- Up-to-date: /home/raz/projects/astroscale/ros2_ws/install/robot_controller/share/ament_index/resource_index/packages/robot_controller
[0.338s] -- Up-to-date: /home/raz/projects/astroscale/ros2_ws/install/robot_controller/share/robot_controller/cmake/ament_cmake_export_include_directories-extras.cmake
[0.338s] -- Up-to-date: /home/raz/projects/astroscale/ros2_ws/install/robot_controller/share/robot_controller/cmake/ament_cmake_export_libraries-extras.cmake
[0.338s] -- Up-to-date: /home/raz/projects/astroscale/ros2_ws/install/robot_controller/share/robot_controller/cmake/robot_controllerConfig.cmake
[0.338s] -- Up-to-date: /home/raz/projects/astroscale/ros2_ws/install/robot_controller/share/robot_controller/cmake/robot_controllerConfig-version.cmake
[0.338s] -- Up-to-date: /home/raz/projects/astroscale/ros2_ws/install/robot_controller/share/robot_controller/package.xml
[0.339s] Invoked command in '/home/raz/projects/astroscale/ros2_ws/build/robot_controller' returned '0': CMAKE_PREFIX_PATH=/home/raz/projects/astroscale/ros2_ws/install/robot_description:/home/raz/projects/astroscale/ros2_ws/install/robot_bringup:/home/raz/projects/astroscale/ros2_ws/install/robot_services:/home/raz/projects/astroscale/ros2_ws/install/robot_remote:/home/raz/projects/astroscale/ros2_ws/install/robot_msgs:/home/raz/projects/astroscale/ros2_ws/install/robot_moveit:/home/raz/projects/astroscale/ros2_ws/install/robot_controller:/home/raz/projects/ros2_advanced_concepts/ros2_ws/install/challenge_cpp:/home/raz/projects/ros2_advanced_concepts/ros2_ws/install/actions_cpp:/home/raz/projects/ros2_advanced_concepts/ros2_ws/install/my_robot_interfaces:/home/raz/ros2_ws/install/manipulator_urdf:/home/raz/projects/manipulator-project/arduinobot_ws/install/arduinobot_utils:/home/raz/projects/manipulator-project/arduinobot_ws/install/arduinobot_remote:/home/raz/projects/manipulator-project/arduinobot_ws/install/arduinobot_cpp_examples:/home/raz/projects/manipulator-project/arduinobot_ws/install/arduinobot_msgs:/home/raz/projects/manipulator-project/arduinobot_ws/install/arduinobot_moveit:/home/raz/projects/manipulator-project/arduinobot_ws/install/arduinobot_firmware:/home/raz/projects/manipulator-project/arduinobot_ws/install/arduinobot_description:/home/raz/projects/manipulator-project/arduinobot_ws/install/arduinobot_controller:/home/raz/projects/manipulator-project/arduinobot_ws/install/arduinobot_bringup:/home/raz/projects/ros2_robotics_simulation/ros2_ws/install/my_robot_bringup:/home/raz/projects/ros2_robotics_simulation/ros2_ws/install/my_robot_description:/home/raz/projects/ros2_advanced_concepts/ros2_ws/install/challenge_py:/home/raz/projects/ros2_advanced_concepts/ros2_ws/install/actions_py:/home/raz/ros2_ws/install/centerofmass_detection:/home/raz/projects/manipulator-project/arduinobot_ws/install/arduinobot_py_examples:/opt/ros/humble /usr/local/bin/cmake --install /home/raz/projects/astroscale/ros2_ws/build/robot_controller
