[0.139s] Invoking command in '/home/raz/projects/astroscale/ros2_ws/build/robot_msgs': CMAKE_PREFIX_PATH=${CMAKE_PREFIX_PATH}:/home/raz/projects/ros2_advanced_concepts/ros2_ws/install/challenge_py:/home/raz/projects/ros2_advanced_concepts/ros2_ws/install/actions_py:/home/raz/ros2_ws/install/centerofmass_detection:/home/raz/projects/manipulator-project/arduinobot_ws/install/arduinobot_py_examples:/opt/ros/humble /usr/local/bin/cmake --build /home/raz/projects/astroscale/ros2_ws/build/robot_msgs -- -j12 -l12
[1.213s] -- Found ament_cmake: 1.3.11 (/opt/ros/humble/share/ament_cmake/cmake)
[2.321s] -- Override CMake install command with custom implementation using symlinks instead of copying resources
[3.293s] -- Found std_msgs: 4.2.4 (/opt/ros/humble/share/std_msgs/cmake)
[3.984s] -- Found rosidl_generator_c: 3.1.6 (/opt/ros/humble/share/rosidl_generator_c/cmake)
[4.022s] -- Found rosidl_adapter: 3.1.6 (/opt/ros/humble/share/rosidl_adapter/cmake)
[4.077s] -- Found rosidl_generator_cpp: 3.1.6 (/opt/ros/humble/share/rosidl_generator_cpp/cmake)
[4.184s] -- Using all available rosidl_typesupport_c: rosidl_typesupport_fastrtps_c;rosidl_typesupport_introspection_c
[4.450s] -- Using all available rosidl_typesupport_cpp: rosidl_typesupport_fastrtps_cpp;rosidl_typesupport_introspection_cpp
[4.554s] -- Found rosidl_default_generators: 1.2.0 (/opt/ros/humble/share/rosidl_default_generators/cmake)
[5.225s] -- Found ament_cmake_ros: 0.10.0 (/opt/ros/humble/share/ament_cmake_ros/cmake)
[6.083s] -- Using all available rosidl_typesupport_c: rosidl_typesupport_fastrtps_c;rosidl_typesupport_introspection_c
[6.418s] -- Using all available rosidl_typesupport_cpp: rosidl_typesupport_fastrtps_cpp;rosidl_typesupport_introspection_cpp
[6.435s] [33mCMake Warning (dev) at /opt/ros/humble/share/rosidl_generator_py/cmake/rosidl_generator_py_generate_interfaces.cmake:20 (find_package):
[6.435s]   Policy CMP0148 is not set: The FindPythonInterp and FindPythonLibs modules
[6.436s]   are removed.  Run "cmake --help-policy CMP0148" for policy details.  Use
[6.436s]   the cmake_policy command to set the policy and suppress this warning.
[6.436s] 
[6.436s] Call Stack (most recent call first):
[6.436s]   /opt/ros/humble/share/ament_cmake_core/cmake/core/ament_execute_extensions.cmake:48 (include)
[6.436s]   /opt/ros/humble/share/rosidl_cmake/cmake/rosidl_generate_interfaces.cmake:286 (ament_execute_extensions)
[6.436s]   CMakeLists.txt:13 (rosidl_generate_interfaces)
[6.436s] This warning is for project developers.  Use -Wno-dev to suppress it.
[6.436s] [0m
[6.505s] -- Found python_cmake_module: 0.10.0 (/opt/ros/humble/share/python_cmake_module/cmake)
[6.517s] [33mCMake Warning (dev) at /opt/ros/humble/share/python_cmake_module/cmake/Modules/FindPythonExtra.cmake:52 (find_package):
[6.518s]   Policy CMP0148 is not set: The FindPythonInterp and FindPythonLibs modules
[6.518s]   are removed.  Run "cmake --help-policy CMP0148" for policy details.  Use
[6.518s]   the cmake_policy command to set the policy and suppress this warning.
[6.518s] 
[6.519s] Call Stack (most recent call first):
[6.519s]   /opt/ros/humble/share/rosidl_generator_py/cmake/rosidl_generator_py_generate_interfaces.cmake:23 (find_package)
[6.519s]   /opt/ros/humble/share/ament_cmake_core/cmake/core/ament_execute_extensions.cmake:48 (include)
[6.519s]   /opt/ros/humble/share/rosidl_cmake/cmake/rosidl_generate_interfaces.cmake:286 (ament_execute_extensions)
[6.520s]   CMakeLists.txt:13 (rosidl_generate_interfaces)
[6.520s] This warning is for project developers.  Use -Wno-dev to suppress it.
[6.520s] [0m
[6.573s] [33mCMake Warning (dev) at /opt/ros/humble/share/python_cmake_module/cmake/Modules/FindPythonExtra.cmake:140 (find_package):
[6.573s]   Policy CMP0148 is not set: The FindPythonInterp and FindPythonLibs modules
[6.574s]   are removed.  Run "cmake --help-policy CMP0148" for policy details.  Use
[6.574s]   the cmake_policy command to set the policy and suppress this warning.
[6.574s] 
[6.574s] Call Stack (most recent call first):
[6.574s]   /opt/ros/humble/share/rosidl_generator_py/cmake/rosidl_generator_py_generate_interfaces.cmake:23 (find_package)
[6.574s]   /opt/ros/humble/share/ament_cmake_core/cmake/core/ament_execute_extensions.cmake:48 (include)
[6.574s]   /opt/ros/humble/share/rosidl_cmake/cmake/rosidl_generate_interfaces.cmake:286 (ament_execute_extensions)
[6.574s]   CMakeLists.txt:13 (rosidl_generate_interfaces)
[6.574s] This warning is for project developers.  Use -Wno-dev to suppress it.
[6.574s] [0m
[6.623s] -- Using PYTHON_EXECUTABLE: /usr/bin/python3
[6.623s] -- Using PYTHON_INCLUDE_DIRS: /usr/include/python3.10
[6.623s] -- Using PYTHON_LIBRARIES: /usr/lib/x86_64-linux-gnu/libpython3.10.so
[6.769s] -- Found ament_lint_auto: 0.12.11 (/opt/ros/humble/share/ament_lint_auto/cmake)
[7.038s] -- Added test 'lint_cmake' to check CMake code style
[7.043s] -- Added test 'xmllint' to check XML markup files
[7.084s] -- Configuring done (6.3s)
[7.297s] -- Generating done (0.2s)
[7.306s] -- Build files have been written to: /home/raz/projects/astroscale/ros2_ws/build/robot_msgs
[7.320s] [  3%] Built target robot_msgs__cpp
[7.348s] [ 12%] Built target robot_msgs__rosidl_generator_c
[7.349s] [ 22%] Built target robot_msgs__rosidl_typesupport_cpp
[7.349s] [ 32%] Built target robot_msgs__rosidl_typesupport_introspection_cpp
[7.349s] [ 41%] Built target robot_msgs__rosidl_typesupport_fastrtps_cpp
[7.350s] [ 41%] Built target ament_cmake_python_symlink_robot_msgs
[7.354s] [ 51%] Built target robot_msgs__rosidl_typesupport_introspection_c
[7.354s] [ 61%] Built target robot_msgs__rosidl_typesupport_c
[7.355s] [ 70%] Built target robot_msgs__rosidl_typesupport_fastrtps_c
[7.400s] [ 70%] Built target robot_msgs
[7.406s] [ 74%] Built target robot_msgs__py
[7.450s] [ 80%] Built target robot_msgs__rosidl_generator_py
[7.457s] [ 87%] Built target robot_msgs__rosidl_typesupport_fastrtps_c__pyext
[7.457s] [ 93%] Built target robot_msgs__rosidl_typesupport_introspection_c__pyext
[7.457s] [100%] Built target robot_msgs__rosidl_typesupport_c__pyext
[7.604s] running egg_info
[7.629s] writing robot_msgs.egg-info/PKG-INFO
[7.629s] writing dependency_links to robot_msgs.egg-info/dependency_links.txt
[7.630s] writing top-level names to robot_msgs.egg-info/top_level.txt
[7.686s] reading manifest file 'robot_msgs.egg-info/SOURCES.txt'
[7.703s] writing manifest file 'robot_msgs.egg-info/SOURCES.txt'
[7.716s] [100%] Built target ament_cmake_python_build_robot_msgs_egg
[7.719s] Invoked command in '/home/raz/projects/astroscale/ros2_ws/build/robot_msgs' returned '0': CMAKE_PREFIX_PATH=${CMAKE_PREFIX_PATH}:/home/raz/projects/ros2_advanced_concepts/ros2_ws/install/challenge_py:/home/raz/projects/ros2_advanced_concepts/ros2_ws/install/actions_py:/home/raz/ros2_ws/install/centerofmass_detection:/home/raz/projects/manipulator-project/arduinobot_ws/install/arduinobot_py_examples:/opt/ros/humble /usr/local/bin/cmake --build /home/raz/projects/astroscale/ros2_ws/build/robot_msgs -- -j12 -l12
[7.755s] Invoking command in '/home/raz/projects/astroscale/ros2_ws/build/robot_msgs': CMAKE_PREFIX_PATH=${CMAKE_PREFIX_PATH}:/home/raz/projects/ros2_advanced_concepts/ros2_ws/install/challenge_py:/home/raz/projects/ros2_advanced_concepts/ros2_ws/install/actions_py:/home/raz/ros2_ws/install/centerofmass_detection:/home/raz/projects/manipulator-project/arduinobot_ws/install/arduinobot_py_examples:/opt/ros/humble /usr/local/bin/cmake --install /home/raz/projects/astroscale/ros2_ws/build/robot_msgs
[7.758s] -- Install configuration: ""
[7.758s] -- Execute custom install script
[7.758s] -- Up-to-date symlink: /home/raz/projects/astroscale/ros2_ws/install/robot_msgs/share/ament_index/resource_index/rosidl_interfaces/robot_msgs
[7.759s] -- Up-to-date symlink: /home/raz/projects/astroscale/ros2_ws/install/robot_msgs/include/robot_msgs/robot_msgs/msg/rosidl_generator_c__visibility_control.h
[7.759s] -- Up-to-date symlink: /home/raz/projects/astroscale/ros2_ws/install/robot_msgs/include/robot_msgs/robot_msgs/srv/detail/move_to_position__functions.h
[7.759s] -- Up-to-date symlink: /home/raz/projects/astroscale/ros2_ws/install/robot_msgs/include/robot_msgs/robot_msgs/srv/detail/move_to_position__struct.h
[7.759s] -- Up-to-date symlink: /home/raz/projects/astroscale/ros2_ws/install/robot_msgs/include/robot_msgs/robot_msgs/srv/detail/move_to_position__type_support.h
[7.760s] -- Up-to-date symlink: /home/raz/projects/astroscale/ros2_ws/install/robot_msgs/include/robot_msgs/robot_msgs/srv/move_to_position.h
[7.760s] -- Up-to-date symlink: /home/raz/projects/astroscale/ros2_ws/install/robot_msgs/share/robot_msgs/environment/library_path.sh
[7.760s] -- Up-to-date symlink: /home/raz/projects/astroscale/ros2_ws/install/robot_msgs/share/robot_msgs/environment/library_path.dsv
[7.760s] -- Up-to-date symlink: /home/raz/projects/astroscale/ros2_ws/install/robot_msgs/include/robot_msgs/robot_msgs/msg/rosidl_typesupport_fastrtps_c__visibility_control.h
[7.760s] -- Up-to-date symlink: /home/raz/projects/astroscale/ros2_ws/install/robot_msgs/include/robot_msgs/robot_msgs/srv/detail/move_to_position__rosidl_typesupport_fastrtps_c.h
[7.760s] -- Up-to-date symlink: /home/raz/projects/astroscale/ros2_ws/install/robot_msgs/include/robot_msgs/robot_msgs/msg/rosidl_generator_cpp__visibility_control.hpp
[7.761s] -- Up-to-date symlink: /home/raz/projects/astroscale/ros2_ws/install/robot_msgs/include/robot_msgs/robot_msgs/srv/detail/move_to_position__builder.hpp
[7.761s] -- Up-to-date symlink: /home/raz/projects/astroscale/ros2_ws/install/robot_msgs/include/robot_msgs/robot_msgs/srv/detail/move_to_position__struct.hpp
[7.761s] -- Up-to-date symlink: /home/raz/projects/astroscale/ros2_ws/install/robot_msgs/include/robot_msgs/robot_msgs/srv/detail/move_to_position__traits.hpp
[7.761s] -- Up-to-date symlink: /home/raz/projects/astroscale/ros2_ws/install/robot_msgs/include/robot_msgs/robot_msgs/srv/detail/move_to_position__type_support.hpp
[7.761s] -- Up-to-date symlink: /home/raz/projects/astroscale/ros2_ws/install/robot_msgs/include/robot_msgs/robot_msgs/srv/move_to_position.hpp
[7.762s] -- Up-to-date symlink: /home/raz/projects/astroscale/ros2_ws/install/robot_msgs/include/robot_msgs/robot_msgs/msg/rosidl_typesupport_fastrtps_cpp__visibility_control.h
[7.762s] -- Up-to-date symlink: /home/raz/projects/astroscale/ros2_ws/install/robot_msgs/include/robot_msgs/robot_msgs/srv/detail/move_to_position__rosidl_typesupport_fastrtps_cpp.hpp
[7.762s] -- Up-to-date symlink: /home/raz/projects/astroscale/ros2_ws/install/robot_msgs/include/robot_msgs/robot_msgs/msg/rosidl_typesupport_introspection_c__visibility_control.h
[7.762s] -- Up-to-date symlink: /home/raz/projects/astroscale/ros2_ws/install/robot_msgs/include/robot_msgs/robot_msgs/srv/detail/move_to_position__rosidl_typesupport_introspection_c.h
[7.762s] -- Up-to-date symlink: /home/raz/projects/astroscale/ros2_ws/install/robot_msgs/include/robot_msgs/robot_msgs/srv/detail/move_to_position__rosidl_typesupport_introspection_cpp.hpp
[7.762s] -- Up-to-date symlink: /home/raz/projects/astroscale/ros2_ws/install/robot_msgs/share/robot_msgs/environment/pythonpath.sh
[7.762s] -- Up-to-date symlink: /home/raz/projects/astroscale/ros2_ws/install/robot_msgs/share/robot_msgs/environment/pythonpath.dsv
[7.763s] -- Up-to-date symlink: /home/raz/projects/astroscale/ros2_ws/install/robot_msgs/local/lib/python3.10/dist-packages/robot_msgs-0.0.0-py3.10.egg-info/PKG-INFO
[7.763s] -- Up-to-date symlink: /home/raz/projects/astroscale/ros2_ws/install/robot_msgs/local/lib/python3.10/dist-packages/robot_msgs-0.0.0-py3.10.egg-info/SOURCES.txt
[7.763s] -- Up-to-date symlink: /home/raz/projects/astroscale/ros2_ws/install/robot_msgs/local/lib/python3.10/dist-packages/robot_msgs-0.0.0-py3.10.egg-info/dependency_links.txt
[7.763s] -- Up-to-date symlink: /home/raz/projects/astroscale/ros2_ws/install/robot_msgs/local/lib/python3.10/dist-packages/robot_msgs-0.0.0-py3.10.egg-info/top_level.txt
[7.764s] -- Up-to-date symlink: /home/raz/projects/astroscale/ros2_ws/install/robot_msgs/local/lib/python3.10/dist-packages/robot_msgs/__init__.py
[7.764s] -- Up-to-date symlink: /home/raz/projects/astroscale/ros2_ws/install/robot_msgs/local/lib/python3.10/dist-packages/robot_msgs/_robot_msgs_s.ep.rosidl_typesupport_c.c
[7.764s] -- Up-to-date symlink: /home/raz/projects/astroscale/ros2_ws/install/robot_msgs/local/lib/python3.10/dist-packages/robot_msgs/_robot_msgs_s.ep.rosidl_typesupport_fastrtps_c.c
[7.764s] -- Up-to-date symlink: /home/raz/projects/astroscale/ros2_ws/install/robot_msgs/local/lib/python3.10/dist-packages/robot_msgs/_robot_msgs_s.ep.rosidl_typesupport_introspection_c.c
[7.764s] -- Up-to-date symlink: /home/raz/projects/astroscale/ros2_ws/install/robot_msgs/local/lib/python3.10/dist-packages/robot_msgs/librobot_msgs__rosidl_generator_py.so
[7.764s] -- Up-to-date symlink: /home/raz/projects/astroscale/ros2_ws/install/robot_msgs/local/lib/python3.10/dist-packages/robot_msgs/robot_msgs_s__rosidl_typesupport_c.cpython-310-x86_64-linux-gnu.so
[7.764s] -- Up-to-date symlink: /home/raz/projects/astroscale/ros2_ws/install/robot_msgs/local/lib/python3.10/dist-packages/robot_msgs/robot_msgs_s__rosidl_typesupport_fastrtps_c.cpython-310-x86_64-linux-gnu.so
[7.764s] -- Up-to-date symlink: /home/raz/projects/astroscale/ros2_ws/install/robot_msgs/local/lib/python3.10/dist-packages/robot_msgs/robot_msgs_s__rosidl_typesupport_introspection_c.cpython-310-x86_64-linux-gnu.so
[7.764s] -- Up-to-date symlink: /home/raz/projects/astroscale/ros2_ws/install/robot_msgs/local/lib/python3.10/dist-packages/robot_msgs/srv/__init__.py
[7.764s] -- Up-to-date symlink: /home/raz/projects/astroscale/ros2_ws/install/robot_msgs/local/lib/python3.10/dist-packages/robot_msgs/srv/_move_to_position.py
[7.764s] -- Up-to-date symlink: /home/raz/projects/astroscale/ros2_ws/install/robot_msgs/local/lib/python3.10/dist-packages/robot_msgs/srv/_move_to_position_s.c
[7.765s] -- Up-to-date symlink: /home/raz/projects/astroscale/ros2_ws/install/robot_msgs/local/lib/python3.10/dist-packages/robot_msgs/robot_msgs_s__rosidl_typesupport_fastrtps_c.cpython-310-x86_64-linux-gnu.so
[7.765s] -- Up-to-date symlink: /home/raz/projects/astroscale/ros2_ws/install/robot_msgs/local/lib/python3.10/dist-packages/robot_msgs/robot_msgs_s__rosidl_typesupport_introspection_c.cpython-310-x86_64-linux-gnu.so
[7.765s] -- Up-to-date symlink: /home/raz/projects/astroscale/ros2_ws/install/robot_msgs/local/lib/python3.10/dist-packages/robot_msgs/robot_msgs_s__rosidl_typesupport_c.cpython-310-x86_64-linux-gnu.so
[7.765s] -- Up-to-date symlink: /home/raz/projects/astroscale/ros2_ws/install/robot_msgs/share/robot_msgs/srv/MoveToPosition.idl
[7.765s] -- Up-to-date symlink: /home/raz/projects/astroscale/ros2_ws/install/robot_msgs/share/robot_msgs/srv/MoveToPosition.srv
[7.766s] -- Up-to-date symlink: /home/raz/projects/astroscale/ros2_ws/install/robot_msgs/share/robot_msgs/srv/MoveToPosition_Request.msg
[7.766s] -- Up-to-date symlink: /home/raz/projects/astroscale/ros2_ws/install/robot_msgs/share/robot_msgs/srv/MoveToPosition_Response.msg
[7.766s] -- Up-to-date symlink: /home/raz/projects/astroscale/ros2_ws/install/robot_msgs/share/ament_index/resource_index/package_run_dependencies/robot_msgs
[7.766s] -- Up-to-date symlink: /home/raz/projects/astroscale/ros2_ws/install/robot_msgs/share/ament_index/resource_index/parent_prefix_path/robot_msgs
[7.766s] -- Up-to-date symlink: /home/raz/projects/astroscale/ros2_ws/install/robot_msgs/share/robot_msgs/environment/ament_prefix_path.sh
[7.766s] -- Up-to-date symlink: /home/raz/projects/astroscale/ros2_ws/install/robot_msgs/share/robot_msgs/environment/ament_prefix_path.dsv
[7.766s] -- Up-to-date symlink: /home/raz/projects/astroscale/ros2_ws/install/robot_msgs/share/robot_msgs/environment/path.sh
[7.766s] -- Up-to-date symlink: /home/raz/projects/astroscale/ros2_ws/install/robot_msgs/share/robot_msgs/environment/path.dsv
[7.766s] -- Up-to-date symlink: /home/raz/projects/astroscale/ros2_ws/install/robot_msgs/share/robot_msgs/local_setup.bash
[7.767s] -- Up-to-date symlink: /home/raz/projects/astroscale/ros2_ws/install/robot_msgs/share/robot_msgs/local_setup.sh
[7.767s] -- Up-to-date symlink: /home/raz/projects/astroscale/ros2_ws/install/robot_msgs/share/robot_msgs/local_setup.zsh
[7.767s] -- Up-to-date symlink: /home/raz/projects/astroscale/ros2_ws/install/robot_msgs/share/robot_msgs/local_setup.dsv
[7.767s] -- Symlinking: /home/raz/projects/astroscale/ros2_ws/install/robot_msgs/share/robot_msgs/package.dsv
[7.769s] -- Up-to-date symlink: /home/raz/projects/astroscale/ros2_ws/install/robot_msgs/share/ament_index/resource_index/packages/robot_msgs
[7.769s] -- Up-to-date symlink: /home/raz/projects/astroscale/ros2_ws/install/robot_msgs/share/robot_msgs/cmake/rosidl_cmake-extras.cmake
[7.769s] -- Up-to-date symlink: /home/raz/projects/astroscale/ros2_ws/install/robot_msgs/share/robot_msgs/cmake/ament_cmake_export_include_directories-extras.cmake
[7.769s] -- Up-to-date symlink: /home/raz/projects/astroscale/ros2_ws/install/robot_msgs/share/robot_msgs/cmake/ament_cmake_export_libraries-extras.cmake
[7.769s] -- Up-to-date symlink: /home/raz/projects/astroscale/ros2_ws/install/robot_msgs/share/robot_msgs/cmake/ament_cmake_export_targets-extras.cmake
[7.769s] -- Up-to-date symlink: /home/raz/projects/astroscale/ros2_ws/install/robot_msgs/share/robot_msgs/cmake/rosidl_cmake_export_typesupport_targets-extras.cmake
[7.769s] -- Up-to-date symlink: /home/raz/projects/astroscale/ros2_ws/install/robot_msgs/share/robot_msgs/cmake/ament_cmake_export_dependencies-extras.cmake
[7.769s] -- Up-to-date symlink: /home/raz/projects/astroscale/ros2_ws/install/robot_msgs/share/robot_msgs/cmake/rosidl_cmake_export_typesupport_libraries-extras.cmake
[7.770s] -- Up-to-date symlink: /home/raz/projects/astroscale/ros2_ws/install/robot_msgs/share/robot_msgs/cmake/robot_msgsConfig.cmake
[7.770s] -- Up-to-date symlink: /home/raz/projects/astroscale/ros2_ws/install/robot_msgs/share/robot_msgs/cmake/robot_msgsConfig-version.cmake
[7.770s] -- Up-to-date symlink: /home/raz/projects/astroscale/ros2_ws/install/robot_msgs/share/robot_msgs/package.xml
[7.770s] -- Up-to-date: /home/raz/projects/astroscale/ros2_ws/install/robot_msgs/lib/librobot_msgs__rosidl_generator_c.so
[7.771s] -- Up-to-date: /home/raz/projects/astroscale/ros2_ws/install/robot_msgs/lib/librobot_msgs__rosidl_typesupport_fastrtps_c.so
[7.772s] -- Up-to-date: /home/raz/projects/astroscale/ros2_ws/install/robot_msgs/lib/librobot_msgs__rosidl_typesupport_fastrtps_cpp.so
[7.772s] -- Up-to-date: /home/raz/projects/astroscale/ros2_ws/install/robot_msgs/lib/librobot_msgs__rosidl_typesupport_introspection_c.so
[7.773s] -- Up-to-date: /home/raz/projects/astroscale/ros2_ws/install/robot_msgs/lib/librobot_msgs__rosidl_typesupport_c.so
[7.773s] -- Up-to-date: /home/raz/projects/astroscale/ros2_ws/install/robot_msgs/lib/librobot_msgs__rosidl_typesupport_introspection_cpp.so
[7.773s] -- Up-to-date: /home/raz/projects/astroscale/ros2_ws/install/robot_msgs/lib/librobot_msgs__rosidl_typesupport_cpp.so
[7.882s] Listing '/home/raz/projects/astroscale/ros2_ws/install/robot_msgs/local/lib/python3.10/dist-packages/robot_msgs'...
[7.882s] Compiling '/home/raz/projects/astroscale/ros2_ws/install/robot_msgs/local/lib/python3.10/dist-packages/robot_msgs/__init__.py'...
[7.882s] Listing '/home/raz/projects/astroscale/ros2_ws/install/robot_msgs/local/lib/python3.10/dist-packages/robot_msgs/srv'...
[7.899s] -- Up-to-date: /home/raz/projects/astroscale/ros2_ws/install/robot_msgs/lib/librobot_msgs__rosidl_generator_py.so
[7.900s] -- Up-to-date: /home/raz/projects/astroscale/ros2_ws/install/robot_msgs/share/robot_msgs/cmake/export_robot_msgs__rosidl_generator_cExport.cmake
[7.900s] -- Up-to-date: /home/raz/projects/astroscale/ros2_ws/install/robot_msgs/share/robot_msgs/cmake/export_robot_msgs__rosidl_generator_cExport-noconfig.cmake
[7.901s] -- Up-to-date: /home/raz/projects/astroscale/ros2_ws/install/robot_msgs/share/robot_msgs/cmake/export_robot_msgs__rosidl_typesupport_fastrtps_cExport.cmake
[7.901s] -- Up-to-date: /home/raz/projects/astroscale/ros2_ws/install/robot_msgs/share/robot_msgs/cmake/export_robot_msgs__rosidl_typesupport_fastrtps_cExport-noconfig.cmake
[7.901s] -- Up-to-date: /home/raz/projects/astroscale/ros2_ws/install/robot_msgs/share/robot_msgs/cmake/export_robot_msgs__rosidl_generator_cppExport.cmake
[7.902s] -- Up-to-date: /home/raz/projects/astroscale/ros2_ws/install/robot_msgs/share/robot_msgs/cmake/export_robot_msgs__rosidl_typesupport_fastrtps_cppExport.cmake
[7.902s] -- Up-to-date: /home/raz/projects/astroscale/ros2_ws/install/robot_msgs/share/robot_msgs/cmake/export_robot_msgs__rosidl_typesupport_fastrtps_cppExport-noconfig.cmake
[7.902s] -- Up-to-date: /home/raz/projects/astroscale/ros2_ws/install/robot_msgs/share/robot_msgs/cmake/robot_msgs__rosidl_typesupport_introspection_cExport.cmake
[7.902s] -- Up-to-date: /home/raz/projects/astroscale/ros2_ws/install/robot_msgs/share/robot_msgs/cmake/robot_msgs__rosidl_typesupport_introspection_cExport-noconfig.cmake
[7.902s] -- Up-to-date: /home/raz/projects/astroscale/ros2_ws/install/robot_msgs/share/robot_msgs/cmake/robot_msgs__rosidl_typesupport_cExport.cmake
[7.902s] -- Up-to-date: /home/raz/projects/astroscale/ros2_ws/install/robot_msgs/share/robot_msgs/cmake/robot_msgs__rosidl_typesupport_cExport-noconfig.cmake
[7.902s] -- Up-to-date: /home/raz/projects/astroscale/ros2_ws/install/robot_msgs/share/robot_msgs/cmake/robot_msgs__rosidl_typesupport_introspection_cppExport.cmake
[7.902s] -- Up-to-date: /home/raz/projects/astroscale/ros2_ws/install/robot_msgs/share/robot_msgs/cmake/robot_msgs__rosidl_typesupport_introspection_cppExport-noconfig.cmake
[7.903s] -- Up-to-date: /home/raz/projects/astroscale/ros2_ws/install/robot_msgs/share/robot_msgs/cmake/robot_msgs__rosidl_typesupport_cppExport.cmake
[7.903s] -- Up-to-date: /home/raz/projects/astroscale/ros2_ws/install/robot_msgs/share/robot_msgs/cmake/robot_msgs__rosidl_typesupport_cppExport-noconfig.cmake
[7.903s] -- Up-to-date: /home/raz/projects/astroscale/ros2_ws/install/robot_msgs/share/robot_msgs/cmake/export_robot_msgs__rosidl_generator_pyExport.cmake
[7.903s] -- Up-to-date: /home/raz/projects/astroscale/ros2_ws/install/robot_msgs/share/robot_msgs/cmake/export_robot_msgs__rosidl_generator_pyExport-noconfig.cmake
[7.904s] Invoked command in '/home/raz/projects/astroscale/ros2_ws/build/robot_msgs' returned '0': CMAKE_PREFIX_PATH=${CMAKE_PREFIX_PATH}:/home/raz/projects/ros2_advanced_concepts/ros2_ws/install/challenge_py:/home/raz/projects/ros2_advanced_concepts/ros2_ws/install/actions_py:/home/raz/ros2_ws/install/centerofmass_detection:/home/raz/projects/manipulator-project/arduinobot_ws/install/arduinobot_py_examples:/opt/ros/humble /usr/local/bin/cmake --install /home/raz/projects/astroscale/ros2_ws/build/robot_msgs
