[0.020s] Invoking command in '/home/raz/projects/Astroscale_Home_Assignment/ros2_ws/build/robot_description': CMAKE_PREFIX_PATH=${CMAKE_PREFIX_PATH}:/home/raz/projects/astroscale/ros2_ws/install/robot_bringup:/home/raz/projects/astroscale/ros2_ws/install/robot_services:/home/raz/projects/astroscale/ros2_ws/install/robot_msgs:/home/raz/projects/astroscale/ros2_ws/install/robot_moveit:/home/raz/projects/astroscale/ros2_ws/install/robot_controller:/home/raz/projects/astroscale/ros2_ws/install/robot_description:/home/raz/projects/ros2_advanced_concepts/ros2_ws/install/challenge_py:/home/raz/projects/ros2_advanced_concepts/ros2_ws/install/actions_py:/home/raz/ros2_ws/install/centerofmass_detection:/home/raz/projects/manipulator-project/arduinobot_ws/install/arduinobot_py_examples:/opt/ros/humble /usr/local/bin/cmake /home/raz/projects/Astroscale_Home_Assignment/ros2_ws/src/robot_description -DCMAKE_INSTALL_PREFIX=/home/raz/projects/Astroscale_Home_Assignment/ros2_ws/install/robot_description
[0.275s] -- The C compiler identification is GNU 11.4.0
[0.420s] -- The CXX compiler identification is GNU 11.4.0
[0.528s] -- Detecting C compiler ABI info
[0.761s] -- Detecting C compiler ABI info - done
[0.774s] -- Check for working C compiler: /usr/bin/cc - skipped
[0.785s] -- Detecting C compile features
[0.791s] -- Detecting C compile features - done
[0.811s] -- Detecting CXX compiler ABI info
[0.967s] -- Detecting CXX compiler ABI info - done
[0.985s] -- Check for working CXX compiler: /usr/bin/c++ - skipped
[0.985s] -- Detecting CXX compile features
[0.986s] -- Detecting CXX compile features - done
[1.016s] -- Found ament_cmake: 1.3.11 (/opt/ros/humble/share/ament_cmake/cmake)
[1.144s] -- Found Python3: /usr/bin/python3 (found version "3.10.12") found components: Interpreter 
[1.304s] -- Found urdf: 2.6.1 (/opt/ros/humble/share/urdf/cmake)
[1.367s] -- Found ament_lint_auto: 0.12.11 (/opt/ros/humble/share/ament_lint_auto/cmake)
[1.445s] -- Added test 'flake8' to check Python code syntax and style conventions
[1.446s] -- Added test 'lint_cmake' to check CMake code style
[1.447s] -- Added test 'pep257' to check Python code against some of the docstring style conventions in PEP 257
[1.448s] -- Added test 'xmllint' to check XML markup files
[1.450s] -- Configuring done (1.4s)
[1.452s] -- Generating done (0.0s)
[1.454s] -- Build files have been written to: /home/raz/projects/Astroscale_Home_Assignment/ros2_ws/build/robot_description
[1.458s] Invoked command in '/home/raz/projects/Astroscale_Home_Assignment/ros2_ws/build/robot_description' returned '0': CMAKE_PREFIX_PATH=${CMAKE_PREFIX_PATH}:/home/raz/projects/astroscale/ros2_ws/install/robot_bringup:/home/raz/projects/astroscale/ros2_ws/install/robot_services:/home/raz/projects/astroscale/ros2_ws/install/robot_msgs:/home/raz/projects/astroscale/ros2_ws/install/robot_moveit:/home/raz/projects/astroscale/ros2_ws/install/robot_controller:/home/raz/projects/astroscale/ros2_ws/install/robot_description:/home/raz/projects/ros2_advanced_concepts/ros2_ws/install/challenge_py:/home/raz/projects/ros2_advanced_concepts/ros2_ws/install/actions_py:/home/raz/ros2_ws/install/centerofmass_detection:/home/raz/projects/manipulator-project/arduinobot_ws/install/arduinobot_py_examples:/opt/ros/humble /usr/local/bin/cmake /home/raz/projects/Astroscale_Home_Assignment/ros2_ws/src/robot_description -DCMAKE_INSTALL_PREFIX=/home/raz/projects/Astroscale_Home_Assignment/ros2_ws/install/robot_description
[1.459s] Invoking command in '/home/raz/projects/Astroscale_Home_Assignment/ros2_ws/build/robot_description': CMAKE_PREFIX_PATH=${CMAKE_PREFIX_PATH}:/home/raz/projects/astroscale/ros2_ws/install/robot_bringup:/home/raz/projects/astroscale/ros2_ws/install/robot_services:/home/raz/projects/astroscale/ros2_ws/install/robot_msgs:/home/raz/projects/astroscale/ros2_ws/install/robot_moveit:/home/raz/projects/astroscale/ros2_ws/install/robot_controller:/home/raz/projects/astroscale/ros2_ws/install/robot_description:/home/raz/projects/ros2_advanced_concepts/ros2_ws/install/challenge_py:/home/raz/projects/ros2_advanced_concepts/ros2_ws/install/actions_py:/home/raz/ros2_ws/install/centerofmass_detection:/home/raz/projects/manipulator-project/arduinobot_ws/install/arduinobot_py_examples:/opt/ros/humble /usr/local/bin/cmake --build /home/raz/projects/Astroscale_Home_Assignment/ros2_ws/build/robot_description -- -j12 -l12
[1.467s] Invoked command in '/home/raz/projects/Astroscale_Home_Assignment/ros2_ws/build/robot_description' returned '0': CMAKE_PREFIX_PATH=${CMAKE_PREFIX_PATH}:/home/raz/projects/astroscale/ros2_ws/install/robot_bringup:/home/raz/projects/astroscale/ros2_ws/install/robot_services:/home/raz/projects/astroscale/ros2_ws/install/robot_msgs:/home/raz/projects/astroscale/ros2_ws/install/robot_moveit:/home/raz/projects/astroscale/ros2_ws/install/robot_controller:/home/raz/projects/astroscale/ros2_ws/install/robot_description:/home/raz/projects/ros2_advanced_concepts/ros2_ws/install/challenge_py:/home/raz/projects/ros2_advanced_concepts/ros2_ws/install/actions_py:/home/raz/ros2_ws/install/centerofmass_detection:/home/raz/projects/manipulator-project/arduinobot_ws/install/arduinobot_py_examples:/opt/ros/humble /usr/local/bin/cmake --build /home/raz/projects/Astroscale_Home_Assignment/ros2_ws/build/robot_description -- -j12 -l12
[1.468s] Invoking command in '/home/raz/projects/Astroscale_Home_Assignment/ros2_ws/build/robot_description': CMAKE_PREFIX_PATH=${CMAKE_PREFIX_PATH}:/home/raz/projects/astroscale/ros2_ws/install/robot_bringup:/home/raz/projects/astroscale/ros2_ws/install/robot_services:/home/raz/projects/astroscale/ros2_ws/install/robot_msgs:/home/raz/projects/astroscale/ros2_ws/install/robot_moveit:/home/raz/projects/astroscale/ros2_ws/install/robot_controller:/home/raz/projects/astroscale/ros2_ws/install/robot_description:/home/raz/projects/ros2_advanced_concepts/ros2_ws/install/challenge_py:/home/raz/projects/ros2_advanced_concepts/ros2_ws/install/actions_py:/home/raz/ros2_ws/install/centerofmass_detection:/home/raz/projects/manipulator-project/arduinobot_ws/install/arduinobot_py_examples:/opt/ros/humble /usr/local/bin/cmake --install /home/raz/projects/Astroscale_Home_Assignment/ros2_ws/build/robot_description
[1.469s] -- Install configuration: ""
[1.469s] -- Installing: /home/raz/projects/Astroscale_Home_Assignment/ros2_ws/install/robot_description/share/robot_description/urdf
[1.469s] -- Installing: /home/raz/projects/Astroscale_Home_Assignment/ros2_ws/install/robot_description/share/robot_description/urdf/robot_gazebo.xacro
[1.470s] -- Installing: /home/raz/projects/Astroscale_Home_Assignment/ros2_ws/install/robot_description/share/robot_description/urdf/manipulator.urdf.xacro
[1.470s] -- Installing: /home/raz/projects/Astroscale_Home_Assignment/ros2_ws/install/robot_description/share/robot_description/urdf/robot_ros2_control.xacro
[1.470s] -- Installing: /home/raz/projects/Astroscale_Home_Assignment/ros2_ws/install/robot_description/share/robot_description/urdf/common_properties.xacro
[1.470s] -- Installing: /home/raz/projects/Astroscale_Home_Assignment/ros2_ws/install/robot_description/share/robot_description/launch
[1.470s] -- Installing: /home/raz/projects/Astroscale_Home_Assignment/ros2_ws/install/robot_description/share/robot_description/launch/display.launch.py
[1.470s] -- Installing: /home/raz/projects/Astroscale_Home_Assignment/ros2_ws/install/robot_description/share/robot_description/launch/gazebo.launch.py
[1.470s] -- Installing: /home/raz/projects/Astroscale_Home_Assignment/ros2_ws/install/robot_description/share/robot_description/rviz
[1.470s] -- Installing: /home/raz/projects/Astroscale_Home_Assignment/ros2_ws/install/robot_description/share/robot_description/rviz/display.rviz
[1.470s] -- Installing: /home/raz/projects/Astroscale_Home_Assignment/ros2_ws/install/robot_description/share/ament_index/resource_index/package_run_dependencies/robot_description
[1.470s] -- Installing: /home/raz/projects/Astroscale_Home_Assignment/ros2_ws/install/robot_description/share/ament_index/resource_index/parent_prefix_path/robot_description
[1.470s] -- Installing: /home/raz/projects/Astroscale_Home_Assignment/ros2_ws/install/robot_description/share/robot_description/environment/ament_prefix_path.sh
[1.470s] -- Installing: /home/raz/projects/Astroscale_Home_Assignment/ros2_ws/install/robot_description/share/robot_description/environment/ament_prefix_path.dsv
[1.471s] -- Installing: /home/raz/projects/Astroscale_Home_Assignment/ros2_ws/install/robot_description/share/robot_description/environment/path.sh
[1.471s] -- Installing: /home/raz/projects/Astroscale_Home_Assignment/ros2_ws/install/robot_description/share/robot_description/environment/path.dsv
[1.471s] -- Installing: /home/raz/projects/Astroscale_Home_Assignment/ros2_ws/install/robot_description/share/robot_description/local_setup.bash
[1.471s] -- Installing: /home/raz/projects/Astroscale_Home_Assignment/ros2_ws/install/robot_description/share/robot_description/local_setup.sh
[1.471s] -- Installing: /home/raz/projects/Astroscale_Home_Assignment/ros2_ws/install/robot_description/share/robot_description/local_setup.zsh
[1.471s] -- Installing: /home/raz/projects/Astroscale_Home_Assignment/ros2_ws/install/robot_description/share/robot_description/local_setup.dsv
[1.471s] -- Installing: /home/raz/projects/Astroscale_Home_Assignment/ros2_ws/install/robot_description/share/robot_description/package.dsv
[1.471s] -- Installing: /home/raz/projects/Astroscale_Home_Assignment/ros2_ws/install/robot_description/share/ament_index/resource_index/packages/robot_description
[1.471s] -- Installing: /home/raz/projects/Astroscale_Home_Assignment/ros2_ws/install/robot_description/share/robot_description/cmake/robot_descriptionConfig.cmake
[1.471s] -- Installing: /home/raz/projects/Astroscale_Home_Assignment/ros2_ws/install/robot_description/share/robot_description/cmake/robot_descriptionConfig-version.cmake
[1.471s] -- Installing: /home/raz/projects/Astroscale_Home_Assignment/ros2_ws/install/robot_description/share/robot_description/package.xml
[1.473s] Invoked command in '/home/raz/projects/Astroscale_Home_Assignment/ros2_ws/build/robot_description' returned '0': CMAKE_PREFIX_PATH=${CMAKE_PREFIX_PATH}:/home/raz/projects/astroscale/ros2_ws/install/robot_bringup:/home/raz/projects/astroscale/ros2_ws/install/robot_services:/home/raz/projects/astroscale/ros2_ws/install/robot_msgs:/home/raz/projects/astroscale/ros2_ws/install/robot_moveit:/home/raz/projects/astroscale/ros2_ws/install/robot_controller:/home/raz/projects/astroscale/ros2_ws/install/robot_description:/home/raz/projects/ros2_advanced_concepts/ros2_ws/install/challenge_py:/home/raz/projects/ros2_advanced_concepts/ros2_ws/install/actions_py:/home/raz/ros2_ws/install/centerofmass_detection:/home/raz/projects/manipulator-project/arduinobot_ws/install/arduinobot_py_examples:/opt/ros/humble /usr/local/bin/cmake --install /home/raz/projects/Astroscale_Home_Assignment/ros2_ws/build/robot_description
