[  0%] Built target ament_cmake_python_copy_robot_controller
[100%] Built target slider_control
running egg_info
writing robot_controller.egg-info/PKG-INFO
writing dependency_links to robot_controller.egg-info/dependency_links.txt
writing top-level names to robot_controller.egg-info/top_level.txt
reading manifest file 'robot_controller.egg-info/SOURCES.txt'
writing manifest file 'robot_controller.egg-info/SOURCES.txt'
[100%] Built target ament_cmake_python_build_robot_controller_egg
-- Install configuration: ""
-- Up-to-date: /home/raz/projects/Astroscale_Home_Assignment/ros2_ws/install/robot_controller/share/robot_controller/environment/pythonpath.sh
-- Up-to-date: /home/raz/projects/Astroscale_Home_Assignment/ros2_ws/install/robot_controller/share/robot_controller/environment/pythonpath.dsv
-- Up-to-date: /home/raz/projects/Astroscale_Home_Assignment/ros2_ws/install/robot_controller/local/lib/python3.10/dist-packages/robot_controller-0.0.0-py3.10.egg-info
-- Installing: /home/raz/projects/Astroscale_Home_Assignment/ros2_ws/install/robot_controller/local/lib/python3.10/dist-packages/robot_controller-0.0.0-py3.10.egg-info/dependency_links.txt
-- Installing: /home/raz/projects/Astroscale_Home_Assignment/ros2_ws/install/robot_controller/local/lib/python3.10/dist-packages/robot_controller-0.0.0-py3.10.egg-info/PKG-INFO
-- Installing: /home/raz/projects/Astroscale_Home_Assignment/ros2_ws/install/robot_controller/local/lib/python3.10/dist-packages/robot_controller-0.0.0-py3.10.egg-info/SOURCES.txt
-- Installing: /home/raz/projects/Astroscale_Home_Assignment/ros2_ws/install/robot_controller/local/lib/python3.10/dist-packages/robot_controller-0.0.0-py3.10.egg-info/top_level.txt
-- Up-to-date: /home/raz/projects/Astroscale_Home_Assignment/ros2_ws/install/robot_controller/local/lib/python3.10/dist-packages/robot_controller
-- Up-to-date: /home/raz/projects/Astroscale_Home_Assignment/ros2_ws/install/robot_controller/local/lib/python3.10/dist-packages/robot_controller/__init__.py
-- Up-to-date: /home/raz/projects/Astroscale_Home_Assignment/ros2_ws/install/robot_controller/local/lib/python3.10/dist-packages/robot_controller/slider_control.py
Listing '/home/raz/projects/Astroscale_Home_Assignment/ros2_ws/install/robot_controller/local/lib/python3.10/dist-packages/robot_controller'...
-- Up-to-date: /home/raz/projects/Astroscale_Home_Assignment/ros2_ws/install/robot_controller/include/include
-- Up-to-date: /home/raz/projects/Astroscale_Home_Assignment/ros2_ws/install/robot_controller/include/include/robot_controller
-- Up-to-date: /home/raz/projects/Astroscale_Home_Assignment/ros2_ws/install/robot_controller/share/robot_controller/launch
-- Up-to-date: /home/raz/projects/Astroscale_Home_Assignment/ros2_ws/install/robot_controller/share/robot_controller/launch/controller.launch.py
-- Up-to-date: /home/raz/projects/Astroscale_Home_Assignment/ros2_ws/install/robot_controller/share/robot_controller/launch/slider_controller.launch.py
-- Up-to-date: /home/raz/projects/Astroscale_Home_Assignment/ros2_ws/install/robot_controller/share/robot_controller/config
-- Up-to-date: /home/raz/projects/Astroscale_Home_Assignment/ros2_ws/install/robot_controller/share/robot_controller/config/robot_controllers.yaml
-- Up-to-date: /home/raz/projects/Astroscale_Home_Assignment/ros2_ws/install/robot_controller/lib/robot_controller/slider_control.py
-- Up-to-date: /home/raz/projects/Astroscale_Home_Assignment/ros2_ws/install/robot_controller/lib/robot_controller/slider_control
-- Up-to-date: /home/raz/projects/Astroscale_Home_Assignment/ros2_ws/install/robot_controller/share/robot_controller/environment/library_path.sh
-- Up-to-date: /home/raz/projects/Astroscale_Home_Assignment/ros2_ws/install/robot_controller/share/robot_controller/environment/library_path.dsv
-- Up-to-date: /home/raz/projects/Astroscale_Home_Assignment/ros2_ws/install/robot_controller/share/ament_index/resource_index/package_run_dependencies/robot_controller
-- Up-to-date: /home/raz/projects/Astroscale_Home_Assignment/ros2_ws/install/robot_controller/share/ament_index/resource_index/parent_prefix_path/robot_controller
-- Up-to-date: /home/raz/projects/Astroscale_Home_Assignment/ros2_ws/install/robot_controller/share/robot_controller/environment/ament_prefix_path.sh
-- Up-to-date: /home/raz/projects/Astroscale_Home_Assignment/ros2_ws/install/robot_controller/share/robot_controller/environment/ament_prefix_path.dsv
-- Up-to-date: /home/raz/projects/Astroscale_Home_Assignment/ros2_ws/install/robot_controller/share/robot_controller/environment/path.sh
-- Up-to-date: /home/raz/projects/Astroscale_Home_Assignment/ros2_ws/install/robot_controller/share/robot_controller/environment/path.dsv
-- Up-to-date: /home/raz/projects/Astroscale_Home_Assignment/ros2_ws/install/robot_controller/share/robot_controller/local_setup.bash
-- Up-to-date: /home/raz/projects/Astroscale_Home_Assignment/ros2_ws/install/robot_controller/share/robot_controller/local_setup.sh
-- Up-to-date: /home/raz/projects/Astroscale_Home_Assignment/ros2_ws/install/robot_controller/share/robot_controller/local_setup.zsh
-- Up-to-date: /home/raz/projects/Astroscale_Home_Assignment/ros2_ws/install/robot_controller/share/robot_controller/local_setup.dsv
-- Installing: /home/raz/projects/Astroscale_Home_Assignment/ros2_ws/install/robot_controller/share/robot_controller/package.dsv
-- Up-to-date: /home/raz/projects/Astroscale_Home_Assignment/ros2_ws/install/robot_controller/share/ament_index/resource_index/packages/robot_controller
-- Up-to-date: /home/raz/projects/Astroscale_Home_Assignment/ros2_ws/install/robot_controller/share/robot_controller/cmake/ament_cmake_export_include_directories-extras.cmake
-- Up-to-date: /home/raz/projects/Astroscale_Home_Assignment/ros2_ws/install/robot_controller/share/robot_controller/cmake/ament_cmake_export_libraries-extras.cmake
-- Up-to-date: /home/raz/projects/Astroscale_Home_Assignment/ros2_ws/install/robot_controller/share/robot_controller/cmake/robot_controllerConfig.cmake
-- Up-to-date: /home/raz/projects/Astroscale_Home_Assignment/ros2_ws/install/robot_controller/share/robot_controller/cmake/robot_controllerConfig-version.cmake
-- Up-to-date: /home/raz/projects/Astroscale_Home_Assignment/ros2_ws/install/robot_controller/share/robot_controller/package.xml
