[0.114s] [34mcolcon[0m [1;30mDEBUG[0m [32mCommand line arguments: ['/usr/bin/colcon', 'build'][0m
[0.114s] [34mcolcon[0m [1;30mDEBUG[0m [32mParsed command line arguments: Namespace(log_base=None, log_level=None, verb_name='build', build_base='build', install_base='install', merge_install=False, symlink_install=False, test_result_base=None, continue_on_error=False, executor='parallel', parallel_workers=12, event_handlers=None, ignore_user_meta=False, metas=['./colcon.meta'], base_paths=['.'], packages_ignore=None, packages_ignore_regex=None, paths=None, packages_up_to=None, packages_up_to_regex=None, packages_above=None, packages_above_and_dependencies=None, packages_above_depth=None, packages_select_by_dep=None, packages_skip_by_dep=None, packages_skip_up_to=None, packages_select_build_failed=False, packages_skip_build_finished=False, packages_select_test_failures=False, packages_skip_test_passed=False, packages_select=None, packages_skip=None, packages_select_regex=None, packages_skip_regex=None, packages_start=None, packages_end=None, allow_overriding=[], cmake_args=None, cmake_target=None, cmake_target_skip_unavailable=False, cmake_clean_cache=False, cmake_clean_first=False, cmake_force_configure=False, ament_cmake_args=None, catkin_cmake_args=None, catkin_skip_building_tests=False, mixin_files=None, mixin=None, verb_parser=<colcon_mixin.mixin.mixin_argument.MixinArgumentDecorator object at 0x727d5765b5e0>, verb_extension=<colcon_core.verb.build.BuildVerb object at 0x727d5765ae60>, main=<bound method BuildVerb.main of <colcon_core.verb.build.BuildVerb object at 0x727d5765ae60>>, mixin_verb=('build',))[0m
[0.148s] [34mcolcon.colcon_core.package_discovery[0m [1;30mLevel 1[0m discover_packages(colcon_meta) check parameters
[0.148s] [34mcolcon.colcon_core.package_discovery[0m [1;30mLevel 1[0m discover_packages(recursive) check parameters
[0.148s] [34mcolcon.colcon_core.package_discovery[0m [1;30mLevel 1[0m discover_packages(ignore) check parameters
[0.148s] [34mcolcon.colcon_core.package_discovery[0m [1;30mLevel 1[0m discover_packages(path) check parameters
[0.148s] [34mcolcon.colcon_core.package_discovery[0m [1;30mLevel 1[0m discover_packages(colcon_meta) discover
[0.148s] [34mcolcon.colcon_core.package_discovery[0m [1;30mLevel 1[0m discover_packages(recursive) discover
[0.148s] [34mcolcon.colcon_core.package_discovery[0m [1;30mINFO[0m Crawling recursively for packages in '/home/raz/projects/astroscale/ros2_ws'
[0.148s] [34mcolcon.colcon_core.package_identification[0m [1;30mLevel 1[0m _identify(.) by extensions ['ignore', 'ignore_ament_install']
[0.148s] [34mcolcon.colcon_core.package_identification[0m [1;30mLevel 1[0m _identify(.) by extension 'ignore'
[0.148s] [34mcolcon.colcon_core.package_identification[0m [1;30mLevel 1[0m _identify(.) by extension 'ignore_ament_install'
[0.148s] [34mcolcon.colcon_core.package_identification[0m [1;30mLevel 1[0m _identify(.) by extensions ['colcon_pkg']
[0.148s] [34mcolcon.colcon_core.package_identification[0m [1;30mLevel 1[0m _identify(.) by extension 'colcon_pkg'
[0.148s] [34mcolcon.colcon_core.package_identification[0m [1;30mLevel 1[0m _identify(.) by extensions ['colcon_meta']
[0.148s] [34mcolcon.colcon_core.package_identification[0m [1;30mLevel 1[0m _identify(.) by extension 'colcon_meta'
[0.148s] [34mcolcon.colcon_core.package_identification[0m [1;30mLevel 1[0m _identify(.) by extensions ['ros']
[0.148s] [34mcolcon.colcon_core.package_identification[0m [1;30mLevel 1[0m _identify(.) by extension 'ros'
[0.161s] [34mcolcon.colcon_core.package_identification[0m [1;30mLevel 1[0m _identify(.) by extensions ['cmake', 'python']
[0.161s] [34mcolcon.colcon_core.package_identification[0m [1;30mLevel 1[0m _identify(.) by extension 'cmake'
[0.161s] [34mcolcon.colcon_core.package_identification[0m [1;30mLevel 1[0m _identify(.) by extension 'python'
[0.161s] [34mcolcon.colcon_core.package_identification[0m [1;30mLevel 1[0m _identify(.) by extensions ['python_setup_py']
[0.161s] [34mcolcon.colcon_core.package_identification[0m [1;30mLevel 1[0m _identify(.) by extension 'python_setup_py'
[0.161s] [34mcolcon.colcon_core.package_identification[0m [1;30mLevel 1[0m _identify(build) by extensions ['ignore', 'ignore_ament_install']
[0.161s] [34mcolcon.colcon_core.package_identification[0m [1;30mLevel 1[0m _identify(build) by extension 'ignore'
[0.161s] [34mcolcon.colcon_core.package_identification[0m [1;30mLevel 1[0m _identify(build) ignored
[0.161s] [34mcolcon.colcon_core.package_identification[0m [1;30mLevel 1[0m _identify(install) by extensions ['ignore', 'ignore_ament_install']
[0.161s] [34mcolcon.colcon_core.package_identification[0m [1;30mLevel 1[0m _identify(install) by extension 'ignore'
[0.161s] [34mcolcon.colcon_core.package_identification[0m [1;30mLevel 1[0m _identify(install) ignored
[0.161s] [34mcolcon.colcon_core.package_identification[0m [1;30mLevel 1[0m _identify(log) by extensions ['ignore', 'ignore_ament_install']
[0.162s] [34mcolcon.colcon_core.package_identification[0m [1;30mLevel 1[0m _identify(log) by extension 'ignore'
[0.162s] [34mcolcon.colcon_core.package_identification[0m [1;30mLevel 1[0m _identify(log) ignored
[0.162s] [34mcolcon.colcon_core.package_identification[0m [1;30mLevel 1[0m _identify(src) by extensions ['ignore', 'ignore_ament_install']
[0.162s] [34mcolcon.colcon_core.package_identification[0m [1;30mLevel 1[0m _identify(src) by extension 'ignore'
[0.162s] [34mcolcon.colcon_core.package_identification[0m [1;30mLevel 1[0m _identify(src) by extension 'ignore_ament_install'
[0.162s] [34mcolcon.colcon_core.package_identification[0m [1;30mLevel 1[0m _identify(src) by extensions ['colcon_pkg']
[0.162s] [34mcolcon.colcon_core.package_identification[0m [1;30mLevel 1[0m _identify(src) by extension 'colcon_pkg'
[0.162s] [34mcolcon.colcon_core.package_identification[0m [1;30mLevel 1[0m _identify(src) by extensions ['colcon_meta']
[0.162s] [34mcolcon.colcon_core.package_identification[0m [1;30mLevel 1[0m _identify(src) by extension 'colcon_meta'
[0.162s] [34mcolcon.colcon_core.package_identification[0m [1;30mLevel 1[0m _identify(src) by extensions ['ros']
[0.162s] [34mcolcon.colcon_core.package_identification[0m [1;30mLevel 1[0m _identify(src) by extension 'ros'
[0.162s] [34mcolcon.colcon_core.package_identification[0m [1;30mLevel 1[0m _identify(src) by extensions ['cmake', 'python']
[0.162s] [34mcolcon.colcon_core.package_identification[0m [1;30mLevel 1[0m _identify(src) by extension 'cmake'
[0.162s] [34mcolcon.colcon_core.package_identification[0m [1;30mLevel 1[0m _identify(src) by extension 'python'
[0.162s] [34mcolcon.colcon_core.package_identification[0m [1;30mLevel 1[0m _identify(src) by extensions ['python_setup_py']
[0.162s] [34mcolcon.colcon_core.package_identification[0m [1;30mLevel 1[0m _identify(src) by extension 'python_setup_py'
[0.162s] [34mcolcon.colcon_core.package_identification[0m [1;30mLevel 1[0m _identify(src/launch) by extensions ['ignore', 'ignore_ament_install']
[0.162s] [34mcolcon.colcon_core.package_identification[0m [1;30mLevel 1[0m _identify(src/launch) by extension 'ignore'
[0.162s] [34mcolcon.colcon_core.package_identification[0m [1;30mLevel 1[0m _identify(src/launch) by extension 'ignore_ament_install'
[0.162s] [34mcolcon.colcon_core.package_identification[0m [1;30mLevel 1[0m _identify(src/launch) by extensions ['colcon_pkg']
[0.162s] [34mcolcon.colcon_core.package_identification[0m [1;30mLevel 1[0m _identify(src/launch) by extension 'colcon_pkg'
[0.162s] [34mcolcon.colcon_core.package_identification[0m [1;30mLevel 1[0m _identify(src/launch) by extensions ['colcon_meta']
[0.162s] [34mcolcon.colcon_core.package_identification[0m [1;30mLevel 1[0m _identify(src/launch) by extension 'colcon_meta'
[0.162s] [34mcolcon.colcon_core.package_identification[0m [1;30mLevel 1[0m _identify(src/launch) by extensions ['ros']
[0.162s] [34mcolcon.colcon_core.package_identification[0m [1;30mLevel 1[0m _identify(src/launch) by extension 'ros'
[0.163s] [34mcolcon.colcon_core.package_identification[0m [1;30mLevel 1[0m _identify(src/launch) by extensions ['cmake', 'python']
[0.163s] [34mcolcon.colcon_core.package_identification[0m [1;30mLevel 1[0m _identify(src/launch) by extension 'cmake'
[0.163s] [34mcolcon.colcon_core.package_identification[0m [1;30mLevel 1[0m _identify(src/launch) by extension 'python'
[0.163s] [34mcolcon.colcon_core.package_identification[0m [1;30mLevel 1[0m _identify(src/launch) by extensions ['python_setup_py']
[0.163s] [34mcolcon.colcon_core.package_identification[0m [1;30mLevel 1[0m _identify(src/launch) by extension 'python_setup_py'
[0.163s] [34mcolcon.colcon_core.package_identification[0m [1;30mLevel 1[0m _identify(src/robot_bringup) by extensions ['ignore', 'ignore_ament_install']
[0.163s] [34mcolcon.colcon_core.package_identification[0m [1;30mLevel 1[0m _identify(src/robot_bringup) by extension 'ignore'
[0.163s] [34mcolcon.colcon_core.package_identification[0m [1;30mLevel 1[0m _identify(src/robot_bringup) by extension 'ignore_ament_install'
[0.163s] [34mcolcon.colcon_core.package_identification[0m [1;30mLevel 1[0m _identify(src/robot_bringup) by extensions ['colcon_pkg']
[0.163s] [34mcolcon.colcon_core.package_identification[0m [1;30mLevel 1[0m _identify(src/robot_bringup) by extension 'colcon_pkg'
[0.163s] [34mcolcon.colcon_core.package_identification[0m [1;30mLevel 1[0m _identify(src/robot_bringup) by extensions ['colcon_meta']
[0.163s] [34mcolcon.colcon_core.package_identification[0m [1;30mLevel 1[0m _identify(src/robot_bringup) by extension 'colcon_meta'
[0.163s] [34mcolcon.colcon_core.package_identification[0m [1;30mLevel 1[0m _identify(src/robot_bringup) by extensions ['ros']
[0.163s] [34mcolcon.colcon_core.package_identification[0m [1;30mLevel 1[0m _identify(src/robot_bringup) by extension 'ros'
[0.165s] [34mcolcon.colcon_core.package_identification[0m [1;30mDEBUG[0m [32mPackage 'src/robot_bringup' with type 'ros.ament_cmake' and name 'robot_bringup'[0m
[0.165s] [34mcolcon.colcon_core.package_identification[0m [1;30mLevel 1[0m _identify(src/robot_controller) by extensions ['ignore', 'ignore_ament_install']
[0.165s] [34mcolcon.colcon_core.package_identification[0m [1;30mLevel 1[0m _identify(src/robot_controller) by extension 'ignore'
[0.165s] [34mcolcon.colcon_core.package_identification[0m [1;30mLevel 1[0m _identify(src/robot_controller) by extension 'ignore_ament_install'
[0.166s] [34mcolcon.colcon_core.package_identification[0m [1;30mLevel 1[0m _identify(src/robot_controller) by extensions ['colcon_pkg']
[0.166s] [34mcolcon.colcon_core.package_identification[0m [1;30mLevel 1[0m _identify(src/robot_controller) by extension 'colcon_pkg'
[0.166s] [34mcolcon.colcon_core.package_identification[0m [1;30mLevel 1[0m _identify(src/robot_controller) by extensions ['colcon_meta']
[0.166s] [34mcolcon.colcon_core.package_identification[0m [1;30mLevel 1[0m _identify(src/robot_controller) by extension 'colcon_meta'
[0.166s] [34mcolcon.colcon_core.package_identification[0m [1;30mLevel 1[0m _identify(src/robot_controller) by extensions ['ros']
[0.166s] [34mcolcon.colcon_core.package_identification[0m [1;30mLevel 1[0m _identify(src/robot_controller) by extension 'ros'
[0.166s] [34mcolcon.colcon_core.package_identification[0m [1;30mDEBUG[0m [32mPackage 'src/robot_controller' with type 'ros.ament_cmake' and name 'robot_controller'[0m
[0.167s] [34mcolcon.colcon_core.package_identification[0m [1;30mLevel 1[0m _identify(src/robot_description) by extensions ['ignore', 'ignore_ament_install']
[0.167s] [34mcolcon.colcon_core.package_identification[0m [1;30mLevel 1[0m _identify(src/robot_description) by extension 'ignore'
[0.167s] [34mcolcon.colcon_core.package_identification[0m [1;30mLevel 1[0m _identify(src/robot_description) by extension 'ignore_ament_install'
[0.167s] [34mcolcon.colcon_core.package_identification[0m [1;30mLevel 1[0m _identify(src/robot_description) by extensions ['colcon_pkg']
[0.167s] [34mcolcon.colcon_core.package_identification[0m [1;30mLevel 1[0m _identify(src/robot_description) by extension 'colcon_pkg'
[0.167s] [34mcolcon.colcon_core.package_identification[0m [1;30mLevel 1[0m _identify(src/robot_description) by extensions ['colcon_meta']
[0.167s] [34mcolcon.colcon_core.package_identification[0m [1;30mLevel 1[0m _identify(src/robot_description) by extension 'colcon_meta'
[0.167s] [34mcolcon.colcon_core.package_identification[0m [1;30mLevel 1[0m _identify(src/robot_description) by extensions ['ros']
[0.167s] [34mcolcon.colcon_core.package_identification[0m [1;30mLevel 1[0m _identify(src/robot_description) by extension 'ros'
[0.167s] [34mcolcon.colcon_core.package_identification[0m [1;30mDEBUG[0m [32mPackage 'src/robot_description' with type 'ros.ament_cmake' and name 'robot_description'[0m
[0.168s] [34mcolcon.colcon_core.package_identification[0m [1;30mLevel 1[0m _identify(src/robot_moveit) by extensions ['ignore', 'ignore_ament_install']
[0.168s] [34mcolcon.colcon_core.package_identification[0m [1;30mLevel 1[0m _identify(src/robot_moveit) by extension 'ignore'
[0.168s] [34mcolcon.colcon_core.package_identification[0m [1;30mLevel 1[0m _identify(src/robot_moveit) by extension 'ignore_ament_install'
[0.168s] [34mcolcon.colcon_core.package_identification[0m [1;30mLevel 1[0m _identify(src/robot_moveit) by extensions ['colcon_pkg']
[0.168s] [34mcolcon.colcon_core.package_identification[0m [1;30mLevel 1[0m _identify(src/robot_moveit) by extension 'colcon_pkg'
[0.168s] [34mcolcon.colcon_core.package_identification[0m [1;30mLevel 1[0m _identify(src/robot_moveit) by extensions ['colcon_meta']
[0.168s] [34mcolcon.colcon_core.package_identification[0m [1;30mLevel 1[0m _identify(src/robot_moveit) by extension 'colcon_meta'
[0.168s] [34mcolcon.colcon_core.package_identification[0m [1;30mLevel 1[0m _identify(src/robot_moveit) by extensions ['ros']
[0.168s] [34mcolcon.colcon_core.package_identification[0m [1;30mLevel 1[0m _identify(src/robot_moveit) by extension 'ros'
[0.168s] [34mcolcon.colcon_core.package_identification[0m [1;30mDEBUG[0m [32mPackage 'src/robot_moveit' with type 'ros.ament_cmake' and name 'robot_moveit'[0m
[0.168s] [34mcolcon.colcon_core.package_identification[0m [1;30mLevel 1[0m _identify(src/robot_msgs) by extensions ['ignore', 'ignore_ament_install']
[0.168s] [34mcolcon.colcon_core.package_identification[0m [1;30mLevel 1[0m _identify(src/robot_msgs) by extension 'ignore'
[0.169s] [34mcolcon.colcon_core.package_identification[0m [1;30mLevel 1[0m _identify(src/robot_msgs) by extension 'ignore_ament_install'
[0.169s] [34mcolcon.colcon_core.package_identification[0m [1;30mLevel 1[0m _identify(src/robot_msgs) by extensions ['colcon_pkg']
[0.169s] [34mcolcon.colcon_core.package_identification[0m [1;30mLevel 1[0m _identify(src/robot_msgs) by extension 'colcon_pkg'
[0.169s] [34mcolcon.colcon_core.package_identification[0m [1;30mLevel 1[0m _identify(src/robot_msgs) by extensions ['colcon_meta']
[0.169s] [34mcolcon.colcon_core.package_identification[0m [1;30mLevel 1[0m _identify(src/robot_msgs) by extension 'colcon_meta'
[0.169s] [34mcolcon.colcon_core.package_identification[0m [1;30mLevel 1[0m _identify(src/robot_msgs) by extensions ['ros']
[0.169s] [34mcolcon.colcon_core.package_identification[0m [1;30mLevel 1[0m _identify(src/robot_msgs) by extension 'ros'
[0.169s] [34mcolcon.colcon_core.package_identification[0m [1;30mDEBUG[0m [32mPackage 'src/robot_msgs' with type 'ros.ament_cmake' and name 'robot_msgs'[0m
[0.169s] [34mcolcon.colcon_core.package_identification[0m [1;30mLevel 1[0m _identify(src/robot_services) by extensions ['ignore', 'ignore_ament_install']
[0.169s] [34mcolcon.colcon_core.package_identification[0m [1;30mLevel 1[0m _identify(src/robot_services) by extension 'ignore'
[0.169s] [34mcolcon.colcon_core.package_identification[0m [1;30mLevel 1[0m _identify(src/robot_services) by extension 'ignore_ament_install'
[0.170s] [34mcolcon.colcon_core.package_identification[0m [1;30mLevel 1[0m _identify(src/robot_services) by extensions ['colcon_pkg']
[0.170s] [34mcolcon.colcon_core.package_identification[0m [1;30mLevel 1[0m _identify(src/robot_services) by extension 'colcon_pkg'
[0.170s] [34mcolcon.colcon_core.package_identification[0m [1;30mLevel 1[0m _identify(src/robot_services) by extensions ['colcon_meta']
[0.170s] [34mcolcon.colcon_core.package_identification[0m [1;30mLevel 1[0m _identify(src/robot_services) by extension 'colcon_meta'
[0.170s] [34mcolcon.colcon_core.package_identification[0m [1;30mLevel 1[0m _identify(src/robot_services) by extensions ['ros']
[0.170s] [34mcolcon.colcon_core.package_identification[0m [1;30mLevel 1[0m _identify(src/robot_services) by extension 'ros'
[0.171s] [34mcolcon.colcon_core.package_identification[0m [1;30mDEBUG[0m [32mPackage 'src/robot_services' with type 'ros.ament_cmake' and name 'robot_services'[0m
[0.171s] [34mcolcon.colcon_core.package_discovery[0m [1;30mLevel 1[0m discover_packages(recursive) using defaults
[0.171s] [34mcolcon.colcon_core.package_discovery[0m [1;30mLevel 1[0m discover_packages(ignore) discover
[0.171s] [34mcolcon.colcon_core.package_discovery[0m [1;30mLevel 1[0m discover_packages(ignore) using defaults
[0.171s] [34mcolcon.colcon_core.package_discovery[0m [1;30mLevel 1[0m discover_packages(path) discover
[0.171s] [34mcolcon.colcon_core.package_discovery[0m [1;30mLevel 1[0m discover_packages(path) using defaults
[0.186s] [34mcolcon.colcon_core.package_discovery[0m [1;30mLevel 1[0m discover_packages(prefix_path) check parameters
[0.186s] [34mcolcon.colcon_core.package_discovery[0m [1;30mLevel 1[0m discover_packages(prefix_path) discover
[0.188s] [34mcolcon.colcon_installed_package_information.package_discovery[0m [1;30mDEBUG[0m [32mFound 7 installed packages in /home/raz/projects/astroscale/ros2_ws/install[0m
[0.189s] [34mcolcon.colcon_installed_package_information.package_discovery[0m [1;30mDEBUG[0m [32mFound 5 installed packages in /home/raz/projects/ros2_advanced_concepts/ros2_ws/install[0m
[0.189s] [34mcolcon.colcon_installed_package_information.package_discovery[0m [1;30mDEBUG[0m [32mFound 10 installed packages in /home/raz/projects/manipulator-project/arduinobot_ws/install[0m
[0.190s] [34mcolcon.colcon_installed_package_information.package_discovery[0m [1;30mDEBUG[0m [32mFound 2 installed packages in /home/raz/ros2_ws/install[0m
[0.190s] [34mcolcon.colcon_installed_package_information.package_discovery[0m [1;30mDEBUG[0m [32mFound 2 installed packages in /home/raz/projects/ros2_robotics_simulation/ros2_ws/install[0m
[0.192s] [34mcolcon.colcon_installed_package_information.package_discovery[0m [1;30mDEBUG[0m [32mFound 447 installed packages in /opt/ros/humble[0m
[0.194s] [34mcolcon.colcon_core.package_discovery[0m [1;30mLevel 1[0m discover_packages(prefix_path) using defaults
[0.250s] [34mcolcon.colcon_core.verb[0m [1;30mLevel 5[0m set package 'robot_description' build argument 'cmake_args' from command line to 'None'
[0.251s] [34mcolcon.colcon_core.verb[0m [1;30mLevel 5[0m set package 'robot_description' build argument 'cmake_target' from command line to 'None'
[0.251s] [34mcolcon.colcon_core.verb[0m [1;30mLevel 5[0m set package 'robot_description' build argument 'cmake_target_skip_unavailable' from command line to 'False'
[0.251s] [34mcolcon.colcon_core.verb[0m [1;30mLevel 5[0m set package 'robot_description' build argument 'cmake_clean_cache' from command line to 'False'
[0.251s] [34mcolcon.colcon_core.verb[0m [1;30mLevel 5[0m set package 'robot_description' build argument 'cmake_clean_first' from command line to 'False'
[0.251s] [34mcolcon.colcon_core.verb[0m [1;30mLevel 5[0m set package 'robot_description' build argument 'cmake_force_configure' from command line to 'False'
[0.251s] [34mcolcon.colcon_core.verb[0m [1;30mLevel 5[0m set package 'robot_description' build argument 'ament_cmake_args' from command line to 'None'
[0.251s] [34mcolcon.colcon_core.verb[0m [1;30mLevel 5[0m set package 'robot_description' build argument 'catkin_cmake_args' from command line to 'None'
[0.251s] [34mcolcon.colcon_core.verb[0m [1;30mLevel 5[0m set package 'robot_description' build argument 'catkin_skip_building_tests' from command line to 'False'
[0.251s] [34mcolcon.colcon_core.verb[0m [1;30mDEBUG[0m [32mBuilding package 'robot_description' with the following arguments: {'ament_cmake_args': None, 'build_base': '/home/raz/projects/astroscale/ros2_ws/build/robot_description', 'catkin_cmake_args': None, 'catkin_skip_building_tests': False, 'cmake_args': None, 'cmake_clean_cache': False, 'cmake_clean_first': False, 'cmake_force_configure': False, 'cmake_target': None, 'cmake_target_skip_unavailable': False, 'install_base': '/home/raz/projects/astroscale/ros2_ws/install/robot_description', 'merge_install': False, 'path': '/home/raz/projects/astroscale/ros2_ws/src/robot_description', 'symlink_install': False, 'test_result_base': None}[0m
[0.251s] [34mcolcon.colcon_core.verb[0m [1;30mLevel 5[0m set package 'robot_moveit' build argument 'cmake_args' from command line to 'None'
[0.251s] [34mcolcon.colcon_core.verb[0m [1;30mLevel 5[0m set package 'robot_moveit' build argument 'cmake_target' from command line to 'None'
[0.251s] [34mcolcon.colcon_core.verb[0m [1;30mLevel 5[0m set package 'robot_moveit' build argument 'cmake_target_skip_unavailable' from command line to 'False'
[0.251s] [34mcolcon.colcon_core.verb[0m [1;30mLevel 5[0m set package 'robot_moveit' build argument 'cmake_clean_cache' from command line to 'False'
[0.251s] [34mcolcon.colcon_core.verb[0m [1;30mLevel 5[0m set package 'robot_moveit' build argument 'cmake_clean_first' from command line to 'False'
[0.251s] [34mcolcon.colcon_core.verb[0m [1;30mLevel 5[0m set package 'robot_moveit' build argument 'cmake_force_configure' from command line to 'False'
[0.251s] [34mcolcon.colcon_core.verb[0m [1;30mLevel 5[0m set package 'robot_moveit' build argument 'ament_cmake_args' from command line to 'None'
[0.251s] [34mcolcon.colcon_core.verb[0m [1;30mLevel 5[0m set package 'robot_moveit' build argument 'catkin_cmake_args' from command line to 'None'
[0.251s] [34mcolcon.colcon_core.verb[0m [1;30mLevel 5[0m set package 'robot_moveit' build argument 'catkin_skip_building_tests' from command line to 'False'
[0.251s] [34mcolcon.colcon_core.verb[0m [1;30mDEBUG[0m [32mBuilding package 'robot_moveit' with the following arguments: {'ament_cmake_args': None, 'build_base': '/home/raz/projects/astroscale/ros2_ws/build/robot_moveit', 'catkin_cmake_args': None, 'catkin_skip_building_tests': False, 'cmake_args': None, 'cmake_clean_cache': False, 'cmake_clean_first': False, 'cmake_force_configure': False, 'cmake_target': None, 'cmake_target_skip_unavailable': False, 'install_base': '/home/raz/projects/astroscale/ros2_ws/install/robot_moveit', 'merge_install': False, 'path': '/home/raz/projects/astroscale/ros2_ws/src/robot_moveit', 'symlink_install': False, 'test_result_base': None}[0m
[0.252s] [34mcolcon.colcon_core.verb[0m [1;30mLevel 5[0m set package 'robot_msgs' build argument 'cmake_args' from command line to 'None'
[0.252s] [34mcolcon.colcon_core.verb[0m [1;30mLevel 5[0m set package 'robot_msgs' build argument 'cmake_target' from command line to 'None'
[0.252s] [34mcolcon.colcon_core.verb[0m [1;30mLevel 5[0m set package 'robot_msgs' build argument 'cmake_target_skip_unavailable' from command line to 'False'
[0.252s] [34mcolcon.colcon_core.verb[0m [1;30mLevel 5[0m set package 'robot_msgs' build argument 'cmake_clean_cache' from command line to 'False'
[0.252s] [34mcolcon.colcon_core.verb[0m [1;30mLevel 5[0m set package 'robot_msgs' build argument 'cmake_clean_first' from command line to 'False'
[0.252s] [34mcolcon.colcon_core.verb[0m [1;30mLevel 5[0m set package 'robot_msgs' build argument 'cmake_force_configure' from command line to 'False'
[0.252s] [34mcolcon.colcon_core.verb[0m [1;30mLevel 5[0m set package 'robot_msgs' build argument 'ament_cmake_args' from command line to 'None'
[0.252s] [34mcolcon.colcon_core.verb[0m [1;30mLevel 5[0m set package 'robot_msgs' build argument 'catkin_cmake_args' from command line to 'None'
[0.252s] [34mcolcon.colcon_core.verb[0m [1;30mLevel 5[0m set package 'robot_msgs' build argument 'catkin_skip_building_tests' from command line to 'False'
[0.252s] [34mcolcon.colcon_core.verb[0m [1;30mDEBUG[0m [32mBuilding package 'robot_msgs' with the following arguments: {'ament_cmake_args': None, 'build_base': '/home/raz/projects/astroscale/ros2_ws/build/robot_msgs', 'catkin_cmake_args': None, 'catkin_skip_building_tests': False, 'cmake_args': None, 'cmake_clean_cache': False, 'cmake_clean_first': False, 'cmake_force_configure': False, 'cmake_target': None, 'cmake_target_skip_unavailable': False, 'install_base': '/home/raz/projects/astroscale/ros2_ws/install/robot_msgs', 'merge_install': False, 'path': '/home/raz/projects/astroscale/ros2_ws/src/robot_msgs', 'symlink_install': False, 'test_result_base': None}[0m
[0.252s] [34mcolcon.colcon_core.verb[0m [1;30mLevel 5[0m set package 'robot_controller' build argument 'cmake_args' from command line to 'None'
[0.252s] [34mcolcon.colcon_core.verb[0m [1;30mLevel 5[0m set package 'robot_controller' build argument 'cmake_target' from command line to 'None'
[0.252s] [34mcolcon.colcon_core.verb[0m [1;30mLevel 5[0m set package 'robot_controller' build argument 'cmake_target_skip_unavailable' from command line to 'False'
[0.252s] [34mcolcon.colcon_core.verb[0m [1;30mLevel 5[0m set package 'robot_controller' build argument 'cmake_clean_cache' from command line to 'False'
[0.252s] [34mcolcon.colcon_core.verb[0m [1;30mLevel 5[0m set package 'robot_controller' build argument 'cmake_clean_first' from command line to 'False'
[0.252s] [34mcolcon.colcon_core.verb[0m [1;30mLevel 5[0m set package 'robot_controller' build argument 'cmake_force_configure' from command line to 'False'
[0.252s] [34mcolcon.colcon_core.verb[0m [1;30mLevel 5[0m set package 'robot_controller' build argument 'ament_cmake_args' from command line to 'None'
[0.252s] [34mcolcon.colcon_core.verb[0m [1;30mLevel 5[0m set package 'robot_controller' build argument 'catkin_cmake_args' from command line to 'None'
[0.252s] [34mcolcon.colcon_core.verb[0m [1;30mLevel 5[0m set package 'robot_controller' build argument 'catkin_skip_building_tests' from command line to 'False'
[0.252s] [34mcolcon.colcon_core.verb[0m [1;30mDEBUG[0m [32mBuilding package 'robot_controller' with the following arguments: {'ament_cmake_args': None, 'build_base': '/home/raz/projects/astroscale/ros2_ws/build/robot_controller', 'catkin_cmake_args': None, 'catkin_skip_building_tests': False, 'cmake_args': None, 'cmake_clean_cache': False, 'cmake_clean_first': False, 'cmake_force_configure': False, 'cmake_target': None, 'cmake_target_skip_unavailable': False, 'install_base': '/home/raz/projects/astroscale/ros2_ws/install/robot_controller', 'merge_install': False, 'path': '/home/raz/projects/astroscale/ros2_ws/src/robot_controller', 'symlink_install': False, 'test_result_base': None}[0m
[0.253s] [34mcolcon.colcon_core.verb[0m [1;30mLevel 5[0m set package 'robot_services' build argument 'cmake_args' from command line to 'None'
[0.253s] [34mcolcon.colcon_core.verb[0m [1;30mLevel 5[0m set package 'robot_services' build argument 'cmake_target' from command line to 'None'
[0.253s] [34mcolcon.colcon_core.verb[0m [1;30mLevel 5[0m set package 'robot_services' build argument 'cmake_target_skip_unavailable' from command line to 'False'
[0.253s] [34mcolcon.colcon_core.verb[0m [1;30mLevel 5[0m set package 'robot_services' build argument 'cmake_clean_cache' from command line to 'False'
[0.253s] [34mcolcon.colcon_core.verb[0m [1;30mLevel 5[0m set package 'robot_services' build argument 'cmake_clean_first' from command line to 'False'
[0.253s] [34mcolcon.colcon_core.verb[0m [1;30mLevel 5[0m set package 'robot_services' build argument 'cmake_force_configure' from command line to 'False'
[0.253s] [34mcolcon.colcon_core.verb[0m [1;30mLevel 5[0m set package 'robot_services' build argument 'ament_cmake_args' from command line to 'None'
[0.253s] [34mcolcon.colcon_core.verb[0m [1;30mLevel 5[0m set package 'robot_services' build argument 'catkin_cmake_args' from command line to 'None'
[0.253s] [34mcolcon.colcon_core.verb[0m [1;30mLevel 5[0m set package 'robot_services' build argument 'catkin_skip_building_tests' from command line to 'False'
[0.253s] [34mcolcon.colcon_core.verb[0m [1;30mDEBUG[0m [32mBuilding package 'robot_services' with the following arguments: {'ament_cmake_args': None, 'build_base': '/home/raz/projects/astroscale/ros2_ws/build/robot_services', 'catkin_cmake_args': None, 'catkin_skip_building_tests': False, 'cmake_args': None, 'cmake_clean_cache': False, 'cmake_clean_first': False, 'cmake_force_configure': False, 'cmake_target': None, 'cmake_target_skip_unavailable': False, 'install_base': '/home/raz/projects/astroscale/ros2_ws/install/robot_services', 'merge_install': False, 'path': '/home/raz/projects/astroscale/ros2_ws/src/robot_services', 'symlink_install': False, 'test_result_base': None}[0m
[0.253s] [34mcolcon.colcon_core.verb[0m [1;30mLevel 5[0m set package 'robot_bringup' build argument 'cmake_args' from command line to 'None'
[0.253s] [34mcolcon.colcon_core.verb[0m [1;30mLevel 5[0m set package 'robot_bringup' build argument 'cmake_target' from command line to 'None'
[0.253s] [34mcolcon.colcon_core.verb[0m [1;30mLevel 5[0m set package 'robot_bringup' build argument 'cmake_target_skip_unavailable' from command line to 'False'
[0.253s] [34mcolcon.colcon_core.verb[0m [1;30mLevel 5[0m set package 'robot_bringup' build argument 'cmake_clean_cache' from command line to 'False'
[0.253s] [34mcolcon.colcon_core.verb[0m [1;30mLevel 5[0m set package 'robot_bringup' build argument 'cmake_clean_first' from command line to 'False'
[0.253s] [34mcolcon.colcon_core.verb[0m [1;30mLevel 5[0m set package 'robot_bringup' build argument 'cmake_force_configure' from command line to 'False'
[0.253s] [34mcolcon.colcon_core.verb[0m [1;30mLevel 5[0m set package 'robot_bringup' build argument 'ament_cmake_args' from command line to 'None'
[0.253s] [34mcolcon.colcon_core.verb[0m [1;30mLevel 5[0m set package 'robot_bringup' build argument 'catkin_cmake_args' from command line to 'None'
[0.253s] [34mcolcon.colcon_core.verb[0m [1;30mLevel 5[0m set package 'robot_bringup' build argument 'catkin_skip_building_tests' from command line to 'False'
[0.253s] [34mcolcon.colcon_core.verb[0m [1;30mDEBUG[0m [32mBuilding package 'robot_bringup' with the following arguments: {'ament_cmake_args': None, 'build_base': '/home/raz/projects/astroscale/ros2_ws/build/robot_bringup', 'catkin_cmake_args': None, 'catkin_skip_building_tests': False, 'cmake_args': None, 'cmake_clean_cache': False, 'cmake_clean_first': False, 'cmake_force_configure': False, 'cmake_target': None, 'cmake_target_skip_unavailable': False, 'install_base': '/home/raz/projects/astroscale/ros2_ws/install/robot_bringup', 'merge_install': False, 'path': '/home/raz/projects/astroscale/ros2_ws/src/robot_bringup', 'symlink_install': False, 'test_result_base': None}[0m
[0.254s] [34mcolcon.colcon_core.executor[0m [1;30mINFO[0m Executing jobs using 'parallel' executor
[0.255s] [34mcolcon.colcon_parallel_executor.executor.parallel[0m [1;30mDEBUG[0m [32mrun_until_complete[0m
[0.255s] [34mcolcon.colcon_ros.task.ament_cmake.build[0m [1;30mINFO[0m Building ROS package in '/home/raz/projects/astroscale/ros2_ws/src/robot_description' with build type 'ament_cmake'
[0.255s] [34mcolcon.colcon_cmake.task.cmake.build[0m [1;30mINFO[0m Building CMake package in '/home/raz/projects/astroscale/ros2_ws/src/robot_description'
[0.257s] [34mcolcon.colcon_core.plugin_system[0m [1;30mINFO[0m Skipping extension 'colcon_core.shell.bat': Not used on non-Windows systems
[0.257s] [34mcolcon.colcon_core.shell[0m [1;30mINFO[0m Skip shell extension 'powershell' for command environment: Not usable outside of PowerShell
[0.257s] [34mcolcon.colcon_core.shell[0m [1;30mDEBUG[0m [32mSkip shell extension 'dsv' for command environment[0m
[0.262s] [34mcolcon.colcon_ros.task.ament_cmake.build[0m [1;30mINFO[0m Building ROS package in '/home/raz/projects/astroscale/ros2_ws/src/robot_msgs' with build type 'ament_cmake'
[0.262s] [34mcolcon.colcon_cmake.task.cmake.build[0m [1;30mINFO[0m Building CMake package in '/home/raz/projects/astroscale/ros2_ws/src/robot_msgs'
[0.262s] [34mcolcon.colcon_core.shell[0m [1;30mINFO[0m Skip shell extension 'powershell' for command environment: Not usable outside of PowerShell
[0.262s] [34mcolcon.colcon_core.shell[0m [1;30mDEBUG[0m [32mSkip shell extension 'dsv' for command environment[0m
[0.267s] [34mcolcon.colcon_ros.task.ament_cmake.build[0m [1;30mINFO[0m Building ROS package in '/home/raz/projects/astroscale/ros2_ws/src/robot_moveit' with build type 'ament_cmake'
[0.268s] [34mcolcon.colcon_cmake.task.cmake.build[0m [1;30mINFO[0m Building CMake package in '/home/raz/projects/astroscale/ros2_ws/src/robot_moveit'
[0.268s] [34mcolcon.colcon_core.shell[0m [1;30mINFO[0m Skip shell extension 'powershell' for command environment: Not usable outside of PowerShell
[0.268s] [34mcolcon.colcon_core.shell[0m [1;30mDEBUG[0m [32mSkip shell extension 'dsv' for command environment[0m
[0.276s] [34mcolcon.colcon_core.event_handler.log_command[0m [1;30mDEBUG[0m [32mInvoking command in '/home/raz/projects/astroscale/ros2_ws/build/robot_description': CMAKE_PREFIX_PATH=${CMAKE_PREFIX_PATH}:/home/raz/projects/ros2_advanced_concepts/ros2_ws/install/challenge_py:/home/raz/projects/ros2_advanced_concepts/ros2_ws/install/actions_py:/home/raz/ros2_ws/install/centerofmass_detection:/home/raz/projects/manipulator-project/arduinobot_ws/install/arduinobot_py_examples:/opt/ros/humble /usr/local/bin/cmake --build /home/raz/projects/astroscale/ros2_ws/build/robot_description -- -j12 -l12[0m
[0.283s] [34mcolcon.colcon_core.event_handler.log_command[0m [1;30mDEBUG[0m [32mInvoking command in '/home/raz/projects/astroscale/ros2_ws/build/robot_msgs': CMAKE_PREFIX_PATH=${CMAKE_PREFIX_PATH}:/home/raz/projects/ros2_advanced_concepts/ros2_ws/install/challenge_py:/home/raz/projects/ros2_advanced_concepts/ros2_ws/install/actions_py:/home/raz/ros2_ws/install/centerofmass_detection:/home/raz/projects/manipulator-project/arduinobot_ws/install/arduinobot_py_examples:/opt/ros/humble /usr/local/bin/cmake --build /home/raz/projects/astroscale/ros2_ws/build/robot_msgs -- -j12 -l12[0m
[0.286s] [34mcolcon.colcon_core.event_handler.log_command[0m [1;30mDEBUG[0m [32mInvoking command in '/home/raz/projects/astroscale/ros2_ws/build/robot_moveit': CMAKE_PREFIX_PATH=${CMAKE_PREFIX_PATH}:/home/raz/projects/ros2_advanced_concepts/ros2_ws/install/challenge_py:/home/raz/projects/ros2_advanced_concepts/ros2_ws/install/actions_py:/home/raz/ros2_ws/install/centerofmass_detection:/home/raz/projects/manipulator-project/arduinobot_ws/install/arduinobot_py_examples:/opt/ros/humble /usr/local/bin/cmake --build /home/raz/projects/astroscale/ros2_ws/build/robot_moveit -- -j12 -l12[0m
[0.287s] [34mcolcon.colcon_core.event_handler.log_command[0m [1;30mDEBUG[0m [32mInvoked command in '/home/raz/projects/astroscale/ros2_ws/build/robot_description' returned '0': CMAKE_PREFIX_PATH=${CMAKE_PREFIX_PATH}:/home/raz/projects/ros2_advanced_concepts/ros2_ws/install/challenge_py:/home/raz/projects/ros2_advanced_concepts/ros2_ws/install/actions_py:/home/raz/ros2_ws/install/centerofmass_detection:/home/raz/projects/manipulator-project/arduinobot_ws/install/arduinobot_py_examples:/opt/ros/humble /usr/local/bin/cmake --build /home/raz/projects/astroscale/ros2_ws/build/robot_description -- -j12 -l12[0m
[0.290s] [34mcolcon.colcon_core.event_handler.log_command[0m [1;30mDEBUG[0m [32mInvoking command in '/home/raz/projects/astroscale/ros2_ws/build/robot_description': CMAKE_PREFIX_PATH=${CMAKE_PREFIX_PATH}:/home/raz/projects/ros2_advanced_concepts/ros2_ws/install/challenge_py:/home/raz/projects/ros2_advanced_concepts/ros2_ws/install/actions_py:/home/raz/ros2_ws/install/centerofmass_detection:/home/raz/projects/manipulator-project/arduinobot_ws/install/arduinobot_py_examples:/opt/ros/humble /usr/local/bin/cmake --install /home/raz/projects/astroscale/ros2_ws/build/robot_description[0m
[0.294s] [34mcolcon.colcon_core.event_handler.log_command[0m [1;30mDEBUG[0m [32mInvoked command in '/home/raz/projects/astroscale/ros2_ws/build/robot_moveit' returned '0': CMAKE_PREFIX_PATH=${CMAKE_PREFIX_PATH}:/home/raz/projects/ros2_advanced_concepts/ros2_ws/install/challenge_py:/home/raz/projects/ros2_advanced_concepts/ros2_ws/install/actions_py:/home/raz/ros2_ws/install/centerofmass_detection:/home/raz/projects/manipulator-project/arduinobot_ws/install/arduinobot_py_examples:/opt/ros/humble /usr/local/bin/cmake --build /home/raz/projects/astroscale/ros2_ws/build/robot_moveit -- -j12 -l12[0m
[0.295s] [34mcolcon.colcon_core.event_handler.log_command[0m [1;30mDEBUG[0m [32mInvoking command in '/home/raz/projects/astroscale/ros2_ws/build/robot_moveit': CMAKE_PREFIX_PATH=${CMAKE_PREFIX_PATH}:/home/raz/projects/ros2_advanced_concepts/ros2_ws/install/challenge_py:/home/raz/projects/ros2_advanced_concepts/ros2_ws/install/actions_py:/home/raz/ros2_ws/install/centerofmass_detection:/home/raz/projects/manipulator-project/arduinobot_ws/install/arduinobot_py_examples:/opt/ros/humble /usr/local/bin/cmake --install /home/raz/projects/astroscale/ros2_ws/build/robot_moveit[0m
[0.296s] [34mcolcon.colcon_core.environment[0m [1;30mLevel 1[0m create_environment_scripts_only(robot_description)
[0.297s] [34mcolcon.colcon_core.event_handler.log_command[0m [1;30mDEBUG[0m [32mInvoked command in '/home/raz/projects/astroscale/ros2_ws/build/robot_description' returned '0': CMAKE_PREFIX_PATH=${CMAKE_PREFIX_PATH}:/home/raz/projects/ros2_advanced_concepts/ros2_ws/install/challenge_py:/home/raz/projects/ros2_advanced_concepts/ros2_ws/install/actions_py:/home/raz/ros2_ws/install/centerofmass_detection:/home/raz/projects/manipulator-project/arduinobot_ws/install/arduinobot_py_examples:/opt/ros/humble /usr/local/bin/cmake --install /home/raz/projects/astroscale/ros2_ws/build/robot_description[0m
[0.301s] [34mcolcon.colcon_core.environment[0m [1;30mLevel 1[0m checking '/home/raz/projects/astroscale/ros2_ws/install/robot_description' for CMake module files
[0.302s] [34mcolcon.colcon_core.environment[0m [1;30mLevel 1[0m checking '/home/raz/projects/astroscale/ros2_ws/install/robot_description' for CMake config files
[0.302s] [34mcolcon.colcon_core.shell[0m [1;30mLevel 1[0m create_environment_hook('robot_description', 'cmake_prefix_path')
[0.302s] [34mcolcon.colcon_core.shell[0m [1;30mINFO[0m Creating environment hook '/home/raz/projects/astroscale/ros2_ws/install/robot_description/share/robot_description/hook/cmake_prefix_path.ps1'
[0.303s] [34mcolcon.colcon_core.shell[0m [1;30mINFO[0m Creating environment descriptor '/home/raz/projects/astroscale/ros2_ws/install/robot_description/share/robot_description/hook/cmake_prefix_path.dsv'
[0.303s] [34mcolcon.colcon_core.shell[0m [1;30mINFO[0m Creating environment hook '/home/raz/projects/astroscale/ros2_ws/install/robot_description/share/robot_description/hook/cmake_prefix_path.sh'
[0.304s] [34mcolcon.colcon_core.environment[0m [1;30mLevel 1[0m checking '/home/raz/projects/astroscale/ros2_ws/install/robot_description/bin'
[0.304s] [34mcolcon.colcon_core.environment[0m [1;30mLevel 1[0m checking '/home/raz/projects/astroscale/ros2_ws/install/robot_description/lib/pkgconfig/robot_description.pc'
[0.304s] [34mcolcon.colcon_core.environment[0m [1;30mLevel 1[0m checking '/home/raz/projects/astroscale/ros2_ws/install/robot_description/lib/python3.10/site-packages'
[0.304s] [34mcolcon.colcon_core.environment[0m [1;30mLevel 1[0m checking '/home/raz/projects/astroscale/ros2_ws/install/robot_description/bin'
[0.304s] [34mcolcon.colcon_core.shell[0m [1;30mINFO[0m Creating package script '/home/raz/projects/astroscale/ros2_ws/install/robot_description/share/robot_description/package.ps1'
[0.305s] [34mcolcon.colcon_core.shell[0m [1;30mINFO[0m Creating package descriptor '/home/raz/projects/astroscale/ros2_ws/install/robot_description/share/robot_description/package.dsv'
[0.305s] [34mcolcon.colcon_core.shell[0m [1;30mINFO[0m Creating package script '/home/raz/projects/astroscale/ros2_ws/install/robot_description/share/robot_description/package.sh'
[0.306s] [34mcolcon.colcon_core.shell[0m [1;30mINFO[0m Creating package script '/home/raz/projects/astroscale/ros2_ws/install/robot_description/share/robot_description/package.bash'
[0.307s] [34mcolcon.colcon_core.shell[0m [1;30mINFO[0m Creating package script '/home/raz/projects/astroscale/ros2_ws/install/robot_description/share/robot_description/package.zsh'
[0.307s] [34mcolcon.colcon_core.environment[0m [1;30mLevel 1[0m create_file_with_runtime_dependencies(/home/raz/projects/astroscale/ros2_ws/install/robot_description/share/colcon-core/packages/robot_description)
[0.308s] [34mcolcon.colcon_core.environment[0m [1;30mLevel 1[0m create_environment_scripts_only(robot_description)
[0.308s] [34mcolcon.colcon_core.environment[0m [1;30mLevel 1[0m checking '/home/raz/projects/astroscale/ros2_ws/install/robot_description' for CMake module files
[0.308s] [34mcolcon.colcon_core.environment[0m [1;30mLevel 1[0m checking '/home/raz/projects/astroscale/ros2_ws/install/robot_description' for CMake config files
[0.308s] [34mcolcon.colcon_core.shell[0m [1;30mLevel 1[0m create_environment_hook('robot_description', 'cmake_prefix_path')
[0.309s] [34mcolcon.colcon_core.shell[0m [1;30mINFO[0m Creating environment hook '/home/raz/projects/astroscale/ros2_ws/install/robot_description/share/robot_description/hook/cmake_prefix_path.ps1'
[0.309s] [34mcolcon.colcon_core.shell[0m [1;30mINFO[0m Creating environment descriptor '/home/raz/projects/astroscale/ros2_ws/install/robot_description/share/robot_description/hook/cmake_prefix_path.dsv'
[0.309s] [34mcolcon.colcon_core.shell[0m [1;30mINFO[0m Creating environment hook '/home/raz/projects/astroscale/ros2_ws/install/robot_description/share/robot_description/hook/cmake_prefix_path.sh'
[0.310s] [34mcolcon.colcon_core.environment[0m [1;30mLevel 1[0m checking '/home/raz/projects/astroscale/ros2_ws/install/robot_description/bin'
[0.310s] [34mcolcon.colcon_core.environment[0m [1;30mLevel 1[0m checking '/home/raz/projects/astroscale/ros2_ws/install/robot_description/lib/pkgconfig/robot_description.pc'
[0.310s] [34mcolcon.colcon_core.environment[0m [1;30mLevel 1[0m checking '/home/raz/projects/astroscale/ros2_ws/install/robot_description/lib/python3.10/site-packages'
[0.310s] [34mcolcon.colcon_core.environment[0m [1;30mLevel 1[0m checking '/home/raz/projects/astroscale/ros2_ws/install/robot_description/bin'
[0.310s] [34mcolcon.colcon_core.shell[0m [1;30mINFO[0m Creating package script '/home/raz/projects/astroscale/ros2_ws/install/robot_description/share/robot_description/package.ps1'
[0.311s] [34mcolcon.colcon_core.shell[0m [1;30mINFO[0m Creating package descriptor '/home/raz/projects/astroscale/ros2_ws/install/robot_description/share/robot_description/package.dsv'
[0.311s] [34mcolcon.colcon_core.shell[0m [1;30mINFO[0m Creating package script '/home/raz/projects/astroscale/ros2_ws/install/robot_description/share/robot_description/package.sh'
[0.311s] [34mcolcon.colcon_core.shell[0m [1;30mINFO[0m Creating package script '/home/raz/projects/astroscale/ros2_ws/install/robot_description/share/robot_description/package.bash'
[0.312s] [34mcolcon.colcon_core.shell[0m [1;30mINFO[0m Creating package script '/home/raz/projects/astroscale/ros2_ws/install/robot_description/share/robot_description/package.zsh'
[0.312s] [34mcolcon.colcon_core.environment[0m [1;30mLevel 1[0m create_file_with_runtime_dependencies(/home/raz/projects/astroscale/ros2_ws/install/robot_description/share/colcon-core/packages/robot_description)
[0.312s] [34mcolcon.colcon_ros.task.ament_cmake.build[0m [1;30mINFO[0m Building ROS package in '/home/raz/projects/astroscale/ros2_ws/src/robot_controller' with build type 'ament_cmake'
[0.313s] [34mcolcon.colcon_cmake.task.cmake.build[0m [1;30mINFO[0m Building CMake package in '/home/raz/projects/astroscale/ros2_ws/src/robot_controller'
[0.313s] [34mcolcon.colcon_core.shell[0m [1;30mINFO[0m Skip shell extension 'powershell' for command environment: Not usable outside of PowerShell
[0.313s] [34mcolcon.colcon_core.shell[0m [1;30mDEBUG[0m [32mSkip shell extension 'dsv' for command environment[0m
[0.319s] [34mcolcon.colcon_core.environment[0m [1;30mLevel 1[0m create_environment_scripts_only(robot_moveit)
[0.319s] [34mcolcon.colcon_core.environment[0m [1;30mLevel 1[0m checking '/home/raz/projects/astroscale/ros2_ws/install/robot_moveit' for CMake module files
[0.319s] [34mcolcon.colcon_core.event_handler.log_command[0m [1;30mDEBUG[0m [32mInvoked command in '/home/raz/projects/astroscale/ros2_ws/build/robot_moveit' returned '0': CMAKE_PREFIX_PATH=${CMAKE_PREFIX_PATH}:/home/raz/projects/ros2_advanced_concepts/ros2_ws/install/challenge_py:/home/raz/projects/ros2_advanced_concepts/ros2_ws/install/actions_py:/home/raz/ros2_ws/install/centerofmass_detection:/home/raz/projects/manipulator-project/arduinobot_ws/install/arduinobot_py_examples:/opt/ros/humble /usr/local/bin/cmake --install /home/raz/projects/astroscale/ros2_ws/build/robot_moveit[0m
[0.320s] [34mcolcon.colcon_core.environment[0m [1;30mLevel 1[0m checking '/home/raz/projects/astroscale/ros2_ws/install/robot_moveit' for CMake config files
[0.320s] [34mcolcon.colcon_core.shell[0m [1;30mLevel 1[0m create_environment_hook('robot_moveit', 'cmake_prefix_path')
[0.320s] [34mcolcon.colcon_core.shell[0m [1;30mINFO[0m Creating environment hook '/home/raz/projects/astroscale/ros2_ws/install/robot_moveit/share/robot_moveit/hook/cmake_prefix_path.ps1'
[0.320s] [34mcolcon.colcon_core.shell[0m [1;30mINFO[0m Creating environment descriptor '/home/raz/projects/astroscale/ros2_ws/install/robot_moveit/share/robot_moveit/hook/cmake_prefix_path.dsv'
[0.321s] [34mcolcon.colcon_core.shell[0m [1;30mINFO[0m Creating environment hook '/home/raz/projects/astroscale/ros2_ws/install/robot_moveit/share/robot_moveit/hook/cmake_prefix_path.sh'
[0.321s] [34mcolcon.colcon_core.environment[0m [1;30mLevel 1[0m checking '/home/raz/projects/astroscale/ros2_ws/install/robot_moveit/bin'
[0.321s] [34mcolcon.colcon_core.environment[0m [1;30mLevel 1[0m checking '/home/raz/projects/astroscale/ros2_ws/install/robot_moveit/lib/pkgconfig/robot_moveit.pc'
[0.321s] [34mcolcon.colcon_core.environment[0m [1;30mLevel 1[0m checking '/home/raz/projects/astroscale/ros2_ws/install/robot_moveit/lib/python3.10/site-packages'
[0.321s] [34mcolcon.colcon_core.environment[0m [1;30mLevel 1[0m checking '/home/raz/projects/astroscale/ros2_ws/install/robot_moveit/bin'
[0.322s] [34mcolcon.colcon_core.shell[0m [1;30mINFO[0m Creating package script '/home/raz/projects/astroscale/ros2_ws/install/robot_moveit/share/robot_moveit/package.ps1'
[0.322s] [34mcolcon.colcon_core.shell[0m [1;30mINFO[0m Creating package descriptor '/home/raz/projects/astroscale/ros2_ws/install/robot_moveit/share/robot_moveit/package.dsv'
[0.322s] [34mcolcon.colcon_core.shell[0m [1;30mINFO[0m Creating package script '/home/raz/projects/astroscale/ros2_ws/install/robot_moveit/share/robot_moveit/package.sh'
[0.323s] [34mcolcon.colcon_core.shell[0m [1;30mINFO[0m Creating package script '/home/raz/projects/astroscale/ros2_ws/install/robot_moveit/share/robot_moveit/package.bash'
[0.323s] [34mcolcon.colcon_core.shell[0m [1;30mINFO[0m Creating package script '/home/raz/projects/astroscale/ros2_ws/install/robot_moveit/share/robot_moveit/package.zsh'
[0.323s] [34mcolcon.colcon_core.environment[0m [1;30mLevel 1[0m create_file_with_runtime_dependencies(/home/raz/projects/astroscale/ros2_ws/install/robot_moveit/share/colcon-core/packages/robot_moveit)
[0.324s] [34mcolcon.colcon_core.environment[0m [1;30mLevel 1[0m create_environment_scripts_only(robot_moveit)
[0.324s] [34mcolcon.colcon_core.environment[0m [1;30mLevel 1[0m checking '/home/raz/projects/astroscale/ros2_ws/install/robot_moveit' for CMake module files
[0.324s] [34mcolcon.colcon_core.environment[0m [1;30mLevel 1[0m checking '/home/raz/projects/astroscale/ros2_ws/install/robot_moveit' for CMake config files
[0.325s] [34mcolcon.colcon_core.shell[0m [1;30mLevel 1[0m create_environment_hook('robot_moveit', 'cmake_prefix_path')
[0.325s] [34mcolcon.colcon_core.shell[0m [1;30mINFO[0m Creating environment hook '/home/raz/projects/astroscale/ros2_ws/install/robot_moveit/share/robot_moveit/hook/cmake_prefix_path.ps1'
[0.325s] [34mcolcon.colcon_core.shell[0m [1;30mINFO[0m Creating environment descriptor '/home/raz/projects/astroscale/ros2_ws/install/robot_moveit/share/robot_moveit/hook/cmake_prefix_path.dsv'
[0.325s] [34mcolcon.colcon_core.shell[0m [1;30mINFO[0m Creating environment hook '/home/raz/projects/astroscale/ros2_ws/install/robot_moveit/share/robot_moveit/hook/cmake_prefix_path.sh'
[0.326s] [34mcolcon.colcon_core.environment[0m [1;30mLevel 1[0m checking '/home/raz/projects/astroscale/ros2_ws/install/robot_moveit/bin'
[0.326s] [34mcolcon.colcon_core.environment[0m [1;30mLevel 1[0m checking '/home/raz/projects/astroscale/ros2_ws/install/robot_moveit/lib/pkgconfig/robot_moveit.pc'
[0.326s] [34mcolcon.colcon_core.environment[0m [1;30mLevel 1[0m checking '/home/raz/projects/astroscale/ros2_ws/install/robot_moveit/lib/python3.10/site-packages'
[0.326s] [34mcolcon.colcon_core.environment[0m [1;30mLevel 1[0m checking '/home/raz/projects/astroscale/ros2_ws/install/robot_moveit/bin'
[0.327s] [34mcolcon.colcon_core.shell[0m [1;30mINFO[0m Creating package script '/home/raz/projects/astroscale/ros2_ws/install/robot_moveit/share/robot_moveit/package.ps1'
[0.327s] [34mcolcon.colcon_core.shell[0m [1;30mINFO[0m Creating package descriptor '/home/raz/projects/astroscale/ros2_ws/install/robot_moveit/share/robot_moveit/package.dsv'
[0.327s] [34mcolcon.colcon_core.shell[0m [1;30mINFO[0m Creating package script '/home/raz/projects/astroscale/ros2_ws/install/robot_moveit/share/robot_moveit/package.sh'
[0.328s] [34mcolcon.colcon_core.shell[0m [1;30mINFO[0m Creating package script '/home/raz/projects/astroscale/ros2_ws/install/robot_moveit/share/robot_moveit/package.bash'
[0.328s] [34mcolcon.colcon_core.shell[0m [1;30mINFO[0m Creating package script '/home/raz/projects/astroscale/ros2_ws/install/robot_moveit/share/robot_moveit/package.zsh'
[0.328s] [34mcolcon.colcon_core.environment[0m [1;30mLevel 1[0m create_file_with_runtime_dependencies(/home/raz/projects/astroscale/ros2_ws/install/robot_moveit/share/colcon-core/packages/robot_moveit)
[0.332s] [34mcolcon.colcon_core.event_handler.log_command[0m [1;30mDEBUG[0m [32mInvoking command in '/home/raz/projects/astroscale/ros2_ws/build/robot_controller': CMAKE_PREFIX_PATH=/home/raz/projects/astroscale/ros2_ws/install/robot_description:/home/raz/projects/astroscale/ros2_ws/install/robot_bringup:/home/raz/projects/astroscale/ros2_ws/install/robot_services:/home/raz/projects/astroscale/ros2_ws/install/robot_remote:/home/raz/projects/astroscale/ros2_ws/install/robot_msgs:/home/raz/projects/astroscale/ros2_ws/install/robot_moveit:/home/raz/projects/astroscale/ros2_ws/install/robot_controller:/home/raz/projects/ros2_advanced_concepts/ros2_ws/install/challenge_cpp:/home/raz/projects/ros2_advanced_concepts/ros2_ws/install/actions_cpp:/home/raz/projects/ros2_advanced_concepts/ros2_ws/install/my_robot_interfaces:/home/raz/ros2_ws/install/manipulator_urdf:/home/raz/projects/manipulator-project/arduinobot_ws/install/arduinobot_utils:/home/raz/projects/manipulator-project/arduinobot_ws/install/arduinobot_remote:/home/raz/projects/manipulator-project/arduinobot_ws/install/arduinobot_cpp_examples:/home/raz/projects/manipulator-project/arduinobot_ws/install/arduinobot_msgs:/home/raz/projects/manipulator-project/arduinobot_ws/install/arduinobot_moveit:/home/raz/projects/manipulator-project/arduinobot_ws/install/arduinobot_firmware:/home/raz/projects/manipulator-project/arduinobot_ws/install/arduinobot_description:/home/raz/projects/manipulator-project/arduinobot_ws/install/arduinobot_controller:/home/raz/projects/manipulator-project/arduinobot_ws/install/arduinobot_bringup:/home/raz/projects/ros2_robotics_simulation/ros2_ws/install/my_robot_bringup:/home/raz/projects/ros2_robotics_simulation/ros2_ws/install/my_robot_description:/home/raz/projects/ros2_advanced_concepts/ros2_ws/install/challenge_py:/home/raz/projects/ros2_advanced_concepts/ros2_ws/install/actions_py:/home/raz/ros2_ws/install/centerofmass_detection:/home/raz/projects/manipulator-project/arduinobot_ws/install/arduinobot_py_examples:/opt/ros/humble /usr/local/bin/cmake --build /home/raz/projects/astroscale/ros2_ws/build/robot_controller -- -j12 -l12[0m
[0.355s] [34mcolcon.colcon_core.event_handler.log_command[0m [1;30mDEBUG[0m [32mInvoked command in '/home/raz/projects/astroscale/ros2_ws/build/robot_controller' returned '0': CMAKE_PREFIX_PATH=/home/raz/projects/astroscale/ros2_ws/install/robot_description:/home/raz/projects/astroscale/ros2_ws/install/robot_bringup:/home/raz/projects/astroscale/ros2_ws/install/robot_services:/home/raz/projects/astroscale/ros2_ws/install/robot_remote:/home/raz/projects/astroscale/ros2_ws/install/robot_msgs:/home/raz/projects/astroscale/ros2_ws/install/robot_moveit:/home/raz/projects/astroscale/ros2_ws/install/robot_controller:/home/raz/projects/ros2_advanced_concepts/ros2_ws/install/challenge_cpp:/home/raz/projects/ros2_advanced_concepts/ros2_ws/install/actions_cpp:/home/raz/projects/ros2_advanced_concepts/ros2_ws/install/my_robot_interfaces:/home/raz/ros2_ws/install/manipulator_urdf:/home/raz/projects/manipulator-project/arduinobot_ws/install/arduinobot_utils:/home/raz/projects/manipulator-project/arduinobot_ws/install/arduinobot_remote:/home/raz/projects/manipulator-project/arduinobot_ws/install/arduinobot_cpp_examples:/home/raz/projects/manipulator-project/arduinobot_ws/install/arduinobot_msgs:/home/raz/projects/manipulator-project/arduinobot_ws/install/arduinobot_moveit:/home/raz/projects/manipulator-project/arduinobot_ws/install/arduinobot_firmware:/home/raz/projects/manipulator-project/arduinobot_ws/install/arduinobot_description:/home/raz/projects/manipulator-project/arduinobot_ws/install/arduinobot_controller:/home/raz/projects/manipulator-project/arduinobot_ws/install/arduinobot_bringup:/home/raz/projects/ros2_robotics_simulation/ros2_ws/install/my_robot_bringup:/home/raz/projects/ros2_robotics_simulation/ros2_ws/install/my_robot_description:/home/raz/projects/ros2_advanced_concepts/ros2_ws/install/challenge_py:/home/raz/projects/ros2_advanced_concepts/ros2_ws/install/actions_py:/home/raz/ros2_ws/install/centerofmass_detection:/home/raz/projects/manipulator-project/arduinobot_ws/install/arduinobot_py_examples:/opt/ros/humble /usr/local/bin/cmake --build /home/raz/projects/astroscale/ros2_ws/build/robot_controller -- -j12 -l12[0m
[0.357s] [34mcolcon.colcon_core.event_handler.log_command[0m [1;30mDEBUG[0m [32mInvoking command in '/home/raz/projects/astroscale/ros2_ws/build/robot_controller': CMAKE_PREFIX_PATH=/home/raz/projects/astroscale/ros2_ws/install/robot_description:/home/raz/projects/astroscale/ros2_ws/install/robot_bringup:/home/raz/projects/astroscale/ros2_ws/install/robot_services:/home/raz/projects/astroscale/ros2_ws/install/robot_remote:/home/raz/projects/astroscale/ros2_ws/install/robot_msgs:/home/raz/projects/astroscale/ros2_ws/install/robot_moveit:/home/raz/projects/astroscale/ros2_ws/install/robot_controller:/home/raz/projects/ros2_advanced_concepts/ros2_ws/install/challenge_cpp:/home/raz/projects/ros2_advanced_concepts/ros2_ws/install/actions_cpp:/home/raz/projects/ros2_advanced_concepts/ros2_ws/install/my_robot_interfaces:/home/raz/ros2_ws/install/manipulator_urdf:/home/raz/projects/manipulator-project/arduinobot_ws/install/arduinobot_utils:/home/raz/projects/manipulator-project/arduinobot_ws/install/arduinobot_remote:/home/raz/projects/manipulator-project/arduinobot_ws/install/arduinobot_cpp_examples:/home/raz/projects/manipulator-project/arduinobot_ws/install/arduinobot_msgs:/home/raz/projects/manipulator-project/arduinobot_ws/install/arduinobot_moveit:/home/raz/projects/manipulator-project/arduinobot_ws/install/arduinobot_firmware:/home/raz/projects/manipulator-project/arduinobot_ws/install/arduinobot_description:/home/raz/projects/manipulator-project/arduinobot_ws/install/arduinobot_controller:/home/raz/projects/manipulator-project/arduinobot_ws/install/arduinobot_bringup:/home/raz/projects/ros2_robotics_simulation/ros2_ws/install/my_robot_bringup:/home/raz/projects/ros2_robotics_simulation/ros2_ws/install/my_robot_description:/home/raz/projects/ros2_advanced_concepts/ros2_ws/install/challenge_py:/home/raz/projects/ros2_advanced_concepts/ros2_ws/install/actions_py:/home/raz/ros2_ws/install/centerofmass_detection:/home/raz/projects/manipulator-project/arduinobot_ws/install/arduinobot_py_examples:/opt/ros/humble /usr/local/bin/cmake --install /home/raz/projects/astroscale/ros2_ws/build/robot_controller[0m
[0.359s] [34mcolcon.colcon_core.environment[0m [1;30mLevel 1[0m create_environment_scripts_only(robot_controller)
[0.360s] [34mcolcon.colcon_core.environment[0m [1;30mLevel 1[0m checking '/home/raz/projects/astroscale/ros2_ws/install/robot_controller' for CMake module files
[0.360s] [34mcolcon.colcon_core.event_handler.log_command[0m [1;30mDEBUG[0m [32mInvoked command in '/home/raz/projects/astroscale/ros2_ws/build/robot_controller' returned '0': CMAKE_PREFIX_PATH=/home/raz/projects/astroscale/ros2_ws/install/robot_description:/home/raz/projects/astroscale/ros2_ws/install/robot_bringup:/home/raz/projects/astroscale/ros2_ws/install/robot_services:/home/raz/projects/astroscale/ros2_ws/install/robot_remote:/home/raz/projects/astroscale/ros2_ws/install/robot_msgs:/home/raz/projects/astroscale/ros2_ws/install/robot_moveit:/home/raz/projects/astroscale/ros2_ws/install/robot_controller:/home/raz/projects/ros2_advanced_concepts/ros2_ws/install/challenge_cpp:/home/raz/projects/ros2_advanced_concepts/ros2_ws/install/actions_cpp:/home/raz/projects/ros2_advanced_concepts/ros2_ws/install/my_robot_interfaces:/home/raz/ros2_ws/install/manipulator_urdf:/home/raz/projects/manipulator-project/arduinobot_ws/install/arduinobot_utils:/home/raz/projects/manipulator-project/arduinobot_ws/install/arduinobot_remote:/home/raz/projects/manipulator-project/arduinobot_ws/install/arduinobot_cpp_examples:/home/raz/projects/manipulator-project/arduinobot_ws/install/arduinobot_msgs:/home/raz/projects/manipulator-project/arduinobot_ws/install/arduinobot_moveit:/home/raz/projects/manipulator-project/arduinobot_ws/install/arduinobot_firmware:/home/raz/projects/manipulator-project/arduinobot_ws/install/arduinobot_description:/home/raz/projects/manipulator-project/arduinobot_ws/install/arduinobot_controller:/home/raz/projects/manipulator-project/arduinobot_ws/install/arduinobot_bringup:/home/raz/projects/ros2_robotics_simulation/ros2_ws/install/my_robot_bringup:/home/raz/projects/ros2_robotics_simulation/ros2_ws/install/my_robot_description:/home/raz/projects/ros2_advanced_concepts/ros2_ws/install/challenge_py:/home/raz/projects/ros2_advanced_concepts/ros2_ws/install/actions_py:/home/raz/ros2_ws/install/centerofmass_detection:/home/raz/projects/manipulator-project/arduinobot_ws/install/arduinobot_py_examples:/opt/ros/humble /usr/local/bin/cmake --install /home/raz/projects/astroscale/ros2_ws/build/robot_controller[0m
[0.360s] [34mcolcon.colcon_core.environment[0m [1;30mLevel 1[0m checking '/home/raz/projects/astroscale/ros2_ws/install/robot_controller' for CMake config files
[0.361s] [34mcolcon.colcon_core.shell[0m [1;30mLevel 1[0m create_environment_hook('robot_controller', 'cmake_prefix_path')
[0.361s] [34mcolcon.colcon_core.shell[0m [1;30mINFO[0m Creating environment hook '/home/raz/projects/astroscale/ros2_ws/install/robot_controller/share/robot_controller/hook/cmake_prefix_path.ps1'
[0.361s] [34mcolcon.colcon_core.shell[0m [1;30mINFO[0m Creating environment descriptor '/home/raz/projects/astroscale/ros2_ws/install/robot_controller/share/robot_controller/hook/cmake_prefix_path.dsv'
[0.361s] [34mcolcon.colcon_core.shell[0m [1;30mINFO[0m Creating environment hook '/home/raz/projects/astroscale/ros2_ws/install/robot_controller/share/robot_controller/hook/cmake_prefix_path.sh'
[0.362s] [34mcolcon.colcon_core.environment[0m [1;30mLevel 1[0m checking '/home/raz/projects/astroscale/ros2_ws/install/robot_controller/lib'
[0.362s] [34mcolcon.colcon_core.environment[0m [1;30mLevel 1[0m checking '/home/raz/projects/astroscale/ros2_ws/install/robot_controller/bin'
[0.362s] [34mcolcon.colcon_core.environment[0m [1;30mLevel 1[0m checking '/home/raz/projects/astroscale/ros2_ws/install/robot_controller/lib/pkgconfig/robot_controller.pc'
[0.362s] [34mcolcon.colcon_core.environment[0m [1;30mLevel 1[0m checking '/home/raz/projects/astroscale/ros2_ws/install/robot_controller/lib/python3.10/site-packages'
[0.362s] [34mcolcon.colcon_core.environment[0m [1;30mLevel 1[0m checking '/home/raz/projects/astroscale/ros2_ws/install/robot_controller/bin'
[0.363s] [34mcolcon.colcon_core.shell[0m [1;30mINFO[0m Creating package script '/home/raz/projects/astroscale/ros2_ws/install/robot_controller/share/robot_controller/package.ps1'
[0.363s] [34mcolcon.colcon_core.shell[0m [1;30mINFO[0m Creating package descriptor '/home/raz/projects/astroscale/ros2_ws/install/robot_controller/share/robot_controller/package.dsv'
[0.363s] [34mcolcon.colcon_core.shell[0m [1;30mINFO[0m Creating package script '/home/raz/projects/astroscale/ros2_ws/install/robot_controller/share/robot_controller/package.sh'
[0.364s] [34mcolcon.colcon_core.shell[0m [1;30mINFO[0m Creating package script '/home/raz/projects/astroscale/ros2_ws/install/robot_controller/share/robot_controller/package.bash'
[0.364s] [34mcolcon.colcon_core.shell[0m [1;30mINFO[0m Creating package script '/home/raz/projects/astroscale/ros2_ws/install/robot_controller/share/robot_controller/package.zsh'
[0.364s] [34mcolcon.colcon_core.environment[0m [1;30mLevel 1[0m create_file_with_runtime_dependencies(/home/raz/projects/astroscale/ros2_ws/install/robot_controller/share/colcon-core/packages/robot_controller)
[0.365s] [34mcolcon.colcon_core.environment[0m [1;30mLevel 1[0m create_environment_scripts_only(robot_controller)
[0.365s] [34mcolcon.colcon_core.environment[0m [1;30mLevel 1[0m checking '/home/raz/projects/astroscale/ros2_ws/install/robot_controller' for CMake module files
[0.365s] [34mcolcon.colcon_core.environment[0m [1;30mLevel 1[0m checking '/home/raz/projects/astroscale/ros2_ws/install/robot_controller' for CMake config files
[0.365s] [34mcolcon.colcon_core.shell[0m [1;30mLevel 1[0m create_environment_hook('robot_controller', 'cmake_prefix_path')
[0.366s] [34mcolcon.colcon_core.shell[0m [1;30mINFO[0m Creating environment hook '/home/raz/projects/astroscale/ros2_ws/install/robot_controller/share/robot_controller/hook/cmake_prefix_path.ps1'
[0.366s] [34mcolcon.colcon_core.shell[0m [1;30mINFO[0m Creating environment descriptor '/home/raz/projects/astroscale/ros2_ws/install/robot_controller/share/robot_controller/hook/cmake_prefix_path.dsv'
[0.366s] [34mcolcon.colcon_core.shell[0m [1;30mINFO[0m Creating environment hook '/home/raz/projects/astroscale/ros2_ws/install/robot_controller/share/robot_controller/hook/cmake_prefix_path.sh'
[0.367s] [34mcolcon.colcon_core.environment[0m [1;30mLevel 1[0m checking '/home/raz/projects/astroscale/ros2_ws/install/robot_controller/lib'
[0.367s] [34mcolcon.colcon_core.environment[0m [1;30mLevel 1[0m checking '/home/raz/projects/astroscale/ros2_ws/install/robot_controller/bin'
[0.367s] [34mcolcon.colcon_core.environment[0m [1;30mLevel 1[0m checking '/home/raz/projects/astroscale/ros2_ws/install/robot_controller/lib/pkgconfig/robot_controller.pc'
[0.367s] [34mcolcon.colcon_core.environment[0m [1;30mLevel 1[0m checking '/home/raz/projects/astroscale/ros2_ws/install/robot_controller/lib/python3.10/site-packages'
[0.367s] [34mcolcon.colcon_core.environment[0m [1;30mLevel 1[0m checking '/home/raz/projects/astroscale/ros2_ws/install/robot_controller/bin'
[0.367s] [34mcolcon.colcon_core.shell[0m [1;30mINFO[0m Creating package script '/home/raz/projects/astroscale/ros2_ws/install/robot_controller/share/robot_controller/package.ps1'
[0.368s] [34mcolcon.colcon_core.shell[0m [1;30mINFO[0m Creating package descriptor '/home/raz/projects/astroscale/ros2_ws/install/robot_controller/share/robot_controller/package.dsv'
[0.368s] [34mcolcon.colcon_core.shell[0m [1;30mINFO[0m Creating package script '/home/raz/projects/astroscale/ros2_ws/install/robot_controller/share/robot_controller/package.sh'
[0.368s] [34mcolcon.colcon_core.shell[0m [1;30mINFO[0m Creating package script '/home/raz/projects/astroscale/ros2_ws/install/robot_controller/share/robot_controller/package.bash'
[0.369s] [34mcolcon.colcon_core.shell[0m [1;30mINFO[0m Creating package script '/home/raz/projects/astroscale/ros2_ws/install/robot_controller/share/robot_controller/package.zsh'
[0.369s] [34mcolcon.colcon_core.environment[0m [1;30mLevel 1[0m create_file_with_runtime_dependencies(/home/raz/projects/astroscale/ros2_ws/install/robot_controller/share/colcon-core/packages/robot_controller)
[1.865s] [34mcolcon.colcon_core.event_handler.log_command[0m [1;30mDEBUG[0m [32mInvoked command in '/home/raz/projects/astroscale/ros2_ws/build/robot_msgs' returned '2': CMAKE_PREFIX_PATH=${CMAKE_PREFIX_PATH}:/home/raz/projects/ros2_advanced_concepts/ros2_ws/install/challenge_py:/home/raz/projects/ros2_advanced_concepts/ros2_ws/install/actions_py:/home/raz/ros2_ws/install/centerofmass_detection:/home/raz/projects/manipulator-project/arduinobot_ws/install/arduinobot_py_examples:/opt/ros/humble /usr/local/bin/cmake --build /home/raz/projects/astroscale/ros2_ws/build/robot_msgs -- -j12 -l12[0m
[1.865s] [34mcolcon.colcon_core.environment[0m [1;30mLevel 1[0m create_environment_scripts_only(robot_msgs)
[1.866s] [34mcolcon.colcon_core.environment[0m [1;30mLevel 1[0m checking '/home/raz/projects/astroscale/ros2_ws/install/robot_msgs' for CMake module files
[1.866s] [34mcolcon.colcon_core.environment[0m [1;30mLevel 1[0m checking '/home/raz/projects/astroscale/ros2_ws/install/robot_msgs' for CMake config files
[1.867s] [34mcolcon.colcon_core.shell[0m [1;30mLevel 1[0m create_environment_hook('robot_msgs', 'cmake_prefix_path')
[1.867s] [34mcolcon.colcon_core.shell[0m [1;30mINFO[0m Creating environment hook '/home/raz/projects/astroscale/ros2_ws/install/robot_msgs/share/robot_msgs/hook/cmake_prefix_path.ps1'
[1.867s] [34mcolcon.colcon_core.shell[0m [1;30mINFO[0m Creating environment descriptor '/home/raz/projects/astroscale/ros2_ws/install/robot_msgs/share/robot_msgs/hook/cmake_prefix_path.dsv'
[1.868s] [34mcolcon.colcon_core.shell[0m [1;30mINFO[0m Creating environment hook '/home/raz/projects/astroscale/ros2_ws/install/robot_msgs/share/robot_msgs/hook/cmake_prefix_path.sh'
[1.868s] [34mcolcon.colcon_core.environment[0m [1;30mLevel 1[0m checking '/home/raz/projects/astroscale/ros2_ws/install/robot_msgs/lib'
[1.868s] [34mcolcon.colcon_core.shell[0m [1;30mLevel 1[0m create_environment_hook('robot_msgs', 'ld_library_path_lib')
[1.868s] [34mcolcon.colcon_core.shell[0m [1;30mINFO[0m Creating environment hook '/home/raz/projects/astroscale/ros2_ws/install/robot_msgs/share/robot_msgs/hook/ld_library_path_lib.ps1'
[1.869s] [34mcolcon.colcon_core.shell[0m [1;30mINFO[0m Creating environment descriptor '/home/raz/projects/astroscale/ros2_ws/install/robot_msgs/share/robot_msgs/hook/ld_library_path_lib.dsv'
[1.869s] [34mcolcon.colcon_core.shell[0m [1;30mINFO[0m Creating environment hook '/home/raz/projects/astroscale/ros2_ws/install/robot_msgs/share/robot_msgs/hook/ld_library_path_lib.sh'
[1.869s] [34mcolcon.colcon_core.environment[0m [1;30mLevel 1[0m checking '/home/raz/projects/astroscale/ros2_ws/install/robot_msgs/bin'
[1.869s] [34mcolcon.colcon_core.environment[0m [1;30mLevel 1[0m checking '/home/raz/projects/astroscale/ros2_ws/install/robot_msgs/lib/pkgconfig/robot_msgs.pc'
[1.869s] [34mcolcon.colcon_core.environment[0m [1;30mLevel 1[0m checking '/home/raz/projects/astroscale/ros2_ws/install/robot_msgs/lib/python3.10/site-packages'
[1.870s] [34mcolcon.colcon_core.environment[0m [1;30mLevel 1[0m checking '/home/raz/projects/astroscale/ros2_ws/install/robot_msgs/bin'
[1.870s] [34mcolcon.colcon_core.shell[0m [1;30mINFO[0m Creating package script '/home/raz/projects/astroscale/ros2_ws/install/robot_msgs/share/robot_msgs/package.ps1'
[1.870s] [34mcolcon.colcon_core.shell[0m [1;30mINFO[0m Creating package descriptor '/home/raz/projects/astroscale/ros2_ws/install/robot_msgs/share/robot_msgs/package.dsv'
[1.871s] [34mcolcon.colcon_core.shell[0m [1;30mINFO[0m Creating package script '/home/raz/projects/astroscale/ros2_ws/install/robot_msgs/share/robot_msgs/package.sh'
[1.871s] [34mcolcon.colcon_core.shell[0m [1;30mINFO[0m Creating package script '/home/raz/projects/astroscale/ros2_ws/install/robot_msgs/share/robot_msgs/package.bash'
[1.871s] [34mcolcon.colcon_core.shell[0m [1;30mINFO[0m Creating package script '/home/raz/projects/astroscale/ros2_ws/install/robot_msgs/share/robot_msgs/package.zsh'
[1.872s] [34mcolcon.colcon_core.environment[0m [1;30mLevel 1[0m create_file_with_runtime_dependencies(/home/raz/projects/astroscale/ros2_ws/install/robot_msgs/share/colcon-core/packages/robot_msgs)
[1.882s] [34mcolcon.colcon_parallel_executor.executor.parallel[0m [1;30mDEBUG[0m [32mclosing loop[0m
[1.882s] [34mcolcon.colcon_parallel_executor.executor.parallel[0m [1;30mDEBUG[0m [32mloop closed[0m
[1.883s] [34mcolcon.colcon_parallel_executor.executor.parallel[0m [1;30mDEBUG[0m [32mrun_until_complete finished with '2'[0m
[1.883s] [34mcolcon.colcon_core.event_reactor[0m [1;30mDEBUG[0m [32mjoining thread[0m
[1.888s] [34mcolcon.colcon_core.plugin_system[0m [1;30mINFO[0m Skipping extension 'colcon_notification.desktop_notification.terminal_notifier': Not used on non-Darwin systems
[1.888s] [34mcolcon.colcon_core.plugin_system[0m [1;30mINFO[0m Skipping extension 'colcon_notification.desktop_notification.win32': Not used on non-Windows systems
[1.888s] [34mcolcon.colcon_notification.desktop_notification[0m [1;30mINFO[0m Sending desktop notification using 'notify2'
[1.896s] [34mcolcon.colcon_core.event_reactor[0m [1;30mDEBUG[0m [32mjoined thread[0m
[1.897s] [34mcolcon.colcon_core.shell[0m [1;30mINFO[0m Creating prefix script '/home/raz/projects/astroscale/ros2_ws/install/local_setup.ps1'
[1.897s] [34mcolcon.colcon_core.shell[0m [1;30mINFO[0m Creating prefix util module '/home/raz/projects/astroscale/ros2_ws/install/_local_setup_util_ps1.py'
[1.899s] [34mcolcon.colcon_core.shell[0m [1;30mINFO[0m Creating prefix chain script '/home/raz/projects/astroscale/ros2_ws/install/setup.ps1'
[1.901s] [34mcolcon.colcon_core.shell[0m [1;30mINFO[0m Creating prefix script '/home/raz/projects/astroscale/ros2_ws/install/local_setup.sh'
[1.902s] [34mcolcon.colcon_core.shell[0m [1;30mINFO[0m Creating prefix util module '/home/raz/projects/astroscale/ros2_ws/install/_local_setup_util_sh.py'
[1.902s] [34mcolcon.colcon_core.shell[0m [1;30mINFO[0m Creating prefix chain script '/home/raz/projects/astroscale/ros2_ws/install/setup.sh'
[1.904s] [34mcolcon.colcon_core.shell[0m [1;30mINFO[0m Creating prefix script '/home/raz/projects/astroscale/ros2_ws/install/local_setup.bash'
[1.904s] [34mcolcon.colcon_core.shell[0m [1;30mINFO[0m Creating prefix chain script '/home/raz/projects/astroscale/ros2_ws/install/setup.bash'
[1.906s] [34mcolcon.colcon_core.shell[0m [1;30mINFO[0m Creating prefix script '/home/raz/projects/astroscale/ros2_ws/install/local_setup.zsh'
[1.906s] [34mcolcon.colcon_core.shell[0m [1;30mINFO[0m Creating prefix chain script '/home/raz/projects/astroscale/ros2_ws/install/setup.zsh'
