[0.020s] Invoking command in '/home/raz/projects/astroscale/ros2_ws/build/robot_description': CMAKE_PREFIX_PATH=${CMAKE_PREFIX_PATH}:/home/raz/projects/ros2_advanced_concepts/ros2_ws/install/challenge_py:/home/raz/projects/ros2_advanced_concepts/ros2_ws/install/actions_py:/home/raz/ros2_ws/install/centerofmass_detection:/home/raz/projects/manipulator-project/arduinobot_ws/install/arduinobot_py_examples:/opt/ros/humble /usr/local/bin/cmake /home/raz/projects/astroscale/ros2_ws/src/robot_description -DCMAKE_INSTALL_PREFIX=/home/raz/projects/astroscale/ros2_ws/install/robot_description
[0.175s] -- Found ament_cmake: 1.3.11 (/opt/ros/humble/share/ament_cmake/cmake)
[0.348s] -- Override CMake install command with custom implementation using symlinks instead of copying resources
[0.429s] -- Found urdf: 2.6.1 (/opt/ros/humble/share/urdf/cmake)
[0.463s] -- Found ament_lint_auto: 0.12.11 (/opt/ros/humble/share/ament_lint_auto/cmake)
[0.571s] -- Added test 'flake8' to check Python code syntax and style conventions
[0.572s] -- Added test 'lint_cmake' to check CMake code style
[0.572s] -- Added test 'pep257' to check Python code against some of the docstring style conventions in PEP 257
[0.573s] -- Added test 'xmllint' to check XML markup files
[0.602s] -- Configuring done (0.6s)
[0.640s] -- Generating done (0.0s)
[0.642s] -- Build files have been written to: /home/raz/projects/astroscale/ros2_ws/build/robot_description
[0.646s] Invoked command in '/home/raz/projects/astroscale/ros2_ws/build/robot_description' returned '0': CMAKE_PREFIX_PATH=${CMAKE_PREFIX_PATH}:/home/raz/projects/ros2_advanced_concepts/ros2_ws/install/challenge_py:/home/raz/projects/ros2_advanced_concepts/ros2_ws/install/actions_py:/home/raz/ros2_ws/install/centerofmass_detection:/home/raz/projects/manipulator-project/arduinobot_ws/install/arduinobot_py_examples:/opt/ros/humble /usr/local/bin/cmake /home/raz/projects/astroscale/ros2_ws/src/robot_description -DCMAKE_INSTALL_PREFIX=/home/raz/projects/astroscale/ros2_ws/install/robot_description
[0.647s] Invoking command in '/home/raz/projects/astroscale/ros2_ws/build/robot_description': CMAKE_PREFIX_PATH=${CMAKE_PREFIX_PATH}:/home/raz/projects/ros2_advanced_concepts/ros2_ws/install/challenge_py:/home/raz/projects/ros2_advanced_concepts/ros2_ws/install/actions_py:/home/raz/ros2_ws/install/centerofmass_detection:/home/raz/projects/manipulator-project/arduinobot_ws/install/arduinobot_py_examples:/opt/ros/humble /usr/local/bin/cmake --build /home/raz/projects/astroscale/ros2_ws/build/robot_description -- -j12 -l12
[0.655s] Invoked command in '/home/raz/projects/astroscale/ros2_ws/build/robot_description' returned '0': CMAKE_PREFIX_PATH=${CMAKE_PREFIX_PATH}:/home/raz/projects/ros2_advanced_concepts/ros2_ws/install/challenge_py:/home/raz/projects/ros2_advanced_concepts/ros2_ws/install/actions_py:/home/raz/ros2_ws/install/centerofmass_detection:/home/raz/projects/manipulator-project/arduinobot_ws/install/arduinobot_py_examples:/opt/ros/humble /usr/local/bin/cmake --build /home/raz/projects/astroscale/ros2_ws/build/robot_description -- -j12 -l12
[0.656s] Invoking command in '/home/raz/projects/astroscale/ros2_ws/build/robot_description': CMAKE_PREFIX_PATH=${CMAKE_PREFIX_PATH}:/home/raz/projects/ros2_advanced_concepts/ros2_ws/install/challenge_py:/home/raz/projects/ros2_advanced_concepts/ros2_ws/install/actions_py:/home/raz/ros2_ws/install/centerofmass_detection:/home/raz/projects/manipulator-project/arduinobot_ws/install/arduinobot_py_examples:/opt/ros/humble /usr/local/bin/cmake --install /home/raz/projects/astroscale/ros2_ws/build/robot_description
[0.657s] -- Install configuration: ""
[0.658s] -- Execute custom install script
[0.658s] -- Up-to-date symlink: /home/raz/projects/astroscale/ros2_ws/install/robot_description/share/robot_description/urdf/common_properties.xacro
[0.658s] -- Up-to-date symlink: /home/raz/projects/astroscale/ros2_ws/install/robot_description/share/robot_description/urdf/manipulator.urdf.xacro
[0.658s] -- Up-to-date symlink: /home/raz/projects/astroscale/ros2_ws/install/robot_description/share/robot_description/urdf/robot_gazebo.xacro
[0.658s] -- Up-to-date symlink: /home/raz/projects/astroscale/ros2_ws/install/robot_description/share/robot_description/urdf/robot_ros2_control.xacro
[0.659s] -- Up-to-date symlink: /home/raz/projects/astroscale/ros2_ws/install/robot_description/share/robot_description/launch/display.launch.py
[0.659s] -- Up-to-date symlink: /home/raz/projects/astroscale/ros2_ws/install/robot_description/share/robot_description/launch/gazebo.launch.py
[0.659s] -- Up-to-date symlink: /home/raz/projects/astroscale/ros2_ws/install/robot_description/share/robot_description/rviz/display.rviz
[0.659s] -- Up-to-date symlink: /home/raz/projects/astroscale/ros2_ws/install/robot_description/share/ament_index/resource_index/package_run_dependencies/robot_description
[0.659s] -- Up-to-date symlink: /home/raz/projects/astroscale/ros2_ws/install/robot_description/share/ament_index/resource_index/parent_prefix_path/robot_description
[0.659s] -- Up-to-date symlink: /home/raz/projects/astroscale/ros2_ws/install/robot_description/share/robot_description/environment/ament_prefix_path.sh
[0.659s] -- Up-to-date symlink: /home/raz/projects/astroscale/ros2_ws/install/robot_description/share/robot_description/environment/ament_prefix_path.dsv
[0.660s] -- Up-to-date symlink: /home/raz/projects/astroscale/ros2_ws/install/robot_description/share/robot_description/environment/path.sh
[0.660s] -- Up-to-date symlink: /home/raz/projects/astroscale/ros2_ws/install/robot_description/share/robot_description/environment/path.dsv
[0.660s] -- Up-to-date symlink: /home/raz/projects/astroscale/ros2_ws/install/robot_description/share/robot_description/local_setup.bash
[0.660s] -- Up-to-date symlink: /home/raz/projects/astroscale/ros2_ws/install/robot_description/share/robot_description/local_setup.sh
[0.660s] -- Up-to-date symlink: /home/raz/projects/astroscale/ros2_ws/install/robot_description/share/robot_description/local_setup.zsh
[0.660s] -- Up-to-date symlink: /home/raz/projects/astroscale/ros2_ws/install/robot_description/share/robot_description/local_setup.dsv
[0.660s] -- Symlinking: /home/raz/projects/astroscale/ros2_ws/install/robot_description/share/robot_description/package.dsv
[0.662s] -- Up-to-date symlink: /home/raz/projects/astroscale/ros2_ws/install/robot_description/share/ament_index/resource_index/packages/robot_description
[0.662s] -- Up-to-date symlink: /home/raz/projects/astroscale/ros2_ws/install/robot_description/share/robot_description/cmake/robot_descriptionConfig.cmake
[0.662s] -- Up-to-date symlink: /home/raz/projects/astroscale/ros2_ws/install/robot_description/share/robot_description/cmake/robot_descriptionConfig-version.cmake
[0.662s] -- Up-to-date symlink: /home/raz/projects/astroscale/ros2_ws/install/robot_description/share/robot_description/package.xml
[0.664s] Invoked command in '/home/raz/projects/astroscale/ros2_ws/build/robot_description' returned '0': CMAKE_PREFIX_PATH=${CMAKE_PREFIX_PATH}:/home/raz/projects/ros2_advanced_concepts/ros2_ws/install/challenge_py:/home/raz/projects/ros2_advanced_concepts/ros2_ws/install/actions_py:/home/raz/ros2_ws/install/centerofmass_detection:/home/raz/projects/manipulator-project/arduinobot_ws/install/arduinobot_py_examples:/opt/ros/humble /usr/local/bin/cmake --install /home/raz/projects/astroscale/ros2_ws/build/robot_description
