[0.302s] Invoking command in '/home/raz/projects/Astroscale_Home_Assignment/ros2_ws/build/robot_msgs': CMAKE_PREFIX_PATH=${CMAKE_PREFIX_PATH}:/home/raz/projects/astroscale/ros2_ws/install/robot_bringup:/home/raz/projects/astroscale/ros2_ws/install/robot_services:/home/raz/projects/astroscale/ros2_ws/install/robot_msgs:/home/raz/projects/astroscale/ros2_ws/install/robot_moveit:/home/raz/projects/astroscale/ros2_ws/install/robot_controller:/home/raz/projects/astroscale/ros2_ws/install/robot_description:/home/raz/projects/ros2_advanced_concepts/ros2_ws/install/challenge_py:/home/raz/projects/ros2_advanced_concepts/ros2_ws/install/actions_py:/home/raz/ros2_ws/install/centerofmass_detection:/home/raz/projects/manipulator-project/arduinobot_ws/install/arduinobot_py_examples:/opt/ros/humble /usr/local/bin/cmake --build /home/raz/projects/Astroscale_Home_Assignment/ros2_ws/build/robot_msgs -- -j12 -l12
[1.672s] [  3%] Built target robot_msgs__cpp
[1.924s] [  3%] Built target ament_cmake_python_copy_robot_msgs
[1.956s] [ 12%] Built target robot_msgs__rosidl_typesupport_introspection_cpp
[2.518s] running egg_info
[2.560s] writing robot_msgs.egg-info/PKG-INFO
[2.573s] writing dependency_links to robot_msgs.egg-info/dependency_links.txt
[2.577s] writing top-level names to robot_msgs.egg-info/top_level.txt
[2.697s] reading manifest file 'robot_msgs.egg-info/SOURCES.txt'
[2.718s] writing manifest file 'robot_msgs.egg-info/SOURCES.txt'
[2.755s] [ 12%] Built target ament_cmake_python_build_robot_msgs_egg
[2.846s] [ 22%] Built target robot_msgs__rosidl_typesupport_fastrtps_cpp
[2.955s] [ 32%] Built target robot_msgs__rosidl_typesupport_cpp
[3.070s] [ 41%] Built target robot_msgs__rosidl_generator_c
[3.096s] [ 51%] Built target robot_msgs__rosidl_typesupport_fastrtps_c
[3.119s] [ 61%] Built target robot_msgs__rosidl_typesupport_c
[3.150s] [ 70%] Built target robot_msgs__rosidl_typesupport_introspection_c
[3.159s] [ 70%] Built target robot_msgs
[3.181s] [ 74%] Built target robot_msgs__py
[3.725s] [ 80%] Built target robot_msgs__rosidl_generator_py
[3.768s] [ 87%] Built target robot_msgs__rosidl_typesupport_fastrtps_c__pyext
[3.823s] [ 93%] Built target robot_msgs__rosidl_typesupport_c__pyext
[3.865s] [100%] Built target robot_msgs__rosidl_typesupport_introspection_c__pyext
[3.873s] Invoked command in '/home/raz/projects/Astroscale_Home_Assignment/ros2_ws/build/robot_msgs' returned '0': CMAKE_PREFIX_PATH=${CMAKE_PREFIX_PATH}:/home/raz/projects/astroscale/ros2_ws/install/robot_bringup:/home/raz/projects/astroscale/ros2_ws/install/robot_services:/home/raz/projects/astroscale/ros2_ws/install/robot_msgs:/home/raz/projects/astroscale/ros2_ws/install/robot_moveit:/home/raz/projects/astroscale/ros2_ws/install/robot_controller:/home/raz/projects/astroscale/ros2_ws/install/robot_description:/home/raz/projects/ros2_advanced_concepts/ros2_ws/install/challenge_py:/home/raz/projects/ros2_advanced_concepts/ros2_ws/install/actions_py:/home/raz/ros2_ws/install/centerofmass_detection:/home/raz/projects/manipulator-project/arduinobot_ws/install/arduinobot_py_examples:/opt/ros/humble /usr/local/bin/cmake --build /home/raz/projects/Astroscale_Home_Assignment/ros2_ws/build/robot_msgs -- -j12 -l12
[3.921s] Invoking command in '/home/raz/projects/Astroscale_Home_Assignment/ros2_ws/build/robot_msgs': CMAKE_PREFIX_PATH=${CMAKE_PREFIX_PATH}:/home/raz/projects/astroscale/ros2_ws/install/robot_bringup:/home/raz/projects/astroscale/ros2_ws/install/robot_services:/home/raz/projects/astroscale/ros2_ws/install/robot_msgs:/home/raz/projects/astroscale/ros2_ws/install/robot_moveit:/home/raz/projects/astroscale/ros2_ws/install/robot_controller:/home/raz/projects/astroscale/ros2_ws/install/robot_description:/home/raz/projects/ros2_advanced_concepts/ros2_ws/install/challenge_py:/home/raz/projects/ros2_advanced_concepts/ros2_ws/install/actions_py:/home/raz/ros2_ws/install/centerofmass_detection:/home/raz/projects/manipulator-project/arduinobot_ws/install/arduinobot_py_examples:/opt/ros/humble /usr/local/bin/cmake --install /home/raz/projects/Astroscale_Home_Assignment/ros2_ws/build/robot_msgs
[3.952s] -- Install configuration: ""
[4.057s] -- Up-to-date: /home/raz/projects/Astroscale_Home_Assignment/ros2_ws/install/robot_msgs/share/ament_index/resource_index/rosidl_interfaces/robot_msgs
[4.058s] -- Up-to-date: /home/raz/projects/Astroscale_Home_Assignment/ros2_ws/install/robot_msgs/include/robot_msgs/robot_msgs
[4.058s] -- Up-to-date: /home/raz/projects/Astroscale_Home_Assignment/ros2_ws/install/robot_msgs/include/robot_msgs/robot_msgs/srv
[4.058s] -- Up-to-date: /home/raz/projects/Astroscale_Home_Assignment/ros2_ws/install/robot_msgs/include/robot_msgs/robot_msgs/srv/detail
[4.058s] -- Up-to-date: /home/raz/projects/Astroscale_Home_Assignment/ros2_ws/install/robot_msgs/include/robot_msgs/robot_msgs/srv/detail/move_to_position__type_support.h
[4.058s] -- Up-to-date: /home/raz/projects/Astroscale_Home_Assignment/ros2_ws/install/robot_msgs/include/robot_msgs/robot_msgs/srv/detail/move_to_position__struct.h
[4.058s] -- Up-to-date: /home/raz/projects/Astroscale_Home_Assignment/ros2_ws/install/robot_msgs/include/robot_msgs/robot_msgs/srv/detail/move_to_position__functions.c
[4.058s] -- Up-to-date: /home/raz/projects/Astroscale_Home_Assignment/ros2_ws/install/robot_msgs/include/robot_msgs/robot_msgs/srv/detail/move_to_position__functions.h
[4.058s] -- Up-to-date: /home/raz/projects/Astroscale_Home_Assignment/ros2_ws/install/robot_msgs/include/robot_msgs/robot_msgs/srv/move_to_position.h
[4.058s] -- Up-to-date: /home/raz/projects/Astroscale_Home_Assignment/ros2_ws/install/robot_msgs/include/robot_msgs/robot_msgs/msg
[4.059s] -- Up-to-date: /home/raz/projects/Astroscale_Home_Assignment/ros2_ws/install/robot_msgs/include/robot_msgs/robot_msgs/msg/rosidl_generator_c__visibility_control.h
[4.059s] -- Up-to-date: /home/raz/projects/Astroscale_Home_Assignment/ros2_ws/install/robot_msgs/share/robot_msgs/environment/library_path.sh
[4.059s] -- Up-to-date: /home/raz/projects/Astroscale_Home_Assignment/ros2_ws/install/robot_msgs/share/robot_msgs/environment/library_path.dsv
[4.165s] -- Up-to-date: /home/raz/projects/Astroscale_Home_Assignment/ros2_ws/install/robot_msgs/lib/librobot_msgs__rosidl_generator_c.so
[4.165s] -- Up-to-date: /home/raz/projects/Astroscale_Home_Assignment/ros2_ws/install/robot_msgs/include/robot_msgs/robot_msgs
[4.165s] -- Up-to-date: /home/raz/projects/Astroscale_Home_Assignment/ros2_ws/install/robot_msgs/include/robot_msgs/robot_msgs/srv
[4.165s] -- Up-to-date: /home/raz/projects/Astroscale_Home_Assignment/ros2_ws/install/robot_msgs/include/robot_msgs/robot_msgs/srv/detail
[4.165s] -- Up-to-date: /home/raz/projects/Astroscale_Home_Assignment/ros2_ws/install/robot_msgs/include/robot_msgs/robot_msgs/srv/detail/move_to_position__rosidl_typesupport_fastrtps_c.h
[4.165s] -- Up-to-date: /home/raz/projects/Astroscale_Home_Assignment/ros2_ws/install/robot_msgs/include/robot_msgs/robot_msgs/msg
[4.165s] -- Up-to-date: /home/raz/projects/Astroscale_Home_Assignment/ros2_ws/install/robot_msgs/include/robot_msgs/robot_msgs/msg/rosidl_typesupport_fastrtps_c__visibility_control.h
[4.201s] -- Up-to-date: /home/raz/projects/Astroscale_Home_Assignment/ros2_ws/install/robot_msgs/lib/librobot_msgs__rosidl_typesupport_fastrtps_c.so
[4.201s] -- Up-to-date: /home/raz/projects/Astroscale_Home_Assignment/ros2_ws/install/robot_msgs/include/robot_msgs/robot_msgs
[4.201s] -- Up-to-date: /home/raz/projects/Astroscale_Home_Assignment/ros2_ws/install/robot_msgs/include/robot_msgs/robot_msgs/srv
[4.202s] -- Up-to-date: /home/raz/projects/Astroscale_Home_Assignment/ros2_ws/install/robot_msgs/include/robot_msgs/robot_msgs/srv/detail
[4.202s] -- Up-to-date: /home/raz/projects/Astroscale_Home_Assignment/ros2_ws/install/robot_msgs/include/robot_msgs/robot_msgs/srv/detail/move_to_position__builder.hpp
[4.202s] -- Up-to-date: /home/raz/projects/Astroscale_Home_Assignment/ros2_ws/install/robot_msgs/include/robot_msgs/robot_msgs/srv/detail/move_to_position__traits.hpp
[4.202s] -- Up-to-date: /home/raz/projects/Astroscale_Home_Assignment/ros2_ws/install/robot_msgs/include/robot_msgs/robot_msgs/srv/detail/move_to_position__type_support.hpp
[4.202s] -- Up-to-date: /home/raz/projects/Astroscale_Home_Assignment/ros2_ws/install/robot_msgs/include/robot_msgs/robot_msgs/srv/detail/move_to_position__struct.hpp
[4.202s] -- Up-to-date: /home/raz/projects/Astroscale_Home_Assignment/ros2_ws/install/robot_msgs/include/robot_msgs/robot_msgs/srv/move_to_position.hpp
[4.203s] -- Up-to-date: /home/raz/projects/Astroscale_Home_Assignment/ros2_ws/install/robot_msgs/include/robot_msgs/robot_msgs/msg
[4.203s] -- Up-to-date: /home/raz/projects/Astroscale_Home_Assignment/ros2_ws/install/robot_msgs/include/robot_msgs/robot_msgs/msg/rosidl_generator_cpp__visibility_control.hpp
[4.203s] -- Up-to-date: /home/raz/projects/Astroscale_Home_Assignment/ros2_ws/install/robot_msgs/include/robot_msgs/robot_msgs
[4.203s] -- Up-to-date: /home/raz/projects/Astroscale_Home_Assignment/ros2_ws/install/robot_msgs/include/robot_msgs/robot_msgs/srv
[4.203s] -- Up-to-date: /home/raz/projects/Astroscale_Home_Assignment/ros2_ws/install/robot_msgs/include/robot_msgs/robot_msgs/srv/detail
[4.203s] -- Up-to-date: /home/raz/projects/Astroscale_Home_Assignment/ros2_ws/install/robot_msgs/include/robot_msgs/robot_msgs/srv/detail/dds_fastrtps
[4.203s] -- Up-to-date: /home/raz/projects/Astroscale_Home_Assignment/ros2_ws/install/robot_msgs/include/robot_msgs/robot_msgs/srv/detail/move_to_position__rosidl_typesupport_fastrtps_cpp.hpp
[4.203s] -- Up-to-date: /home/raz/projects/Astroscale_Home_Assignment/ros2_ws/install/robot_msgs/include/robot_msgs/robot_msgs/msg
[4.203s] -- Up-to-date: /home/raz/projects/Astroscale_Home_Assignment/ros2_ws/install/robot_msgs/include/robot_msgs/robot_msgs/msg/rosidl_typesupport_fastrtps_cpp__visibility_control.h
[4.218s] -- Up-to-date: /home/raz/projects/Astroscale_Home_Assignment/ros2_ws/install/robot_msgs/lib/librobot_msgs__rosidl_typesupport_fastrtps_cpp.so
[4.218s] -- Up-to-date: /home/raz/projects/Astroscale_Home_Assignment/ros2_ws/install/robot_msgs/include/robot_msgs/robot_msgs
[4.219s] -- Up-to-date: /home/raz/projects/Astroscale_Home_Assignment/ros2_ws/install/robot_msgs/include/robot_msgs/robot_msgs/srv
[4.219s] -- Up-to-date: /home/raz/projects/Astroscale_Home_Assignment/ros2_ws/install/robot_msgs/include/robot_msgs/robot_msgs/srv/detail
[4.219s] -- Up-to-date: /home/raz/projects/Astroscale_Home_Assignment/ros2_ws/install/robot_msgs/include/robot_msgs/robot_msgs/srv/detail/move_to_position__type_support.c
[4.219s] -- Up-to-date: /home/raz/projects/Astroscale_Home_Assignment/ros2_ws/install/robot_msgs/include/robot_msgs/robot_msgs/srv/detail/move_to_position__rosidl_typesupport_introspection_c.h
[4.219s] -- Up-to-date: /home/raz/projects/Astroscale_Home_Assignment/ros2_ws/install/robot_msgs/include/robot_msgs/robot_msgs/msg
[4.219s] -- Up-to-date: /home/raz/projects/Astroscale_Home_Assignment/ros2_ws/install/robot_msgs/include/robot_msgs/robot_msgs/msg/rosidl_typesupport_introspection_c__visibility_control.h
[4.262s] -- Up-to-date: /home/raz/projects/Astroscale_Home_Assignment/ros2_ws/install/robot_msgs/lib/librobot_msgs__rosidl_typesupport_introspection_c.so
[4.271s] -- Up-to-date: /home/raz/projects/Astroscale_Home_Assignment/ros2_ws/install/robot_msgs/lib/librobot_msgs__rosidl_typesupport_c.so
[4.271s] -- Up-to-date: /home/raz/projects/Astroscale_Home_Assignment/ros2_ws/install/robot_msgs/include/robot_msgs/robot_msgs
[4.271s] -- Up-to-date: /home/raz/projects/Astroscale_Home_Assignment/ros2_ws/install/robot_msgs/include/robot_msgs/robot_msgs/srv
[4.271s] -- Up-to-date: /home/raz/projects/Astroscale_Home_Assignment/ros2_ws/install/robot_msgs/include/robot_msgs/robot_msgs/srv/detail
[4.271s] -- Up-to-date: /home/raz/projects/Astroscale_Home_Assignment/ros2_ws/install/robot_msgs/include/robot_msgs/robot_msgs/srv/detail/move_to_position__rosidl_typesupport_introspection_cpp.hpp
[4.271s] -- Up-to-date: /home/raz/projects/Astroscale_Home_Assignment/ros2_ws/install/robot_msgs/include/robot_msgs/robot_msgs/srv/detail/move_to_position__type_support.cpp
[4.271s] -- Up-to-date: /home/raz/projects/Astroscale_Home_Assignment/ros2_ws/install/robot_msgs/lib/librobot_msgs__rosidl_typesupport_introspection_cpp.so
[4.271s] -- Up-to-date: /home/raz/projects/Astroscale_Home_Assignment/ros2_ws/install/robot_msgs/lib/librobot_msgs__rosidl_typesupport_cpp.so
[4.271s] -- Up-to-date: /home/raz/projects/Astroscale_Home_Assignment/ros2_ws/install/robot_msgs/share/robot_msgs/environment/pythonpath.sh
[4.272s] -- Up-to-date: /home/raz/projects/Astroscale_Home_Assignment/ros2_ws/install/robot_msgs/share/robot_msgs/environment/pythonpath.dsv
[4.272s] -- Up-to-date: /home/raz/projects/Astroscale_Home_Assignment/ros2_ws/install/robot_msgs/local/lib/python3.10/dist-packages/robot_msgs-0.0.0-py3.10.egg-info
[4.272s] -- Installing: /home/raz/projects/Astroscale_Home_Assignment/ros2_ws/install/robot_msgs/local/lib/python3.10/dist-packages/robot_msgs-0.0.0-py3.10.egg-info/dependency_links.txt
[4.272s] -- Installing: /home/raz/projects/Astroscale_Home_Assignment/ros2_ws/install/robot_msgs/local/lib/python3.10/dist-packages/robot_msgs-0.0.0-py3.10.egg-info/PKG-INFO
[4.272s] -- Installing: /home/raz/projects/Astroscale_Home_Assignment/ros2_ws/install/robot_msgs/local/lib/python3.10/dist-packages/robot_msgs-0.0.0-py3.10.egg-info/SOURCES.txt
[4.272s] -- Installing: /home/raz/projects/Astroscale_Home_Assignment/ros2_ws/install/robot_msgs/local/lib/python3.10/dist-packages/robot_msgs-0.0.0-py3.10.egg-info/top_level.txt
[4.272s] -- Up-to-date: /home/raz/projects/Astroscale_Home_Assignment/ros2_ws/install/robot_msgs/local/lib/python3.10/dist-packages/robot_msgs
[4.273s] -- Up-to-date: /home/raz/projects/Astroscale_Home_Assignment/ros2_ws/install/robot_msgs/local/lib/python3.10/dist-packages/robot_msgs/srv
[4.273s] -- Up-to-date: /home/raz/projects/Astroscale_Home_Assignment/ros2_ws/install/robot_msgs/local/lib/python3.10/dist-packages/robot_msgs/srv/__init__.py
[4.273s] -- Up-to-date: /home/raz/projects/Astroscale_Home_Assignment/ros2_ws/install/robot_msgs/local/lib/python3.10/dist-packages/robot_msgs/srv/_move_to_position_s.c
[4.274s] -- Up-to-date: /home/raz/projects/Astroscale_Home_Assignment/ros2_ws/install/robot_msgs/local/lib/python3.10/dist-packages/robot_msgs/srv/_move_to_position.py
[4.274s] -- Up-to-date: /home/raz/projects/Astroscale_Home_Assignment/ros2_ws/install/robot_msgs/local/lib/python3.10/dist-packages/robot_msgs/robot_msgs_s__rosidl_typesupport_c.cpython-310-x86_64-linux-gnu.so
[4.274s] -- Up-to-date: /home/raz/projects/Astroscale_Home_Assignment/ros2_ws/install/robot_msgs/local/lib/python3.10/dist-packages/robot_msgs/_robot_msgs_s.ep.rosidl_typesupport_fastrtps_c.c
[4.274s] -- Up-to-date: /home/raz/projects/Astroscale_Home_Assignment/ros2_ws/install/robot_msgs/local/lib/python3.10/dist-packages/robot_msgs/_robot_msgs_s.ep.rosidl_typesupport_introspection_c.c
[4.274s] -- Up-to-date: /home/raz/projects/Astroscale_Home_Assignment/ros2_ws/install/robot_msgs/local/lib/python3.10/dist-packages/robot_msgs/__init__.py
[4.274s] -- Up-to-date: /home/raz/projects/Astroscale_Home_Assignment/ros2_ws/install/robot_msgs/local/lib/python3.10/dist-packages/robot_msgs/robot_msgs_s__rosidl_typesupport_fastrtps_c.cpython-310-x86_64-linux-gnu.so
[4.274s] -- Up-to-date: /home/raz/projects/Astroscale_Home_Assignment/ros2_ws/install/robot_msgs/local/lib/python3.10/dist-packages/robot_msgs/librobot_msgs__rosidl_generator_py.so
[4.274s] -- Up-to-date: /home/raz/projects/Astroscale_Home_Assignment/ros2_ws/install/robot_msgs/local/lib/python3.10/dist-packages/robot_msgs/robot_msgs_s__rosidl_typesupport_introspection_c.cpython-310-x86_64-linux-gnu.so
[4.275s] -- Up-to-date: /home/raz/projects/Astroscale_Home_Assignment/ros2_ws/install/robot_msgs/local/lib/python3.10/dist-packages/robot_msgs/_robot_msgs_s.ep.rosidl_typesupport_c.c
[4.395s] Listing '/home/raz/projects/Astroscale_Home_Assignment/ros2_ws/install/robot_msgs/local/lib/python3.10/dist-packages/robot_msgs'...
[4.395s] Listing '/home/raz/projects/Astroscale_Home_Assignment/ros2_ws/install/robot_msgs/local/lib/python3.10/dist-packages/robot_msgs/srv'...
[4.404s] -- Up-to-date: /home/raz/projects/Astroscale_Home_Assignment/ros2_ws/install/robot_msgs/local/lib/python3.10/dist-packages/robot_msgs/robot_msgs_s__rosidl_typesupport_fastrtps_c.cpython-310-x86_64-linux-gnu.so
[4.405s] -- Up-to-date: /home/raz/projects/Astroscale_Home_Assignment/ros2_ws/install/robot_msgs/local/lib/python3.10/dist-packages/robot_msgs/robot_msgs_s__rosidl_typesupport_introspection_c.cpython-310-x86_64-linux-gnu.so
[4.406s] -- Up-to-date: /home/raz/projects/Astroscale_Home_Assignment/ros2_ws/install/robot_msgs/local/lib/python3.10/dist-packages/robot_msgs/robot_msgs_s__rosidl_typesupport_c.cpython-310-x86_64-linux-gnu.so
[4.406s] -- Up-to-date: /home/raz/projects/Astroscale_Home_Assignment/ros2_ws/install/robot_msgs/lib/librobot_msgs__rosidl_generator_py.so
[4.407s] -- Up-to-date: /home/raz/projects/Astroscale_Home_Assignment/ros2_ws/install/robot_msgs/share/robot_msgs/srv/MoveToPosition.idl
[4.407s] -- Up-to-date: /home/raz/projects/Astroscale_Home_Assignment/ros2_ws/install/robot_msgs/share/robot_msgs/srv/MoveToPosition.srv
[4.407s] -- Up-to-date: /home/raz/projects/Astroscale_Home_Assignment/ros2_ws/install/robot_msgs/share/robot_msgs/srv/MoveToPosition_Request.msg
[4.407s] -- Up-to-date: /home/raz/projects/Astroscale_Home_Assignment/ros2_ws/install/robot_msgs/share/robot_msgs/srv/MoveToPosition_Response.msg
[4.407s] -- Up-to-date: /home/raz/projects/Astroscale_Home_Assignment/ros2_ws/install/robot_msgs/share/ament_index/resource_index/package_run_dependencies/robot_msgs
[4.408s] -- Up-to-date: /home/raz/projects/Astroscale_Home_Assignment/ros2_ws/install/robot_msgs/share/ament_index/resource_index/parent_prefix_path/robot_msgs
[4.408s] -- Up-to-date: /home/raz/projects/Astroscale_Home_Assignment/ros2_ws/install/robot_msgs/share/robot_msgs/environment/ament_prefix_path.sh
[4.408s] -- Up-to-date: /home/raz/projects/Astroscale_Home_Assignment/ros2_ws/install/robot_msgs/share/robot_msgs/environment/ament_prefix_path.dsv
[4.408s] -- Up-to-date: /home/raz/projects/Astroscale_Home_Assignment/ros2_ws/install/robot_msgs/share/robot_msgs/environment/path.sh
[4.408s] -- Up-to-date: /home/raz/projects/Astroscale_Home_Assignment/ros2_ws/install/robot_msgs/share/robot_msgs/environment/path.dsv
[4.408s] -- Up-to-date: /home/raz/projects/Astroscale_Home_Assignment/ros2_ws/install/robot_msgs/share/robot_msgs/local_setup.bash
[4.408s] -- Up-to-date: /home/raz/projects/Astroscale_Home_Assignment/ros2_ws/install/robot_msgs/share/robot_msgs/local_setup.sh
[4.409s] -- Up-to-date: /home/raz/projects/Astroscale_Home_Assignment/ros2_ws/install/robot_msgs/share/robot_msgs/local_setup.zsh
[4.409s] -- Up-to-date: /home/raz/projects/Astroscale_Home_Assignment/ros2_ws/install/robot_msgs/share/robot_msgs/local_setup.dsv
[4.409s] -- Installing: /home/raz/projects/Astroscale_Home_Assignment/ros2_ws/install/robot_msgs/share/robot_msgs/package.dsv
[4.423s] -- Up-to-date: /home/raz/projects/Astroscale_Home_Assignment/ros2_ws/install/robot_msgs/share/ament_index/resource_index/packages/robot_msgs
[4.440s] -- Up-to-date: /home/raz/projects/Astroscale_Home_Assignment/ros2_ws/install/robot_msgs/share/robot_msgs/cmake/export_robot_msgs__rosidl_generator_cExport.cmake
[4.440s] -- Up-to-date: /home/raz/projects/Astroscale_Home_Assignment/ros2_ws/install/robot_msgs/share/robot_msgs/cmake/export_robot_msgs__rosidl_generator_cExport-noconfig.cmake
[4.440s] -- Up-to-date: /home/raz/projects/Astroscale_Home_Assignment/ros2_ws/install/robot_msgs/share/robot_msgs/cmake/export_robot_msgs__rosidl_typesupport_fastrtps_cExport.cmake
[4.440s] -- Up-to-date: /home/raz/projects/Astroscale_Home_Assignment/ros2_ws/install/robot_msgs/share/robot_msgs/cmake/export_robot_msgs__rosidl_typesupport_fastrtps_cExport-noconfig.cmake
[4.441s] -- Up-to-date: /home/raz/projects/Astroscale_Home_Assignment/ros2_ws/install/robot_msgs/share/robot_msgs/cmake/export_robot_msgs__rosidl_generator_cppExport.cmake
[4.443s] -- Up-to-date: /home/raz/projects/Astroscale_Home_Assignment/ros2_ws/install/robot_msgs/share/robot_msgs/cmake/export_robot_msgs__rosidl_typesupport_fastrtps_cppExport.cmake
[4.443s] -- Up-to-date: /home/raz/projects/Astroscale_Home_Assignment/ros2_ws/install/robot_msgs/share/robot_msgs/cmake/export_robot_msgs__rosidl_typesupport_fastrtps_cppExport-noconfig.cmake
[4.453s] -- Up-to-date: /home/raz/projects/Astroscale_Home_Assignment/ros2_ws/install/robot_msgs/share/robot_msgs/cmake/robot_msgs__rosidl_typesupport_introspection_cExport.cmake
[4.453s] -- Up-to-date: /home/raz/projects/Astroscale_Home_Assignment/ros2_ws/install/robot_msgs/share/robot_msgs/cmake/robot_msgs__rosidl_typesupport_introspection_cExport-noconfig.cmake
[4.464s] -- Up-to-date: /home/raz/projects/Astroscale_Home_Assignment/ros2_ws/install/robot_msgs/share/robot_msgs/cmake/robot_msgs__rosidl_typesupport_cExport.cmake
[4.464s] -- Up-to-date: /home/raz/projects/Astroscale_Home_Assignment/ros2_ws/install/robot_msgs/share/robot_msgs/cmake/robot_msgs__rosidl_typesupport_cExport-noconfig.cmake
[4.465s] -- Up-to-date: /home/raz/projects/Astroscale_Home_Assignment/ros2_ws/install/robot_msgs/share/robot_msgs/cmake/robot_msgs__rosidl_typesupport_introspection_cppExport.cmake
[4.465s] -- Up-to-date: /home/raz/projects/Astroscale_Home_Assignment/ros2_ws/install/robot_msgs/share/robot_msgs/cmake/robot_msgs__rosidl_typesupport_introspection_cppExport-noconfig.cmake
[4.474s] -- Up-to-date: /home/raz/projects/Astroscale_Home_Assignment/ros2_ws/install/robot_msgs/share/robot_msgs/cmake/robot_msgs__rosidl_typesupport_cppExport.cmake
[4.474s] -- Up-to-date: /home/raz/projects/Astroscale_Home_Assignment/ros2_ws/install/robot_msgs/share/robot_msgs/cmake/robot_msgs__rosidl_typesupport_cppExport-noconfig.cmake
[4.474s] -- Up-to-date: /home/raz/projects/Astroscale_Home_Assignment/ros2_ws/install/robot_msgs/share/robot_msgs/cmake/export_robot_msgs__rosidl_generator_pyExport.cmake
[4.474s] -- Up-to-date: /home/raz/projects/Astroscale_Home_Assignment/ros2_ws/install/robot_msgs/share/robot_msgs/cmake/export_robot_msgs__rosidl_generator_pyExport-noconfig.cmake
[4.475s] -- Up-to-date: /home/raz/projects/Astroscale_Home_Assignment/ros2_ws/install/robot_msgs/share/robot_msgs/cmake/rosidl_cmake-extras.cmake
[4.475s] -- Up-to-date: /home/raz/projects/Astroscale_Home_Assignment/ros2_ws/install/robot_msgs/share/robot_msgs/cmake/ament_cmake_export_include_directories-extras.cmake
[4.475s] -- Up-to-date: /home/raz/projects/Astroscale_Home_Assignment/ros2_ws/install/robot_msgs/share/robot_msgs/cmake/ament_cmake_export_libraries-extras.cmake
[4.475s] -- Up-to-date: /home/raz/projects/Astroscale_Home_Assignment/ros2_ws/install/robot_msgs/share/robot_msgs/cmake/ament_cmake_export_targets-extras.cmake
[4.475s] -- Up-to-date: /home/raz/projects/Astroscale_Home_Assignment/ros2_ws/install/robot_msgs/share/robot_msgs/cmake/rosidl_cmake_export_typesupport_targets-extras.cmake
[4.476s] -- Up-to-date: /home/raz/projects/Astroscale_Home_Assignment/ros2_ws/install/robot_msgs/share/robot_msgs/cmake/ament_cmake_export_dependencies-extras.cmake
[4.476s] -- Up-to-date: /home/raz/projects/Astroscale_Home_Assignment/ros2_ws/install/robot_msgs/share/robot_msgs/cmake/rosidl_cmake_export_typesupport_libraries-extras.cmake
[4.476s] -- Up-to-date: /home/raz/projects/Astroscale_Home_Assignment/ros2_ws/install/robot_msgs/share/robot_msgs/cmake/robot_msgsConfig.cmake
[4.476s] -- Up-to-date: /home/raz/projects/Astroscale_Home_Assignment/ros2_ws/install/robot_msgs/share/robot_msgs/cmake/robot_msgsConfig-version.cmake
[4.476s] -- Up-to-date: /home/raz/projects/Astroscale_Home_Assignment/ros2_ws/install/robot_msgs/share/robot_msgs/package.xml
[4.479s] Invoked command in '/home/raz/projects/Astroscale_Home_Assignment/ros2_ws/build/robot_msgs' returned '0': CMAKE_PREFIX_PATH=${CMAKE_PREFIX_PATH}:/home/raz/projects/astroscale/ros2_ws/install/robot_bringup:/home/raz/projects/astroscale/ros2_ws/install/robot_services:/home/raz/projects/astroscale/ros2_ws/install/robot_msgs:/home/raz/projects/astroscale/ros2_ws/install/robot_moveit:/home/raz/projects/astroscale/ros2_ws/install/robot_controller:/home/raz/projects/astroscale/ros2_ws/install/robot_description:/home/raz/projects/ros2_advanced_concepts/ros2_ws/install/challenge_py:/home/raz/projects/ros2_advanced_concepts/ros2_ws/install/actions_py:/home/raz/ros2_ws/install/centerofmass_detection:/home/raz/projects/manipulator-project/arduinobot_ws/install/arduinobot_py_examples:/opt/ros/humble /usr/local/bin/cmake --install /home/raz/projects/Astroscale_Home_Assignment/ros2_ws/build/robot_msgs
