[0.011s] Invoking command in '/home/raz/projects/astroscale/ros2_ws/build/robot_controller': CMAKE_PREFIX_PATH=/home/raz/projects/astroscale/ros2_ws/install/robot_description:/home/raz/projects/astroscale/ros2_ws/install/robot_bringup:/home/raz/projects/astroscale/ros2_ws/install/robot_services:/home/raz/projects/astroscale/ros2_ws/install/robot_remote:/home/raz/projects/astroscale/ros2_ws/install/robot_msgs:/home/raz/projects/astroscale/ros2_ws/install/robot_moveit:/home/raz/projects/astroscale/ros2_ws/install/robot_controller:/home/raz/projects/ros2_advanced_concepts/ros2_ws/install/challenge_cpp:/home/raz/projects/ros2_advanced_concepts/ros2_ws/install/actions_cpp:/home/raz/projects/ros2_advanced_concepts/ros2_ws/install/my_robot_interfaces:/home/raz/ros2_ws/install/manipulator_urdf:/home/raz/projects/manipulator-project/arduinobot_ws/install/arduinobot_utils:/home/raz/projects/manipulator-project/arduinobot_ws/install/arduinobot_remote:/home/raz/projects/manipulator-project/arduinobot_ws/install/arduinobot_cpp_examples:/home/raz/projects/manipulator-project/arduinobot_ws/install/arduinobot_msgs:/home/raz/projects/manipulator-project/arduinobot_ws/install/arduinobot_moveit:/home/raz/projects/manipulator-project/arduinobot_ws/install/arduinobot_firmware:/home/raz/projects/manipulator-project/arduinobot_ws/install/arduinobot_description:/home/raz/projects/manipulator-project/arduinobot_ws/install/arduinobot_controller:/home/raz/projects/manipulator-project/arduinobot_ws/install/arduinobot_bringup:/home/raz/projects/ros2_robotics_simulation/ros2_ws/install/my_robot_bringup:/home/raz/projects/ros2_robotics_simulation/ros2_ws/install/my_robot_description:/home/raz/projects/ros2_advanced_concepts/ros2_ws/install/challenge_py:/home/raz/projects/ros2_advanced_concepts/ros2_ws/install/actions_py:/home/raz/ros2_ws/install/centerofmass_detection:/home/raz/projects/manipulator-project/arduinobot_ws/install/arduinobot_py_examples:/opt/ros/humble /usr/local/bin/cmake --build /home/raz/projects/astroscale/ros2_ws/build/robot_controller -- -j12 -l12
[0.025s] -- Found ament_cmake: 1.3.11 (/opt/ros/humble/share/ament_cmake/cmake)
[0.186s] -- Found trajectory_msgs: 4.2.4 (/opt/ros/humble/share/trajectory_msgs/cmake)
[0.210s] -- Found rosidl_generator_c: 3.1.6 (/opt/ros/humble/share/rosidl_generator_c/cmake)
[0.213s] -- Found rosidl_adapter: 3.1.6 (/opt/ros/humble/share/rosidl_adapter/cmake)
[0.218s] -- Found rosidl_generator_cpp: 3.1.6 (/opt/ros/humble/share/rosidl_generator_cpp/cmake)
[0.229s] -- Using all available rosidl_typesupport_c: rosidl_typesupport_fastrtps_c;rosidl_typesupport_introspection_c
[0.244s] -- Using all available rosidl_typesupport_cpp: rosidl_typesupport_fastrtps_cpp;rosidl_typesupport_introspection_cpp
[0.308s] -- Found sensor_msgs: 4.2.4 (/opt/ros/humble/share/sensor_msgs/cmake)
[0.329s] -- Found rclcpp: 16.0.11 (/opt/ros/humble/share/rclcpp/cmake)
[0.359s] -- Found rmw_implementation_cmake: 6.1.2 (/opt/ros/humble/share/rmw_implementation_cmake/cmake)
[0.361s] -- Found rmw_cyclonedds_cpp: 1.3.4 (/opt/ros/humble/share/rmw_cyclonedds_cpp/cmake)
[0.380s] -- Using RMW implementation 'rmw_cyclonedds_cpp' as default
[0.423s] -- Found rclpy: 3.3.15 (/opt/ros/humble/share/rclpy/cmake)
[0.526s] -- Configuring done (0.5s)
[0.575s] -- Generating done (0.0s)
[0.579s] -- Build files have been written to: /home/raz/projects/astroscale/ros2_ws/build/robot_controller
[0.591s] [  0%] Built target ament_cmake_python_copy_robot_controller
[0.607s] [ 50%] [32mBuilding CXX object CMakeFiles/slider_control.dir/src/slider_control.cpp.o[0m
[0.785s] running egg_info
[0.803s] creating robot_controller.egg-info
[0.803s] writing robot_controller.egg-info/PKG-INFO
[0.803s] writing dependency_links to robot_controller.egg-info/dependency_links.txt
[0.804s] writing top-level names to robot_controller.egg-info/top_level.txt
[0.804s] writing manifest file 'robot_controller.egg-info/SOURCES.txt'
[0.858s] reading manifest file 'robot_controller.egg-info/SOURCES.txt'
[0.858s] writing manifest file 'robot_controller.egg-info/SOURCES.txt'
[0.872s] [ 50%] Built target ament_cmake_python_build_robot_controller_egg
[12.833s] [100%] [32m[1mLinking CXX executable slider_control[0m
[14.016s] [100%] Built target slider_control
[14.018s] Invoked command in '/home/raz/projects/astroscale/ros2_ws/build/robot_controller' returned '0': CMAKE_PREFIX_PATH=/home/raz/projects/astroscale/ros2_ws/install/robot_description:/home/raz/projects/astroscale/ros2_ws/install/robot_bringup:/home/raz/projects/astroscale/ros2_ws/install/robot_services:/home/raz/projects/astroscale/ros2_ws/install/robot_remote:/home/raz/projects/astroscale/ros2_ws/install/robot_msgs:/home/raz/projects/astroscale/ros2_ws/install/robot_moveit:/home/raz/projects/astroscale/ros2_ws/install/robot_controller:/home/raz/projects/ros2_advanced_concepts/ros2_ws/install/challenge_cpp:/home/raz/projects/ros2_advanced_concepts/ros2_ws/install/actions_cpp:/home/raz/projects/ros2_advanced_concepts/ros2_ws/install/my_robot_interfaces:/home/raz/ros2_ws/install/manipulator_urdf:/home/raz/projects/manipulator-project/arduinobot_ws/install/arduinobot_utils:/home/raz/projects/manipulator-project/arduinobot_ws/install/arduinobot_remote:/home/raz/projects/manipulator-project/arduinobot_ws/install/arduinobot_cpp_examples:/home/raz/projects/manipulator-project/arduinobot_ws/install/arduinobot_msgs:/home/raz/projects/manipulator-project/arduinobot_ws/install/arduinobot_moveit:/home/raz/projects/manipulator-project/arduinobot_ws/install/arduinobot_firmware:/home/raz/projects/manipulator-project/arduinobot_ws/install/arduinobot_description:/home/raz/projects/manipulator-project/arduinobot_ws/install/arduinobot_controller:/home/raz/projects/manipulator-project/arduinobot_ws/install/arduinobot_bringup:/home/raz/projects/ros2_robotics_simulation/ros2_ws/install/my_robot_bringup:/home/raz/projects/ros2_robotics_simulation/ros2_ws/install/my_robot_description:/home/raz/projects/ros2_advanced_concepts/ros2_ws/install/challenge_py:/home/raz/projects/ros2_advanced_concepts/ros2_ws/install/actions_py:/home/raz/ros2_ws/install/centerofmass_detection:/home/raz/projects/manipulator-project/arduinobot_ws/install/arduinobot_py_examples:/opt/ros/humble /usr/local/bin/cmake --build /home/raz/projects/astroscale/ros2_ws/build/robot_controller -- -j12 -l12
[14.021s] Invoking command in '/home/raz/projects/astroscale/ros2_ws/build/robot_controller': CMAKE_PREFIX_PATH=/home/raz/projects/astroscale/ros2_ws/install/robot_description:/home/raz/projects/astroscale/ros2_ws/install/robot_bringup:/home/raz/projects/astroscale/ros2_ws/install/robot_services:/home/raz/projects/astroscale/ros2_ws/install/robot_remote:/home/raz/projects/astroscale/ros2_ws/install/robot_msgs:/home/raz/projects/astroscale/ros2_ws/install/robot_moveit:/home/raz/projects/astroscale/ros2_ws/install/robot_controller:/home/raz/projects/ros2_advanced_concepts/ros2_ws/install/challenge_cpp:/home/raz/projects/ros2_advanced_concepts/ros2_ws/install/actions_cpp:/home/raz/projects/ros2_advanced_concepts/ros2_ws/install/my_robot_interfaces:/home/raz/ros2_ws/install/manipulator_urdf:/home/raz/projects/manipulator-project/arduinobot_ws/install/arduinobot_utils:/home/raz/projects/manipulator-project/arduinobot_ws/install/arduinobot_remote:/home/raz/projects/manipulator-project/arduinobot_ws/install/arduinobot_cpp_examples:/home/raz/projects/manipulator-project/arduinobot_ws/install/arduinobot_msgs:/home/raz/projects/manipulator-project/arduinobot_ws/install/arduinobot_moveit:/home/raz/projects/manipulator-project/arduinobot_ws/install/arduinobot_firmware:/home/raz/projects/manipulator-project/arduinobot_ws/install/arduinobot_description:/home/raz/projects/manipulator-project/arduinobot_ws/install/arduinobot_controller:/home/raz/projects/manipulator-project/arduinobot_ws/install/arduinobot_bringup:/home/raz/projects/ros2_robotics_simulation/ros2_ws/install/my_robot_bringup:/home/raz/projects/ros2_robotics_simulation/ros2_ws/install/my_robot_description:/home/raz/projects/ros2_advanced_concepts/ros2_ws/install/challenge_py:/home/raz/projects/ros2_advanced_concepts/ros2_ws/install/actions_py:/home/raz/ros2_ws/install/centerofmass_detection:/home/raz/projects/manipulator-project/arduinobot_ws/install/arduinobot_py_examples:/opt/ros/humble /usr/local/bin/cmake --install /home/raz/projects/astroscale/ros2_ws/build/robot_controller
[14.022s] -- Install configuration: ""
[14.022s] -- Installing: /home/raz/projects/astroscale/ros2_ws/install/robot_controller/share/robot_controller/environment/pythonpath.sh
[14.022s] -- Installing: /home/raz/projects/astroscale/ros2_ws/install/robot_controller/share/robot_controller/environment/pythonpath.dsv
[14.022s] -- Installing: /home/raz/projects/astroscale/ros2_ws/install/robot_controller/local/lib/python3.10/dist-packages/robot_controller-0.0.0-py3.10.egg-info
[14.022s] -- Installing: /home/raz/projects/astroscale/ros2_ws/install/robot_controller/local/lib/python3.10/dist-packages/robot_controller-0.0.0-py3.10.egg-info/dependency_links.txt
[14.022s] -- Installing: /home/raz/projects/astroscale/ros2_ws/install/robot_controller/local/lib/python3.10/dist-packages/robot_controller-0.0.0-py3.10.egg-info/PKG-INFO
[14.022s] -- Installing: /home/raz/projects/astroscale/ros2_ws/install/robot_controller/local/lib/python3.10/dist-packages/robot_controller-0.0.0-py3.10.egg-info/SOURCES.txt
[14.022s] -- Installing: /home/raz/projects/astroscale/ros2_ws/install/robot_controller/local/lib/python3.10/dist-packages/robot_controller-0.0.0-py3.10.egg-info/top_level.txt
[14.022s] -- Installing: /home/raz/projects/astroscale/ros2_ws/install/robot_controller/local/lib/python3.10/dist-packages/robot_controller
[14.022s] -- Installing: /home/raz/projects/astroscale/ros2_ws/install/robot_controller/local/lib/python3.10/dist-packages/robot_controller/__init__.py
[14.022s] -- Installing: /home/raz/projects/astroscale/ros2_ws/install/robot_controller/local/lib/python3.10/dist-packages/robot_controller/slider_control.py
[14.050s] Listing '/home/raz/projects/astroscale/ros2_ws/install/robot_controller/local/lib/python3.10/dist-packages/robot_controller'...
[14.050s] Compiling '/home/raz/projects/astroscale/ros2_ws/install/robot_controller/local/lib/python3.10/dist-packages/robot_controller/__init__.py'...
[14.050s] Compiling '/home/raz/projects/astroscale/ros2_ws/install/robot_controller/local/lib/python3.10/dist-packages/robot_controller/slider_control.py'...
[14.053s] -- Installing: /home/raz/projects/astroscale/ros2_ws/install/robot_controller/lib/robot_controller/slider_control
[14.055s] -- Set runtime path of "/home/raz/projects/astroscale/ros2_ws/install/robot_controller/lib/robot_controller/slider_control" to ""
[14.055s] -- Installing: /home/raz/projects/astroscale/ros2_ws/install/robot_controller/include/include
[14.055s] -- Installing: /home/raz/projects/astroscale/ros2_ws/install/robot_controller/include/include/robot_controller
[14.055s] -- Up-to-date: /home/raz/projects/astroscale/ros2_ws/install/robot_controller/share/robot_controller/launch
[14.055s] -- Up-to-date: /home/raz/projects/astroscale/ros2_ws/install/robot_controller/share/robot_controller/launch/controller.launch.py
[14.055s] -- Up-to-date: /home/raz/projects/astroscale/ros2_ws/install/robot_controller/share/robot_controller/launch/slider_controller.launch.py
[14.055s] -- Up-to-date: /home/raz/projects/astroscale/ros2_ws/install/robot_controller/share/robot_controller/config
[14.056s] -- Up-to-date: /home/raz/projects/astroscale/ros2_ws/install/robot_controller/share/robot_controller/config/robot_controllers.yaml
[14.056s] -- Installing: /home/raz/projects/astroscale/ros2_ws/install/robot_controller/lib/robot_controller/slider_control.py
[14.056s] -- Installing: /home/raz/projects/astroscale/ros2_ws/install/robot_controller/share/robot_controller/environment/library_path.sh
[14.056s] -- Installing: /home/raz/projects/astroscale/ros2_ws/install/robot_controller/share/robot_controller/environment/library_path.dsv
[14.056s] -- Installing: /home/raz/projects/astroscale/ros2_ws/install/robot_controller/share/ament_index/resource_index/package_run_dependencies/robot_controller
[14.056s] -- Installing: /home/raz/projects/astroscale/ros2_ws/install/robot_controller/share/ament_index/resource_index/parent_prefix_path/robot_controller
[14.056s] -- Up-to-date: /home/raz/projects/astroscale/ros2_ws/install/robot_controller/share/robot_controller/environment/ament_prefix_path.sh
[14.056s] -- Installing: /home/raz/projects/astroscale/ros2_ws/install/robot_controller/share/robot_controller/environment/ament_prefix_path.dsv
[14.056s] -- Up-to-date: /home/raz/projects/astroscale/ros2_ws/install/robot_controller/share/robot_controller/environment/path.sh
[14.056s] -- Installing: /home/raz/projects/astroscale/ros2_ws/install/robot_controller/share/robot_controller/environment/path.dsv
[14.056s] -- Up-to-date: /home/raz/projects/astroscale/ros2_ws/install/robot_controller/share/robot_controller/local_setup.bash
[14.056s] -- Installing: /home/raz/projects/astroscale/ros2_ws/install/robot_controller/share/robot_controller/local_setup.sh
[14.056s] -- Up-to-date: /home/raz/projects/astroscale/ros2_ws/install/robot_controller/share/robot_controller/local_setup.zsh
[14.056s] -- Installing: /home/raz/projects/astroscale/ros2_ws/install/robot_controller/share/robot_controller/local_setup.dsv
[14.056s] -- Installing: /home/raz/projects/astroscale/ros2_ws/install/robot_controller/share/robot_controller/package.dsv
[14.056s] -- Up-to-date: /home/raz/projects/astroscale/ros2_ws/install/robot_controller/share/ament_index/resource_index/packages/robot_controller
[14.056s] -- Installing: /home/raz/projects/astroscale/ros2_ws/install/robot_controller/share/robot_controller/cmake/ament_cmake_export_include_directories-extras.cmake
[14.057s] -- Installing: /home/raz/projects/astroscale/ros2_ws/install/robot_controller/share/robot_controller/cmake/ament_cmake_export_libraries-extras.cmake
[14.057s] -- Installing: /home/raz/projects/astroscale/ros2_ws/install/robot_controller/share/robot_controller/cmake/robot_controllerConfig.cmake
[14.057s] -- Up-to-date: /home/raz/projects/astroscale/ros2_ws/install/robot_controller/share/robot_controller/cmake/robot_controllerConfig-version.cmake
[14.057s] -- Installing: /home/raz/projects/astroscale/ros2_ws/install/robot_controller/share/robot_controller/package.xml
[14.058s] Invoked command in '/home/raz/projects/astroscale/ros2_ws/build/robot_controller' returned '0': CMAKE_PREFIX_PATH=/home/raz/projects/astroscale/ros2_ws/install/robot_description:/home/raz/projects/astroscale/ros2_ws/install/robot_bringup:/home/raz/projects/astroscale/ros2_ws/install/robot_services:/home/raz/projects/astroscale/ros2_ws/install/robot_remote:/home/raz/projects/astroscale/ros2_ws/install/robot_msgs:/home/raz/projects/astroscale/ros2_ws/install/robot_moveit:/home/raz/projects/astroscale/ros2_ws/install/robot_controller:/home/raz/projects/ros2_advanced_concepts/ros2_ws/install/challenge_cpp:/home/raz/projects/ros2_advanced_concepts/ros2_ws/install/actions_cpp:/home/raz/projects/ros2_advanced_concepts/ros2_ws/install/my_robot_interfaces:/home/raz/ros2_ws/install/manipulator_urdf:/home/raz/projects/manipulator-project/arduinobot_ws/install/arduinobot_utils:/home/raz/projects/manipulator-project/arduinobot_ws/install/arduinobot_remote:/home/raz/projects/manipulator-project/arduinobot_ws/install/arduinobot_cpp_examples:/home/raz/projects/manipulator-project/arduinobot_ws/install/arduinobot_msgs:/home/raz/projects/manipulator-project/arduinobot_ws/install/arduinobot_moveit:/home/raz/projects/manipulator-project/arduinobot_ws/install/arduinobot_firmware:/home/raz/projects/manipulator-project/arduinobot_ws/install/arduinobot_description:/home/raz/projects/manipulator-project/arduinobot_ws/install/arduinobot_controller:/home/raz/projects/manipulator-project/arduinobot_ws/install/arduinobot_bringup:/home/raz/projects/ros2_robotics_simulation/ros2_ws/install/my_robot_bringup:/home/raz/projects/ros2_robotics_simulation/ros2_ws/install/my_robot_description:/home/raz/projects/ros2_advanced_concepts/ros2_ws/install/challenge_py:/home/raz/projects/ros2_advanced_concepts/ros2_ws/install/actions_py:/home/raz/ros2_ws/install/centerofmass_detection:/home/raz/projects/manipulator-project/arduinobot_ws/install/arduinobot_py_examples:/opt/ros/humble /usr/local/bin/cmake --install /home/raz/projects/astroscale/ros2_ws/build/robot_controller
