-- Found ament_cmake: 1.3.11 (/opt/ros/humble/share/ament_cmake/cmake)
-- Override CMake install command with custom implementation using symlinks instead of copying resources
-- Found std_msgs: 4.2.4 (/opt/ros/humble/share/std_msgs/cmake)
-- Found rosidl_generator_c: 3.1.6 (/opt/ros/humble/share/rosidl_generator_c/cmake)
-- Found rosidl_adapter: 3.1.6 (/opt/ros/humble/share/rosidl_adapter/cmake)
-- Found rosidl_generator_cpp: 3.1.6 (/opt/ros/humble/share/rosidl_generator_cpp/cmake)
-- Using all available rosidl_typesupport_c: rosidl_typesupport_fastrtps_c;rosidl_typesupport_introspection_c
-- Using all available rosidl_typesupport_cpp: rosidl_typesupport_fastrtps_cpp;rosidl_typesupport_introspection_cpp
-- Found rosidl_default_generators: 1.2.0 (/opt/ros/humble/share/rosidl_default_generators/cmake)
-- Found ament_cmake_ros: 0.10.0 (/opt/ros/humble/share/ament_cmake_ros/cmake)
-- Using all available rosidl_typesupport_c: rosidl_typesupport_fastrtps_c;rosidl_typesupport_introspection_c
-- Using all available rosidl_typesupport_cpp: rosidl_typesupport_fastrtps_cpp;rosidl_typesupport_introspection_cpp
[33mCMake Warning (dev) at /opt/ros/humble/share/rosidl_generator_py/cmake/rosidl_generator_py_generate_interfaces.cmake:20 (find_package):
  Policy CMP0148 is not set: The FindPythonInterp and FindPythonLibs modules
  are removed.  Run "cmake --help-policy CMP0148" for policy details.  Use
  the cmake_policy command to set the policy and suppress this warning.

Call Stack (most recent call first):
  /opt/ros/humble/share/ament_cmake_core/cmake/core/ament_execute_extensions.cmake:48 (include)
  /opt/ros/humble/share/rosidl_cmake/cmake/rosidl_generate_interfaces.cmake:286 (ament_execute_extensions)
  CMakeLists.txt:13 (rosidl_generate_interfaces)
This warning is for project developers.  Use -Wno-dev to suppress it.
[0m
-- Found python_cmake_module: 0.10.0 (/opt/ros/humble/share/python_cmake_module/cmake)
[33mCMake Warning (dev) at /opt/ros/humble/share/python_cmake_module/cmake/Modules/FindPythonExtra.cmake:52 (find_package):
  Policy CMP0148 is not set: The FindPythonInterp and FindPythonLibs modules
  are removed.  Run "cmake --help-policy CMP0148" for policy details.  Use
  the cmake_policy command to set the policy and suppress this warning.

Call Stack (most recent call first):
  /opt/ros/humble/share/rosidl_generator_py/cmake/rosidl_generator_py_generate_interfaces.cmake:23 (find_package)
  /opt/ros/humble/share/ament_cmake_core/cmake/core/ament_execute_extensions.cmake:48 (include)
  /opt/ros/humble/share/rosidl_cmake/cmake/rosidl_generate_interfaces.cmake:286 (ament_execute_extensions)
  CMakeLists.txt:13 (rosidl_generate_interfaces)
This warning is for project developers.  Use -Wno-dev to suppress it.
[0m
[33mCMake Warning (dev) at /opt/ros/humble/share/python_cmake_module/cmake/Modules/FindPythonExtra.cmake:140 (find_package):
  Policy CMP0148 is not set: The FindPythonInterp and FindPythonLibs modules
  are removed.  Run "cmake --help-policy CMP0148" for policy details.  Use
  the cmake_policy command to set the policy and suppress this warning.

Call Stack (most recent call first):
  /opt/ros/humble/share/rosidl_generator_py/cmake/rosidl_generator_py_generate_interfaces.cmake:23 (find_package)
  /opt/ros/humble/share/ament_cmake_core/cmake/core/ament_execute_extensions.cmake:48 (include)
  /opt/ros/humble/share/rosidl_cmake/cmake/rosidl_generate_interfaces.cmake:286 (ament_execute_extensions)
  CMakeLists.txt:13 (rosidl_generate_interfaces)
This warning is for project developers.  Use -Wno-dev to suppress it.
[0m
-- Using PYTHON_EXECUTABLE: /usr/bin/python3
-- Using PYTHON_INCLUDE_DIRS: /usr/include/python3.10
-- Using PYTHON_LIBRARIES: /usr/lib/x86_64-linux-gnu/libpython3.10.so
-- Found ament_lint_auto: 0.12.11 (/opt/ros/humble/share/ament_lint_auto/cmake)
-- Added test 'lint_cmake' to check CMake code style
-- Added test 'xmllint' to check XML markup files
-- Configuring done (1.6s)
-- Generating done (0.0s)
-- Build files have been written to: /home/raz/projects/astroscale/ros2_ws/build/robot_msgs
[  3%] Built target robot_msgs__cpp
[ 12%] Built target robot_msgs__rosidl_generator_c
[ 12%] Built target ament_cmake_python_symlink_robot_msgs
[ 22%] Built target robot_msgs__rosidl_typesupport_c
[ 32%] Built target robot_msgs__rosidl_typesupport_introspection_cpp
[ 41%] Built target robot_msgs__rosidl_typesupport_cpp
[ 51%] Built target robot_msgs__rosidl_typesupport_introspection_c
[ 61%] Built target robot_msgs__rosidl_typesupport_fastrtps_cpp
[ 70%] Built target robot_msgs__rosidl_typesupport_fastrtps_c
[ 70%] Built target robot_msgs
[ 74%] Built target robot_msgs__py
[ 80%] Built target robot_msgs__rosidl_generator_py
[ 93%] Built target robot_msgs__rosidl_typesupport_fastrtps_c__pyext
[ 93%] Built target robot_msgs__rosidl_typesupport_introspection_c__pyext
[100%] Built target robot_msgs__rosidl_typesupport_c__pyext
running egg_info
writing robot_msgs.egg-info/PKG-INFO
writing dependency_links to robot_msgs.egg-info/dependency_links.txt
writing top-level names to robot_msgs.egg-info/top_level.txt
reading manifest file 'robot_msgs.egg-info/SOURCES.txt'
writing manifest file 'robot_msgs.egg-info/SOURCES.txt'
[100%] Built target ament_cmake_python_build_robot_msgs_egg
-- Install configuration: ""
-- Execute custom install script
-- Up-to-date symlink: /home/raz/projects/astroscale/ros2_ws/install/robot_msgs/share/ament_index/resource_index/rosidl_interfaces/robot_msgs
-- Up-to-date symlink: /home/raz/projects/astroscale/ros2_ws/install/robot_msgs/include/robot_msgs/robot_msgs/msg/rosidl_generator_c__visibility_control.h
-- Up-to-date symlink: /home/raz/projects/astroscale/ros2_ws/install/robot_msgs/include/robot_msgs/robot_msgs/srv/detail/move_to_position__functions.h
-- Up-to-date symlink: /home/raz/projects/astroscale/ros2_ws/install/robot_msgs/include/robot_msgs/robot_msgs/srv/detail/move_to_position__struct.h
-- Up-to-date symlink: /home/raz/projects/astroscale/ros2_ws/install/robot_msgs/include/robot_msgs/robot_msgs/srv/detail/move_to_position__type_support.h
-- Up-to-date symlink: /home/raz/projects/astroscale/ros2_ws/install/robot_msgs/include/robot_msgs/robot_msgs/srv/move_to_position.h
-- Up-to-date symlink: /home/raz/projects/astroscale/ros2_ws/install/robot_msgs/share/robot_msgs/environment/library_path.sh
-- Up-to-date symlink: /home/raz/projects/astroscale/ros2_ws/install/robot_msgs/share/robot_msgs/environment/library_path.dsv
-- Up-to-date symlink: /home/raz/projects/astroscale/ros2_ws/install/robot_msgs/include/robot_msgs/robot_msgs/msg/rosidl_typesupport_fastrtps_c__visibility_control.h
-- Up-to-date symlink: /home/raz/projects/astroscale/ros2_ws/install/robot_msgs/include/robot_msgs/robot_msgs/srv/detail/move_to_position__rosidl_typesupport_fastrtps_c.h
-- Up-to-date symlink: /home/raz/projects/astroscale/ros2_ws/install/robot_msgs/include/robot_msgs/robot_msgs/msg/rosidl_generator_cpp__visibility_control.hpp
-- Up-to-date symlink: /home/raz/projects/astroscale/ros2_ws/install/robot_msgs/include/robot_msgs/robot_msgs/srv/detail/move_to_position__builder.hpp
-- Up-to-date symlink: /home/raz/projects/astroscale/ros2_ws/install/robot_msgs/include/robot_msgs/robot_msgs/srv/detail/move_to_position__struct.hpp
-- Up-to-date symlink: /home/raz/projects/astroscale/ros2_ws/install/robot_msgs/include/robot_msgs/robot_msgs/srv/detail/move_to_position__traits.hpp
-- Up-to-date symlink: /home/raz/projects/astroscale/ros2_ws/install/robot_msgs/include/robot_msgs/robot_msgs/srv/detail/move_to_position__type_support.hpp
-- Up-to-date symlink: /home/raz/projects/astroscale/ros2_ws/install/robot_msgs/include/robot_msgs/robot_msgs/srv/move_to_position.hpp
-- Up-to-date symlink: /home/raz/projects/astroscale/ros2_ws/install/robot_msgs/include/robot_msgs/robot_msgs/msg/rosidl_typesupport_fastrtps_cpp__visibility_control.h
-- Up-to-date symlink: /home/raz/projects/astroscale/ros2_ws/install/robot_msgs/include/robot_msgs/robot_msgs/srv/detail/move_to_position__rosidl_typesupport_fastrtps_cpp.hpp
-- Up-to-date symlink: /home/raz/projects/astroscale/ros2_ws/install/robot_msgs/include/robot_msgs/robot_msgs/msg/rosidl_typesupport_introspection_c__visibility_control.h
-- Up-to-date symlink: /home/raz/projects/astroscale/ros2_ws/install/robot_msgs/include/robot_msgs/robot_msgs/srv/detail/move_to_position__rosidl_typesupport_introspection_c.h
-- Up-to-date symlink: /home/raz/projects/astroscale/ros2_ws/install/robot_msgs/include/robot_msgs/robot_msgs/srv/detail/move_to_position__rosidl_typesupport_introspection_cpp.hpp
-- Up-to-date symlink: /home/raz/projects/astroscale/ros2_ws/install/robot_msgs/share/robot_msgs/environment/pythonpath.sh
-- Up-to-date symlink: /home/raz/projects/astroscale/ros2_ws/install/robot_msgs/share/robot_msgs/environment/pythonpath.dsv
-- Up-to-date symlink: /home/raz/projects/astroscale/ros2_ws/install/robot_msgs/local/lib/python3.10/dist-packages/robot_msgs-0.0.0-py3.10.egg-info/PKG-INFO
-- Up-to-date symlink: /home/raz/projects/astroscale/ros2_ws/install/robot_msgs/local/lib/python3.10/dist-packages/robot_msgs-0.0.0-py3.10.egg-info/SOURCES.txt
-- Up-to-date symlink: /home/raz/projects/astroscale/ros2_ws/install/robot_msgs/local/lib/python3.10/dist-packages/robot_msgs-0.0.0-py3.10.egg-info/dependency_links.txt
-- Up-to-date symlink: /home/raz/projects/astroscale/ros2_ws/install/robot_msgs/local/lib/python3.10/dist-packages/robot_msgs-0.0.0-py3.10.egg-info/top_level.txt
-- Up-to-date symlink: /home/raz/projects/astroscale/ros2_ws/install/robot_msgs/local/lib/python3.10/dist-packages/robot_msgs/__init__.py
-- Up-to-date symlink: /home/raz/projects/astroscale/ros2_ws/install/robot_msgs/local/lib/python3.10/dist-packages/robot_msgs/_robot_msgs_s.ep.rosidl_typesupport_c.c
-- Up-to-date symlink: /home/raz/projects/astroscale/ros2_ws/install/robot_msgs/local/lib/python3.10/dist-packages/robot_msgs/_robot_msgs_s.ep.rosidl_typesupport_fastrtps_c.c
-- Up-to-date symlink: /home/raz/projects/astroscale/ros2_ws/install/robot_msgs/local/lib/python3.10/dist-packages/robot_msgs/_robot_msgs_s.ep.rosidl_typesupport_introspection_c.c
-- Up-to-date symlink: /home/raz/projects/astroscale/ros2_ws/install/robot_msgs/local/lib/python3.10/dist-packages/robot_msgs/librobot_msgs__rosidl_generator_py.so
-- Up-to-date symlink: /home/raz/projects/astroscale/ros2_ws/install/robot_msgs/local/lib/python3.10/dist-packages/robot_msgs/robot_msgs_s__rosidl_typesupport_c.cpython-310-x86_64-linux-gnu.so
-- Up-to-date symlink: /home/raz/projects/astroscale/ros2_ws/install/robot_msgs/local/lib/python3.10/dist-packages/robot_msgs/robot_msgs_s__rosidl_typesupport_fastrtps_c.cpython-310-x86_64-linux-gnu.so
-- Up-to-date symlink: /home/raz/projects/astroscale/ros2_ws/install/robot_msgs/local/lib/python3.10/dist-packages/robot_msgs/robot_msgs_s__rosidl_typesupport_introspection_c.cpython-310-x86_64-linux-gnu.so
-- Up-to-date symlink: /home/raz/projects/astroscale/ros2_ws/install/robot_msgs/local/lib/python3.10/dist-packages/robot_msgs/srv/__init__.py
-- Up-to-date symlink: /home/raz/projects/astroscale/ros2_ws/install/robot_msgs/local/lib/python3.10/dist-packages/robot_msgs/srv/_move_to_position.py
-- Up-to-date symlink: /home/raz/projects/astroscale/ros2_ws/install/robot_msgs/local/lib/python3.10/dist-packages/robot_msgs/srv/_move_to_position_s.c
-- Up-to-date symlink: /home/raz/projects/astroscale/ros2_ws/install/robot_msgs/local/lib/python3.10/dist-packages/robot_msgs/robot_msgs_s__rosidl_typesupport_fastrtps_c.cpython-310-x86_64-linux-gnu.so
-- Up-to-date symlink: /home/raz/projects/astroscale/ros2_ws/install/robot_msgs/local/lib/python3.10/dist-packages/robot_msgs/robot_msgs_s__rosidl_typesupport_introspection_c.cpython-310-x86_64-linux-gnu.so
-- Up-to-date symlink: /home/raz/projects/astroscale/ros2_ws/install/robot_msgs/local/lib/python3.10/dist-packages/robot_msgs/robot_msgs_s__rosidl_typesupport_c.cpython-310-x86_64-linux-gnu.so
-- Up-to-date symlink: /home/raz/projects/astroscale/ros2_ws/install/robot_msgs/share/robot_msgs/srv/MoveToPosition.idl
-- Up-to-date symlink: /home/raz/projects/astroscale/ros2_ws/install/robot_msgs/share/robot_msgs/srv/MoveToPosition.srv
-- Up-to-date symlink: /home/raz/projects/astroscale/ros2_ws/install/robot_msgs/share/robot_msgs/srv/MoveToPosition_Request.msg
-- Up-to-date symlink: /home/raz/projects/astroscale/ros2_ws/install/robot_msgs/share/robot_msgs/srv/MoveToPosition_Response.msg
-- Up-to-date symlink: /home/raz/projects/astroscale/ros2_ws/install/robot_msgs/share/ament_index/resource_index/package_run_dependencies/robot_msgs
-- Up-to-date symlink: /home/raz/projects/astroscale/ros2_ws/install/robot_msgs/share/ament_index/resource_index/parent_prefix_path/robot_msgs
-- Up-to-date symlink: /home/raz/projects/astroscale/ros2_ws/install/robot_msgs/share/robot_msgs/environment/ament_prefix_path.sh
-- Up-to-date symlink: /home/raz/projects/astroscale/ros2_ws/install/robot_msgs/share/robot_msgs/environment/ament_prefix_path.dsv
-- Up-to-date symlink: /home/raz/projects/astroscale/ros2_ws/install/robot_msgs/share/robot_msgs/environment/path.sh
-- Up-to-date symlink: /home/raz/projects/astroscale/ros2_ws/install/robot_msgs/share/robot_msgs/environment/path.dsv
-- Up-to-date symlink: /home/raz/projects/astroscale/ros2_ws/install/robot_msgs/share/robot_msgs/local_setup.bash
-- Up-to-date symlink: /home/raz/projects/astroscale/ros2_ws/install/robot_msgs/share/robot_msgs/local_setup.sh
-- Up-to-date symlink: /home/raz/projects/astroscale/ros2_ws/install/robot_msgs/share/robot_msgs/local_setup.zsh
-- Up-to-date symlink: /home/raz/projects/astroscale/ros2_ws/install/robot_msgs/share/robot_msgs/local_setup.dsv
-- Symlinking: /home/raz/projects/astroscale/ros2_ws/install/robot_msgs/share/robot_msgs/package.dsv
-- Up-to-date symlink: /home/raz/projects/astroscale/ros2_ws/install/robot_msgs/share/ament_index/resource_index/packages/robot_msgs
-- Up-to-date symlink: /home/raz/projects/astroscale/ros2_ws/install/robot_msgs/share/robot_msgs/cmake/rosidl_cmake-extras.cmake
-- Up-to-date symlink: /home/raz/projects/astroscale/ros2_ws/install/robot_msgs/share/robot_msgs/cmake/ament_cmake_export_include_directories-extras.cmake
-- Up-to-date symlink: /home/raz/projects/astroscale/ros2_ws/install/robot_msgs/share/robot_msgs/cmake/ament_cmake_export_libraries-extras.cmake
-- Up-to-date symlink: /home/raz/projects/astroscale/ros2_ws/install/robot_msgs/share/robot_msgs/cmake/ament_cmake_export_targets-extras.cmake
-- Up-to-date symlink: /home/raz/projects/astroscale/ros2_ws/install/robot_msgs/share/robot_msgs/cmake/rosidl_cmake_export_typesupport_targets-extras.cmake
-- Up-to-date symlink: /home/raz/projects/astroscale/ros2_ws/install/robot_msgs/share/robot_msgs/cmake/ament_cmake_export_dependencies-extras.cmake
-- Up-to-date symlink: /home/raz/projects/astroscale/ros2_ws/install/robot_msgs/share/robot_msgs/cmake/rosidl_cmake_export_typesupport_libraries-extras.cmake
-- Up-to-date symlink: /home/raz/projects/astroscale/ros2_ws/install/robot_msgs/share/robot_msgs/cmake/robot_msgsConfig.cmake
-- Up-to-date symlink: /home/raz/projects/astroscale/ros2_ws/install/robot_msgs/share/robot_msgs/cmake/robot_msgsConfig-version.cmake
-- Up-to-date symlink: /home/raz/projects/astroscale/ros2_ws/install/robot_msgs/share/robot_msgs/package.xml
-- Up-to-date: /home/raz/projects/astroscale/ros2_ws/install/robot_msgs/lib/librobot_msgs__rosidl_generator_c.so
-- Up-to-date: /home/raz/projects/astroscale/ros2_ws/install/robot_msgs/lib/librobot_msgs__rosidl_typesupport_fastrtps_c.so
-- Up-to-date: /home/raz/projects/astroscale/ros2_ws/install/robot_msgs/lib/librobot_msgs__rosidl_typesupport_fastrtps_cpp.so
-- Up-to-date: /home/raz/projects/astroscale/ros2_ws/install/robot_msgs/lib/librobot_msgs__rosidl_typesupport_introspection_c.so
-- Up-to-date: /home/raz/projects/astroscale/ros2_ws/install/robot_msgs/lib/librobot_msgs__rosidl_typesupport_c.so
-- Up-to-date: /home/raz/projects/astroscale/ros2_ws/install/robot_msgs/lib/librobot_msgs__rosidl_typesupport_introspection_cpp.so
-- Up-to-date: /home/raz/projects/astroscale/ros2_ws/install/robot_msgs/lib/librobot_msgs__rosidl_typesupport_cpp.so
Listing '/home/raz/projects/astroscale/ros2_ws/install/robot_msgs/local/lib/python3.10/dist-packages/robot_msgs'...
Compiling '/home/raz/projects/astroscale/ros2_ws/install/robot_msgs/local/lib/python3.10/dist-packages/robot_msgs/__init__.py'...
Listing '/home/raz/projects/astroscale/ros2_ws/install/robot_msgs/local/lib/python3.10/dist-packages/robot_msgs/srv'...
-- Up-to-date: /home/raz/projects/astroscale/ros2_ws/install/robot_msgs/lib/librobot_msgs__rosidl_generator_py.so
-- Up-to-date: /home/raz/projects/astroscale/ros2_ws/install/robot_msgs/share/robot_msgs/cmake/export_robot_msgs__rosidl_generator_cExport.cmake
-- Up-to-date: /home/raz/projects/astroscale/ros2_ws/install/robot_msgs/share/robot_msgs/cmake/export_robot_msgs__rosidl_generator_cExport-noconfig.cmake
-- Up-to-date: /home/raz/projects/astroscale/ros2_ws/install/robot_msgs/share/robot_msgs/cmake/export_robot_msgs__rosidl_typesupport_fastrtps_cExport.cmake
-- Up-to-date: /home/raz/projects/astroscale/ros2_ws/install/robot_msgs/share/robot_msgs/cmake/export_robot_msgs__rosidl_typesupport_fastrtps_cExport-noconfig.cmake
-- Up-to-date: /home/raz/projects/astroscale/ros2_ws/install/robot_msgs/share/robot_msgs/cmake/export_robot_msgs__rosidl_generator_cppExport.cmake
-- Up-to-date: /home/raz/projects/astroscale/ros2_ws/install/robot_msgs/share/robot_msgs/cmake/export_robot_msgs__rosidl_typesupport_fastrtps_cppExport.cmake
-- Up-to-date: /home/raz/projects/astroscale/ros2_ws/install/robot_msgs/share/robot_msgs/cmake/export_robot_msgs__rosidl_typesupport_fastrtps_cppExport-noconfig.cmake
-- Up-to-date: /home/raz/projects/astroscale/ros2_ws/install/robot_msgs/share/robot_msgs/cmake/robot_msgs__rosidl_typesupport_introspection_cExport.cmake
-- Up-to-date: /home/raz/projects/astroscale/ros2_ws/install/robot_msgs/share/robot_msgs/cmake/robot_msgs__rosidl_typesupport_introspection_cExport-noconfig.cmake
-- Up-to-date: /home/raz/projects/astroscale/ros2_ws/install/robot_msgs/share/robot_msgs/cmake/robot_msgs__rosidl_typesupport_cExport.cmake
-- Up-to-date: /home/raz/projects/astroscale/ros2_ws/install/robot_msgs/share/robot_msgs/cmake/robot_msgs__rosidl_typesupport_cExport-noconfig.cmake
-- Up-to-date: /home/raz/projects/astroscale/ros2_ws/install/robot_msgs/share/robot_msgs/cmake/robot_msgs__rosidl_typesupport_introspection_cppExport.cmake
-- Up-to-date: /home/raz/projects/astroscale/ros2_ws/install/robot_msgs/share/robot_msgs/cmake/robot_msgs__rosidl_typesupport_introspection_cppExport-noconfig.cmake
-- Up-to-date: /home/raz/projects/astroscale/ros2_ws/install/robot_msgs/share/robot_msgs/cmake/robot_msgs__rosidl_typesupport_cppExport.cmake
-- Up-to-date: /home/raz/projects/astroscale/ros2_ws/install/robot_msgs/share/robot_msgs/cmake/robot_msgs__rosidl_typesupport_cppExport-noconfig.cmake
-- Up-to-date: /home/raz/projects/astroscale/ros2_ws/install/robot_msgs/share/robot_msgs/cmake/export_robot_msgs__rosidl_generator_pyExport.cmake
-- Up-to-date: /home/raz/projects/astroscale/ros2_ws/install/robot_msgs/share/robot_msgs/cmake/export_robot_msgs__rosidl_generator_pyExport-noconfig.cmake
