[0.018s] Invoking command in '/home/raz/projects/astroscale/ros2_ws/build/robot_msgs': CMAKE_PREFIX_PATH=${CMAKE_PREFIX_PATH}:/home/raz/projects/ros2_advanced_concepts/ros2_ws/install/challenge_py:/home/raz/projects/ros2_advanced_concepts/ros2_ws/install/actions_py:/home/raz/ros2_ws/install/centerofmass_detection:/home/raz/projects/manipulator-project/arduinobot_ws/install/arduinobot_py_examples:/opt/ros/humble /usr/local/bin/cmake --build /home/raz/projects/astroscale/ros2_ws/build/robot_msgs -- -j12 -l12
[0.029s] -- Found ament_cmake: 1.3.11 (/opt/ros/humble/share/ament_cmake/cmake)
[0.219s] -- Override CMake install command with custom implementation using symlinks instead of copying resources
[0.226s] -- Found std_msgs: 4.2.4 (/opt/ros/humble/share/std_msgs/cmake)
[0.252s] -- Found rosidl_generator_c: 3.1.6 (/opt/ros/humble/share/rosidl_generator_c/cmake)
[0.255s] -- Found rosidl_adapter: 3.1.6 (/opt/ros/humble/share/rosidl_adapter/cmake)
[0.261s] -- Found rosidl_generator_cpp: 3.1.6 (/opt/ros/humble/share/rosidl_generator_cpp/cmake)
[0.273s] -- Using all available rosidl_typesupport_c: rosidl_typesupport_fastrtps_c;rosidl_typesupport_introspection_c
[0.288s] -- Using all available rosidl_typesupport_cpp: rosidl_typesupport_fastrtps_cpp;rosidl_typesupport_introspection_cpp
[0.316s] -- Found rosidl_default_generators: 1.2.0 (/opt/ros/humble/share/rosidl_default_generators/cmake)
[0.678s] -- Found ament_cmake_ros: 0.10.0 (/opt/ros/humble/share/ament_cmake_ros/cmake)
[1.287s] -- Using all available rosidl_typesupport_c: rosidl_typesupport_fastrtps_c;rosidl_typesupport_introspection_c
[1.532s] -- Using all available rosidl_typesupport_cpp: rosidl_typesupport_fastrtps_cpp;rosidl_typesupport_introspection_cpp
[1.534s] [33mCMake Warning (dev) at /opt/ros/humble/share/rosidl_generator_py/cmake/rosidl_generator_py_generate_interfaces.cmake:20 (find_package):
[1.534s]   Policy CMP0148 is not set: The FindPythonInterp and FindPythonLibs modules
[1.534s]   are removed.  Run "cmake --help-policy CMP0148" for policy details.  Use
[1.534s]   the cmake_policy command to set the policy and suppress this warning.
[1.534s] 
[1.534s] Call Stack (most recent call first):
[1.534s]   /opt/ros/humble/share/ament_cmake_core/cmake/core/ament_execute_extensions.cmake:48 (include)
[1.534s]   /opt/ros/humble/share/rosidl_cmake/cmake/rosidl_generate_interfaces.cmake:286 (ament_execute_extensions)
[1.534s]   CMakeLists.txt:13 (rosidl_generate_interfaces)
[1.534s] This warning is for project developers.  Use -Wno-dev to suppress it.
[1.534s] [0m
[1.553s] -- Found python_cmake_module: 0.10.0 (/opt/ros/humble/share/python_cmake_module/cmake)
[1.553s] [33mCMake Warning (dev) at /opt/ros/humble/share/python_cmake_module/cmake/Modules/FindPythonExtra.cmake:52 (find_package):
[1.553s]   Policy CMP0148 is not set: The FindPythonInterp and FindPythonLibs modules
[1.553s]   are removed.  Run "cmake --help-policy CMP0148" for policy details.  Use
[1.553s]   the cmake_policy command to set the policy and suppress this warning.
[1.553s] 
[1.553s] Call Stack (most recent call first):
[1.553s]   /opt/ros/humble/share/rosidl_generator_py/cmake/rosidl_generator_py_generate_interfaces.cmake:23 (find_package)
[1.553s]   /opt/ros/humble/share/ament_cmake_core/cmake/core/ament_execute_extensions.cmake:48 (include)
[1.553s]   /opt/ros/humble/share/rosidl_cmake/cmake/rosidl_generate_interfaces.cmake:286 (ament_execute_extensions)
[1.553s]   CMakeLists.txt:13 (rosidl_generate_interfaces)
[1.553s] This warning is for project developers.  Use -Wno-dev to suppress it.
[1.553s] [0m
[1.572s] [33mCMake Warning (dev) at /opt/ros/humble/share/python_cmake_module/cmake/Modules/FindPythonExtra.cmake:140 (find_package):
[1.572s]   Policy CMP0148 is not set: The FindPythonInterp and FindPythonLibs modules
[1.572s]   are removed.  Run "cmake --help-policy CMP0148" for policy details.  Use
[1.572s]   the cmake_policy command to set the policy and suppress this warning.
[1.572s] 
[1.572s] Call Stack (most recent call first):
[1.572s]   /opt/ros/humble/share/rosidl_generator_py/cmake/rosidl_generator_py_generate_interfaces.cmake:23 (find_package)
[1.572s]   /opt/ros/humble/share/ament_cmake_core/cmake/core/ament_execute_extensions.cmake:48 (include)
[1.572s]   /opt/ros/humble/share/rosidl_cmake/cmake/rosidl_generate_interfaces.cmake:286 (ament_execute_extensions)
[1.572s]   CMakeLists.txt:13 (rosidl_generate_interfaces)
[1.572s] This warning is for project developers.  Use -Wno-dev to suppress it.
[1.572s] [0m
[1.574s] -- Using PYTHON_EXECUTABLE: /usr/bin/python3
[1.574s] -- Using PYTHON_INCLUDE_DIRS: /usr/include/python3.10
[1.574s] -- Using PYTHON_LIBRARIES: /usr/lib/x86_64-linux-gnu/libpython3.10.so
[1.595s] -- Found ament_lint_auto: 0.12.11 (/opt/ros/humble/share/ament_lint_auto/cmake)
[1.605s] -- Added test 'lint_cmake' to check CMake code style
[1.606s] -- Added test 'xmllint' to check XML markup files
[1.609s] -- Configuring done (1.6s)
[1.632s] -- Generating done (0.0s)
[1.640s] -- Build files have been written to: /home/raz/projects/astroscale/ros2_ws/build/robot_msgs
[1.651s] [  3%] Built target robot_msgs__cpp
[1.652s] [ 12%] Built target robot_msgs__rosidl_generator_c
[1.652s] [ 12%] Built target ament_cmake_python_symlink_robot_msgs
[1.658s] [ 22%] Built target robot_msgs__rosidl_typesupport_c
[1.659s] [ 32%] Built target robot_msgs__rosidl_typesupport_introspection_cpp
[1.659s] [ 41%] Built target robot_msgs__rosidl_typesupport_cpp
[1.659s] [ 51%] Built target robot_msgs__rosidl_typesupport_introspection_c
[1.660s] [ 61%] Built target robot_msgs__rosidl_typesupport_fastrtps_cpp
[1.660s] [ 70%] Built target robot_msgs__rosidl_typesupport_fastrtps_c
[1.665s] [ 70%] Built target robot_msgs
[1.670s] [ 74%] Built target robot_msgs__py
[1.677s] [ 80%] Built target robot_msgs__rosidl_generator_py
[1.684s] [ 93%] Built target robot_msgs__rosidl_typesupport_fastrtps_c__pyext
[1.684s] [ 93%] Built target robot_msgs__rosidl_typesupport_introspection_c__pyext
[1.684s] [100%] Built target robot_msgs__rosidl_typesupport_c__pyext
[1.868s] running egg_info
[1.888s] writing robot_msgs.egg-info/PKG-INFO
[1.888s] writing dependency_links to robot_msgs.egg-info/dependency_links.txt
[1.889s] writing top-level names to robot_msgs.egg-info/top_level.txt
[1.950s] reading manifest file 'robot_msgs.egg-info/SOURCES.txt'
[1.951s] writing manifest file 'robot_msgs.egg-info/SOURCES.txt'
[1.969s] [100%] Built target ament_cmake_python_build_robot_msgs_egg
[1.972s] Invoked command in '/home/raz/projects/astroscale/ros2_ws/build/robot_msgs' returned '0': CMAKE_PREFIX_PATH=${CMAKE_PREFIX_PATH}:/home/raz/projects/ros2_advanced_concepts/ros2_ws/install/challenge_py:/home/raz/projects/ros2_advanced_concepts/ros2_ws/install/actions_py:/home/raz/ros2_ws/install/centerofmass_detection:/home/raz/projects/manipulator-project/arduinobot_ws/install/arduinobot_py_examples:/opt/ros/humble /usr/local/bin/cmake --build /home/raz/projects/astroscale/ros2_ws/build/robot_msgs -- -j12 -l12
[1.973s] Invoking command in '/home/raz/projects/astroscale/ros2_ws/build/robot_msgs': CMAKE_PREFIX_PATH=${CMAKE_PREFIX_PATH}:/home/raz/projects/ros2_advanced_concepts/ros2_ws/install/challenge_py:/home/raz/projects/ros2_advanced_concepts/ros2_ws/install/actions_py:/home/raz/ros2_ws/install/centerofmass_detection:/home/raz/projects/manipulator-project/arduinobot_ws/install/arduinobot_py_examples:/opt/ros/humble /usr/local/bin/cmake --install /home/raz/projects/astroscale/ros2_ws/build/robot_msgs
[1.975s] -- Install configuration: ""
[1.975s] -- Execute custom install script
[1.975s] -- Up-to-date symlink: /home/raz/projects/astroscale/ros2_ws/install/robot_msgs/share/ament_index/resource_index/rosidl_interfaces/robot_msgs
[1.976s] -- Up-to-date symlink: /home/raz/projects/astroscale/ros2_ws/install/robot_msgs/include/robot_msgs/robot_msgs/msg/rosidl_generator_c__visibility_control.h
[1.976s] -- Up-to-date symlink: /home/raz/projects/astroscale/ros2_ws/install/robot_msgs/include/robot_msgs/robot_msgs/srv/detail/move_to_position__functions.h
[1.976s] -- Up-to-date symlink: /home/raz/projects/astroscale/ros2_ws/install/robot_msgs/include/robot_msgs/robot_msgs/srv/detail/move_to_position__struct.h
[1.976s] -- Up-to-date symlink: /home/raz/projects/astroscale/ros2_ws/install/robot_msgs/include/robot_msgs/robot_msgs/srv/detail/move_to_position__type_support.h
[1.976s] -- Up-to-date symlink: /home/raz/projects/astroscale/ros2_ws/install/robot_msgs/include/robot_msgs/robot_msgs/srv/move_to_position.h
[1.976s] -- Up-to-date symlink: /home/raz/projects/astroscale/ros2_ws/install/robot_msgs/share/robot_msgs/environment/library_path.sh
[1.976s] -- Up-to-date symlink: /home/raz/projects/astroscale/ros2_ws/install/robot_msgs/share/robot_msgs/environment/library_path.dsv
[1.977s] -- Up-to-date symlink: /home/raz/projects/astroscale/ros2_ws/install/robot_msgs/include/robot_msgs/robot_msgs/msg/rosidl_typesupport_fastrtps_c__visibility_control.h
[1.977s] -- Up-to-date symlink: /home/raz/projects/astroscale/ros2_ws/install/robot_msgs/include/robot_msgs/robot_msgs/srv/detail/move_to_position__rosidl_typesupport_fastrtps_c.h
[1.977s] -- Up-to-date symlink: /home/raz/projects/astroscale/ros2_ws/install/robot_msgs/include/robot_msgs/robot_msgs/msg/rosidl_generator_cpp__visibility_control.hpp
[1.977s] -- Up-to-date symlink: /home/raz/projects/astroscale/ros2_ws/install/robot_msgs/include/robot_msgs/robot_msgs/srv/detail/move_to_position__builder.hpp
[1.977s] -- Up-to-date symlink: /home/raz/projects/astroscale/ros2_ws/install/robot_msgs/include/robot_msgs/robot_msgs/srv/detail/move_to_position__struct.hpp
[1.977s] -- Up-to-date symlink: /home/raz/projects/astroscale/ros2_ws/install/robot_msgs/include/robot_msgs/robot_msgs/srv/detail/move_to_position__traits.hpp
[1.977s] -- Up-to-date symlink: /home/raz/projects/astroscale/ros2_ws/install/robot_msgs/include/robot_msgs/robot_msgs/srv/detail/move_to_position__type_support.hpp
[1.978s] -- Up-to-date symlink: /home/raz/projects/astroscale/ros2_ws/install/robot_msgs/include/robot_msgs/robot_msgs/srv/move_to_position.hpp
[1.978s] -- Up-to-date symlink: /home/raz/projects/astroscale/ros2_ws/install/robot_msgs/include/robot_msgs/robot_msgs/msg/rosidl_typesupport_fastrtps_cpp__visibility_control.h
[1.978s] -- Up-to-date symlink: /home/raz/projects/astroscale/ros2_ws/install/robot_msgs/include/robot_msgs/robot_msgs/srv/detail/move_to_position__rosidl_typesupport_fastrtps_cpp.hpp
[1.978s] -- Up-to-date symlink: /home/raz/projects/astroscale/ros2_ws/install/robot_msgs/include/robot_msgs/robot_msgs/msg/rosidl_typesupport_introspection_c__visibility_control.h
[1.978s] -- Up-to-date symlink: /home/raz/projects/astroscale/ros2_ws/install/robot_msgs/include/robot_msgs/robot_msgs/srv/detail/move_to_position__rosidl_typesupport_introspection_c.h
[1.979s] -- Up-to-date symlink: /home/raz/projects/astroscale/ros2_ws/install/robot_msgs/include/robot_msgs/robot_msgs/srv/detail/move_to_position__rosidl_typesupport_introspection_cpp.hpp
[1.979s] -- Up-to-date symlink: /home/raz/projects/astroscale/ros2_ws/install/robot_msgs/share/robot_msgs/environment/pythonpath.sh
[1.979s] -- Up-to-date symlink: /home/raz/projects/astroscale/ros2_ws/install/robot_msgs/share/robot_msgs/environment/pythonpath.dsv
[1.979s] -- Up-to-date symlink: /home/raz/projects/astroscale/ros2_ws/install/robot_msgs/local/lib/python3.10/dist-packages/robot_msgs-0.0.0-py3.10.egg-info/PKG-INFO
[1.979s] -- Up-to-date symlink: /home/raz/projects/astroscale/ros2_ws/install/robot_msgs/local/lib/python3.10/dist-packages/robot_msgs-0.0.0-py3.10.egg-info/SOURCES.txt
[1.979s] -- Up-to-date symlink: /home/raz/projects/astroscale/ros2_ws/install/robot_msgs/local/lib/python3.10/dist-packages/robot_msgs-0.0.0-py3.10.egg-info/dependency_links.txt
[1.979s] -- Up-to-date symlink: /home/raz/projects/astroscale/ros2_ws/install/robot_msgs/local/lib/python3.10/dist-packages/robot_msgs-0.0.0-py3.10.egg-info/top_level.txt
[1.980s] -- Up-to-date symlink: /home/raz/projects/astroscale/ros2_ws/install/robot_msgs/local/lib/python3.10/dist-packages/robot_msgs/__init__.py
[1.980s] -- Up-to-date symlink: /home/raz/projects/astroscale/ros2_ws/install/robot_msgs/local/lib/python3.10/dist-packages/robot_msgs/_robot_msgs_s.ep.rosidl_typesupport_c.c
[1.980s] -- Up-to-date symlink: /home/raz/projects/astroscale/ros2_ws/install/robot_msgs/local/lib/python3.10/dist-packages/robot_msgs/_robot_msgs_s.ep.rosidl_typesupport_fastrtps_c.c
[1.980s] -- Up-to-date symlink: /home/raz/projects/astroscale/ros2_ws/install/robot_msgs/local/lib/python3.10/dist-packages/robot_msgs/_robot_msgs_s.ep.rosidl_typesupport_introspection_c.c
[1.980s] -- Up-to-date symlink: /home/raz/projects/astroscale/ros2_ws/install/robot_msgs/local/lib/python3.10/dist-packages/robot_msgs/librobot_msgs__rosidl_generator_py.so
[1.980s] -- Up-to-date symlink: /home/raz/projects/astroscale/ros2_ws/install/robot_msgs/local/lib/python3.10/dist-packages/robot_msgs/robot_msgs_s__rosidl_typesupport_c.cpython-310-x86_64-linux-gnu.so
[1.980s] -- Up-to-date symlink: /home/raz/projects/astroscale/ros2_ws/install/robot_msgs/local/lib/python3.10/dist-packages/robot_msgs/robot_msgs_s__rosidl_typesupport_fastrtps_c.cpython-310-x86_64-linux-gnu.so
[1.981s] -- Up-to-date symlink: /home/raz/projects/astroscale/ros2_ws/install/robot_msgs/local/lib/python3.10/dist-packages/robot_msgs/robot_msgs_s__rosidl_typesupport_introspection_c.cpython-310-x86_64-linux-gnu.so
[1.981s] -- Up-to-date symlink: /home/raz/projects/astroscale/ros2_ws/install/robot_msgs/local/lib/python3.10/dist-packages/robot_msgs/srv/__init__.py
[1.981s] -- Up-to-date symlink: /home/raz/projects/astroscale/ros2_ws/install/robot_msgs/local/lib/python3.10/dist-packages/robot_msgs/srv/_move_to_position.py
[1.981s] -- Up-to-date symlink: /home/raz/projects/astroscale/ros2_ws/install/robot_msgs/local/lib/python3.10/dist-packages/robot_msgs/srv/_move_to_position_s.c
[1.981s] -- Up-to-date symlink: /home/raz/projects/astroscale/ros2_ws/install/robot_msgs/local/lib/python3.10/dist-packages/robot_msgs/robot_msgs_s__rosidl_typesupport_fastrtps_c.cpython-310-x86_64-linux-gnu.so
[1.981s] -- Up-to-date symlink: /home/raz/projects/astroscale/ros2_ws/install/robot_msgs/local/lib/python3.10/dist-packages/robot_msgs/robot_msgs_s__rosidl_typesupport_introspection_c.cpython-310-x86_64-linux-gnu.so
[1.981s] -- Up-to-date symlink: /home/raz/projects/astroscale/ros2_ws/install/robot_msgs/local/lib/python3.10/dist-packages/robot_msgs/robot_msgs_s__rosidl_typesupport_c.cpython-310-x86_64-linux-gnu.so
[1.982s] -- Up-to-date symlink: /home/raz/projects/astroscale/ros2_ws/install/robot_msgs/share/robot_msgs/srv/MoveToPosition.idl
[1.982s] -- Up-to-date symlink: /home/raz/projects/astroscale/ros2_ws/install/robot_msgs/share/robot_msgs/srv/MoveToPosition.srv
[1.982s] -- Up-to-date symlink: /home/raz/projects/astroscale/ros2_ws/install/robot_msgs/share/robot_msgs/srv/MoveToPosition_Request.msg
[1.982s] -- Up-to-date symlink: /home/raz/projects/astroscale/ros2_ws/install/robot_msgs/share/robot_msgs/srv/MoveToPosition_Response.msg
[1.982s] -- Up-to-date symlink: /home/raz/projects/astroscale/ros2_ws/install/robot_msgs/share/ament_index/resource_index/package_run_dependencies/robot_msgs
[1.982s] -- Up-to-date symlink: /home/raz/projects/astroscale/ros2_ws/install/robot_msgs/share/ament_index/resource_index/parent_prefix_path/robot_msgs
[1.982s] -- Up-to-date symlink: /home/raz/projects/astroscale/ros2_ws/install/robot_msgs/share/robot_msgs/environment/ament_prefix_path.sh
[1.982s] -- Up-to-date symlink: /home/raz/projects/astroscale/ros2_ws/install/robot_msgs/share/robot_msgs/environment/ament_prefix_path.dsv
[1.983s] -- Up-to-date symlink: /home/raz/projects/astroscale/ros2_ws/install/robot_msgs/share/robot_msgs/environment/path.sh
[1.983s] -- Up-to-date symlink: /home/raz/projects/astroscale/ros2_ws/install/robot_msgs/share/robot_msgs/environment/path.dsv
[1.983s] -- Up-to-date symlink: /home/raz/projects/astroscale/ros2_ws/install/robot_msgs/share/robot_msgs/local_setup.bash
[1.983s] -- Up-to-date symlink: /home/raz/projects/astroscale/ros2_ws/install/robot_msgs/share/robot_msgs/local_setup.sh
[1.983s] -- Up-to-date symlink: /home/raz/projects/astroscale/ros2_ws/install/robot_msgs/share/robot_msgs/local_setup.zsh
[1.983s] -- Up-to-date symlink: /home/raz/projects/astroscale/ros2_ws/install/robot_msgs/share/robot_msgs/local_setup.dsv
[1.983s] -- Symlinking: /home/raz/projects/astroscale/ros2_ws/install/robot_msgs/share/robot_msgs/package.dsv
[1.985s] -- Up-to-date symlink: /home/raz/projects/astroscale/ros2_ws/install/robot_msgs/share/ament_index/resource_index/packages/robot_msgs
[1.985s] -- Up-to-date symlink: /home/raz/projects/astroscale/ros2_ws/install/robot_msgs/share/robot_msgs/cmake/rosidl_cmake-extras.cmake
[1.985s] -- Up-to-date symlink: /home/raz/projects/astroscale/ros2_ws/install/robot_msgs/share/robot_msgs/cmake/ament_cmake_export_include_directories-extras.cmake
[1.985s] -- Up-to-date symlink: /home/raz/projects/astroscale/ros2_ws/install/robot_msgs/share/robot_msgs/cmake/ament_cmake_export_libraries-extras.cmake
[1.986s] -- Up-to-date symlink: /home/raz/projects/astroscale/ros2_ws/install/robot_msgs/share/robot_msgs/cmake/ament_cmake_export_targets-extras.cmake
[1.986s] -- Up-to-date symlink: /home/raz/projects/astroscale/ros2_ws/install/robot_msgs/share/robot_msgs/cmake/rosidl_cmake_export_typesupport_targets-extras.cmake
[1.986s] -- Up-to-date symlink: /home/raz/projects/astroscale/ros2_ws/install/robot_msgs/share/robot_msgs/cmake/ament_cmake_export_dependencies-extras.cmake
[1.986s] -- Up-to-date symlink: /home/raz/projects/astroscale/ros2_ws/install/robot_msgs/share/robot_msgs/cmake/rosidl_cmake_export_typesupport_libraries-extras.cmake
[1.986s] -- Up-to-date symlink: /home/raz/projects/astroscale/ros2_ws/install/robot_msgs/share/robot_msgs/cmake/robot_msgsConfig.cmake
[1.986s] -- Up-to-date symlink: /home/raz/projects/astroscale/ros2_ws/install/robot_msgs/share/robot_msgs/cmake/robot_msgsConfig-version.cmake
[1.986s] -- Up-to-date symlink: /home/raz/projects/astroscale/ros2_ws/install/robot_msgs/share/robot_msgs/package.xml
[1.986s] -- Up-to-date: /home/raz/projects/astroscale/ros2_ws/install/robot_msgs/lib/librobot_msgs__rosidl_generator_c.so
[1.987s] -- Up-to-date: /home/raz/projects/astroscale/ros2_ws/install/robot_msgs/lib/librobot_msgs__rosidl_typesupport_fastrtps_c.so
[1.987s] -- Up-to-date: /home/raz/projects/astroscale/ros2_ws/install/robot_msgs/lib/librobot_msgs__rosidl_typesupport_fastrtps_cpp.so
[1.987s] -- Up-to-date: /home/raz/projects/astroscale/ros2_ws/install/robot_msgs/lib/librobot_msgs__rosidl_typesupport_introspection_c.so
[1.987s] -- Up-to-date: /home/raz/projects/astroscale/ros2_ws/install/robot_msgs/lib/librobot_msgs__rosidl_typesupport_c.so
[1.987s] -- Up-to-date: /home/raz/projects/astroscale/ros2_ws/install/robot_msgs/lib/librobot_msgs__rosidl_typesupport_introspection_cpp.so
[1.987s] -- Up-to-date: /home/raz/projects/astroscale/ros2_ws/install/robot_msgs/lib/librobot_msgs__rosidl_typesupport_cpp.so
[2.019s] Listing '/home/raz/projects/astroscale/ros2_ws/install/robot_msgs/local/lib/python3.10/dist-packages/robot_msgs'...
[2.019s] Compiling '/home/raz/projects/astroscale/ros2_ws/install/robot_msgs/local/lib/python3.10/dist-packages/robot_msgs/__init__.py'...
[2.019s] Listing '/home/raz/projects/astroscale/ros2_ws/install/robot_msgs/local/lib/python3.10/dist-packages/robot_msgs/srv'...
[2.023s] -- Up-to-date: /home/raz/projects/astroscale/ros2_ws/install/robot_msgs/lib/librobot_msgs__rosidl_generator_py.so
[2.023s] -- Up-to-date: /home/raz/projects/astroscale/ros2_ws/install/robot_msgs/share/robot_msgs/cmake/export_robot_msgs__rosidl_generator_cExport.cmake
[2.024s] -- Up-to-date: /home/raz/projects/astroscale/ros2_ws/install/robot_msgs/share/robot_msgs/cmake/export_robot_msgs__rosidl_generator_cExport-noconfig.cmake
[2.024s] -- Up-to-date: /home/raz/projects/astroscale/ros2_ws/install/robot_msgs/share/robot_msgs/cmake/export_robot_msgs__rosidl_typesupport_fastrtps_cExport.cmake
[2.024s] -- Up-to-date: /home/raz/projects/astroscale/ros2_ws/install/robot_msgs/share/robot_msgs/cmake/export_robot_msgs__rosidl_typesupport_fastrtps_cExport-noconfig.cmake
[2.024s] -- Up-to-date: /home/raz/projects/astroscale/ros2_ws/install/robot_msgs/share/robot_msgs/cmake/export_robot_msgs__rosidl_generator_cppExport.cmake
[2.024s] -- Up-to-date: /home/raz/projects/astroscale/ros2_ws/install/robot_msgs/share/robot_msgs/cmake/export_robot_msgs__rosidl_typesupport_fastrtps_cppExport.cmake
[2.024s] -- Up-to-date: /home/raz/projects/astroscale/ros2_ws/install/robot_msgs/share/robot_msgs/cmake/export_robot_msgs__rosidl_typesupport_fastrtps_cppExport-noconfig.cmake
[2.024s] -- Up-to-date: /home/raz/projects/astroscale/ros2_ws/install/robot_msgs/share/robot_msgs/cmake/robot_msgs__rosidl_typesupport_introspection_cExport.cmake
[2.024s] -- Up-to-date: /home/raz/projects/astroscale/ros2_ws/install/robot_msgs/share/robot_msgs/cmake/robot_msgs__rosidl_typesupport_introspection_cExport-noconfig.cmake
[2.024s] -- Up-to-date: /home/raz/projects/astroscale/ros2_ws/install/robot_msgs/share/robot_msgs/cmake/robot_msgs__rosidl_typesupport_cExport.cmake
[2.024s] -- Up-to-date: /home/raz/projects/astroscale/ros2_ws/install/robot_msgs/share/robot_msgs/cmake/robot_msgs__rosidl_typesupport_cExport-noconfig.cmake
[2.024s] -- Up-to-date: /home/raz/projects/astroscale/ros2_ws/install/robot_msgs/share/robot_msgs/cmake/robot_msgs__rosidl_typesupport_introspection_cppExport.cmake
[2.024s] -- Up-to-date: /home/raz/projects/astroscale/ros2_ws/install/robot_msgs/share/robot_msgs/cmake/robot_msgs__rosidl_typesupport_introspection_cppExport-noconfig.cmake
[2.024s] -- Up-to-date: /home/raz/projects/astroscale/ros2_ws/install/robot_msgs/share/robot_msgs/cmake/robot_msgs__rosidl_typesupport_cppExport.cmake
[2.024s] -- Up-to-date: /home/raz/projects/astroscale/ros2_ws/install/robot_msgs/share/robot_msgs/cmake/robot_msgs__rosidl_typesupport_cppExport-noconfig.cmake
[2.024s] -- Up-to-date: /home/raz/projects/astroscale/ros2_ws/install/robot_msgs/share/robot_msgs/cmake/export_robot_msgs__rosidl_generator_pyExport.cmake
[2.024s] -- Up-to-date: /home/raz/projects/astroscale/ros2_ws/install/robot_msgs/share/robot_msgs/cmake/export_robot_msgs__rosidl_generator_pyExport-noconfig.cmake
[2.026s] Invoked command in '/home/raz/projects/astroscale/ros2_ws/build/robot_msgs' returned '0': CMAKE_PREFIX_PATH=${CMAKE_PREFIX_PATH}:/home/raz/projects/ros2_advanced_concepts/ros2_ws/install/challenge_py:/home/raz/projects/ros2_advanced_concepts/ros2_ws/install/actions_py:/home/raz/ros2_ws/install/centerofmass_detection:/home/raz/projects/manipulator-project/arduinobot_ws/install/arduinobot_py_examples:/opt/ros/humble /usr/local/bin/cmake --install /home/raz/projects/astroscale/ros2_ws/build/robot_msgs
