[0.014s] Invoking command in '/home/raz/projects/Astroscale_Home_Assignment/ros2_ws/build/robot_moveit': CMAKE_PREFIX_PATH=${CMAKE_PREFIX_PATH}:/home/raz/projects/astroscale/ros2_ws/install/robot_bringup:/home/raz/projects/astroscale/ros2_ws/install/robot_services:/home/raz/projects/astroscale/ros2_ws/install/robot_msgs:/home/raz/projects/astroscale/ros2_ws/install/robot_moveit:/home/raz/projects/astroscale/ros2_ws/install/robot_controller:/home/raz/projects/astroscale/ros2_ws/install/robot_description:/home/raz/projects/ros2_advanced_concepts/ros2_ws/install/challenge_py:/home/raz/projects/ros2_advanced_concepts/ros2_ws/install/actions_py:/home/raz/ros2_ws/install/centerofmass_detection:/home/raz/projects/manipulator-project/arduinobot_ws/install/arduinobot_py_examples:/opt/ros/humble /usr/local/bin/cmake --build /home/raz/projects/Astroscale_Home_Assignment/ros2_ws/build/robot_moveit -- -j12 -l12
[0.024s] Invoked command in '/home/raz/projects/Astroscale_Home_Assignment/ros2_ws/build/robot_moveit' returned '0': CMAKE_PREFIX_PATH=${CMAKE_PREFIX_PATH}:/home/raz/projects/astroscale/ros2_ws/install/robot_bringup:/home/raz/projects/astroscale/ros2_ws/install/robot_services:/home/raz/projects/astroscale/ros2_ws/install/robot_msgs:/home/raz/projects/astroscale/ros2_ws/install/robot_moveit:/home/raz/projects/astroscale/ros2_ws/install/robot_controller:/home/raz/projects/astroscale/ros2_ws/install/robot_description:/home/raz/projects/ros2_advanced_concepts/ros2_ws/install/challenge_py:/home/raz/projects/ros2_advanced_concepts/ros2_ws/install/actions_py:/home/raz/ros2_ws/install/centerofmass_detection:/home/raz/projects/manipulator-project/arduinobot_ws/install/arduinobot_py_examples:/opt/ros/humble /usr/local/bin/cmake --build /home/raz/projects/Astroscale_Home_Assignment/ros2_ws/build/robot_moveit -- -j12 -l12
[0.025s] Invoking command in '/home/raz/projects/Astroscale_Home_Assignment/ros2_ws/build/robot_moveit': CMAKE_PREFIX_PATH=${CMAKE_PREFIX_PATH}:/home/raz/projects/astroscale/ros2_ws/install/robot_bringup:/home/raz/projects/astroscale/ros2_ws/install/robot_services:/home/raz/projects/astroscale/ros2_ws/install/robot_msgs:/home/raz/projects/astroscale/ros2_ws/install/robot_moveit:/home/raz/projects/astroscale/ros2_ws/install/robot_controller:/home/raz/projects/astroscale/ros2_ws/install/robot_description:/home/raz/projects/ros2_advanced_concepts/ros2_ws/install/challenge_py:/home/raz/projects/ros2_advanced_concepts/ros2_ws/install/actions_py:/home/raz/ros2_ws/install/centerofmass_detection:/home/raz/projects/manipulator-project/arduinobot_ws/install/arduinobot_py_examples:/opt/ros/humble /usr/local/bin/cmake --install /home/raz/projects/Astroscale_Home_Assignment/ros2_ws/build/robot_moveit
[0.027s] -- Install configuration: ""
[0.028s] -- Up-to-date: /home/raz/projects/Astroscale_Home_Assignment/ros2_ws/install/robot_moveit/share/robot_moveit/launch
[0.028s] -- Up-to-date: /home/raz/projects/Astroscale_Home_Assignment/ros2_ws/install/robot_moveit/share/robot_moveit/launch/moveit.launch.py
[0.029s] -- Up-to-date: /home/raz/projects/Astroscale_Home_Assignment/ros2_ws/install/robot_moveit/share/robot_moveit/config
[0.029s] -- Up-to-date: /home/raz/projects/Astroscale_Home_Assignment/ros2_ws/install/robot_moveit/share/robot_moveit/config/pilz_cartesian_limits.yaml
[0.029s] -- Up-to-date: /home/raz/projects/Astroscale_Home_Assignment/ros2_ws/install/robot_moveit/share/robot_moveit/config/kinematics.yaml
[0.029s] -- Up-to-date: /home/raz/projects/Astroscale_Home_Assignment/ros2_ws/install/robot_moveit/share/robot_moveit/config/joint_limits.yaml
[0.029s] -- Up-to-date: /home/raz/projects/Astroscale_Home_Assignment/ros2_ws/install/robot_moveit/share/robot_moveit/config/moveit_controllers.yaml
[0.030s] -- Up-to-date: /home/raz/projects/Astroscale_Home_Assignment/ros2_ws/install/robot_moveit/share/robot_moveit/config/initial_positions.yaml
[0.030s] -- Up-to-date: /home/raz/projects/Astroscale_Home_Assignment/ros2_ws/install/robot_moveit/share/robot_moveit/config/moveit.rviz
[0.030s] -- Up-to-date: /home/raz/projects/Astroscale_Home_Assignment/ros2_ws/install/robot_moveit/share/robot_moveit/config/manipulator.srdf
[0.030s] -- Up-to-date: /home/raz/projects/Astroscale_Home_Assignment/ros2_ws/install/robot_moveit/share/robot_moveit/config/planning_python_api.yaml
[0.030s] -- Up-to-date: /home/raz/projects/Astroscale_Home_Assignment/ros2_ws/install/robot_moveit/share/ament_index/resource_index/package_run_dependencies/robot_moveit
[0.030s] -- Up-to-date: /home/raz/projects/Astroscale_Home_Assignment/ros2_ws/install/robot_moveit/share/ament_index/resource_index/parent_prefix_path/robot_moveit
[0.030s] -- Up-to-date: /home/raz/projects/Astroscale_Home_Assignment/ros2_ws/install/robot_moveit/share/robot_moveit/environment/ament_prefix_path.sh
[0.030s] -- Up-to-date: /home/raz/projects/Astroscale_Home_Assignment/ros2_ws/install/robot_moveit/share/robot_moveit/environment/ament_prefix_path.dsv
[0.031s] -- Up-to-date: /home/raz/projects/Astroscale_Home_Assignment/ros2_ws/install/robot_moveit/share/robot_moveit/environment/path.sh
[0.031s] -- Up-to-date: /home/raz/projects/Astroscale_Home_Assignment/ros2_ws/install/robot_moveit/share/robot_moveit/environment/path.dsv
[0.031s] -- Up-to-date: /home/raz/projects/Astroscale_Home_Assignment/ros2_ws/install/robot_moveit/share/robot_moveit/local_setup.bash
[0.031s] -- Up-to-date: /home/raz/projects/Astroscale_Home_Assignment/ros2_ws/install/robot_moveit/share/robot_moveit/local_setup.sh
[0.031s] -- Up-to-date: /home/raz/projects/Astroscale_Home_Assignment/ros2_ws/install/robot_moveit/share/robot_moveit/local_setup.zsh
[0.031s] -- Up-to-date: /home/raz/projects/Astroscale_Home_Assignment/ros2_ws/install/robot_moveit/share/robot_moveit/local_setup.dsv
[0.031s] -- Installing: /home/raz/projects/Astroscale_Home_Assignment/ros2_ws/install/robot_moveit/share/robot_moveit/package.dsv
[0.031s] -- Up-to-date: /home/raz/projects/Astroscale_Home_Assignment/ros2_ws/install/robot_moveit/share/ament_index/resource_index/packages/robot_moveit
[0.032s] -- Up-to-date: /home/raz/projects/Astroscale_Home_Assignment/ros2_ws/install/robot_moveit/share/robot_moveit/cmake/robot_moveitConfig.cmake
[0.032s] -- Up-to-date: /home/raz/projects/Astroscale_Home_Assignment/ros2_ws/install/robot_moveit/share/robot_moveit/cmake/robot_moveitConfig-version.cmake
[0.032s] -- Up-to-date: /home/raz/projects/Astroscale_Home_Assignment/ros2_ws/install/robot_moveit/share/robot_moveit/package.xml
[0.054s] Invoked command in '/home/raz/projects/Astroscale_Home_Assignment/ros2_ws/build/robot_moveit' returned '0': CMAKE_PREFIX_PATH=${CMAKE_PREFIX_PATH}:/home/raz/projects/astroscale/ros2_ws/install/robot_bringup:/home/raz/projects/astroscale/ros2_ws/install/robot_services:/home/raz/projects/astroscale/ros2_ws/install/robot_msgs:/home/raz/projects/astroscale/ros2_ws/install/robot_moveit:/home/raz/projects/astroscale/ros2_ws/install/robot_controller:/home/raz/projects/astroscale/ros2_ws/install/robot_description:/home/raz/projects/ros2_advanced_concepts/ros2_ws/install/challenge_py:/home/raz/projects/ros2_advanced_concepts/ros2_ws/install/actions_py:/home/raz/ros2_ws/install/centerofmass_detection:/home/raz/projects/manipulator-project/arduinobot_ws/install/arduinobot_py_examples:/opt/ros/humble /usr/local/bin/cmake --install /home/raz/projects/Astroscale_Home_Assignment/ros2_ws/build/robot_moveit
