[0.012s] Invoking command in '/home/raz/projects/astroscale/ros2_ws/build/robot_controller': CMAKE_PREFIX_PATH=/home/raz/projects/astroscale/ros2_ws/install/robot_description:/home/raz/projects/astroscale/ros2_ws/install/robot_bringup:/home/raz/projects/astroscale/ros2_ws/install/robot_services:/home/raz/projects/astroscale/ros2_ws/install/robot_remote:/home/raz/projects/astroscale/ros2_ws/install/robot_msgs:/home/raz/projects/astroscale/ros2_ws/install/robot_moveit:/home/raz/projects/astroscale/ros2_ws/install/robot_controller:/home/raz/projects/ros2_advanced_concepts/ros2_ws/install/challenge_cpp:/home/raz/projects/ros2_advanced_concepts/ros2_ws/install/actions_cpp:/home/raz/projects/ros2_advanced_concepts/ros2_ws/install/my_robot_interfaces:/home/raz/ros2_ws/install/manipulator_urdf:/home/raz/projects/manipulator-project/arduinobot_ws/install/arduinobot_utils:/home/raz/projects/manipulator-project/arduinobot_ws/install/arduinobot_remote:/home/raz/projects/manipulator-project/arduinobot_ws/install/arduinobot_cpp_examples:/home/raz/projects/manipulator-project/arduinobot_ws/install/arduinobot_msgs:/home/raz/projects/manipulator-project/arduinobot_ws/install/arduinobot_moveit:/home/raz/projects/manipulator-project/arduinobot_ws/install/arduinobot_firmware:/home/raz/projects/manipulator-project/arduinobot_ws/install/arduinobot_description:/home/raz/projects/manipulator-project/arduinobot_ws/install/arduinobot_controller:/home/raz/projects/manipulator-project/arduinobot_ws/install/arduinobot_bringup:/home/raz/projects/ros2_robotics_simulation/ros2_ws/install/my_robot_bringup:/home/raz/projects/ros2_robotics_simulation/ros2_ws/install/my_robot_description:/home/raz/projects/ros2_advanced_concepts/ros2_ws/install/challenge_py:/home/raz/projects/ros2_advanced_concepts/ros2_ws/install/actions_py:/home/raz/ros2_ws/install/centerofmass_detection:/home/raz/projects/manipulator-project/arduinobot_ws/install/arduinobot_py_examples:/opt/ros/humble /usr/local/bin/cmake --build /home/raz/projects/astroscale/ros2_ws/build/robot_controller -- -j12 -l12
[0.022s] -- Found ament_cmake: 1.3.11 (/opt/ros/humble/share/ament_cmake/cmake)
[0.183s] -- Found trajectory_msgs: 4.2.4 (/opt/ros/humble/share/trajectory_msgs/cmake)
[0.207s] -- Found rosidl_generator_c: 3.1.6 (/opt/ros/humble/share/rosidl_generator_c/cmake)
[0.209s] -- Found rosidl_adapter: 3.1.6 (/opt/ros/humble/share/rosidl_adapter/cmake)
[0.215s] -- Found rosidl_generator_cpp: 3.1.6 (/opt/ros/humble/share/rosidl_generator_cpp/cmake)
[0.225s] -- Using all available rosidl_typesupport_c: rosidl_typesupport_fastrtps_c;rosidl_typesupport_introspection_c
[0.239s] -- Using all available rosidl_typesupport_cpp: rosidl_typesupport_fastrtps_cpp;rosidl_typesupport_introspection_cpp
[0.299s] -- Found sensor_msgs: 4.2.4 (/opt/ros/humble/share/sensor_msgs/cmake)
[0.318s] -- Found rclcpp: 16.0.11 (/opt/ros/humble/share/rclcpp/cmake)
[0.346s] -- Found rmw_implementation_cmake: 6.1.2 (/opt/ros/humble/share/rmw_implementation_cmake/cmake)
[0.348s] -- Found rmw_cyclonedds_cpp: 1.3.4 (/opt/ros/humble/share/rmw_cyclonedds_cpp/cmake)
[0.366s] -- Using RMW implementation 'rmw_cyclonedds_cpp' as default
[0.406s] -- Found rclpy: 3.3.15 (/opt/ros/humble/share/rclpy/cmake)
[0.455s] [31mCMake Error at CMakeLists.txt:13 (install):
[0.455s]   install TARGETS given target "slider_control" which does not exist.
[0.455s] 
[0.455s] [0m
[0.506s] -- Configuring incomplete, errors occurred!
[0.510s] gmake: *** [Makefile:295: cmake_check_build_system] Error 1
[0.512s] Invoked command in '/home/raz/projects/astroscale/ros2_ws/build/robot_controller' returned '2': CMAKE_PREFIX_PATH=/home/raz/projects/astroscale/ros2_ws/install/robot_description:/home/raz/projects/astroscale/ros2_ws/install/robot_bringup:/home/raz/projects/astroscale/ros2_ws/install/robot_services:/home/raz/projects/astroscale/ros2_ws/install/robot_remote:/home/raz/projects/astroscale/ros2_ws/install/robot_msgs:/home/raz/projects/astroscale/ros2_ws/install/robot_moveit:/home/raz/projects/astroscale/ros2_ws/install/robot_controller:/home/raz/projects/ros2_advanced_concepts/ros2_ws/install/challenge_cpp:/home/raz/projects/ros2_advanced_concepts/ros2_ws/install/actions_cpp:/home/raz/projects/ros2_advanced_concepts/ros2_ws/install/my_robot_interfaces:/home/raz/ros2_ws/install/manipulator_urdf:/home/raz/projects/manipulator-project/arduinobot_ws/install/arduinobot_utils:/home/raz/projects/manipulator-project/arduinobot_ws/install/arduinobot_remote:/home/raz/projects/manipulator-project/arduinobot_ws/install/arduinobot_cpp_examples:/home/raz/projects/manipulator-project/arduinobot_ws/install/arduinobot_msgs:/home/raz/projects/manipulator-project/arduinobot_ws/install/arduinobot_moveit:/home/raz/projects/manipulator-project/arduinobot_ws/install/arduinobot_firmware:/home/raz/projects/manipulator-project/arduinobot_ws/install/arduinobot_description:/home/raz/projects/manipulator-project/arduinobot_ws/install/arduinobot_controller:/home/raz/projects/manipulator-project/arduinobot_ws/install/arduinobot_bringup:/home/raz/projects/ros2_robotics_simulation/ros2_ws/install/my_robot_bringup:/home/raz/projects/ros2_robotics_simulation/ros2_ws/install/my_robot_description:/home/raz/projects/ros2_advanced_concepts/ros2_ws/install/challenge_py:/home/raz/projects/ros2_advanced_concepts/ros2_ws/install/actions_py:/home/raz/ros2_ws/install/centerofmass_detection:/home/raz/projects/manipulator-project/arduinobot_ws/install/arduinobot_py_examples:/opt/ros/humble /usr/local/bin/cmake --build /home/raz/projects/astroscale/ros2_ws/build/robot_controller -- -j12 -l12
