-- The C compiler identification is GNU 11.4.0
-- The CXX compiler identification is GNU 11.4.0
-- Detecting C compiler ABI info
-- Detecting C compiler ABI info - done
-- Check for working C compiler: /usr/bin/cc - skipped
-- Detecting C compile features
-- Detecting C compile features - done
-- Detecting CXX compiler ABI info
-- Detecting CXX compiler ABI info - done
-- Check for working CXX compiler: /usr/bin/c++ - skipped
-- Detecting CXX compile features
-- Detecting CXX compile features - done
-- Found ament_cmake: 1.3.11 (/opt/ros/humble/share/ament_cmake/cmake)
-- Found Python3: /usr/bin/python3 (found version "3.10.12") found components: Interpreter 
-- Found rclcpp: 16.0.11 (/opt/ros/humble/share/rclcpp/cmake)
-- Found rosidl_generator_c: 3.1.6 (/opt/ros/humble/share/rosidl_generator_c/cmake)
-- Found rosidl_adapter: 3.1.6 (/opt/ros/humble/share/rosidl_adapter/cmake)
-- Found rosidl_generator_cpp: 3.1.6 (/opt/ros/humble/share/rosidl_generator_cpp/cmake)
-- Using all available rosidl_typesupport_c: rosidl_typesupport_fastrtps_c;rosidl_typesupport_introspection_c
-- Using all available rosidl_typesupport_cpp: rosidl_typesupport_fastrtps_cpp;rosidl_typesupport_introspection_cpp
-- Found rmw_implementation_cmake: 6.1.2 (/opt/ros/humble/share/rmw_implementation_cmake/cmake)
-- Found rmw_cyclonedds_cpp: 1.3.4 (/opt/ros/humble/share/rmw_cyclonedds_cpp/cmake)
-- Using RMW implementation 'rmw_cyclonedds_cpp' as default
-- Performing Test CMAKE_HAVE_LIBC_PTHREAD
-- Performing Test CMAKE_HAVE_LIBC_PTHREAD - Success
-- Found Threads: TRUE  
-- Found robot_msgs: 0.0.0 (/home/raz/projects/Astroscale_Home_Assignment/ros2_ws/install/robot_msgs/share/robot_msgs/cmake)
-- Found moveit_core: 2.5.7 (/opt/ros/humble/share/moveit_core/cmake)
-- Found Boost: /usr/lib/x86_64-linux-gnu/cmake/Boost-1.74.0/BoostConfig.cmake (found version "1.74.0") found components: chrono date_time filesystem iostreams program_options regex serialization system thread 
-- Found parameter_traits: 0.4.0 (/opt/ros/humble/share/parameter_traits/cmake)
-- Found rclcpp_lifecycle: 16.0.11 (/opt/ros/humble/share/rclcpp_lifecycle/cmake)
-- Found Boost: /usr/lib/x86_64-linux-gnu/cmake/Boost-1.74.0/BoostConfig.cmake (found version "1.74.0") found components: filesystem 
-- library: /usr/lib/x86_64-linux-gnu/libcurl.so
-- Found Eigen3: TRUE (found version "3.4.0") 
-- Ensuring Eigen3 include directory is part of orocos-kdl CMake target
-- Found moveit_ros_planning_interface: 2.5.7 (/opt/ros/humble/share/moveit_ros_planning_interface/cmake)
-- Found Boost: /usr/lib/x86_64-linux-gnu/cmake/Boost-1.74.0/BoostConfig.cmake (found version "1.74.0") found components: date_time filesystem program_options system thread 
-- Found Boost: /usr/lib/x86_64-linux-gnu/cmake/Boost-1.74.0/BoostConfig.cmake (found version "1.74.0") found components: system filesystem date_time program_options thread chrono 
-- Found Boost: /usr/lib/x86_64-linux-gnu/cmake/Boost-1.74.0/BoostConfig.cmake (found version "1.74.0") found components: thread system filesystem regex date_time program_options 
-- Found Boost: /usr/lib/x86_64-linux-gnu/cmake/Boost-1.74.0/BoostConfig.cmake (found version "1.74.0") found components: system filesystem date_time program_options thread 
-- Found ament_lint_auto: 0.12.11 (/opt/ros/humble/share/ament_lint_auto/cmake)
-- Added test 'copyright' to check source files copyright and LICENSE
-- Added test 'cppcheck' to perform static code analysis on C / C++ code
-- Configured cppcheck include dirs: 
-- Configured cppcheck exclude dirs and/or files: 
-- Added test 'lint_cmake' to check CMake code style
-- Added test 'uncrustify' to check C / C++ code style
-- Configured uncrustify additional arguments: 
-- Added test 'xmllint' to check XML markup files
-- Configuring done (1.7s)
-- Generating done (0.0s)
-- Build files have been written to: /home/raz/projects/Astroscale_Home_Assignment/ros2_ws/build/robot_services
[ 25%] [32mBuilding CXX object CMakeFiles/move_service_client.dir/src/move_service_client.cpp.o[0m
[ 50%] [32mBuilding CXX object CMakeFiles/move_service_server.dir/src/move_service_server.cpp.o[0m
[ 75%] [32m[1mLinking CXX executable move_service_client[0m
[ 75%] Built target move_service_client
[100%] [32m[1mLinking CXX executable move_service_server[0m
[100%] Built target move_service_server
-- Install configuration: ""
-- Installing: /home/raz/projects/Astroscale_Home_Assignment/ros2_ws/install/robot_services/lib/robot_services/move_service_server
-- Set runtime path of "/home/raz/projects/Astroscale_Home_Assignment/ros2_ws/install/robot_services/lib/robot_services/move_service_server" to ""
-- Installing: /home/raz/projects/Astroscale_Home_Assignment/ros2_ws/install/robot_services/lib/robot_services/move_service_client
-- Set runtime path of "/home/raz/projects/Astroscale_Home_Assignment/ros2_ws/install/robot_services/lib/robot_services/move_service_client" to ""
-- Installing: /home/raz/projects/Astroscale_Home_Assignment/ros2_ws/install/robot_services/share/ament_index/resource_index/package_run_dependencies/robot_services
-- Installing: /home/raz/projects/Astroscale_Home_Assignment/ros2_ws/install/robot_services/share/ament_index/resource_index/parent_prefix_path/robot_services
-- Installing: /home/raz/projects/Astroscale_Home_Assignment/ros2_ws/install/robot_services/share/robot_services/environment/ament_prefix_path.sh
-- Installing: /home/raz/projects/Astroscale_Home_Assignment/ros2_ws/install/robot_services/share/robot_services/environment/ament_prefix_path.dsv
-- Installing: /home/raz/projects/Astroscale_Home_Assignment/ros2_ws/install/robot_services/share/robot_services/environment/path.sh
-- Installing: /home/raz/projects/Astroscale_Home_Assignment/ros2_ws/install/robot_services/share/robot_services/environment/path.dsv
-- Installing: /home/raz/projects/Astroscale_Home_Assignment/ros2_ws/install/robot_services/share/robot_services/local_setup.bash
-- Installing: /home/raz/projects/Astroscale_Home_Assignment/ros2_ws/install/robot_services/share/robot_services/local_setup.sh
-- Installing: /home/raz/projects/Astroscale_Home_Assignment/ros2_ws/install/robot_services/share/robot_services/local_setup.zsh
-- Installing: /home/raz/projects/Astroscale_Home_Assignment/ros2_ws/install/robot_services/share/robot_services/local_setup.dsv
-- Installing: /home/raz/projects/Astroscale_Home_Assignment/ros2_ws/install/robot_services/share/robot_services/package.dsv
-- Installing: /home/raz/projects/Astroscale_Home_Assignment/ros2_ws/install/robot_services/share/ament_index/resource_index/packages/robot_services
-- Installing: /home/raz/projects/Astroscale_Home_Assignment/ros2_ws/install/robot_services/share/robot_services/cmake/robot_servicesConfig.cmake
-- Installing: /home/raz/projects/Astroscale_Home_Assignment/ros2_ws/install/robot_services/share/robot_services/cmake/robot_servicesConfig-version.cmake
-- Installing: /home/raz/projects/Astroscale_Home_Assignment/ros2_ws/install/robot_services/share/robot_services/package.xml
