[0.009s] Invoking command in '/home/raz/projects/Astroscale_Home_Assignment/ros2_ws/build/robot_services': AMENT_PREFIX_PATH=/home/raz/projects/Astroscale_Home_Assignment/ros2_ws/install/robot_msgs:${AMENT_PREFIX_PATH} CMAKE_PREFIX_PATH=/home/raz/projects/Astroscale_Home_Assignment/ros2_ws/install/robot_msgs:/home/raz/projects/astroscale/ros2_ws/install/robot_remote:/home/raz/projects/ros2_advanced_concepts/ros2_ws/install/challenge_cpp:/home/raz/projects/ros2_advanced_concepts/ros2_ws/install/actions_cpp:/home/raz/projects/ros2_advanced_concepts/ros2_ws/install/my_robot_interfaces:/home/raz/ros2_ws/install/manipulator_urdf:/home/raz/projects/manipulator-project/arduinobot_ws/install/arduinobot_utils:/home/raz/projects/manipulator-project/arduinobot_ws/install/arduinobot_remote:/home/raz/projects/manipulator-project/arduinobot_ws/install/arduinobot_cpp_examples:/home/raz/projects/manipulator-project/arduinobot_ws/install/arduinobot_msgs:/home/raz/projects/manipulator-project/arduinobot_ws/install/arduinobot_moveit:/home/raz/projects/manipulator-project/arduinobot_ws/install/arduinobot_firmware:/home/raz/projects/manipulator-project/arduinobot_ws/install/arduinobot_description:/home/raz/projects/manipulator-project/arduinobot_ws/install/arduinobot_controller:/home/raz/projects/manipulator-project/arduinobot_ws/install/arduinobot_bringup:/home/raz/projects/ros2_robotics_simulation/ros2_ws/install/my_robot_bringup:/home/raz/projects/ros2_robotics_simulation/ros2_ws/install/my_robot_description:/home/raz/projects/astroscale/ros2_ws/install/robot_bringup:/home/raz/projects/astroscale/ros2_ws/install/robot_services:/home/raz/projects/astroscale/ros2_ws/install/robot_msgs:/home/raz/projects/astroscale/ros2_ws/install/robot_moveit:/home/raz/projects/astroscale/ros2_ws/install/robot_controller:/home/raz/projects/astroscale/ros2_ws/install/robot_description:/home/raz/projects/ros2_advanced_concepts/ros2_ws/install/challenge_py:/home/raz/projects/ros2_advanced_concepts/ros2_ws/install/actions_py:/home/raz/ros2_ws/install/centerofmass_detection:/home/raz/projects/manipulator-project/arduinobot_ws/install/arduinobot_py_examples:/opt/ros/humble LD_LIBRARY_PATH=/home/raz/projects/Astroscale_Home_Assignment/ros2_ws/install/robot_msgs/lib:${LD_LIBRARY_PATH} PYTHONPATH=/home/raz/projects/Astroscale_Home_Assignment/ros2_ws/install/robot_msgs/local/lib/python3.10/dist-packages:${PYTHONPATH} /usr/local/bin/cmake /home/raz/projects/Astroscale_Home_Assignment/ros2_ws/src/robot_services -DCMAKE_INSTALL_PREFIX=/home/raz/projects/Astroscale_Home_Assignment/ros2_ws/install/robot_services
[0.043s] -- The C compiler identification is GNU 11.4.0
[0.085s] -- The CXX compiler identification is GNU 11.4.0
[0.096s] -- Detecting C compiler ABI info
[0.135s] -- Detecting C compiler ABI info - done
[0.145s] -- Check for working C compiler: /usr/bin/cc - skipped
[0.145s] -- Detecting C compile features
[0.145s] -- Detecting C compile features - done
[0.152s] -- Detecting CXX compiler ABI info
[0.201s] -- Detecting CXX compiler ABI info - done
[0.211s] -- Check for working CXX compiler: /usr/bin/c++ - skipped
[0.211s] -- Detecting CXX compile features
[0.211s] -- Detecting CXX compile features - done
[0.215s] -- Found ament_cmake: 1.3.11 (/opt/ros/humble/share/ament_cmake/cmake)
[0.332s] -- Found Python3: /usr/bin/python3 (found version "3.10.12") found components: Interpreter 
[0.425s] -- Found rclcpp: 16.0.11 (/opt/ros/humble/share/rclcpp/cmake)
[0.480s] -- Found rosidl_generator_c: 3.1.6 (/opt/ros/humble/share/rosidl_generator_c/cmake)
[0.487s] -- Found rosidl_adapter: 3.1.6 (/opt/ros/humble/share/rosidl_adapter/cmake)
[0.498s] -- Found rosidl_generator_cpp: 3.1.6 (/opt/ros/humble/share/rosidl_generator_cpp/cmake)
[0.513s] -- Using all available rosidl_typesupport_c: rosidl_typesupport_fastrtps_c;rosidl_typesupport_introspection_c
[0.533s] -- Using all available rosidl_typesupport_cpp: rosidl_typesupport_fastrtps_cpp;rosidl_typesupport_introspection_cpp
[0.592s] -- Found rmw_implementation_cmake: 6.1.2 (/opt/ros/humble/share/rmw_implementation_cmake/cmake)
[0.597s] -- Found rmw_cyclonedds_cpp: 1.3.4 (/opt/ros/humble/share/rmw_cyclonedds_cpp/cmake)
[0.627s] -- Using RMW implementation 'rmw_cyclonedds_cpp' as default
[0.639s] -- Performing Test CMAKE_HAVE_LIBC_PTHREAD
[0.680s] -- Performing Test CMAKE_HAVE_LIBC_PTHREAD - Success
[0.681s] -- Found Threads: TRUE  
[0.744s] -- Found robot_msgs: 0.0.0 (/home/raz/projects/Astroscale_Home_Assignment/ros2_ws/install/robot_msgs/share/robot_msgs/cmake)
[0.756s] -- Found moveit_core: 2.5.7 (/opt/ros/humble/share/moveit_core/cmake)
[0.800s] -- Found Boost: /usr/lib/x86_64-linux-gnu/cmake/Boost-1.74.0/BoostConfig.cmake (found version "1.74.0") found components: chrono date_time filesystem iostreams program_options regex serialization system thread 
[0.861s] -- Found parameter_traits: 0.4.0 (/opt/ros/humble/share/parameter_traits/cmake)
[0.876s] -- Found rclcpp_lifecycle: 16.0.11 (/opt/ros/humble/share/rclcpp_lifecycle/cmake)
[0.907s] -- Found Boost: /usr/lib/x86_64-linux-gnu/cmake/Boost-1.74.0/BoostConfig.cmake (found version "1.74.0") found components: filesystem 
[0.996s] -- library: /usr/lib/x86_64-linux-gnu/libcurl.so
[1.082s] -- Found Eigen3: TRUE (found version "3.4.0") 
[1.082s] -- Ensuring Eigen3 include directory is part of orocos-kdl CMake target
[1.398s] -- Found moveit_ros_planning_interface: 2.5.7 (/opt/ros/humble/share/moveit_ros_planning_interface/cmake)
[1.402s] -- Found Boost: /usr/lib/x86_64-linux-gnu/cmake/Boost-1.74.0/BoostConfig.cmake (found version "1.74.0") found components: date_time filesystem program_options system thread 
[1.417s] -- Found Boost: /usr/lib/x86_64-linux-gnu/cmake/Boost-1.74.0/BoostConfig.cmake (found version "1.74.0") found components: system filesystem date_time program_options thread chrono 
[1.459s] -- Found Boost: /usr/lib/x86_64-linux-gnu/cmake/Boost-1.74.0/BoostConfig.cmake (found version "1.74.0") found components: thread system filesystem regex date_time program_options 
[1.523s] -- Found Boost: /usr/lib/x86_64-linux-gnu/cmake/Boost-1.74.0/BoostConfig.cmake (found version "1.74.0") found components: system filesystem date_time program_options thread 
[1.572s] -- Found ament_lint_auto: 0.12.11 (/opt/ros/humble/share/ament_lint_auto/cmake)
[1.699s] -- Added test 'copyright' to check source files copyright and LICENSE
[1.700s] -- Added test 'cppcheck' to perform static code analysis on C / C++ code
[1.700s] -- Configured cppcheck include dirs: 
[1.701s] -- Configured cppcheck exclude dirs and/or files: 
[1.702s] -- Added test 'lint_cmake' to check CMake code style
[1.703s] -- Added test 'uncrustify' to check C / C++ code style
[1.703s] -- Configured uncrustify additional arguments: 
[1.704s] -- Added test 'xmllint' to check XML markup files
[1.705s] -- Configuring done (1.7s)
[1.731s] -- Generating done (0.0s)
[1.738s] -- Build files have been written to: /home/raz/projects/Astroscale_Home_Assignment/ros2_ws/build/robot_services
[1.749s] Invoked command in '/home/raz/projects/Astroscale_Home_Assignment/ros2_ws/build/robot_services' returned '0': AMENT_PREFIX_PATH=/home/raz/projects/Astroscale_Home_Assignment/ros2_ws/install/robot_msgs:${AMENT_PREFIX_PATH} CMAKE_PREFIX_PATH=/home/raz/projects/Astroscale_Home_Assignment/ros2_ws/install/robot_msgs:/home/raz/projects/astroscale/ros2_ws/install/robot_remote:/home/raz/projects/ros2_advanced_concepts/ros2_ws/install/challenge_cpp:/home/raz/projects/ros2_advanced_concepts/ros2_ws/install/actions_cpp:/home/raz/projects/ros2_advanced_concepts/ros2_ws/install/my_robot_interfaces:/home/raz/ros2_ws/install/manipulator_urdf:/home/raz/projects/manipulator-project/arduinobot_ws/install/arduinobot_utils:/home/raz/projects/manipulator-project/arduinobot_ws/install/arduinobot_remote:/home/raz/projects/manipulator-project/arduinobot_ws/install/arduinobot_cpp_examples:/home/raz/projects/manipulator-project/arduinobot_ws/install/arduinobot_msgs:/home/raz/projects/manipulator-project/arduinobot_ws/install/arduinobot_moveit:/home/raz/projects/manipulator-project/arduinobot_ws/install/arduinobot_firmware:/home/raz/projects/manipulator-project/arduinobot_ws/install/arduinobot_description:/home/raz/projects/manipulator-project/arduinobot_ws/install/arduinobot_controller:/home/raz/projects/manipulator-project/arduinobot_ws/install/arduinobot_bringup:/home/raz/projects/ros2_robotics_simulation/ros2_ws/install/my_robot_bringup:/home/raz/projects/ros2_robotics_simulation/ros2_ws/install/my_robot_description:/home/raz/projects/astroscale/ros2_ws/install/robot_bringup:/home/raz/projects/astroscale/ros2_ws/install/robot_services:/home/raz/projects/astroscale/ros2_ws/install/robot_msgs:/home/raz/projects/astroscale/ros2_ws/install/robot_moveit:/home/raz/projects/astroscale/ros2_ws/install/robot_controller:/home/raz/projects/astroscale/ros2_ws/install/robot_description:/home/raz/projects/ros2_advanced_concepts/ros2_ws/install/challenge_py:/home/raz/projects/ros2_advanced_concepts/ros2_ws/install/actions_py:/home/raz/ros2_ws/install/centerofmass_detection:/home/raz/projects/manipulator-project/arduinobot_ws/install/arduinobot_py_examples:/opt/ros/humble LD_LIBRARY_PATH=/home/raz/projects/Astroscale_Home_Assignment/ros2_ws/install/robot_msgs/lib:${LD_LIBRARY_PATH} PYTHONPATH=/home/raz/projects/Astroscale_Home_Assignment/ros2_ws/install/robot_msgs/local/lib/python3.10/dist-packages:${PYTHONPATH} /usr/local/bin/cmake /home/raz/projects/Astroscale_Home_Assignment/ros2_ws/src/robot_services -DCMAKE_INSTALL_PREFIX=/home/raz/projects/Astroscale_Home_Assignment/ros2_ws/install/robot_services
[1.750s] Invoking command in '/home/raz/projects/Astroscale_Home_Assignment/ros2_ws/build/robot_services': AMENT_PREFIX_PATH=/home/raz/projects/Astroscale_Home_Assignment/ros2_ws/install/robot_msgs:${AMENT_PREFIX_PATH} CMAKE_PREFIX_PATH=/home/raz/projects/Astroscale_Home_Assignment/ros2_ws/install/robot_msgs:/home/raz/projects/astroscale/ros2_ws/install/robot_remote:/home/raz/projects/ros2_advanced_concepts/ros2_ws/install/challenge_cpp:/home/raz/projects/ros2_advanced_concepts/ros2_ws/install/actions_cpp:/home/raz/projects/ros2_advanced_concepts/ros2_ws/install/my_robot_interfaces:/home/raz/ros2_ws/install/manipulator_urdf:/home/raz/projects/manipulator-project/arduinobot_ws/install/arduinobot_utils:/home/raz/projects/manipulator-project/arduinobot_ws/install/arduinobot_remote:/home/raz/projects/manipulator-project/arduinobot_ws/install/arduinobot_cpp_examples:/home/raz/projects/manipulator-project/arduinobot_ws/install/arduinobot_msgs:/home/raz/projects/manipulator-project/arduinobot_ws/install/arduinobot_moveit:/home/raz/projects/manipulator-project/arduinobot_ws/install/arduinobot_firmware:/home/raz/projects/manipulator-project/arduinobot_ws/install/arduinobot_description:/home/raz/projects/manipulator-project/arduinobot_ws/install/arduinobot_controller:/home/raz/projects/manipulator-project/arduinobot_ws/install/arduinobot_bringup:/home/raz/projects/ros2_robotics_simulation/ros2_ws/install/my_robot_bringup:/home/raz/projects/ros2_robotics_simulation/ros2_ws/install/my_robot_description:/home/raz/projects/astroscale/ros2_ws/install/robot_bringup:/home/raz/projects/astroscale/ros2_ws/install/robot_services:/home/raz/projects/astroscale/ros2_ws/install/robot_msgs:/home/raz/projects/astroscale/ros2_ws/install/robot_moveit:/home/raz/projects/astroscale/ros2_ws/install/robot_controller:/home/raz/projects/astroscale/ros2_ws/install/robot_description:/home/raz/projects/ros2_advanced_concepts/ros2_ws/install/challenge_py:/home/raz/projects/ros2_advanced_concepts/ros2_ws/install/actions_py:/home/raz/ros2_ws/install/centerofmass_detection:/home/raz/projects/manipulator-project/arduinobot_ws/install/arduinobot_py_examples:/opt/ros/humble LD_LIBRARY_PATH=/home/raz/projects/Astroscale_Home_Assignment/ros2_ws/install/robot_msgs/lib:${LD_LIBRARY_PATH} PYTHONPATH=/home/raz/projects/Astroscale_Home_Assignment/ros2_ws/install/robot_msgs/local/lib/python3.10/dist-packages:${PYTHONPATH} /usr/local/bin/cmake --build /home/raz/projects/Astroscale_Home_Assignment/ros2_ws/build/robot_services -- -j12 -l12
[1.765s] [ 25%] [32mBuilding CXX object CMakeFiles/move_service_client.dir/src/move_service_client.cpp.o[0m
[1.766s] [ 50%] [32mBuilding CXX object CMakeFiles/move_service_server.dir/src/move_service_server.cpp.o[0m
[4.579s] [ 75%] [32m[1mLinking CXX executable move_service_client[0m
[4.689s] [ 75%] Built target move_service_client
[8.263s] [100%] [32m[1mLinking CXX executable move_service_server[0m
[8.514s] [100%] Built target move_service_server
[8.517s] Invoked command in '/home/raz/projects/Astroscale_Home_Assignment/ros2_ws/build/robot_services' returned '0': AMENT_PREFIX_PATH=/home/raz/projects/Astroscale_Home_Assignment/ros2_ws/install/robot_msgs:${AMENT_PREFIX_PATH} CMAKE_PREFIX_PATH=/home/raz/projects/Astroscale_Home_Assignment/ros2_ws/install/robot_msgs:/home/raz/projects/astroscale/ros2_ws/install/robot_remote:/home/raz/projects/ros2_advanced_concepts/ros2_ws/install/challenge_cpp:/home/raz/projects/ros2_advanced_concepts/ros2_ws/install/actions_cpp:/home/raz/projects/ros2_advanced_concepts/ros2_ws/install/my_robot_interfaces:/home/raz/ros2_ws/install/manipulator_urdf:/home/raz/projects/manipulator-project/arduinobot_ws/install/arduinobot_utils:/home/raz/projects/manipulator-project/arduinobot_ws/install/arduinobot_remote:/home/raz/projects/manipulator-project/arduinobot_ws/install/arduinobot_cpp_examples:/home/raz/projects/manipulator-project/arduinobot_ws/install/arduinobot_msgs:/home/raz/projects/manipulator-project/arduinobot_ws/install/arduinobot_moveit:/home/raz/projects/manipulator-project/arduinobot_ws/install/arduinobot_firmware:/home/raz/projects/manipulator-project/arduinobot_ws/install/arduinobot_description:/home/raz/projects/manipulator-project/arduinobot_ws/install/arduinobot_controller:/home/raz/projects/manipulator-project/arduinobot_ws/install/arduinobot_bringup:/home/raz/projects/ros2_robotics_simulation/ros2_ws/install/my_robot_bringup:/home/raz/projects/ros2_robotics_simulation/ros2_ws/install/my_robot_description:/home/raz/projects/astroscale/ros2_ws/install/robot_bringup:/home/raz/projects/astroscale/ros2_ws/install/robot_services:/home/raz/projects/astroscale/ros2_ws/install/robot_msgs:/home/raz/projects/astroscale/ros2_ws/install/robot_moveit:/home/raz/projects/astroscale/ros2_ws/install/robot_controller:/home/raz/projects/astroscale/ros2_ws/install/robot_description:/home/raz/projects/ros2_advanced_concepts/ros2_ws/install/challenge_py:/home/raz/projects/ros2_advanced_concepts/ros2_ws/install/actions_py:/home/raz/ros2_ws/install/centerofmass_detection:/home/raz/projects/manipulator-project/arduinobot_ws/install/arduinobot_py_examples:/opt/ros/humble LD_LIBRARY_PATH=/home/raz/projects/Astroscale_Home_Assignment/ros2_ws/install/robot_msgs/lib:${LD_LIBRARY_PATH} PYTHONPATH=/home/raz/projects/Astroscale_Home_Assignment/ros2_ws/install/robot_msgs/local/lib/python3.10/dist-packages:${PYTHONPATH} /usr/local/bin/cmake --build /home/raz/projects/Astroscale_Home_Assignment/ros2_ws/build/robot_services -- -j12 -l12
[8.518s] Invoking command in '/home/raz/projects/Astroscale_Home_Assignment/ros2_ws/build/robot_services': AMENT_PREFIX_PATH=/home/raz/projects/Astroscale_Home_Assignment/ros2_ws/install/robot_msgs:${AMENT_PREFIX_PATH} CMAKE_PREFIX_PATH=/home/raz/projects/Astroscale_Home_Assignment/ros2_ws/install/robot_msgs:/home/raz/projects/astroscale/ros2_ws/install/robot_remote:/home/raz/projects/ros2_advanced_concepts/ros2_ws/install/challenge_cpp:/home/raz/projects/ros2_advanced_concepts/ros2_ws/install/actions_cpp:/home/raz/projects/ros2_advanced_concepts/ros2_ws/install/my_robot_interfaces:/home/raz/ros2_ws/install/manipulator_urdf:/home/raz/projects/manipulator-project/arduinobot_ws/install/arduinobot_utils:/home/raz/projects/manipulator-project/arduinobot_ws/install/arduinobot_remote:/home/raz/projects/manipulator-project/arduinobot_ws/install/arduinobot_cpp_examples:/home/raz/projects/manipulator-project/arduinobot_ws/install/arduinobot_msgs:/home/raz/projects/manipulator-project/arduinobot_ws/install/arduinobot_moveit:/home/raz/projects/manipulator-project/arduinobot_ws/install/arduinobot_firmware:/home/raz/projects/manipulator-project/arduinobot_ws/install/arduinobot_description:/home/raz/projects/manipulator-project/arduinobot_ws/install/arduinobot_controller:/home/raz/projects/manipulator-project/arduinobot_ws/install/arduinobot_bringup:/home/raz/projects/ros2_robotics_simulation/ros2_ws/install/my_robot_bringup:/home/raz/projects/ros2_robotics_simulation/ros2_ws/install/my_robot_description:/home/raz/projects/astroscale/ros2_ws/install/robot_bringup:/home/raz/projects/astroscale/ros2_ws/install/robot_services:/home/raz/projects/astroscale/ros2_ws/install/robot_msgs:/home/raz/projects/astroscale/ros2_ws/install/robot_moveit:/home/raz/projects/astroscale/ros2_ws/install/robot_controller:/home/raz/projects/astroscale/ros2_ws/install/robot_description:/home/raz/projects/ros2_advanced_concepts/ros2_ws/install/challenge_py:/home/raz/projects/ros2_advanced_concepts/ros2_ws/install/actions_py:/home/raz/ros2_ws/install/centerofmass_detection:/home/raz/projects/manipulator-project/arduinobot_ws/install/arduinobot_py_examples:/opt/ros/humble LD_LIBRARY_PATH=/home/raz/projects/Astroscale_Home_Assignment/ros2_ws/install/robot_msgs/lib:${LD_LIBRARY_PATH} PYTHONPATH=/home/raz/projects/Astroscale_Home_Assignment/ros2_ws/install/robot_msgs/local/lib/python3.10/dist-packages:${PYTHONPATH} /usr/local/bin/cmake --install /home/raz/projects/Astroscale_Home_Assignment/ros2_ws/build/robot_services
[8.520s] -- Install configuration: ""
[8.520s] -- Installing: /home/raz/projects/Astroscale_Home_Assignment/ros2_ws/install/robot_services/lib/robot_services/move_service_server
[8.521s] -- Set runtime path of "/home/raz/projects/Astroscale_Home_Assignment/ros2_ws/install/robot_services/lib/robot_services/move_service_server" to ""
[8.521s] -- Installing: /home/raz/projects/Astroscale_Home_Assignment/ros2_ws/install/robot_services/lib/robot_services/move_service_client
[8.521s] -- Set runtime path of "/home/raz/projects/Astroscale_Home_Assignment/ros2_ws/install/robot_services/lib/robot_services/move_service_client" to ""
[8.521s] -- Installing: /home/raz/projects/Astroscale_Home_Assignment/ros2_ws/install/robot_services/share/ament_index/resource_index/package_run_dependencies/robot_services
[8.521s] -- Installing: /home/raz/projects/Astroscale_Home_Assignment/ros2_ws/install/robot_services/share/ament_index/resource_index/parent_prefix_path/robot_services
[8.522s] -- Installing: /home/raz/projects/Astroscale_Home_Assignment/ros2_ws/install/robot_services/share/robot_services/environment/ament_prefix_path.sh
[8.522s] -- Installing: /home/raz/projects/Astroscale_Home_Assignment/ros2_ws/install/robot_services/share/robot_services/environment/ament_prefix_path.dsv
[8.522s] -- Installing: /home/raz/projects/Astroscale_Home_Assignment/ros2_ws/install/robot_services/share/robot_services/environment/path.sh
[8.522s] -- Installing: /home/raz/projects/Astroscale_Home_Assignment/ros2_ws/install/robot_services/share/robot_services/environment/path.dsv
[8.522s] -- Installing: /home/raz/projects/Astroscale_Home_Assignment/ros2_ws/install/robot_services/share/robot_services/local_setup.bash
[8.522s] -- Installing: /home/raz/projects/Astroscale_Home_Assignment/ros2_ws/install/robot_services/share/robot_services/local_setup.sh
[8.522s] -- Installing: /home/raz/projects/Astroscale_Home_Assignment/ros2_ws/install/robot_services/share/robot_services/local_setup.zsh
[8.522s] -- Installing: /home/raz/projects/Astroscale_Home_Assignment/ros2_ws/install/robot_services/share/robot_services/local_setup.dsv
[8.522s] -- Installing: /home/raz/projects/Astroscale_Home_Assignment/ros2_ws/install/robot_services/share/robot_services/package.dsv
[8.522s] -- Installing: /home/raz/projects/Astroscale_Home_Assignment/ros2_ws/install/robot_services/share/ament_index/resource_index/packages/robot_services
[8.522s] -- Installing: /home/raz/projects/Astroscale_Home_Assignment/ros2_ws/install/robot_services/share/robot_services/cmake/robot_servicesConfig.cmake
[8.523s] -- Installing: /home/raz/projects/Astroscale_Home_Assignment/ros2_ws/install/robot_services/share/robot_services/cmake/robot_servicesConfig-version.cmake
[8.523s] -- Installing: /home/raz/projects/Astroscale_Home_Assignment/ros2_ws/install/robot_services/share/robot_services/package.xml
[8.524s] Invoked command in '/home/raz/projects/Astroscale_Home_Assignment/ros2_ws/build/robot_services' returned '0': AMENT_PREFIX_PATH=/home/raz/projects/Astroscale_Home_Assignment/ros2_ws/install/robot_msgs:${AMENT_PREFIX_PATH} CMAKE_PREFIX_PATH=/home/raz/projects/Astroscale_Home_Assignment/ros2_ws/install/robot_msgs:/home/raz/projects/astroscale/ros2_ws/install/robot_remote:/home/raz/projects/ros2_advanced_concepts/ros2_ws/install/challenge_cpp:/home/raz/projects/ros2_advanced_concepts/ros2_ws/install/actions_cpp:/home/raz/projects/ros2_advanced_concepts/ros2_ws/install/my_robot_interfaces:/home/raz/ros2_ws/install/manipulator_urdf:/home/raz/projects/manipulator-project/arduinobot_ws/install/arduinobot_utils:/home/raz/projects/manipulator-project/arduinobot_ws/install/arduinobot_remote:/home/raz/projects/manipulator-project/arduinobot_ws/install/arduinobot_cpp_examples:/home/raz/projects/manipulator-project/arduinobot_ws/install/arduinobot_msgs:/home/raz/projects/manipulator-project/arduinobot_ws/install/arduinobot_moveit:/home/raz/projects/manipulator-project/arduinobot_ws/install/arduinobot_firmware:/home/raz/projects/manipulator-project/arduinobot_ws/install/arduinobot_description:/home/raz/projects/manipulator-project/arduinobot_ws/install/arduinobot_controller:/home/raz/projects/manipulator-project/arduinobot_ws/install/arduinobot_bringup:/home/raz/projects/ros2_robotics_simulation/ros2_ws/install/my_robot_bringup:/home/raz/projects/ros2_robotics_simulation/ros2_ws/install/my_robot_description:/home/raz/projects/astroscale/ros2_ws/install/robot_bringup:/home/raz/projects/astroscale/ros2_ws/install/robot_services:/home/raz/projects/astroscale/ros2_ws/install/robot_msgs:/home/raz/projects/astroscale/ros2_ws/install/robot_moveit:/home/raz/projects/astroscale/ros2_ws/install/robot_controller:/home/raz/projects/astroscale/ros2_ws/install/robot_description:/home/raz/projects/ros2_advanced_concepts/ros2_ws/install/challenge_py:/home/raz/projects/ros2_advanced_concepts/ros2_ws/install/actions_py:/home/raz/ros2_ws/install/centerofmass_detection:/home/raz/projects/manipulator-project/arduinobot_ws/install/arduinobot_py_examples:/opt/ros/humble LD_LIBRARY_PATH=/home/raz/projects/Astroscale_Home_Assignment/ros2_ws/install/robot_msgs/lib:${LD_LIBRARY_PATH} PYTHONPATH=/home/raz/projects/Astroscale_Home_Assignment/ros2_ws/install/robot_msgs/local/lib/python3.10/dist-packages:${PYTHONPATH} /usr/local/bin/cmake --install /home/raz/projects/Astroscale_Home_Assignment/ros2_ws/build/robot_services
