[0.013s] Invoking command in '/home/raz/projects/astroscale/ros2_ws/build/robot_moveit': CMAKE_PREFIX_PATH=${CMAKE_PREFIX_PATH}:/home/raz/projects/ros2_advanced_concepts/ros2_ws/install/challenge_py:/home/raz/projects/ros2_advanced_concepts/ros2_ws/install/actions_py:/home/raz/ros2_ws/install/centerofmass_detection:/home/raz/projects/manipulator-project/arduinobot_ws/install/arduinobot_py_examples:/opt/ros/humble /usr/local/bin/cmake /home/raz/projects/astroscale/ros2_ws/src/robot_moveit -DCMAKE_INSTALL_PREFIX=/home/raz/projects/astroscale/ros2_ws/install/robot_moveit
[0.164s] -- Found ament_cmake: 1.3.11 (/opt/ros/humble/share/ament_cmake/cmake)
[0.360s] -- Override CMake install command with custom implementation using symlinks instead of copying resources
[0.416s] -- Found ament_lint_auto: 0.12.11 (/opt/ros/humble/share/ament_lint_auto/cmake)
[0.534s] -- Added test 'flake8' to check Python code syntax and style conventions
[0.535s] -- Added test 'lint_cmake' to check CMake code style
[0.535s] -- Added test 'pep257' to check Python code against some of the docstring style conventions in PEP 257
[0.536s] -- Added test 'xmllint' to check XML markup files
[0.538s] -- Configuring done (0.4s)
[0.565s] -- Generating done (0.0s)
[0.589s] -- Build files have been written to: /home/raz/projects/astroscale/ros2_ws/build/robot_moveit
[0.591s] Invoked command in '/home/raz/projects/astroscale/ros2_ws/build/robot_moveit' returned '0': CMAKE_PREFIX_PATH=${CMAKE_PREFIX_PATH}:/home/raz/projects/ros2_advanced_concepts/ros2_ws/install/challenge_py:/home/raz/projects/ros2_advanced_concepts/ros2_ws/install/actions_py:/home/raz/ros2_ws/install/centerofmass_detection:/home/raz/projects/manipulator-project/arduinobot_ws/install/arduinobot_py_examples:/opt/ros/humble /usr/local/bin/cmake /home/raz/projects/astroscale/ros2_ws/src/robot_moveit -DCMAKE_INSTALL_PREFIX=/home/raz/projects/astroscale/ros2_ws/install/robot_moveit
[0.593s] Invoking command in '/home/raz/projects/astroscale/ros2_ws/build/robot_moveit': CMAKE_PREFIX_PATH=${CMAKE_PREFIX_PATH}:/home/raz/projects/ros2_advanced_concepts/ros2_ws/install/challenge_py:/home/raz/projects/ros2_advanced_concepts/ros2_ws/install/actions_py:/home/raz/ros2_ws/install/centerofmass_detection:/home/raz/projects/manipulator-project/arduinobot_ws/install/arduinobot_py_examples:/opt/ros/humble /usr/local/bin/cmake --build /home/raz/projects/astroscale/ros2_ws/build/robot_moveit -- -j12 -l12
[0.601s] Invoked command in '/home/raz/projects/astroscale/ros2_ws/build/robot_moveit' returned '0': CMAKE_PREFIX_PATH=${CMAKE_PREFIX_PATH}:/home/raz/projects/ros2_advanced_concepts/ros2_ws/install/challenge_py:/home/raz/projects/ros2_advanced_concepts/ros2_ws/install/actions_py:/home/raz/ros2_ws/install/centerofmass_detection:/home/raz/projects/manipulator-project/arduinobot_ws/install/arduinobot_py_examples:/opt/ros/humble /usr/local/bin/cmake --build /home/raz/projects/astroscale/ros2_ws/build/robot_moveit -- -j12 -l12
[0.603s] Invoking command in '/home/raz/projects/astroscale/ros2_ws/build/robot_moveit': CMAKE_PREFIX_PATH=${CMAKE_PREFIX_PATH}:/home/raz/projects/ros2_advanced_concepts/ros2_ws/install/challenge_py:/home/raz/projects/ros2_advanced_concepts/ros2_ws/install/actions_py:/home/raz/ros2_ws/install/centerofmass_detection:/home/raz/projects/manipulator-project/arduinobot_ws/install/arduinobot_py_examples:/opt/ros/humble /usr/local/bin/cmake --install /home/raz/projects/astroscale/ros2_ws/build/robot_moveit
[0.604s] -- Install configuration: ""
[0.604s] -- Execute custom install script
[0.605s] -- Up-to-date symlink: /home/raz/projects/astroscale/ros2_ws/install/robot_moveit/share/robot_moveit/launch/moveit.launch.py
[0.605s] -- Up-to-date symlink: /home/raz/projects/astroscale/ros2_ws/install/robot_moveit/share/robot_moveit/config/initial_positions.yaml
[0.605s] -- Up-to-date symlink: /home/raz/projects/astroscale/ros2_ws/install/robot_moveit/share/robot_moveit/config/joint_limits.yaml
[0.605s] -- Up-to-date symlink: /home/raz/projects/astroscale/ros2_ws/install/robot_moveit/share/robot_moveit/config/kinematics.yaml
[0.605s] -- Up-to-date symlink: /home/raz/projects/astroscale/ros2_ws/install/robot_moveit/share/robot_moveit/config/manipulator.srdf
[0.605s] -- Up-to-date symlink: /home/raz/projects/astroscale/ros2_ws/install/robot_moveit/share/robot_moveit/config/moveit.rviz
[0.605s] -- Up-to-date symlink: /home/raz/projects/astroscale/ros2_ws/install/robot_moveit/share/robot_moveit/config/moveit_controllers.yaml
[0.605s] -- Up-to-date symlink: /home/raz/projects/astroscale/ros2_ws/install/robot_moveit/share/robot_moveit/config/pilz_cartesian_limits.yaml
[0.606s] -- Up-to-date symlink: /home/raz/projects/astroscale/ros2_ws/install/robot_moveit/share/robot_moveit/config/planning_python_api.yaml
[0.606s] -- Up-to-date symlink: /home/raz/projects/astroscale/ros2_ws/install/robot_moveit/share/ament_index/resource_index/package_run_dependencies/robot_moveit
[0.606s] -- Up-to-date symlink: /home/raz/projects/astroscale/ros2_ws/install/robot_moveit/share/ament_index/resource_index/parent_prefix_path/robot_moveit
[0.606s] -- Up-to-date symlink: /home/raz/projects/astroscale/ros2_ws/install/robot_moveit/share/robot_moveit/environment/ament_prefix_path.sh
[0.606s] -- Up-to-date symlink: /home/raz/projects/astroscale/ros2_ws/install/robot_moveit/share/robot_moveit/environment/ament_prefix_path.dsv
[0.606s] -- Up-to-date symlink: /home/raz/projects/astroscale/ros2_ws/install/robot_moveit/share/robot_moveit/environment/path.sh
[0.606s] -- Up-to-date symlink: /home/raz/projects/astroscale/ros2_ws/install/robot_moveit/share/robot_moveit/environment/path.dsv
[0.606s] -- Up-to-date symlink: /home/raz/projects/astroscale/ros2_ws/install/robot_moveit/share/robot_moveit/local_setup.bash
[0.607s] -- Up-to-date symlink: /home/raz/projects/astroscale/ros2_ws/install/robot_moveit/share/robot_moveit/local_setup.sh
[0.607s] -- Up-to-date symlink: /home/raz/projects/astroscale/ros2_ws/install/robot_moveit/share/robot_moveit/local_setup.zsh
[0.607s] -- Up-to-date symlink: /home/raz/projects/astroscale/ros2_ws/install/robot_moveit/share/robot_moveit/local_setup.dsv
[0.607s] -- Symlinking: /home/raz/projects/astroscale/ros2_ws/install/robot_moveit/share/robot_moveit/package.dsv
[0.608s] -- Up-to-date symlink: /home/raz/projects/astroscale/ros2_ws/install/robot_moveit/share/ament_index/resource_index/packages/robot_moveit
[0.609s] -- Up-to-date symlink: /home/raz/projects/astroscale/ros2_ws/install/robot_moveit/share/robot_moveit/cmake/robot_moveitConfig.cmake
[0.609s] -- Up-to-date symlink: /home/raz/projects/astroscale/ros2_ws/install/robot_moveit/share/robot_moveit/cmake/robot_moveitConfig-version.cmake
[0.609s] -- Up-to-date symlink: /home/raz/projects/astroscale/ros2_ws/install/robot_moveit/share/robot_moveit/package.xml
[0.610s] Invoked command in '/home/raz/projects/astroscale/ros2_ws/build/robot_moveit' returned '0': CMAKE_PREFIX_PATH=${CMAKE_PREFIX_PATH}:/home/raz/projects/ros2_advanced_concepts/ros2_ws/install/challenge_py:/home/raz/projects/ros2_advanced_concepts/ros2_ws/install/actions_py:/home/raz/ros2_ws/install/centerofmass_detection:/home/raz/projects/manipulator-project/arduinobot_ws/install/arduinobot_py_examples:/opt/ros/humble /usr/local/bin/cmake --install /home/raz/projects/astroscale/ros2_ws/build/robot_moveit
