-- The C compiler identification is GNU 11.4.0
-- The CXX compiler identification is GNU 11.4.0
-- Detecting C compiler ABI info
-- Detecting C compiler ABI info - done
-- Check for working C compiler: /usr/bin/cc - skipped
-- Detecting C compile features
-- Detecting C compile features - done
-- Detecting CXX compiler ABI info
-- Detecting CXX compiler ABI info - done
-- Check for working CXX compiler: /usr/bin/c++ - skipped
-- Detecting CXX compile features
-- Detecting CXX compile features - done
-- Found ament_cmake: 1.3.11 (/opt/ros/humble/share/ament_cmake/cmake)
-- Found Python3: /usr/bin/python3 (found version "3.10.12") found components: Interpreter 
-- Found trajectory_msgs: 4.2.4 (/opt/ros/humble/share/trajectory_msgs/cmake)
-- Found rosidl_generator_c: 3.1.6 (/opt/ros/humble/share/rosidl_generator_c/cmake)
-- Found rosidl_adapter: 3.1.6 (/opt/ros/humble/share/rosidl_adapter/cmake)
-- Found rosidl_generator_cpp: 3.1.6 (/opt/ros/humble/share/rosidl_generator_cpp/cmake)
-- Using all available rosidl_typesupport_c: rosidl_typesupport_fastrtps_c;rosidl_typesupport_introspection_c
-- Using all available rosidl_typesupport_cpp: rosidl_typesupport_fastrtps_cpp;rosidl_typesupport_introspection_cpp
-- Found sensor_msgs: 4.2.4 (/opt/ros/humble/share/sensor_msgs/cmake)
-- Found rclcpp: 16.0.11 (/opt/ros/humble/share/rclcpp/cmake)
-- Found rmw_implementation_cmake: 6.1.2 (/opt/ros/humble/share/rmw_implementation_cmake/cmake)
-- Found rmw_cyclonedds_cpp: 1.3.4 (/opt/ros/humble/share/rmw_cyclonedds_cpp/cmake)
-- Using RMW implementation 'rmw_cyclonedds_cpp' as default
-- Performing Test CMAKE_HAVE_LIBC_PTHREAD
-- Performing Test CMAKE_HAVE_LIBC_PTHREAD - Success
-- Found Threads: TRUE  
-- Found rclpy: 3.3.15 (/opt/ros/humble/share/rclpy/cmake)
-- Found moveit_core: 2.5.7 (/opt/ros/humble/share/moveit_core/cmake)
-- Found Boost: /usr/lib/x86_64-linux-gnu/cmake/Boost-1.74.0/BoostConfig.cmake (found version "1.74.0") found components: chrono date_time filesystem iostreams program_options regex serialization system thread 
-- Found parameter_traits: 0.4.0 (/opt/ros/humble/share/parameter_traits/cmake)
-- Found rclcpp_lifecycle: 16.0.11 (/opt/ros/humble/share/rclcpp_lifecycle/cmake)
-- Found Boost: /usr/lib/x86_64-linux-gnu/cmake/Boost-1.74.0/BoostConfig.cmake (found version "1.74.0") found components: filesystem 
-- library: /usr/lib/x86_64-linux-gnu/libcurl.so
-- Found Eigen3: TRUE (found version "3.4.0") 
-- Ensuring Eigen3 include directory is part of orocos-kdl CMake target
-- Found moveit_ros_planning_interface: 2.5.7 (/opt/ros/humble/share/moveit_ros_planning_interface/cmake)
-- Found Boost: /usr/lib/x86_64-linux-gnu/cmake/Boost-1.74.0/BoostConfig.cmake (found version "1.74.0") found components: date_time filesystem program_options system thread 
-- Found Boost: /usr/lib/x86_64-linux-gnu/cmake/Boost-1.74.0/BoostConfig.cmake (found version "1.74.0") found components: system filesystem date_time program_options thread chrono 
-- Found Boost: /usr/lib/x86_64-linux-gnu/cmake/Boost-1.74.0/BoostConfig.cmake (found version "1.74.0") found components: thread system filesystem regex date_time program_options 
-- Found Boost: /usr/lib/x86_64-linux-gnu/cmake/Boost-1.74.0/BoostConfig.cmake (found version "1.74.0") found components: system filesystem date_time program_options thread 
-- Configuring done (2.1s)
-- Generating done (0.0s)
-- Build files have been written to: /home/raz/projects/Astroscale_Home_Assignment/ros2_ws/build/robot_controller
[  0%] Built target ament_cmake_python_copy_robot_controller
[ 50%] [32mBuilding CXX object CMakeFiles/slider_control.dir/src/slider_control.cpp.o[0m
running egg_info
creating robot_controller.egg-info
writing robot_controller.egg-info/PKG-INFO
writing dependency_links to robot_controller.egg-info/dependency_links.txt
writing top-level names to robot_controller.egg-info/top_level.txt
writing manifest file 'robot_controller.egg-info/SOURCES.txt'
reading manifest file 'robot_controller.egg-info/SOURCES.txt'
writing manifest file 'robot_controller.egg-info/SOURCES.txt'
[ 50%] Built target ament_cmake_python_build_robot_controller_egg
[100%] [32m[1mLinking CXX executable slider_control[0m
[100%] Built target slider_control
-- Install configuration: ""
-- Installing: /home/raz/projects/Astroscale_Home_Assignment/ros2_ws/install/robot_controller/share/robot_controller/environment/pythonpath.sh
-- Installing: /home/raz/projects/Astroscale_Home_Assignment/ros2_ws/install/robot_controller/share/robot_controller/environment/pythonpath.dsv
-- Installing: /home/raz/projects/Astroscale_Home_Assignment/ros2_ws/install/robot_controller/local/lib/python3.10/dist-packages/robot_controller-0.0.0-py3.10.egg-info
-- Installing: /home/raz/projects/Astroscale_Home_Assignment/ros2_ws/install/robot_controller/local/lib/python3.10/dist-packages/robot_controller-0.0.0-py3.10.egg-info/dependency_links.txt
-- Installing: /home/raz/projects/Astroscale_Home_Assignment/ros2_ws/install/robot_controller/local/lib/python3.10/dist-packages/robot_controller-0.0.0-py3.10.egg-info/PKG-INFO
-- Installing: /home/raz/projects/Astroscale_Home_Assignment/ros2_ws/install/robot_controller/local/lib/python3.10/dist-packages/robot_controller-0.0.0-py3.10.egg-info/SOURCES.txt
-- Installing: /home/raz/projects/Astroscale_Home_Assignment/ros2_ws/install/robot_controller/local/lib/python3.10/dist-packages/robot_controller-0.0.0-py3.10.egg-info/top_level.txt
-- Installing: /home/raz/projects/Astroscale_Home_Assignment/ros2_ws/install/robot_controller/local/lib/python3.10/dist-packages/robot_controller
-- Installing: /home/raz/projects/Astroscale_Home_Assignment/ros2_ws/install/robot_controller/local/lib/python3.10/dist-packages/robot_controller/__init__.py
-- Installing: /home/raz/projects/Astroscale_Home_Assignment/ros2_ws/install/robot_controller/local/lib/python3.10/dist-packages/robot_controller/slider_control.py
Listing '/home/raz/projects/Astroscale_Home_Assignment/ros2_ws/install/robot_controller/local/lib/python3.10/dist-packages/robot_controller'...
Compiling '/home/raz/projects/Astroscale_Home_Assignment/ros2_ws/install/robot_controller/local/lib/python3.10/dist-packages/robot_controller/__init__.py'...
Compiling '/home/raz/projects/Astroscale_Home_Assignment/ros2_ws/install/robot_controller/local/lib/python3.10/dist-packages/robot_controller/slider_control.py'...
-- Installing: /home/raz/projects/Astroscale_Home_Assignment/ros2_ws/install/robot_controller/include/include
-- Installing: /home/raz/projects/Astroscale_Home_Assignment/ros2_ws/install/robot_controller/include/include/robot_controller
-- Installing: /home/raz/projects/Astroscale_Home_Assignment/ros2_ws/install/robot_controller/share/robot_controller/launch
-- Installing: /home/raz/projects/Astroscale_Home_Assignment/ros2_ws/install/robot_controller/share/robot_controller/launch/controller.launch.py
-- Installing: /home/raz/projects/Astroscale_Home_Assignment/ros2_ws/install/robot_controller/share/robot_controller/launch/slider_controller.launch.py
-- Installing: /home/raz/projects/Astroscale_Home_Assignment/ros2_ws/install/robot_controller/share/robot_controller/config
-- Installing: /home/raz/projects/Astroscale_Home_Assignment/ros2_ws/install/robot_controller/share/robot_controller/config/robot_controllers.yaml
-- Installing: /home/raz/projects/Astroscale_Home_Assignment/ros2_ws/install/robot_controller/lib/robot_controller/slider_control.py
-- Installing: /home/raz/projects/Astroscale_Home_Assignment/ros2_ws/install/robot_controller/lib/robot_controller/slider_control
-- Set runtime path of "/home/raz/projects/Astroscale_Home_Assignment/ros2_ws/install/robot_controller/lib/robot_controller/slider_control" to ""
-- Installing: /home/raz/projects/Astroscale_Home_Assignment/ros2_ws/install/robot_controller/share/robot_controller/environment/library_path.sh
-- Installing: /home/raz/projects/Astroscale_Home_Assignment/ros2_ws/install/robot_controller/share/robot_controller/environment/library_path.dsv
-- Installing: /home/raz/projects/Astroscale_Home_Assignment/ros2_ws/install/robot_controller/share/ament_index/resource_index/package_run_dependencies/robot_controller
-- Installing: /home/raz/projects/Astroscale_Home_Assignment/ros2_ws/install/robot_controller/share/ament_index/resource_index/parent_prefix_path/robot_controller
-- Installing: /home/raz/projects/Astroscale_Home_Assignment/ros2_ws/install/robot_controller/share/robot_controller/environment/ament_prefix_path.sh
-- Installing: /home/raz/projects/Astroscale_Home_Assignment/ros2_ws/install/robot_controller/share/robot_controller/environment/ament_prefix_path.dsv
-- Installing: /home/raz/projects/Astroscale_Home_Assignment/ros2_ws/install/robot_controller/share/robot_controller/environment/path.sh
-- Installing: /home/raz/projects/Astroscale_Home_Assignment/ros2_ws/install/robot_controller/share/robot_controller/environment/path.dsv
-- Installing: /home/raz/projects/Astroscale_Home_Assignment/ros2_ws/install/robot_controller/share/robot_controller/local_setup.bash
-- Installing: /home/raz/projects/Astroscale_Home_Assignment/ros2_ws/install/robot_controller/share/robot_controller/local_setup.sh
-- Installing: /home/raz/projects/Astroscale_Home_Assignment/ros2_ws/install/robot_controller/share/robot_controller/local_setup.zsh
-- Installing: /home/raz/projects/Astroscale_Home_Assignment/ros2_ws/install/robot_controller/share/robot_controller/local_setup.dsv
-- Installing: /home/raz/projects/Astroscale_Home_Assignment/ros2_ws/install/robot_controller/share/robot_controller/package.dsv
-- Installing: /home/raz/projects/Astroscale_Home_Assignment/ros2_ws/install/robot_controller/share/ament_index/resource_index/packages/robot_controller
-- Installing: /home/raz/projects/Astroscale_Home_Assignment/ros2_ws/install/robot_controller/share/robot_controller/cmake/ament_cmake_export_include_directories-extras.cmake
-- Installing: /home/raz/projects/Astroscale_Home_Assignment/ros2_ws/install/robot_controller/share/robot_controller/cmake/ament_cmake_export_libraries-extras.cmake
-- Installing: /home/raz/projects/Astroscale_Home_Assignment/ros2_ws/install/robot_controller/share/robot_controller/cmake/robot_controllerConfig.cmake
-- Installing: /home/raz/projects/Astroscale_Home_Assignment/ros2_ws/install/robot_controller/share/robot_controller/cmake/robot_controllerConfig-version.cmake
-- Installing: /home/raz/projects/Astroscale_Home_Assignment/ros2_ws/install/robot_controller/share/robot_controller/package.xml
