[0.008s] Invoking command in '/home/raz/projects/Astroscale_Home_Assignment/ros2_ws/build/robot_controller': AMENT_PREFIX_PATH=/home/raz/projects/Astroscale_Home_Assignment/ros2_ws/install/robot_description:${AMENT_PREFIX_PATH} CMAKE_PREFIX_PATH=/home/raz/projects/Astroscale_Home_Assignment/ros2_ws/install/robot_description:/home/raz/projects/astroscale/ros2_ws/install/robot_remote:/home/raz/projects/ros2_advanced_concepts/ros2_ws/install/challenge_cpp:/home/raz/projects/ros2_advanced_concepts/ros2_ws/install/actions_cpp:/home/raz/projects/ros2_advanced_concepts/ros2_ws/install/my_robot_interfaces:/home/raz/ros2_ws/install/manipulator_urdf:/home/raz/projects/manipulator-project/arduinobot_ws/install/arduinobot_utils:/home/raz/projects/manipulator-project/arduinobot_ws/install/arduinobot_remote:/home/raz/projects/manipulator-project/arduinobot_ws/install/arduinobot_cpp_examples:/home/raz/projects/manipulator-project/arduinobot_ws/install/arduinobot_msgs:/home/raz/projects/manipulator-project/arduinobot_ws/install/arduinobot_moveit:/home/raz/projects/manipulator-project/arduinobot_ws/install/arduinobot_firmware:/home/raz/projects/manipulator-project/arduinobot_ws/install/arduinobot_description:/home/raz/projects/manipulator-project/arduinobot_ws/install/arduinobot_controller:/home/raz/projects/manipulator-project/arduinobot_ws/install/arduinobot_bringup:/home/raz/projects/ros2_robotics_simulation/ros2_ws/install/my_robot_bringup:/home/raz/projects/ros2_robotics_simulation/ros2_ws/install/my_robot_description:/home/raz/projects/astroscale/ros2_ws/install/robot_bringup:/home/raz/projects/astroscale/ros2_ws/install/robot_services:/home/raz/projects/astroscale/ros2_ws/install/robot_msgs:/home/raz/projects/astroscale/ros2_ws/install/robot_moveit:/home/raz/projects/astroscale/ros2_ws/install/robot_controller:/home/raz/projects/astroscale/ros2_ws/install/robot_description:/home/raz/projects/ros2_advanced_concepts/ros2_ws/install/challenge_py:/home/raz/projects/ros2_advanced_concepts/ros2_ws/install/actions_py:/home/raz/ros2_ws/install/centerofmass_detection:/home/raz/projects/manipulator-project/arduinobot_ws/install/arduinobot_py_examples:/opt/ros/humble /usr/local/bin/cmake /home/raz/projects/Astroscale_Home_Assignment/ros2_ws/src/robot_controller -DCMAKE_INSTALL_PREFIX=/home/raz/projects/Astroscale_Home_Assignment/ros2_ws/install/robot_controller
[0.042s] -- The C compiler identification is GNU 11.4.0
[0.083s] -- The CXX compiler identification is GNU 11.4.0
[0.093s] -- Detecting C compiler ABI info
[0.132s] -- Detecting C compiler ABI info - done
[0.142s] -- Check for working C compiler: /usr/bin/cc - skipped
[0.142s] -- Detecting C compile features
[0.142s] -- Detecting C compile features - done
[0.149s] -- Detecting CXX compiler ABI info
[0.198s] -- Detecting CXX compiler ABI info - done
[0.212s] -- Check for working CXX compiler: /usr/bin/c++ - skipped
[0.212s] -- Detecting CXX compile features
[0.212s] -- Detecting CXX compile features - done
[0.220s] -- Found ament_cmake: 1.3.11 (/opt/ros/humble/share/ament_cmake/cmake)
[0.335s] -- Found Python3: /usr/bin/python3 (found version "3.10.12") found components: Interpreter 
[0.431s] -- Found trajectory_msgs: 4.2.4 (/opt/ros/humble/share/trajectory_msgs/cmake)
[0.476s] -- Found rosidl_generator_c: 3.1.6 (/opt/ros/humble/share/rosidl_generator_c/cmake)
[0.483s] -- Found rosidl_adapter: 3.1.6 (/opt/ros/humble/share/rosidl_adapter/cmake)
[0.494s] -- Found rosidl_generator_cpp: 3.1.6 (/opt/ros/humble/share/rosidl_generator_cpp/cmake)
[0.510s] -- Using all available rosidl_typesupport_c: rosidl_typesupport_fastrtps_c;rosidl_typesupport_introspection_c
[0.530s] -- Using all available rosidl_typesupport_cpp: rosidl_typesupport_fastrtps_cpp;rosidl_typesupport_introspection_cpp
[0.608s] -- Found sensor_msgs: 4.2.4 (/opt/ros/humble/share/sensor_msgs/cmake)
[0.632s] -- Found rclcpp: 16.0.11 (/opt/ros/humble/share/rclcpp/cmake)
[0.684s] -- Found rmw_implementation_cmake: 6.1.2 (/opt/ros/humble/share/rmw_implementation_cmake/cmake)
[0.688s] -- Found rmw_cyclonedds_cpp: 1.3.4 (/opt/ros/humble/share/rmw_cyclonedds_cpp/cmake)
[0.719s] -- Using RMW implementation 'rmw_cyclonedds_cpp' as default
[0.731s] -- Performing Test CMAKE_HAVE_LIBC_PTHREAD
[0.824s] -- Performing Test CMAKE_HAVE_LIBC_PTHREAD - Success
[0.824s] -- Found Threads: TRUE  
[0.876s] -- Found rclpy: 3.3.15 (/opt/ros/humble/share/rclpy/cmake)
[0.878s] -- Found moveit_core: 2.5.7 (/opt/ros/humble/share/moveit_core/cmake)
[0.979s] -- Found Boost: /usr/lib/x86_64-linux-gnu/cmake/Boost-1.74.0/BoostConfig.cmake (found version "1.74.0") found components: chrono date_time filesystem iostreams program_options regex serialization system thread 
[1.069s] -- Found parameter_traits: 0.4.0 (/opt/ros/humble/share/parameter_traits/cmake)
[1.083s] -- Found rclcpp_lifecycle: 16.0.11 (/opt/ros/humble/share/rclcpp_lifecycle/cmake)
[1.112s] -- Found Boost: /usr/lib/x86_64-linux-gnu/cmake/Boost-1.74.0/BoostConfig.cmake (found version "1.74.0") found components: filesystem 
[1.184s] -- library: /usr/lib/x86_64-linux-gnu/libcurl.so
[1.246s] -- Found Eigen3: TRUE (found version "3.4.0") 
[1.246s] -- Ensuring Eigen3 include directory is part of orocos-kdl CMake target
[1.624s] -- Found moveit_ros_planning_interface: 2.5.7 (/opt/ros/humble/share/moveit_ros_planning_interface/cmake)
[1.629s] -- Found Boost: /usr/lib/x86_64-linux-gnu/cmake/Boost-1.74.0/BoostConfig.cmake (found version "1.74.0") found components: date_time filesystem program_options system thread 
[1.649s] -- Found Boost: /usr/lib/x86_64-linux-gnu/cmake/Boost-1.74.0/BoostConfig.cmake (found version "1.74.0") found components: system filesystem date_time program_options thread chrono 
[1.735s] -- Found Boost: /usr/lib/x86_64-linux-gnu/cmake/Boost-1.74.0/BoostConfig.cmake (found version "1.74.0") found components: thread system filesystem regex date_time program_options 
[1.891s] -- Found Boost: /usr/lib/x86_64-linux-gnu/cmake/Boost-1.74.0/BoostConfig.cmake (found version "1.74.0") found components: system filesystem date_time program_options thread 
[2.103s] -- Configuring done (2.1s)
[2.143s] -- Generating done (0.0s)
[2.156s] -- Build files have been written to: /home/raz/projects/Astroscale_Home_Assignment/ros2_ws/build/robot_controller
[2.181s] Invoked command in '/home/raz/projects/Astroscale_Home_Assignment/ros2_ws/build/robot_controller' returned '0': AMENT_PREFIX_PATH=/home/raz/projects/Astroscale_Home_Assignment/ros2_ws/install/robot_description:${AMENT_PREFIX_PATH} CMAKE_PREFIX_PATH=/home/raz/projects/Astroscale_Home_Assignment/ros2_ws/install/robot_description:/home/raz/projects/astroscale/ros2_ws/install/robot_remote:/home/raz/projects/ros2_advanced_concepts/ros2_ws/install/challenge_cpp:/home/raz/projects/ros2_advanced_concepts/ros2_ws/install/actions_cpp:/home/raz/projects/ros2_advanced_concepts/ros2_ws/install/my_robot_interfaces:/home/raz/ros2_ws/install/manipulator_urdf:/home/raz/projects/manipulator-project/arduinobot_ws/install/arduinobot_utils:/home/raz/projects/manipulator-project/arduinobot_ws/install/arduinobot_remote:/home/raz/projects/manipulator-project/arduinobot_ws/install/arduinobot_cpp_examples:/home/raz/projects/manipulator-project/arduinobot_ws/install/arduinobot_msgs:/home/raz/projects/manipulator-project/arduinobot_ws/install/arduinobot_moveit:/home/raz/projects/manipulator-project/arduinobot_ws/install/arduinobot_firmware:/home/raz/projects/manipulator-project/arduinobot_ws/install/arduinobot_description:/home/raz/projects/manipulator-project/arduinobot_ws/install/arduinobot_controller:/home/raz/projects/manipulator-project/arduinobot_ws/install/arduinobot_bringup:/home/raz/projects/ros2_robotics_simulation/ros2_ws/install/my_robot_bringup:/home/raz/projects/ros2_robotics_simulation/ros2_ws/install/my_robot_description:/home/raz/projects/astroscale/ros2_ws/install/robot_bringup:/home/raz/projects/astroscale/ros2_ws/install/robot_services:/home/raz/projects/astroscale/ros2_ws/install/robot_msgs:/home/raz/projects/astroscale/ros2_ws/install/robot_moveit:/home/raz/projects/astroscale/ros2_ws/install/robot_controller:/home/raz/projects/astroscale/ros2_ws/install/robot_description:/home/raz/projects/ros2_advanced_concepts/ros2_ws/install/challenge_py:/home/raz/projects/ros2_advanced_concepts/ros2_ws/install/actions_py:/home/raz/ros2_ws/install/centerofmass_detection:/home/raz/projects/manipulator-project/arduinobot_ws/install/arduinobot_py_examples:/opt/ros/humble /usr/local/bin/cmake /home/raz/projects/Astroscale_Home_Assignment/ros2_ws/src/robot_controller -DCMAKE_INSTALL_PREFIX=/home/raz/projects/Astroscale_Home_Assignment/ros2_ws/install/robot_controller
[2.182s] Invoking command in '/home/raz/projects/Astroscale_Home_Assignment/ros2_ws/build/robot_controller': AMENT_PREFIX_PATH=/home/raz/projects/Astroscale_Home_Assignment/ros2_ws/install/robot_description:${AMENT_PREFIX_PATH} CMAKE_PREFIX_PATH=/home/raz/projects/Astroscale_Home_Assignment/ros2_ws/install/robot_description:/home/raz/projects/astroscale/ros2_ws/install/robot_remote:/home/raz/projects/ros2_advanced_concepts/ros2_ws/install/challenge_cpp:/home/raz/projects/ros2_advanced_concepts/ros2_ws/install/actions_cpp:/home/raz/projects/ros2_advanced_concepts/ros2_ws/install/my_robot_interfaces:/home/raz/ros2_ws/install/manipulator_urdf:/home/raz/projects/manipulator-project/arduinobot_ws/install/arduinobot_utils:/home/raz/projects/manipulator-project/arduinobot_ws/install/arduinobot_remote:/home/raz/projects/manipulator-project/arduinobot_ws/install/arduinobot_cpp_examples:/home/raz/projects/manipulator-project/arduinobot_ws/install/arduinobot_msgs:/home/raz/projects/manipulator-project/arduinobot_ws/install/arduinobot_moveit:/home/raz/projects/manipulator-project/arduinobot_ws/install/arduinobot_firmware:/home/raz/projects/manipulator-project/arduinobot_ws/install/arduinobot_description:/home/raz/projects/manipulator-project/arduinobot_ws/install/arduinobot_controller:/home/raz/projects/manipulator-project/arduinobot_ws/install/arduinobot_bringup:/home/raz/projects/ros2_robotics_simulation/ros2_ws/install/my_robot_bringup:/home/raz/projects/ros2_robotics_simulation/ros2_ws/install/my_robot_description:/home/raz/projects/astroscale/ros2_ws/install/robot_bringup:/home/raz/projects/astroscale/ros2_ws/install/robot_services:/home/raz/projects/astroscale/ros2_ws/install/robot_msgs:/home/raz/projects/astroscale/ros2_ws/install/robot_moveit:/home/raz/projects/astroscale/ros2_ws/install/robot_controller:/home/raz/projects/astroscale/ros2_ws/install/robot_description:/home/raz/projects/ros2_advanced_concepts/ros2_ws/install/challenge_py:/home/raz/projects/ros2_advanced_concepts/ros2_ws/install/actions_py:/home/raz/ros2_ws/install/centerofmass_detection:/home/raz/projects/manipulator-project/arduinobot_ws/install/arduinobot_py_examples:/opt/ros/humble /usr/local/bin/cmake --build /home/raz/projects/Astroscale_Home_Assignment/ros2_ws/build/robot_controller -- -j12 -l12
[2.199s] [  0%] Built target ament_cmake_python_copy_robot_controller
[2.200s] [ 50%] [32mBuilding CXX object CMakeFiles/slider_control.dir/src/slider_control.cpp.o[0m
[2.414s] running egg_info
[2.435s] creating robot_controller.egg-info
[2.435s] writing robot_controller.egg-info/PKG-INFO
[2.435s] writing dependency_links to robot_controller.egg-info/dependency_links.txt
[2.436s] writing top-level names to robot_controller.egg-info/top_level.txt
[2.436s] writing manifest file 'robot_controller.egg-info/SOURCES.txt'
[2.495s] reading manifest file 'robot_controller.egg-info/SOURCES.txt'
[2.496s] writing manifest file 'robot_controller.egg-info/SOURCES.txt'
[2.512s] [ 50%] Built target ament_cmake_python_build_robot_controller_egg
[12.980s] [100%] [32m[1mLinking CXX executable slider_control[0m
[13.490s] [100%] Built target slider_control
[13.493s] Invoked command in '/home/raz/projects/Astroscale_Home_Assignment/ros2_ws/build/robot_controller' returned '0': AMENT_PREFIX_PATH=/home/raz/projects/Astroscale_Home_Assignment/ros2_ws/install/robot_description:${AMENT_PREFIX_PATH} CMAKE_PREFIX_PATH=/home/raz/projects/Astroscale_Home_Assignment/ros2_ws/install/robot_description:/home/raz/projects/astroscale/ros2_ws/install/robot_remote:/home/raz/projects/ros2_advanced_concepts/ros2_ws/install/challenge_cpp:/home/raz/projects/ros2_advanced_concepts/ros2_ws/install/actions_cpp:/home/raz/projects/ros2_advanced_concepts/ros2_ws/install/my_robot_interfaces:/home/raz/ros2_ws/install/manipulator_urdf:/home/raz/projects/manipulator-project/arduinobot_ws/install/arduinobot_utils:/home/raz/projects/manipulator-project/arduinobot_ws/install/arduinobot_remote:/home/raz/projects/manipulator-project/arduinobot_ws/install/arduinobot_cpp_examples:/home/raz/projects/manipulator-project/arduinobot_ws/install/arduinobot_msgs:/home/raz/projects/manipulator-project/arduinobot_ws/install/arduinobot_moveit:/home/raz/projects/manipulator-project/arduinobot_ws/install/arduinobot_firmware:/home/raz/projects/manipulator-project/arduinobot_ws/install/arduinobot_description:/home/raz/projects/manipulator-project/arduinobot_ws/install/arduinobot_controller:/home/raz/projects/manipulator-project/arduinobot_ws/install/arduinobot_bringup:/home/raz/projects/ros2_robotics_simulation/ros2_ws/install/my_robot_bringup:/home/raz/projects/ros2_robotics_simulation/ros2_ws/install/my_robot_description:/home/raz/projects/astroscale/ros2_ws/install/robot_bringup:/home/raz/projects/astroscale/ros2_ws/install/robot_services:/home/raz/projects/astroscale/ros2_ws/install/robot_msgs:/home/raz/projects/astroscale/ros2_ws/install/robot_moveit:/home/raz/projects/astroscale/ros2_ws/install/robot_controller:/home/raz/projects/astroscale/ros2_ws/install/robot_description:/home/raz/projects/ros2_advanced_concepts/ros2_ws/install/challenge_py:/home/raz/projects/ros2_advanced_concepts/ros2_ws/install/actions_py:/home/raz/ros2_ws/install/centerofmass_detection:/home/raz/projects/manipulator-project/arduinobot_ws/install/arduinobot_py_examples:/opt/ros/humble /usr/local/bin/cmake --build /home/raz/projects/Astroscale_Home_Assignment/ros2_ws/build/robot_controller -- -j12 -l12
[13.494s] Invoking command in '/home/raz/projects/Astroscale_Home_Assignment/ros2_ws/build/robot_controller': AMENT_PREFIX_PATH=/home/raz/projects/Astroscale_Home_Assignment/ros2_ws/install/robot_description:${AMENT_PREFIX_PATH} CMAKE_PREFIX_PATH=/home/raz/projects/Astroscale_Home_Assignment/ros2_ws/install/robot_description:/home/raz/projects/astroscale/ros2_ws/install/robot_remote:/home/raz/projects/ros2_advanced_concepts/ros2_ws/install/challenge_cpp:/home/raz/projects/ros2_advanced_concepts/ros2_ws/install/actions_cpp:/home/raz/projects/ros2_advanced_concepts/ros2_ws/install/my_robot_interfaces:/home/raz/ros2_ws/install/manipulator_urdf:/home/raz/projects/manipulator-project/arduinobot_ws/install/arduinobot_utils:/home/raz/projects/manipulator-project/arduinobot_ws/install/arduinobot_remote:/home/raz/projects/manipulator-project/arduinobot_ws/install/arduinobot_cpp_examples:/home/raz/projects/manipulator-project/arduinobot_ws/install/arduinobot_msgs:/home/raz/projects/manipulator-project/arduinobot_ws/install/arduinobot_moveit:/home/raz/projects/manipulator-project/arduinobot_ws/install/arduinobot_firmware:/home/raz/projects/manipulator-project/arduinobot_ws/install/arduinobot_description:/home/raz/projects/manipulator-project/arduinobot_ws/install/arduinobot_controller:/home/raz/projects/manipulator-project/arduinobot_ws/install/arduinobot_bringup:/home/raz/projects/ros2_robotics_simulation/ros2_ws/install/my_robot_bringup:/home/raz/projects/ros2_robotics_simulation/ros2_ws/install/my_robot_description:/home/raz/projects/astroscale/ros2_ws/install/robot_bringup:/home/raz/projects/astroscale/ros2_ws/install/robot_services:/home/raz/projects/astroscale/ros2_ws/install/robot_msgs:/home/raz/projects/astroscale/ros2_ws/install/robot_moveit:/home/raz/projects/astroscale/ros2_ws/install/robot_controller:/home/raz/projects/astroscale/ros2_ws/install/robot_description:/home/raz/projects/ros2_advanced_concepts/ros2_ws/install/challenge_py:/home/raz/projects/ros2_advanced_concepts/ros2_ws/install/actions_py:/home/raz/ros2_ws/install/centerofmass_detection:/home/raz/projects/manipulator-project/arduinobot_ws/install/arduinobot_py_examples:/opt/ros/humble /usr/local/bin/cmake --install /home/raz/projects/Astroscale_Home_Assignment/ros2_ws/build/robot_controller
[13.495s] -- Install configuration: ""
[13.495s] -- Installing: /home/raz/projects/Astroscale_Home_Assignment/ros2_ws/install/robot_controller/share/robot_controller/environment/pythonpath.sh
[13.495s] -- Installing: /home/raz/projects/Astroscale_Home_Assignment/ros2_ws/install/robot_controller/share/robot_controller/environment/pythonpath.dsv
[13.496s] -- Installing: /home/raz/projects/Astroscale_Home_Assignment/ros2_ws/install/robot_controller/local/lib/python3.10/dist-packages/robot_controller-0.0.0-py3.10.egg-info
[13.496s] -- Installing: /home/raz/projects/Astroscale_Home_Assignment/ros2_ws/install/robot_controller/local/lib/python3.10/dist-packages/robot_controller-0.0.0-py3.10.egg-info/dependency_links.txt
[13.496s] -- Installing: /home/raz/projects/Astroscale_Home_Assignment/ros2_ws/install/robot_controller/local/lib/python3.10/dist-packages/robot_controller-0.0.0-py3.10.egg-info/PKG-INFO
[13.496s] -- Installing: /home/raz/projects/Astroscale_Home_Assignment/ros2_ws/install/robot_controller/local/lib/python3.10/dist-packages/robot_controller-0.0.0-py3.10.egg-info/SOURCES.txt
[13.496s] -- Installing: /home/raz/projects/Astroscale_Home_Assignment/ros2_ws/install/robot_controller/local/lib/python3.10/dist-packages/robot_controller-0.0.0-py3.10.egg-info/top_level.txt
[13.496s] -- Installing: /home/raz/projects/Astroscale_Home_Assignment/ros2_ws/install/robot_controller/local/lib/python3.10/dist-packages/robot_controller
[13.496s] -- Installing: /home/raz/projects/Astroscale_Home_Assignment/ros2_ws/install/robot_controller/local/lib/python3.10/dist-packages/robot_controller/__init__.py
[13.496s] -- Installing: /home/raz/projects/Astroscale_Home_Assignment/ros2_ws/install/robot_controller/local/lib/python3.10/dist-packages/robot_controller/slider_control.py
[13.527s] Listing '/home/raz/projects/Astroscale_Home_Assignment/ros2_ws/install/robot_controller/local/lib/python3.10/dist-packages/robot_controller'...
[13.527s] Compiling '/home/raz/projects/Astroscale_Home_Assignment/ros2_ws/install/robot_controller/local/lib/python3.10/dist-packages/robot_controller/__init__.py'...
[13.527s] Compiling '/home/raz/projects/Astroscale_Home_Assignment/ros2_ws/install/robot_controller/local/lib/python3.10/dist-packages/robot_controller/slider_control.py'...
[13.531s] -- Installing: /home/raz/projects/Astroscale_Home_Assignment/ros2_ws/install/robot_controller/include/include
[13.531s] -- Installing: /home/raz/projects/Astroscale_Home_Assignment/ros2_ws/install/robot_controller/include/include/robot_controller
[13.531s] -- Installing: /home/raz/projects/Astroscale_Home_Assignment/ros2_ws/install/robot_controller/share/robot_controller/launch
[13.531s] -- Installing: /home/raz/projects/Astroscale_Home_Assignment/ros2_ws/install/robot_controller/share/robot_controller/launch/controller.launch.py
[13.531s] -- Installing: /home/raz/projects/Astroscale_Home_Assignment/ros2_ws/install/robot_controller/share/robot_controller/launch/slider_controller.launch.py
[13.531s] -- Installing: /home/raz/projects/Astroscale_Home_Assignment/ros2_ws/install/robot_controller/share/robot_controller/config
[13.532s] -- Installing: /home/raz/projects/Astroscale_Home_Assignment/ros2_ws/install/robot_controller/share/robot_controller/config/robot_controllers.yaml
[13.532s] -- Installing: /home/raz/projects/Astroscale_Home_Assignment/ros2_ws/install/robot_controller/lib/robot_controller/slider_control.py
[13.532s] -- Installing: /home/raz/projects/Astroscale_Home_Assignment/ros2_ws/install/robot_controller/lib/robot_controller/slider_control
[13.534s] -- Set runtime path of "/home/raz/projects/Astroscale_Home_Assignment/ros2_ws/install/robot_controller/lib/robot_controller/slider_control" to ""
[13.534s] -- Installing: /home/raz/projects/Astroscale_Home_Assignment/ros2_ws/install/robot_controller/share/robot_controller/environment/library_path.sh
[13.534s] -- Installing: /home/raz/projects/Astroscale_Home_Assignment/ros2_ws/install/robot_controller/share/robot_controller/environment/library_path.dsv
[13.534s] -- Installing: /home/raz/projects/Astroscale_Home_Assignment/ros2_ws/install/robot_controller/share/ament_index/resource_index/package_run_dependencies/robot_controller
[13.534s] -- Installing: /home/raz/projects/Astroscale_Home_Assignment/ros2_ws/install/robot_controller/share/ament_index/resource_index/parent_prefix_path/robot_controller
[13.534s] -- Installing: /home/raz/projects/Astroscale_Home_Assignment/ros2_ws/install/robot_controller/share/robot_controller/environment/ament_prefix_path.sh
[13.534s] -- Installing: /home/raz/projects/Astroscale_Home_Assignment/ros2_ws/install/robot_controller/share/robot_controller/environment/ament_prefix_path.dsv
[13.534s] -- Installing: /home/raz/projects/Astroscale_Home_Assignment/ros2_ws/install/robot_controller/share/robot_controller/environment/path.sh
[13.534s] -- Installing: /home/raz/projects/Astroscale_Home_Assignment/ros2_ws/install/robot_controller/share/robot_controller/environment/path.dsv
[13.535s] -- Installing: /home/raz/projects/Astroscale_Home_Assignment/ros2_ws/install/robot_controller/share/robot_controller/local_setup.bash
[13.535s] -- Installing: /home/raz/projects/Astroscale_Home_Assignment/ros2_ws/install/robot_controller/share/robot_controller/local_setup.sh
[13.535s] -- Installing: /home/raz/projects/Astroscale_Home_Assignment/ros2_ws/install/robot_controller/share/robot_controller/local_setup.zsh
[13.535s] -- Installing: /home/raz/projects/Astroscale_Home_Assignment/ros2_ws/install/robot_controller/share/robot_controller/local_setup.dsv
[13.535s] -- Installing: /home/raz/projects/Astroscale_Home_Assignment/ros2_ws/install/robot_controller/share/robot_controller/package.dsv
[13.535s] -- Installing: /home/raz/projects/Astroscale_Home_Assignment/ros2_ws/install/robot_controller/share/ament_index/resource_index/packages/robot_controller
[13.535s] -- Installing: /home/raz/projects/Astroscale_Home_Assignment/ros2_ws/install/robot_controller/share/robot_controller/cmake/ament_cmake_export_include_directories-extras.cmake
[13.535s] -- Installing: /home/raz/projects/Astroscale_Home_Assignment/ros2_ws/install/robot_controller/share/robot_controller/cmake/ament_cmake_export_libraries-extras.cmake
[13.535s] -- Installing: /home/raz/projects/Astroscale_Home_Assignment/ros2_ws/install/robot_controller/share/robot_controller/cmake/robot_controllerConfig.cmake
[13.535s] -- Installing: /home/raz/projects/Astroscale_Home_Assignment/ros2_ws/install/robot_controller/share/robot_controller/cmake/robot_controllerConfig-version.cmake
[13.535s] -- Installing: /home/raz/projects/Astroscale_Home_Assignment/ros2_ws/install/robot_controller/share/robot_controller/package.xml
[13.537s] Invoked command in '/home/raz/projects/Astroscale_Home_Assignment/ros2_ws/build/robot_controller' returned '0': AMENT_PREFIX_PATH=/home/raz/projects/Astroscale_Home_Assignment/ros2_ws/install/robot_description:${AMENT_PREFIX_PATH} CMAKE_PREFIX_PATH=/home/raz/projects/Astroscale_Home_Assignment/ros2_ws/install/robot_description:/home/raz/projects/astroscale/ros2_ws/install/robot_remote:/home/raz/projects/ros2_advanced_concepts/ros2_ws/install/challenge_cpp:/home/raz/projects/ros2_advanced_concepts/ros2_ws/install/actions_cpp:/home/raz/projects/ros2_advanced_concepts/ros2_ws/install/my_robot_interfaces:/home/raz/ros2_ws/install/manipulator_urdf:/home/raz/projects/manipulator-project/arduinobot_ws/install/arduinobot_utils:/home/raz/projects/manipulator-project/arduinobot_ws/install/arduinobot_remote:/home/raz/projects/manipulator-project/arduinobot_ws/install/arduinobot_cpp_examples:/home/raz/projects/manipulator-project/arduinobot_ws/install/arduinobot_msgs:/home/raz/projects/manipulator-project/arduinobot_ws/install/arduinobot_moveit:/home/raz/projects/manipulator-project/arduinobot_ws/install/arduinobot_firmware:/home/raz/projects/manipulator-project/arduinobot_ws/install/arduinobot_description:/home/raz/projects/manipulator-project/arduinobot_ws/install/arduinobot_controller:/home/raz/projects/manipulator-project/arduinobot_ws/install/arduinobot_bringup:/home/raz/projects/ros2_robotics_simulation/ros2_ws/install/my_robot_bringup:/home/raz/projects/ros2_robotics_simulation/ros2_ws/install/my_robot_description:/home/raz/projects/astroscale/ros2_ws/install/robot_bringup:/home/raz/projects/astroscale/ros2_ws/install/robot_services:/home/raz/projects/astroscale/ros2_ws/install/robot_msgs:/home/raz/projects/astroscale/ros2_ws/install/robot_moveit:/home/raz/projects/astroscale/ros2_ws/install/robot_controller:/home/raz/projects/astroscale/ros2_ws/install/robot_description:/home/raz/projects/ros2_advanced_concepts/ros2_ws/install/challenge_py:/home/raz/projects/ros2_advanced_concepts/ros2_ws/install/actions_py:/home/raz/ros2_ws/install/centerofmass_detection:/home/raz/projects/manipulator-project/arduinobot_ws/install/arduinobot_py_examples:/opt/ros/humble /usr/local/bin/cmake --install /home/raz/projects/Astroscale_Home_Assignment/ros2_ws/build/robot_controller
