[0.189s] Invoking command in '/home/raz/projects/astroscale/ros2_ws/build/robot_description': CMAKE_PREFIX_PATH=${CMAKE_PREFIX_PATH}:/home/raz/projects/ros2_advanced_concepts/ros2_ws/install/challenge_py:/home/raz/projects/ros2_advanced_concepts/ros2_ws/install/actions_py:/home/raz/ros2_ws/install/centerofmass_detection:/home/raz/projects/manipulator-project/arduinobot_ws/install/arduinobot_py_examples:/opt/ros/humble /usr/local/bin/cmake --build /home/raz/projects/astroscale/ros2_ws/build/robot_description -- -j12 -l12
[0.830s] Invoked command in '/home/raz/projects/astroscale/ros2_ws/build/robot_description' returned '0': CMAKE_PREFIX_PATH=${CMAKE_PREFIX_PATH}:/home/raz/projects/ros2_advanced_concepts/ros2_ws/install/challenge_py:/home/raz/projects/ros2_advanced_concepts/ros2_ws/install/actions_py:/home/raz/ros2_ws/install/centerofmass_detection:/home/raz/projects/manipulator-project/arduinobot_ws/install/arduinobot_py_examples:/opt/ros/humble /usr/local/bin/cmake --build /home/raz/projects/astroscale/ros2_ws/build/robot_description -- -j12 -l12
[0.902s] Invoking command in '/home/raz/projects/astroscale/ros2_ws/build/robot_description': CMAKE_PREFIX_PATH=${CMAKE_PREFIX_PATH}:/home/raz/projects/ros2_advanced_concepts/ros2_ws/install/challenge_py:/home/raz/projects/ros2_advanced_concepts/ros2_ws/install/actions_py:/home/raz/ros2_ws/install/centerofmass_detection:/home/raz/projects/manipulator-project/arduinobot_ws/install/arduinobot_py_examples:/opt/ros/humble /usr/local/bin/cmake --install /home/raz/projects/astroscale/ros2_ws/build/robot_description
[0.946s] -- Install configuration: ""
[0.975s] -- Execute custom install script
[1.034s] -- Up-to-date symlink: /home/raz/projects/astroscale/ros2_ws/install/robot_description/share/robot_description/urdf/common_properties.xacro
[1.034s] -- Up-to-date symlink: /home/raz/projects/astroscale/ros2_ws/install/robot_description/share/robot_description/urdf/manipulator.urdf.xacro
[1.036s] -- Up-to-date symlink: /home/raz/projects/astroscale/ros2_ws/install/robot_description/share/robot_description/urdf/robot_gazebo.xacro
[1.037s] -- Up-to-date symlink: /home/raz/projects/astroscale/ros2_ws/install/robot_description/share/robot_description/urdf/robot_ros2_control.xacro
[1.037s] -- Up-to-date symlink: /home/raz/projects/astroscale/ros2_ws/install/robot_description/share/robot_description/launch/display.launch.py
[1.037s] -- Up-to-date symlink: /home/raz/projects/astroscale/ros2_ws/install/robot_description/share/robot_description/launch/gazebo.launch.py
[1.037s] -- Up-to-date symlink: /home/raz/projects/astroscale/ros2_ws/install/robot_description/share/robot_description/rviz/display.rviz
[1.038s] -- Up-to-date symlink: /home/raz/projects/astroscale/ros2_ws/install/robot_description/share/ament_index/resource_index/package_run_dependencies/robot_description
[1.038s] -- Up-to-date symlink: /home/raz/projects/astroscale/ros2_ws/install/robot_description/share/ament_index/resource_index/parent_prefix_path/robot_description
[1.038s] -- Up-to-date symlink: /home/raz/projects/astroscale/ros2_ws/install/robot_description/share/robot_description/environment/ament_prefix_path.sh
[1.038s] -- Up-to-date symlink: /home/raz/projects/astroscale/ros2_ws/install/robot_description/share/robot_description/environment/ament_prefix_path.dsv
[1.038s] -- Up-to-date symlink: /home/raz/projects/astroscale/ros2_ws/install/robot_description/share/robot_description/environment/path.sh
[1.038s] -- Up-to-date symlink: /home/raz/projects/astroscale/ros2_ws/install/robot_description/share/robot_description/environment/path.dsv
[1.038s] -- Up-to-date symlink: /home/raz/projects/astroscale/ros2_ws/install/robot_description/share/robot_description/local_setup.bash
[1.038s] -- Up-to-date symlink: /home/raz/projects/astroscale/ros2_ws/install/robot_description/share/robot_description/local_setup.sh
[1.039s] -- Up-to-date symlink: /home/raz/projects/astroscale/ros2_ws/install/robot_description/share/robot_description/local_setup.zsh
[1.039s] -- Up-to-date symlink: /home/raz/projects/astroscale/ros2_ws/install/robot_description/share/robot_description/local_setup.dsv
[1.039s] -- Symlinking: /home/raz/projects/astroscale/ros2_ws/install/robot_description/share/robot_description/package.dsv
[1.040s] -- Up-to-date symlink: /home/raz/projects/astroscale/ros2_ws/install/robot_description/share/ament_index/resource_index/packages/robot_description
[1.040s] -- Up-to-date symlink: /home/raz/projects/astroscale/ros2_ws/install/robot_description/share/robot_description/cmake/robot_descriptionConfig.cmake
[1.040s] -- Up-to-date symlink: /home/raz/projects/astroscale/ros2_ws/install/robot_description/share/robot_description/cmake/robot_descriptionConfig-version.cmake
[1.040s] -- Up-to-date symlink: /home/raz/projects/astroscale/ros2_ws/install/robot_description/share/robot_description/package.xml
[1.041s] Invoked command in '/home/raz/projects/astroscale/ros2_ws/build/robot_description' returned '0': CMAKE_PREFIX_PATH=${CMAKE_PREFIX_PATH}:/home/raz/projects/ros2_advanced_concepts/ros2_ws/install/challenge_py:/home/raz/projects/ros2_advanced_concepts/ros2_ws/install/actions_py:/home/raz/ros2_ws/install/centerofmass_detection:/home/raz/projects/manipulator-project/arduinobot_ws/install/arduinobot_py_examples:/opt/ros/humble /usr/local/bin/cmake --install /home/raz/projects/astroscale/ros2_ws/build/robot_description
