[0.014s] Invoking command in '/home/raz/projects/Astroscale_Home_Assignment/ros2_ws/build/robot_moveit': CMAKE_PREFIX_PATH=${CMAKE_PREFIX_PATH}:/home/raz/projects/astroscale/ros2_ws/install/robot_bringup:/home/raz/projects/astroscale/ros2_ws/install/robot_services:/home/raz/projects/astroscale/ros2_ws/install/robot_msgs:/home/raz/projects/astroscale/ros2_ws/install/robot_moveit:/home/raz/projects/astroscale/ros2_ws/install/robot_controller:/home/raz/projects/astroscale/ros2_ws/install/robot_description:/home/raz/projects/ros2_advanced_concepts/ros2_ws/install/challenge_py:/home/raz/projects/ros2_advanced_concepts/ros2_ws/install/actions_py:/home/raz/ros2_ws/install/centerofmass_detection:/home/raz/projects/manipulator-project/arduinobot_ws/install/arduinobot_py_examples:/opt/ros/humble /usr/local/bin/cmake /home/raz/projects/Astroscale_Home_Assignment/ros2_ws/src/robot_moveit -DCMAKE_INSTALL_PREFIX=/home/raz/projects/Astroscale_Home_Assignment/ros2_ws/install/robot_moveit
[0.266s] -- The C compiler identification is GNU 11.4.0
[0.408s] -- The CXX compiler identification is GNU 11.4.0
[0.516s] -- Detecting C compiler ABI info
[0.750s] -- Detecting C compiler ABI info - done
[0.762s] -- Check for working C compiler: /usr/bin/cc - skipped
[0.773s] -- Detecting C compile features
[0.779s] -- Detecting C compile features - done
[0.799s] -- Detecting CXX compiler ABI info
[0.955s] -- Detecting CXX compiler ABI info - done
[0.965s] -- Check for working CXX compiler: /usr/bin/c++ - skipped
[0.965s] -- Detecting CXX compile features
[0.965s] -- Detecting CXX compile features - done
[1.004s] -- Found ament_cmake: 1.3.11 (/opt/ros/humble/share/ament_cmake/cmake)
[1.126s] -- Found Python3: /usr/bin/python3 (found version "3.10.12") found components: Interpreter 
[1.262s] -- Found ament_lint_auto: 0.12.11 (/opt/ros/humble/share/ament_lint_auto/cmake)
[1.346s] -- Added test 'flake8' to check Python code syntax and style conventions
[1.348s] -- Added test 'lint_cmake' to check CMake code style
[1.349s] -- Added test 'pep257' to check Python code against some of the docstring style conventions in PEP 257
[1.351s] -- Added test 'xmllint' to check XML markup files
[1.353s] -- Configuring done (1.3s)
[1.355s] -- Generating done (0.0s)
[1.357s] -- Build files have been written to: /home/raz/projects/Astroscale_Home_Assignment/ros2_ws/build/robot_moveit
[1.360s] Invoked command in '/home/raz/projects/Astroscale_Home_Assignment/ros2_ws/build/robot_moveit' returned '0': CMAKE_PREFIX_PATH=${CMAKE_PREFIX_PATH}:/home/raz/projects/astroscale/ros2_ws/install/robot_bringup:/home/raz/projects/astroscale/ros2_ws/install/robot_services:/home/raz/projects/astroscale/ros2_ws/install/robot_msgs:/home/raz/projects/astroscale/ros2_ws/install/robot_moveit:/home/raz/projects/astroscale/ros2_ws/install/robot_controller:/home/raz/projects/astroscale/ros2_ws/install/robot_description:/home/raz/projects/ros2_advanced_concepts/ros2_ws/install/challenge_py:/home/raz/projects/ros2_advanced_concepts/ros2_ws/install/actions_py:/home/raz/ros2_ws/install/centerofmass_detection:/home/raz/projects/manipulator-project/arduinobot_ws/install/arduinobot_py_examples:/opt/ros/humble /usr/local/bin/cmake /home/raz/projects/Astroscale_Home_Assignment/ros2_ws/src/robot_moveit -DCMAKE_INSTALL_PREFIX=/home/raz/projects/Astroscale_Home_Assignment/ros2_ws/install/robot_moveit
[1.361s] Invoking command in '/home/raz/projects/Astroscale_Home_Assignment/ros2_ws/build/robot_moveit': CMAKE_PREFIX_PATH=${CMAKE_PREFIX_PATH}:/home/raz/projects/astroscale/ros2_ws/install/robot_bringup:/home/raz/projects/astroscale/ros2_ws/install/robot_services:/home/raz/projects/astroscale/ros2_ws/install/robot_msgs:/home/raz/projects/astroscale/ros2_ws/install/robot_moveit:/home/raz/projects/astroscale/ros2_ws/install/robot_controller:/home/raz/projects/astroscale/ros2_ws/install/robot_description:/home/raz/projects/ros2_advanced_concepts/ros2_ws/install/challenge_py:/home/raz/projects/ros2_advanced_concepts/ros2_ws/install/actions_py:/home/raz/ros2_ws/install/centerofmass_detection:/home/raz/projects/manipulator-project/arduinobot_ws/install/arduinobot_py_examples:/opt/ros/humble /usr/local/bin/cmake --build /home/raz/projects/Astroscale_Home_Assignment/ros2_ws/build/robot_moveit -- -j12 -l12
[1.370s] Invoked command in '/home/raz/projects/Astroscale_Home_Assignment/ros2_ws/build/robot_moveit' returned '0': CMAKE_PREFIX_PATH=${CMAKE_PREFIX_PATH}:/home/raz/projects/astroscale/ros2_ws/install/robot_bringup:/home/raz/projects/astroscale/ros2_ws/install/robot_services:/home/raz/projects/astroscale/ros2_ws/install/robot_msgs:/home/raz/projects/astroscale/ros2_ws/install/robot_moveit:/home/raz/projects/astroscale/ros2_ws/install/robot_controller:/home/raz/projects/astroscale/ros2_ws/install/robot_description:/home/raz/projects/ros2_advanced_concepts/ros2_ws/install/challenge_py:/home/raz/projects/ros2_advanced_concepts/ros2_ws/install/actions_py:/home/raz/ros2_ws/install/centerofmass_detection:/home/raz/projects/manipulator-project/arduinobot_ws/install/arduinobot_py_examples:/opt/ros/humble /usr/local/bin/cmake --build /home/raz/projects/Astroscale_Home_Assignment/ros2_ws/build/robot_moveit -- -j12 -l12
[1.372s] Invoking command in '/home/raz/projects/Astroscale_Home_Assignment/ros2_ws/build/robot_moveit': CMAKE_PREFIX_PATH=${CMAKE_PREFIX_PATH}:/home/raz/projects/astroscale/ros2_ws/install/robot_bringup:/home/raz/projects/astroscale/ros2_ws/install/robot_services:/home/raz/projects/astroscale/ros2_ws/install/robot_msgs:/home/raz/projects/astroscale/ros2_ws/install/robot_moveit:/home/raz/projects/astroscale/ros2_ws/install/robot_controller:/home/raz/projects/astroscale/ros2_ws/install/robot_description:/home/raz/projects/ros2_advanced_concepts/ros2_ws/install/challenge_py:/home/raz/projects/ros2_advanced_concepts/ros2_ws/install/actions_py:/home/raz/ros2_ws/install/centerofmass_detection:/home/raz/projects/manipulator-project/arduinobot_ws/install/arduinobot_py_examples:/opt/ros/humble /usr/local/bin/cmake --install /home/raz/projects/Astroscale_Home_Assignment/ros2_ws/build/robot_moveit
[1.373s] -- Install configuration: ""
[1.373s] -- Installing: /home/raz/projects/Astroscale_Home_Assignment/ros2_ws/install/robot_moveit/share/robot_moveit/launch
[1.374s] -- Installing: /home/raz/projects/Astroscale_Home_Assignment/ros2_ws/install/robot_moveit/share/robot_moveit/launch/moveit.launch.py
[1.374s] -- Installing: /home/raz/projects/Astroscale_Home_Assignment/ros2_ws/install/robot_moveit/share/robot_moveit/config
[1.374s] -- Installing: /home/raz/projects/Astroscale_Home_Assignment/ros2_ws/install/robot_moveit/share/robot_moveit/config/pilz_cartesian_limits.yaml
[1.374s] -- Installing: /home/raz/projects/Astroscale_Home_Assignment/ros2_ws/install/robot_moveit/share/robot_moveit/config/kinematics.yaml
[1.374s] -- Installing: /home/raz/projects/Astroscale_Home_Assignment/ros2_ws/install/robot_moveit/share/robot_moveit/config/joint_limits.yaml
[1.374s] -- Installing: /home/raz/projects/Astroscale_Home_Assignment/ros2_ws/install/robot_moveit/share/robot_moveit/config/moveit_controllers.yaml
[1.374s] -- Installing: /home/raz/projects/Astroscale_Home_Assignment/ros2_ws/install/robot_moveit/share/robot_moveit/config/initial_positions.yaml
[1.374s] -- Installing: /home/raz/projects/Astroscale_Home_Assignment/ros2_ws/install/robot_moveit/share/robot_moveit/config/moveit.rviz
[1.374s] -- Installing: /home/raz/projects/Astroscale_Home_Assignment/ros2_ws/install/robot_moveit/share/robot_moveit/config/manipulator.srdf
[1.374s] -- Installing: /home/raz/projects/Astroscale_Home_Assignment/ros2_ws/install/robot_moveit/share/robot_moveit/config/planning_python_api.yaml
[1.374s] -- Installing: /home/raz/projects/Astroscale_Home_Assignment/ros2_ws/install/robot_moveit/share/ament_index/resource_index/package_run_dependencies/robot_moveit
[1.374s] -- Installing: /home/raz/projects/Astroscale_Home_Assignment/ros2_ws/install/robot_moveit/share/ament_index/resource_index/parent_prefix_path/robot_moveit
[1.374s] -- Installing: /home/raz/projects/Astroscale_Home_Assignment/ros2_ws/install/robot_moveit/share/robot_moveit/environment/ament_prefix_path.sh
[1.374s] -- Installing: /home/raz/projects/Astroscale_Home_Assignment/ros2_ws/install/robot_moveit/share/robot_moveit/environment/ament_prefix_path.dsv
[1.374s] -- Installing: /home/raz/projects/Astroscale_Home_Assignment/ros2_ws/install/robot_moveit/share/robot_moveit/environment/path.sh
[1.374s] -- Installing: /home/raz/projects/Astroscale_Home_Assignment/ros2_ws/install/robot_moveit/share/robot_moveit/environment/path.dsv
[1.375s] -- Installing: /home/raz/projects/Astroscale_Home_Assignment/ros2_ws/install/robot_moveit/share/robot_moveit/local_setup.bash
[1.375s] -- Installing: /home/raz/projects/Astroscale_Home_Assignment/ros2_ws/install/robot_moveit/share/robot_moveit/local_setup.sh
[1.375s] -- Installing: /home/raz/projects/Astroscale_Home_Assignment/ros2_ws/install/robot_moveit/share/robot_moveit/local_setup.zsh
[1.375s] -- Installing: /home/raz/projects/Astroscale_Home_Assignment/ros2_ws/install/robot_moveit/share/robot_moveit/local_setup.dsv
[1.375s] -- Installing: /home/raz/projects/Astroscale_Home_Assignment/ros2_ws/install/robot_moveit/share/robot_moveit/package.dsv
[1.375s] -- Installing: /home/raz/projects/Astroscale_Home_Assignment/ros2_ws/install/robot_moveit/share/ament_index/resource_index/packages/robot_moveit
[1.375s] -- Installing: /home/raz/projects/Astroscale_Home_Assignment/ros2_ws/install/robot_moveit/share/robot_moveit/cmake/robot_moveitConfig.cmake
[1.375s] -- Installing: /home/raz/projects/Astroscale_Home_Assignment/ros2_ws/install/robot_moveit/share/robot_moveit/cmake/robot_moveitConfig-version.cmake
[1.375s] -- Installing: /home/raz/projects/Astroscale_Home_Assignment/ros2_ws/install/robot_moveit/share/robot_moveit/package.xml
[1.376s] Invoked command in '/home/raz/projects/Astroscale_Home_Assignment/ros2_ws/build/robot_moveit' returned '0': CMAKE_PREFIX_PATH=${CMAKE_PREFIX_PATH}:/home/raz/projects/astroscale/ros2_ws/install/robot_bringup:/home/raz/projects/astroscale/ros2_ws/install/robot_services:/home/raz/projects/astroscale/ros2_ws/install/robot_msgs:/home/raz/projects/astroscale/ros2_ws/install/robot_moveit:/home/raz/projects/astroscale/ros2_ws/install/robot_controller:/home/raz/projects/astroscale/ros2_ws/install/robot_description:/home/raz/projects/ros2_advanced_concepts/ros2_ws/install/challenge_py:/home/raz/projects/ros2_advanced_concepts/ros2_ws/install/actions_py:/home/raz/ros2_ws/install/centerofmass_detection:/home/raz/projects/manipulator-project/arduinobot_ws/install/arduinobot_py_examples:/opt/ros/humble /usr/local/bin/cmake --install /home/raz/projects/Astroscale_Home_Assignment/ros2_ws/build/robot_moveit
