[0.020s] Invoking command in '/home/raz/projects/Astroscale_Home_Assignment/ros2_ws/build/robot_msgs': CMAKE_PREFIX_PATH=${CMAKE_PREFIX_PATH}:/home/raz/projects/astroscale/ros2_ws/install/robot_bringup:/home/raz/projects/astroscale/ros2_ws/install/robot_services:/home/raz/projects/astroscale/ros2_ws/install/robot_msgs:/home/raz/projects/astroscale/ros2_ws/install/robot_moveit:/home/raz/projects/astroscale/ros2_ws/install/robot_controller:/home/raz/projects/astroscale/ros2_ws/install/robot_description:/home/raz/projects/ros2_advanced_concepts/ros2_ws/install/challenge_py:/home/raz/projects/ros2_advanced_concepts/ros2_ws/install/actions_py:/home/raz/ros2_ws/install/centerofmass_detection:/home/raz/projects/manipulator-project/arduinobot_ws/install/arduinobot_py_examples:/opt/ros/humble /usr/local/bin/cmake --build /home/raz/projects/Astroscale_Home_Assignment/ros2_ws/build/robot_msgs -- -j12 -l12
[0.039s] [  3%] Built target robot_msgs__cpp
[0.039s] [ 12%] Built target robot_msgs__rosidl_generator_c
[0.040s] [ 12%] Built target ament_cmake_python_copy_robot_msgs
[0.046s] [ 48%] Built target robot_msgs__rosidl_typesupport_cpp
[0.046s] [ 58%] Built target robot_msgs__rosidl_typesupport_introspection_cpp
[0.047s] [ 58%] Built target robot_msgs__rosidl_typesupport_c
[0.047s] [ 58%] Built target robot_msgs__rosidl_typesupport_introspection_c
[0.047s] [ 70%] Built target robot_msgs__rosidl_typesupport_fastrtps_cpp
[0.047s] [ 70%] Built target robot_msgs__rosidl_typesupport_fastrtps_c
[0.051s] [ 70%] Built target robot_msgs
[0.055s] [ 74%] Built target robot_msgs__py
[0.064s] [ 80%] Built target robot_msgs__rosidl_generator_py
[0.071s] [ 93%] Built target robot_msgs__rosidl_typesupport_fastrtps_c__pyext
[0.071s] [ 93%] Built target robot_msgs__rosidl_typesupport_introspection_c__pyext
[0.071s] [100%] Built target robot_msgs__rosidl_typesupport_c__pyext
[0.260s] running egg_info
[0.280s] writing robot_msgs.egg-info/PKG-INFO
[0.280s] writing dependency_links to robot_msgs.egg-info/dependency_links.txt
[0.280s] writing top-level names to robot_msgs.egg-info/top_level.txt
[0.339s] reading manifest file 'robot_msgs.egg-info/SOURCES.txt'
[0.340s] writing manifest file 'robot_msgs.egg-info/SOURCES.txt'
[0.356s] [100%] Built target ament_cmake_python_build_robot_msgs_egg
[0.359s] Invoked command in '/home/raz/projects/Astroscale_Home_Assignment/ros2_ws/build/robot_msgs' returned '0': CMAKE_PREFIX_PATH=${CMAKE_PREFIX_PATH}:/home/raz/projects/astroscale/ros2_ws/install/robot_bringup:/home/raz/projects/astroscale/ros2_ws/install/robot_services:/home/raz/projects/astroscale/ros2_ws/install/robot_msgs:/home/raz/projects/astroscale/ros2_ws/install/robot_moveit:/home/raz/projects/astroscale/ros2_ws/install/robot_controller:/home/raz/projects/astroscale/ros2_ws/install/robot_description:/home/raz/projects/ros2_advanced_concepts/ros2_ws/install/challenge_py:/home/raz/projects/ros2_advanced_concepts/ros2_ws/install/actions_py:/home/raz/ros2_ws/install/centerofmass_detection:/home/raz/projects/manipulator-project/arduinobot_ws/install/arduinobot_py_examples:/opt/ros/humble /usr/local/bin/cmake --build /home/raz/projects/Astroscale_Home_Assignment/ros2_ws/build/robot_msgs -- -j12 -l12
[0.360s] Invoking command in '/home/raz/projects/Astroscale_Home_Assignment/ros2_ws/build/robot_msgs': CMAKE_PREFIX_PATH=${CMAKE_PREFIX_PATH}:/home/raz/projects/astroscale/ros2_ws/install/robot_bringup:/home/raz/projects/astroscale/ros2_ws/install/robot_services:/home/raz/projects/astroscale/ros2_ws/install/robot_msgs:/home/raz/projects/astroscale/ros2_ws/install/robot_moveit:/home/raz/projects/astroscale/ros2_ws/install/robot_controller:/home/raz/projects/astroscale/ros2_ws/install/robot_description:/home/raz/projects/ros2_advanced_concepts/ros2_ws/install/challenge_py:/home/raz/projects/ros2_advanced_concepts/ros2_ws/install/actions_py:/home/raz/ros2_ws/install/centerofmass_detection:/home/raz/projects/manipulator-project/arduinobot_ws/install/arduinobot_py_examples:/opt/ros/humble /usr/local/bin/cmake --install /home/raz/projects/Astroscale_Home_Assignment/ros2_ws/build/robot_msgs
[0.362s] -- Install configuration: ""
[0.362s] -- Up-to-date: /home/raz/projects/Astroscale_Home_Assignment/ros2_ws/install/robot_msgs/share/ament_index/resource_index/rosidl_interfaces/robot_msgs
[0.362s] -- Up-to-date: /home/raz/projects/Astroscale_Home_Assignment/ros2_ws/install/robot_msgs/include/robot_msgs/robot_msgs
[0.362s] -- Up-to-date: /home/raz/projects/Astroscale_Home_Assignment/ros2_ws/install/robot_msgs/include/robot_msgs/robot_msgs/srv
[0.362s] -- Up-to-date: /home/raz/projects/Astroscale_Home_Assignment/ros2_ws/install/robot_msgs/include/robot_msgs/robot_msgs/srv/detail
[0.362s] -- Up-to-date: /home/raz/projects/Astroscale_Home_Assignment/ros2_ws/install/robot_msgs/include/robot_msgs/robot_msgs/srv/detail/move_to_position__type_support.h
[0.362s] -- Up-to-date: /home/raz/projects/Astroscale_Home_Assignment/ros2_ws/install/robot_msgs/include/robot_msgs/robot_msgs/srv/detail/move_to_position__struct.h
[0.362s] -- Up-to-date: /home/raz/projects/Astroscale_Home_Assignment/ros2_ws/install/robot_msgs/include/robot_msgs/robot_msgs/srv/detail/move_to_position__functions.c
[0.362s] -- Up-to-date: /home/raz/projects/Astroscale_Home_Assignment/ros2_ws/install/robot_msgs/include/robot_msgs/robot_msgs/srv/detail/move_to_position__functions.h
[0.363s] -- Up-to-date: /home/raz/projects/Astroscale_Home_Assignment/ros2_ws/install/robot_msgs/include/robot_msgs/robot_msgs/srv/move_to_position.h
[0.363s] -- Up-to-date: /home/raz/projects/Astroscale_Home_Assignment/ros2_ws/install/robot_msgs/include/robot_msgs/robot_msgs/msg
[0.363s] -- Up-to-date: /home/raz/projects/Astroscale_Home_Assignment/ros2_ws/install/robot_msgs/include/robot_msgs/robot_msgs/msg/rosidl_generator_c__visibility_control.h
[0.363s] -- Up-to-date: /home/raz/projects/Astroscale_Home_Assignment/ros2_ws/install/robot_msgs/share/robot_msgs/environment/library_path.sh
[0.363s] -- Up-to-date: /home/raz/projects/Astroscale_Home_Assignment/ros2_ws/install/robot_msgs/share/robot_msgs/environment/library_path.dsv
[0.363s] -- Up-to-date: /home/raz/projects/Astroscale_Home_Assignment/ros2_ws/install/robot_msgs/lib/librobot_msgs__rosidl_generator_c.so
[0.363s] -- Up-to-date: /home/raz/projects/Astroscale_Home_Assignment/ros2_ws/install/robot_msgs/include/robot_msgs/robot_msgs
[0.363s] -- Up-to-date: /home/raz/projects/Astroscale_Home_Assignment/ros2_ws/install/robot_msgs/include/robot_msgs/robot_msgs/srv
[0.363s] -- Up-to-date: /home/raz/projects/Astroscale_Home_Assignment/ros2_ws/install/robot_msgs/include/robot_msgs/robot_msgs/srv/detail
[0.363s] -- Up-to-date: /home/raz/projects/Astroscale_Home_Assignment/ros2_ws/install/robot_msgs/include/robot_msgs/robot_msgs/srv/detail/move_to_position__rosidl_typesupport_fastrtps_c.h
[0.363s] -- Up-to-date: /home/raz/projects/Astroscale_Home_Assignment/ros2_ws/install/robot_msgs/include/robot_msgs/robot_msgs/msg
[0.363s] -- Up-to-date: /home/raz/projects/Astroscale_Home_Assignment/ros2_ws/install/robot_msgs/include/robot_msgs/robot_msgs/msg/rosidl_typesupport_fastrtps_c__visibility_control.h
[0.363s] -- Up-to-date: /home/raz/projects/Astroscale_Home_Assignment/ros2_ws/install/robot_msgs/lib/librobot_msgs__rosidl_typesupport_fastrtps_c.so
[0.363s] -- Up-to-date: /home/raz/projects/Astroscale_Home_Assignment/ros2_ws/install/robot_msgs/include/robot_msgs/robot_msgs
[0.363s] -- Up-to-date: /home/raz/projects/Astroscale_Home_Assignment/ros2_ws/install/robot_msgs/include/robot_msgs/robot_msgs/srv
[0.363s] -- Up-to-date: /home/raz/projects/Astroscale_Home_Assignment/ros2_ws/install/robot_msgs/include/robot_msgs/robot_msgs/srv/detail
[0.364s] -- Up-to-date: /home/raz/projects/Astroscale_Home_Assignment/ros2_ws/install/robot_msgs/include/robot_msgs/robot_msgs/srv/detail/move_to_position__builder.hpp
[0.364s] -- Up-to-date: /home/raz/projects/Astroscale_Home_Assignment/ros2_ws/install/robot_msgs/include/robot_msgs/robot_msgs/srv/detail/move_to_position__traits.hpp
[0.364s] -- Up-to-date: /home/raz/projects/Astroscale_Home_Assignment/ros2_ws/install/robot_msgs/include/robot_msgs/robot_msgs/srv/detail/move_to_position__type_support.hpp
[0.364s] -- Up-to-date: /home/raz/projects/Astroscale_Home_Assignment/ros2_ws/install/robot_msgs/include/robot_msgs/robot_msgs/srv/detail/move_to_position__struct.hpp
[0.364s] -- Up-to-date: /home/raz/projects/Astroscale_Home_Assignment/ros2_ws/install/robot_msgs/include/robot_msgs/robot_msgs/srv/move_to_position.hpp
[0.364s] -- Up-to-date: /home/raz/projects/Astroscale_Home_Assignment/ros2_ws/install/robot_msgs/include/robot_msgs/robot_msgs/msg
[0.364s] -- Up-to-date: /home/raz/projects/Astroscale_Home_Assignment/ros2_ws/install/robot_msgs/include/robot_msgs/robot_msgs/msg/rosidl_generator_cpp__visibility_control.hpp
[0.364s] -- Up-to-date: /home/raz/projects/Astroscale_Home_Assignment/ros2_ws/install/robot_msgs/include/robot_msgs/robot_msgs
[0.364s] -- Up-to-date: /home/raz/projects/Astroscale_Home_Assignment/ros2_ws/install/robot_msgs/include/robot_msgs/robot_msgs/srv
[0.364s] -- Up-to-date: /home/raz/projects/Astroscale_Home_Assignment/ros2_ws/install/robot_msgs/include/robot_msgs/robot_msgs/srv/detail
[0.364s] -- Up-to-date: /home/raz/projects/Astroscale_Home_Assignment/ros2_ws/install/robot_msgs/include/robot_msgs/robot_msgs/srv/detail/dds_fastrtps
[0.364s] -- Up-to-date: /home/raz/projects/Astroscale_Home_Assignment/ros2_ws/install/robot_msgs/include/robot_msgs/robot_msgs/srv/detail/move_to_position__rosidl_typesupport_fastrtps_cpp.hpp
[0.364s] -- Up-to-date: /home/raz/projects/Astroscale_Home_Assignment/ros2_ws/install/robot_msgs/include/robot_msgs/robot_msgs/msg
[0.364s] -- Up-to-date: /home/raz/projects/Astroscale_Home_Assignment/ros2_ws/install/robot_msgs/include/robot_msgs/robot_msgs/msg/rosidl_typesupport_fastrtps_cpp__visibility_control.h
[0.364s] -- Up-to-date: /home/raz/projects/Astroscale_Home_Assignment/ros2_ws/install/robot_msgs/lib/librobot_msgs__rosidl_typesupport_fastrtps_cpp.so
[0.364s] -- Up-to-date: /home/raz/projects/Astroscale_Home_Assignment/ros2_ws/install/robot_msgs/include/robot_msgs/robot_msgs
[0.364s] -- Up-to-date: /home/raz/projects/Astroscale_Home_Assignment/ros2_ws/install/robot_msgs/include/robot_msgs/robot_msgs/srv
[0.365s] -- Up-to-date: /home/raz/projects/Astroscale_Home_Assignment/ros2_ws/install/robot_msgs/include/robot_msgs/robot_msgs/srv/detail
[0.365s] -- Up-to-date: /home/raz/projects/Astroscale_Home_Assignment/ros2_ws/install/robot_msgs/include/robot_msgs/robot_msgs/srv/detail/move_to_position__type_support.c
[0.365s] -- Up-to-date: /home/raz/projects/Astroscale_Home_Assignment/ros2_ws/install/robot_msgs/include/robot_msgs/robot_msgs/srv/detail/move_to_position__rosidl_typesupport_introspection_c.h
[0.365s] -- Up-to-date: /home/raz/projects/Astroscale_Home_Assignment/ros2_ws/install/robot_msgs/include/robot_msgs/robot_msgs/msg
[0.365s] -- Up-to-date: /home/raz/projects/Astroscale_Home_Assignment/ros2_ws/install/robot_msgs/include/robot_msgs/robot_msgs/msg/rosidl_typesupport_introspection_c__visibility_control.h
[0.365s] -- Up-to-date: /home/raz/projects/Astroscale_Home_Assignment/ros2_ws/install/robot_msgs/lib/librobot_msgs__rosidl_typesupport_introspection_c.so
[0.365s] -- Up-to-date: /home/raz/projects/Astroscale_Home_Assignment/ros2_ws/install/robot_msgs/lib/librobot_msgs__rosidl_typesupport_c.so
[0.365s] -- Up-to-date: /home/raz/projects/Astroscale_Home_Assignment/ros2_ws/install/robot_msgs/include/robot_msgs/robot_msgs
[0.365s] -- Up-to-date: /home/raz/projects/Astroscale_Home_Assignment/ros2_ws/install/robot_msgs/include/robot_msgs/robot_msgs/srv
[0.365s] -- Up-to-date: /home/raz/projects/Astroscale_Home_Assignment/ros2_ws/install/robot_msgs/include/robot_msgs/robot_msgs/srv/detail
[0.365s] -- Up-to-date: /home/raz/projects/Astroscale_Home_Assignment/ros2_ws/install/robot_msgs/include/robot_msgs/robot_msgs/srv/detail/move_to_position__rosidl_typesupport_introspection_cpp.hpp
[0.365s] -- Up-to-date: /home/raz/projects/Astroscale_Home_Assignment/ros2_ws/install/robot_msgs/include/robot_msgs/robot_msgs/srv/detail/move_to_position__type_support.cpp
[0.365s] -- Up-to-date: /home/raz/projects/Astroscale_Home_Assignment/ros2_ws/install/robot_msgs/lib/librobot_msgs__rosidl_typesupport_introspection_cpp.so
[0.365s] -- Up-to-date: /home/raz/projects/Astroscale_Home_Assignment/ros2_ws/install/robot_msgs/lib/librobot_msgs__rosidl_typesupport_cpp.so
[0.365s] -- Up-to-date: /home/raz/projects/Astroscale_Home_Assignment/ros2_ws/install/robot_msgs/share/robot_msgs/environment/pythonpath.sh
[0.365s] -- Up-to-date: /home/raz/projects/Astroscale_Home_Assignment/ros2_ws/install/robot_msgs/share/robot_msgs/environment/pythonpath.dsv
[0.365s] -- Up-to-date: /home/raz/projects/Astroscale_Home_Assignment/ros2_ws/install/robot_msgs/local/lib/python3.10/dist-packages/robot_msgs-0.0.0-py3.10.egg-info
[0.366s] -- Installing: /home/raz/projects/Astroscale_Home_Assignment/ros2_ws/install/robot_msgs/local/lib/python3.10/dist-packages/robot_msgs-0.0.0-py3.10.egg-info/dependency_links.txt
[0.366s] -- Installing: /home/raz/projects/Astroscale_Home_Assignment/ros2_ws/install/robot_msgs/local/lib/python3.10/dist-packages/robot_msgs-0.0.0-py3.10.egg-info/PKG-INFO
[0.366s] -- Installing: /home/raz/projects/Astroscale_Home_Assignment/ros2_ws/install/robot_msgs/local/lib/python3.10/dist-packages/robot_msgs-0.0.0-py3.10.egg-info/SOURCES.txt
[0.366s] -- Installing: /home/raz/projects/Astroscale_Home_Assignment/ros2_ws/install/robot_msgs/local/lib/python3.10/dist-packages/robot_msgs-0.0.0-py3.10.egg-info/top_level.txt
[0.366s] -- Up-to-date: /home/raz/projects/Astroscale_Home_Assignment/ros2_ws/install/robot_msgs/local/lib/python3.10/dist-packages/robot_msgs
[0.366s] -- Up-to-date: /home/raz/projects/Astroscale_Home_Assignment/ros2_ws/install/robot_msgs/local/lib/python3.10/dist-packages/robot_msgs/srv
[0.366s] -- Up-to-date: /home/raz/projects/Astroscale_Home_Assignment/ros2_ws/install/robot_msgs/local/lib/python3.10/dist-packages/robot_msgs/srv/__init__.py
[0.366s] -- Up-to-date: /home/raz/projects/Astroscale_Home_Assignment/ros2_ws/install/robot_msgs/local/lib/python3.10/dist-packages/robot_msgs/srv/_move_to_position_s.c
[0.366s] -- Up-to-date: /home/raz/projects/Astroscale_Home_Assignment/ros2_ws/install/robot_msgs/local/lib/python3.10/dist-packages/robot_msgs/srv/_move_to_position.py
[0.366s] -- Up-to-date: /home/raz/projects/Astroscale_Home_Assignment/ros2_ws/install/robot_msgs/local/lib/python3.10/dist-packages/robot_msgs/robot_msgs_s__rosidl_typesupport_c.cpython-310-x86_64-linux-gnu.so
[0.366s] -- Up-to-date: /home/raz/projects/Astroscale_Home_Assignment/ros2_ws/install/robot_msgs/local/lib/python3.10/dist-packages/robot_msgs/_robot_msgs_s.ep.rosidl_typesupport_fastrtps_c.c
[0.366s] -- Up-to-date: /home/raz/projects/Astroscale_Home_Assignment/ros2_ws/install/robot_msgs/local/lib/python3.10/dist-packages/robot_msgs/_robot_msgs_s.ep.rosidl_typesupport_introspection_c.c
[0.366s] -- Up-to-date: /home/raz/projects/Astroscale_Home_Assignment/ros2_ws/install/robot_msgs/local/lib/python3.10/dist-packages/robot_msgs/__init__.py
[0.366s] -- Up-to-date: /home/raz/projects/Astroscale_Home_Assignment/ros2_ws/install/robot_msgs/local/lib/python3.10/dist-packages/robot_msgs/robot_msgs_s__rosidl_typesupport_fastrtps_c.cpython-310-x86_64-linux-gnu.so
[0.366s] -- Up-to-date: /home/raz/projects/Astroscale_Home_Assignment/ros2_ws/install/robot_msgs/local/lib/python3.10/dist-packages/robot_msgs/librobot_msgs__rosidl_generator_py.so
[0.366s] -- Up-to-date: /home/raz/projects/Astroscale_Home_Assignment/ros2_ws/install/robot_msgs/local/lib/python3.10/dist-packages/robot_msgs/robot_msgs_s__rosidl_typesupport_introspection_c.cpython-310-x86_64-linux-gnu.so
[0.366s] -- Up-to-date: /home/raz/projects/Astroscale_Home_Assignment/ros2_ws/install/robot_msgs/local/lib/python3.10/dist-packages/robot_msgs/_robot_msgs_s.ep.rosidl_typesupport_c.c
[0.394s] Listing '/home/raz/projects/Astroscale_Home_Assignment/ros2_ws/install/robot_msgs/local/lib/python3.10/dist-packages/robot_msgs'...
[0.394s] Listing '/home/raz/projects/Astroscale_Home_Assignment/ros2_ws/install/robot_msgs/local/lib/python3.10/dist-packages/robot_msgs/srv'...
[0.397s] -- Up-to-date: /home/raz/projects/Astroscale_Home_Assignment/ros2_ws/install/robot_msgs/local/lib/python3.10/dist-packages/robot_msgs/robot_msgs_s__rosidl_typesupport_fastrtps_c.cpython-310-x86_64-linux-gnu.so
[0.397s] -- Up-to-date: /home/raz/projects/Astroscale_Home_Assignment/ros2_ws/install/robot_msgs/local/lib/python3.10/dist-packages/robot_msgs/robot_msgs_s__rosidl_typesupport_introspection_c.cpython-310-x86_64-linux-gnu.so
[0.397s] -- Up-to-date: /home/raz/projects/Astroscale_Home_Assignment/ros2_ws/install/robot_msgs/local/lib/python3.10/dist-packages/robot_msgs/robot_msgs_s__rosidl_typesupport_c.cpython-310-x86_64-linux-gnu.so
[0.397s] -- Up-to-date: /home/raz/projects/Astroscale_Home_Assignment/ros2_ws/install/robot_msgs/lib/librobot_msgs__rosidl_generator_py.so
[0.397s] -- Up-to-date: /home/raz/projects/Astroscale_Home_Assignment/ros2_ws/install/robot_msgs/share/robot_msgs/srv/MoveToPosition.idl
[0.397s] -- Up-to-date: /home/raz/projects/Astroscale_Home_Assignment/ros2_ws/install/robot_msgs/share/robot_msgs/srv/MoveToPosition.srv
[0.398s] -- Up-to-date: /home/raz/projects/Astroscale_Home_Assignment/ros2_ws/install/robot_msgs/share/robot_msgs/srv/MoveToPosition_Request.msg
[0.398s] -- Up-to-date: /home/raz/projects/Astroscale_Home_Assignment/ros2_ws/install/robot_msgs/share/robot_msgs/srv/MoveToPosition_Response.msg
[0.398s] -- Up-to-date: /home/raz/projects/Astroscale_Home_Assignment/ros2_ws/install/robot_msgs/share/ament_index/resource_index/package_run_dependencies/robot_msgs
[0.398s] -- Up-to-date: /home/raz/projects/Astroscale_Home_Assignment/ros2_ws/install/robot_msgs/share/ament_index/resource_index/parent_prefix_path/robot_msgs
[0.398s] -- Up-to-date: /home/raz/projects/Astroscale_Home_Assignment/ros2_ws/install/robot_msgs/share/robot_msgs/environment/ament_prefix_path.sh
[0.398s] -- Up-to-date: /home/raz/projects/Astroscale_Home_Assignment/ros2_ws/install/robot_msgs/share/robot_msgs/environment/ament_prefix_path.dsv
[0.398s] -- Up-to-date: /home/raz/projects/Astroscale_Home_Assignment/ros2_ws/install/robot_msgs/share/robot_msgs/environment/path.sh
[0.398s] -- Up-to-date: /home/raz/projects/Astroscale_Home_Assignment/ros2_ws/install/robot_msgs/share/robot_msgs/environment/path.dsv
[0.398s] -- Up-to-date: /home/raz/projects/Astroscale_Home_Assignment/ros2_ws/install/robot_msgs/share/robot_msgs/local_setup.bash
[0.398s] -- Up-to-date: /home/raz/projects/Astroscale_Home_Assignment/ros2_ws/install/robot_msgs/share/robot_msgs/local_setup.sh
[0.398s] -- Up-to-date: /home/raz/projects/Astroscale_Home_Assignment/ros2_ws/install/robot_msgs/share/robot_msgs/local_setup.zsh
[0.398s] -- Up-to-date: /home/raz/projects/Astroscale_Home_Assignment/ros2_ws/install/robot_msgs/share/robot_msgs/local_setup.dsv
[0.398s] -- Installing: /home/raz/projects/Astroscale_Home_Assignment/ros2_ws/install/robot_msgs/share/robot_msgs/package.dsv
[0.399s] -- Up-to-date: /home/raz/projects/Astroscale_Home_Assignment/ros2_ws/install/robot_msgs/share/ament_index/resource_index/packages/robot_msgs
[0.399s] -- Up-to-date: /home/raz/projects/Astroscale_Home_Assignment/ros2_ws/install/robot_msgs/share/robot_msgs/cmake/export_robot_msgs__rosidl_generator_cExport.cmake
[0.399s] -- Up-to-date: /home/raz/projects/Astroscale_Home_Assignment/ros2_ws/install/robot_msgs/share/robot_msgs/cmake/export_robot_msgs__rosidl_generator_cExport-noconfig.cmake
[0.399s] -- Up-to-date: /home/raz/projects/Astroscale_Home_Assignment/ros2_ws/install/robot_msgs/share/robot_msgs/cmake/export_robot_msgs__rosidl_typesupport_fastrtps_cExport.cmake
[0.399s] -- Up-to-date: /home/raz/projects/Astroscale_Home_Assignment/ros2_ws/install/robot_msgs/share/robot_msgs/cmake/export_robot_msgs__rosidl_typesupport_fastrtps_cExport-noconfig.cmake
[0.399s] -- Up-to-date: /home/raz/projects/Astroscale_Home_Assignment/ros2_ws/install/robot_msgs/share/robot_msgs/cmake/export_robot_msgs__rosidl_generator_cppExport.cmake
[0.399s] -- Up-to-date: /home/raz/projects/Astroscale_Home_Assignment/ros2_ws/install/robot_msgs/share/robot_msgs/cmake/export_robot_msgs__rosidl_typesupport_fastrtps_cppExport.cmake
[0.399s] -- Up-to-date: /home/raz/projects/Astroscale_Home_Assignment/ros2_ws/install/robot_msgs/share/robot_msgs/cmake/export_robot_msgs__rosidl_typesupport_fastrtps_cppExport-noconfig.cmake
[0.399s] -- Up-to-date: /home/raz/projects/Astroscale_Home_Assignment/ros2_ws/install/robot_msgs/share/robot_msgs/cmake/robot_msgs__rosidl_typesupport_introspection_cExport.cmake
[0.399s] -- Up-to-date: /home/raz/projects/Astroscale_Home_Assignment/ros2_ws/install/robot_msgs/share/robot_msgs/cmake/robot_msgs__rosidl_typesupport_introspection_cExport-noconfig.cmake
[0.399s] -- Up-to-date: /home/raz/projects/Astroscale_Home_Assignment/ros2_ws/install/robot_msgs/share/robot_msgs/cmake/robot_msgs__rosidl_typesupport_cExport.cmake
[0.399s] -- Up-to-date: /home/raz/projects/Astroscale_Home_Assignment/ros2_ws/install/robot_msgs/share/robot_msgs/cmake/robot_msgs__rosidl_typesupport_cExport-noconfig.cmake
[0.399s] -- Up-to-date: /home/raz/projects/Astroscale_Home_Assignment/ros2_ws/install/robot_msgs/share/robot_msgs/cmake/robot_msgs__rosidl_typesupport_introspection_cppExport.cmake
[0.399s] -- Up-to-date: /home/raz/projects/Astroscale_Home_Assignment/ros2_ws/install/robot_msgs/share/robot_msgs/cmake/robot_msgs__rosidl_typesupport_introspection_cppExport-noconfig.cmake
[0.399s] -- Up-to-date: /home/raz/projects/Astroscale_Home_Assignment/ros2_ws/install/robot_msgs/share/robot_msgs/cmake/robot_msgs__rosidl_typesupport_cppExport.cmake
[0.399s] -- Up-to-date: /home/raz/projects/Astroscale_Home_Assignment/ros2_ws/install/robot_msgs/share/robot_msgs/cmake/robot_msgs__rosidl_typesupport_cppExport-noconfig.cmake
[0.400s] -- Up-to-date: /home/raz/projects/Astroscale_Home_Assignment/ros2_ws/install/robot_msgs/share/robot_msgs/cmake/export_robot_msgs__rosidl_generator_pyExport.cmake
[0.400s] -- Up-to-date: /home/raz/projects/Astroscale_Home_Assignment/ros2_ws/install/robot_msgs/share/robot_msgs/cmake/export_robot_msgs__rosidl_generator_pyExport-noconfig.cmake
[0.400s] -- Up-to-date: /home/raz/projects/Astroscale_Home_Assignment/ros2_ws/install/robot_msgs/share/robot_msgs/cmake/rosidl_cmake-extras.cmake
[0.400s] -- Up-to-date: /home/raz/projects/Astroscale_Home_Assignment/ros2_ws/install/robot_msgs/share/robot_msgs/cmake/ament_cmake_export_include_directories-extras.cmake
[0.400s] -- Up-to-date: /home/raz/projects/Astroscale_Home_Assignment/ros2_ws/install/robot_msgs/share/robot_msgs/cmake/ament_cmake_export_libraries-extras.cmake
[0.400s] -- Up-to-date: /home/raz/projects/Astroscale_Home_Assignment/ros2_ws/install/robot_msgs/share/robot_msgs/cmake/ament_cmake_export_targets-extras.cmake
[0.400s] -- Up-to-date: /home/raz/projects/Astroscale_Home_Assignment/ros2_ws/install/robot_msgs/share/robot_msgs/cmake/rosidl_cmake_export_typesupport_targets-extras.cmake
[0.400s] -- Up-to-date: /home/raz/projects/Astroscale_Home_Assignment/ros2_ws/install/robot_msgs/share/robot_msgs/cmake/ament_cmake_export_dependencies-extras.cmake
[0.400s] -- Up-to-date: /home/raz/projects/Astroscale_Home_Assignment/ros2_ws/install/robot_msgs/share/robot_msgs/cmake/rosidl_cmake_export_typesupport_libraries-extras.cmake
[0.400s] -- Up-to-date: /home/raz/projects/Astroscale_Home_Assignment/ros2_ws/install/robot_msgs/share/robot_msgs/cmake/robot_msgsConfig.cmake
[0.400s] -- Up-to-date: /home/raz/projects/Astroscale_Home_Assignment/ros2_ws/install/robot_msgs/share/robot_msgs/cmake/robot_msgsConfig-version.cmake
[0.400s] -- Up-to-date: /home/raz/projects/Astroscale_Home_Assignment/ros2_ws/install/robot_msgs/share/robot_msgs/package.xml
[0.401s] Invoked command in '/home/raz/projects/Astroscale_Home_Assignment/ros2_ws/build/robot_msgs' returned '0': CMAKE_PREFIX_PATH=${CMAKE_PREFIX_PATH}:/home/raz/projects/astroscale/ros2_ws/install/robot_bringup:/home/raz/projects/astroscale/ros2_ws/install/robot_services:/home/raz/projects/astroscale/ros2_ws/install/robot_msgs:/home/raz/projects/astroscale/ros2_ws/install/robot_moveit:/home/raz/projects/astroscale/ros2_ws/install/robot_controller:/home/raz/projects/astroscale/ros2_ws/install/robot_description:/home/raz/projects/ros2_advanced_concepts/ros2_ws/install/challenge_py:/home/raz/projects/ros2_advanced_concepts/ros2_ws/install/actions_py:/home/raz/ros2_ws/install/centerofmass_detection:/home/raz/projects/manipulator-project/arduinobot_ws/install/arduinobot_py_examples:/opt/ros/humble /usr/local/bin/cmake --install /home/raz/projects/Astroscale_Home_Assignment/ros2_ws/build/robot_msgs
